2024-03-20 00:25:25,932 [INFO] LogOutputStream:77 - [STDOUT_REDIRECT] 
2024-03-20 00:25:29,222 [INFO] ProjectBuilder:4747 - Time for Generating toolchain IDE Files: 5581mS.
2024-03-20 00:25:29,223 [INFO] ProjectBuilder:2947 - Time for Copy CMSIS : 1mS.
2024-03-20 00:25:29,229 [INFO] ProjectBuilder:2947 - Time for Copy CMSIS : 0mS.
2024-03-20 00:25:30,596 [INFO] McuFinderGlobals:76 - Set McuFinderConnectedMode to true
2024-03-20 00:25:30,598 [INFO] ApiDb:448 - Save user favorites file C:\Users\uykun/.stm32cubeide/favorites.mcus.txt: 0 item(s)
2024-03-20 00:25:30,598 [INFO] ApiDb:452 - User favorites MCUs=[]
2024-03-20 00:25:30,599 [INFO] ApiDb:448 - Save user favorites file C:\Users\uykun/.stm32cubeide/favorites.boards.txt: 0 item(s)
2024-03-20 00:25:30,599 [INFO] ApiDb:452 - User favorites Boards=[]
2024-03-20 00:26:03,795 [INFO] Middleware:617 - instanceName : USB_HOST bspName : Drive_VBUS_FS check condition success for : SW_VBUS_DRIVE_AUDIO_FS = false
2024-03-20 00:26:03,795 [INFO] Middleware:617 - instanceName : USB_HOST bspName : Drive_VBUS_FS check condition success for : SW_VBUS_DRIVE_AUDIO_FS = false
2024-03-20 00:26:03,795 [INFO] Middleware:617 - instanceName : USB_HOST bspName : Drive_VBUS_HS check condition success for : SW_VBUS_DRIVE_AUDIO_HS = false
2024-03-20 00:26:03,795 [INFO] Middleware:617 - instanceName : USB_HOST bspName : Drive_VBUS_HS check condition success for : SW_VBUS_DRIVE_AUDIO_HS = false
2024-03-20 00:26:03,795 [INFO] Middleware:617 - instanceName : USB_HOST bspName : Drive_VBUS_FS check condition success for : SW_VBUS_DRIVE_CDC_FS = false
2024-03-20 00:26:03,795 [INFO] Middleware:617 - instanceName : USB_HOST bspName : Drive_VBUS_FS check condition success for : SW_VBUS_DRIVE_CDC_FS = false
2024-03-20 00:26:03,795 [INFO] Middleware:617 - instanceName : USB_HOST bspName : Drive_VBUS_FS check condition success for : SW_VBUS_DRIVE_CDC_FS = false
2024-03-20 00:26:03,795 [INFO] Middleware:617 - instanceName : USB_HOST bspName : Drive_VBUS_HS check condition success for : SW_VBUS_DRIVE_CDC_HS = false
2024-03-20 00:26:03,795 [INFO] Middleware:617 - instanceName : USB_HOST bspName : Drive_VBUS_HS check condition success for : SW_VBUS_DRIVE_CDC_HS = false
2024-03-20 00:26:03,795 [INFO] Middleware:617 - instanceName : USB_HOST bspName : Drive_VBUS_FS check condition success for : SW_VBUS_DRIVE_HID_FS = false
2024-03-20 00:26:03,795 [INFO] Middleware:617 - instanceName : USB_HOST bspName : Drive_VBUS_FS check condition success for : SW_VBUS_DRIVE_HID_FS = false
2024-03-20 00:26:03,795 [INFO] Middleware:617 - instanceName : USB_HOST bspName : Drive_VBUS_HS check condition success for : SW_VBUS_DRIVE_HID_HS = false
2024-03-20 00:26:03,795 [INFO] Middleware:617 - instanceName : USB_HOST bspName : Drive_VBUS_HS check condition success for : SW_VBUS_DRIVE_HID_HS = false
2024-03-20 00:26:03,795 [INFO] Middleware:617 - instanceName : USB_HOST bspName : Drive_VBUS_FS check condition success for : SW_VBUS_DRIVE_MSC_FS = false
2024-03-20 00:26:03,795 [INFO] Middleware:617 - instanceName : USB_HOST bspName : Drive_VBUS_FS check condition success for : SW_VBUS_DRIVE_MSC_FS = false
2024-03-20 00:26:03,795 [INFO] Middleware:617 - instanceName : USB_HOST bspName : Drive_VBUS_HS check condition success for : SW_VBUS_DRIVE_MSC_HS = false
2024-03-20 00:26:03,795 [INFO] Middleware:617 - instanceName : USB_HOST bspName : Drive_VBUS_HS check condition success for : SW_VBUS_DRIVE_MSC_HS = false
2024-03-20 00:26:03,795 [INFO] Middleware:617 - instanceName : USB_HOST bspName : Drive_VBUS_FS check condition success for : ALL_SW_VBUS_DRIVE_FS = false
2024-03-20 00:26:03,795 [INFO] Middleware:617 - instanceName : USB_HOST bspName : Drive_VBUS_FS check condition success for : ALL_SW_VBUS_DRIVE_FS = false
2024-03-20 00:26:03,795 [INFO] Middleware:617 - instanceName : USB_HOST bspName : Drive_VBUS_HS check condition success for : ALL_SW_VBUS_DRIVE_HS = false
2024-03-20 00:26:03,795 [INFO] Middleware:617 - instanceName : USB_HOST bspName : Drive_VBUS_HS check condition success for : ALL_SW_VBUS_DRIVE_HS = false
2024-03-20 00:26:03,796 [INFO] Middleware:617 - instanceName : USB_HOST bspName : Drive_VBUS_FS check condition success for : SW_VBUS_DRIVE_MTP_FS = false
2024-03-20 00:26:03,796 [INFO] Middleware:617 - instanceName : USB_HOST bspName : Drive_VBUS_FS check condition success for : SW_VBUS_DRIVE_MTP_FS = false
2024-03-20 00:26:03,796 [INFO] Middleware:617 - instanceName : USB_HOST bspName : Drive_VBUS_HS check condition success for : SW_VBUS_DRIVE_MTP_HS = false
2024-03-20 00:26:03,796 [INFO] Middleware:617 - instanceName : USB_HOST bspName : Drive_VBUS_HS check condition success for : SW_VBUS_DRIVE_MTP_HS = false
2024-03-20 00:26:03,796 [WARN] BspModel:444 - BSP dependency skipped because of component: name='IOExpander', api='Unknown'
2024-03-20 00:26:03,833 [INFO] Middleware:617 - instanceName : USB_HOST bspName : Drive_VBUS_FS check condition success for : SW_VBUS_DRIVE_AUDIO_FS = false
2024-03-20 00:26:03,834 [INFO] Middleware:617 - instanceName : USB_HOST bspName : Drive_VBUS_FS check condition success for : SW_VBUS_DRIVE_AUDIO_FS = false
2024-03-20 00:26:03,834 [INFO] Middleware:617 - instanceName : USB_HOST bspName : Drive_VBUS_HS check condition success for : SW_VBUS_DRIVE_AUDIO_HS = false
2024-03-20 00:26:03,834 [INFO] Middleware:617 - instanceName : USB_HOST bspName : Drive_VBUS_HS check condition success for : SW_VBUS_DRIVE_AUDIO_HS = false
2024-03-20 00:26:03,834 [INFO] Middleware:617 - instanceName : USB_HOST bspName : Drive_VBUS_FS check condition success for : SW_VBUS_DRIVE_CDC_FS = false
2024-03-20 00:26:03,834 [INFO] Middleware:617 - instanceName : USB_HOST bspName : Drive_VBUS_FS check condition success for : SW_VBUS_DRIVE_CDC_FS = false
2024-03-20 00:26:03,834 [INFO] Middleware:617 - instanceName : USB_HOST bspName : Drive_VBUS_FS check condition success for : SW_VBUS_DRIVE_CDC_FS = false
2024-03-20 00:26:03,834 [INFO] Middleware:617 - instanceName : USB_HOST bspName : Drive_VBUS_HS check condition success for : SW_VBUS_DRIVE_CDC_HS = false
2024-03-20 00:26:03,834 [INFO] Middleware:617 - instanceName : USB_HOST bspName : Drive_VBUS_HS check condition success for : SW_VBUS_DRIVE_CDC_HS = false
2024-03-20 00:26:03,834 [INFO] Middleware:617 - instanceName : USB_HOST bspName : Drive_VBUS_FS check condition success for : SW_VBUS_DRIVE_HID_FS = false
2024-03-20 00:26:03,834 [INFO] Middleware:617 - instanceName : USB_HOST bspName : Drive_VBUS_FS check condition success for : SW_VBUS_DRIVE_HID_FS = false
2024-03-20 00:26:03,834 [INFO] Middleware:617 - instanceName : USB_HOST bspName : Drive_VBUS_HS check condition success for : SW_VBUS_DRIVE_HID_HS = false
2024-03-20 00:26:03,834 [INFO] Middleware:617 - instanceName : USB_HOST bspName : Drive_VBUS_HS check condition success for : SW_VBUS_DRIVE_HID_HS = false
2024-03-20 00:26:03,834 [INFO] Middleware:617 - instanceName : USB_HOST bspName : Drive_VBUS_FS check condition success for : SW_VBUS_DRIVE_MSC_FS = false
2024-03-20 00:26:03,834 [INFO] Middleware:617 - instanceName : USB_HOST bspName : Drive_VBUS_FS check condition success for : SW_VBUS_DRIVE_MSC_FS = false
2024-03-20 00:26:03,834 [INFO] Middleware:617 - instanceName : USB_HOST bspName : Drive_VBUS_HS check condition success for : SW_VBUS_DRIVE_MSC_HS = false
2024-03-20 00:26:03,834 [INFO] Middleware:617 - instanceName : USB_HOST bspName : Drive_VBUS_HS check condition success for : SW_VBUS_DRIVE_MSC_HS = false
2024-03-20 00:26:03,834 [INFO] Middleware:617 - instanceName : USB_HOST bspName : Drive_VBUS_FS check condition success for : ALL_SW_VBUS_DRIVE_FS = false
2024-03-20 00:26:03,834 [INFO] Middleware:617 - instanceName : USB_HOST bspName : Drive_VBUS_FS check condition success for : ALL_SW_VBUS_DRIVE_FS = false
2024-03-20 00:26:03,834 [INFO] Middleware:617 - instanceName : USB_HOST bspName : Drive_VBUS_HS check condition success for : ALL_SW_VBUS_DRIVE_HS = false
2024-03-20 00:26:03,834 [INFO] Middleware:617 - instanceName : USB_HOST bspName : Drive_VBUS_HS check condition success for : ALL_SW_VBUS_DRIVE_HS = false
2024-03-20 00:26:03,834 [INFO] Middleware:617 - instanceName : USB_HOST bspName : Drive_VBUS_FS check condition success for : SW_VBUS_DRIVE_MTP_FS = false
2024-03-20 00:26:03,834 [INFO] Middleware:617 - instanceName : USB_HOST bspName : Drive_VBUS_FS check condition success for : SW_VBUS_DRIVE_MTP_FS = false
2024-03-20 00:26:03,834 [INFO] Middleware:617 - instanceName : USB_HOST bspName : Drive_VBUS_HS check condition success for : SW_VBUS_DRIVE_MTP_HS = false
2024-03-20 00:26:03,834 [INFO] Middleware:617 - instanceName : USB_HOST bspName : Drive_VBUS_HS check condition success for : SW_VBUS_DRIVE_MTP_HS = false
2024-03-20 00:26:03,834 [WARN] BspModel:444 - BSP dependency skipped because of component: name='IOExpander', api='Unknown'
2024-03-20 00:26:03,846 [INFO] Can:71 - Can Add PropertyChangeListener com.st.microxplorer.plugins.ip.can.Can@11cdf79a
2024-03-20 00:26:07,289 [INFO] NvicIntPanel:101 - NVIC parent = com.st.microxplorer.plugins.ip.nvic.MultiNvicIntPanel[,0,0,690x363,layout=javax.swing.BoxLayout,alignmentX=0.0,alignmentY=0.0,border=,flags=9,maximumSize=,minimumSize=,preferredSize=]
2024-03-20 00:26:18,934 [INFO] I2sManager:658 - 4.8E7
2024-03-20 00:26:18,934 [INFO] I2sManager:195 - I2S Clock Value : 4.8E7
2024-03-20 00:26:19,090 [WARN] IP:2119 - I2C_Coeff_DF not found: check if there is a RefParameter without a condition.
2024-03-20 00:26:19,091 [WARN] IP:2119 - Analog_Filter not found: check if there is a RefParameter without a condition.
2024-03-20 00:26:19,091 [WARN] IP:2119 - I2C_Coeff_DF not found: check if there is a RefParameter without a condition.
2024-03-20 00:26:19,091 [WARN] IP:2119 - Analog_Filter not found: check if there is a RefParameter without a condition.
2024-03-20 00:26:19,100 [INFO] Middleware:617 - instanceName : USB_HOST bspName : Drive_VBUS_FS check condition success for : SW_VBUS_DRIVE_AUDIO_FS = false
2024-03-20 00:26:19,100 [INFO] Middleware:617 - instanceName : USB_HOST bspName : Drive_VBUS_FS check condition success for : SW_VBUS_DRIVE_AUDIO_FS = false
2024-03-20 00:26:19,100 [INFO] Middleware:617 - instanceName : USB_HOST bspName : Drive_VBUS_HS check condition success for : SW_VBUS_DRIVE_AUDIO_HS = false
2024-03-20 00:26:19,101 [INFO] Middleware:617 - instanceName : USB_HOST bspName : Drive_VBUS_HS check condition success for : SW_VBUS_DRIVE_AUDIO_HS = false
2024-03-20 00:26:19,101 [INFO] Middleware:617 - instanceName : USB_HOST bspName : Drive_VBUS_FS check condition success for : SW_VBUS_DRIVE_CDC_FS = false
2024-03-20 00:26:19,101 [INFO] Middleware:617 - instanceName : USB_HOST bspName : Drive_VBUS_FS check condition success for : SW_VBUS_DRIVE_CDC_FS = false
2024-03-20 00:26:19,101 [INFO] Middleware:617 - instanceName : USB_HOST bspName : Drive_VBUS_FS check condition success for : SW_VBUS_DRIVE_CDC_FS = false
2024-03-20 00:26:19,101 [INFO] Middleware:617 - instanceName : USB_HOST bspName : Drive_VBUS_HS check condition success for : SW_VBUS_DRIVE_CDC_HS = false
2024-03-20 00:26:19,101 [INFO] Middleware:617 - instanceName : USB_HOST bspName : Drive_VBUS_HS check condition success for : SW_VBUS_DRIVE_CDC_HS = false
2024-03-20 00:26:19,101 [INFO] Middleware:617 - instanceName : USB_HOST bspName : Drive_VBUS_FS check condition success for : SW_VBUS_DRIVE_HID_FS = false
2024-03-20 00:26:19,101 [INFO] Middleware:617 - instanceName : USB_HOST bspName : Drive_VBUS_FS check condition success for : SW_VBUS_DRIVE_HID_FS = false
2024-03-20 00:26:19,101 [INFO] Middleware:617 - instanceName : USB_HOST bspName : Drive_VBUS_HS check condition success for : SW_VBUS_DRIVE_HID_HS = false
2024-03-20 00:26:19,101 [INFO] Middleware:617 - instanceName : USB_HOST bspName : Drive_VBUS_HS check condition success for : SW_VBUS_DRIVE_HID_HS = false
2024-03-20 00:26:19,101 [INFO] Middleware:617 - instanceName : USB_HOST bspName : Drive_VBUS_FS check condition success for : SW_VBUS_DRIVE_MSC_FS = false
2024-03-20 00:26:19,101 [INFO] Middleware:617 - instanceName : USB_HOST bspName : Drive_VBUS_FS check condition success for : SW_VBUS_DRIVE_MSC_FS = false
2024-03-20 00:26:19,101 [INFO] Middleware:617 - instanceName : USB_HOST bspName : Drive_VBUS_HS check condition success for : SW_VBUS_DRIVE_MSC_HS = false
2024-03-20 00:26:19,101 [INFO] Middleware:617 - instanceName : USB_HOST bspName : Drive_VBUS_HS check condition success for : SW_VBUS_DRIVE_MSC_HS = false
2024-03-20 00:26:19,101 [INFO] Middleware:617 - instanceName : USB_HOST bspName : Drive_VBUS_FS check condition success for : ALL_SW_VBUS_DRIVE_FS = false
2024-03-20 00:26:19,101 [INFO] Middleware:617 - instanceName : USB_HOST bspName : Drive_VBUS_FS check condition success for : ALL_SW_VBUS_DRIVE_FS = false
2024-03-20 00:26:19,101 [INFO] Middleware:617 - instanceName : USB_HOST bspName : Drive_VBUS_HS check condition success for : ALL_SW_VBUS_DRIVE_HS = false
2024-03-20 00:26:19,101 [INFO] Middleware:617 - instanceName : USB_HOST bspName : Drive_VBUS_HS check condition success for : ALL_SW_VBUS_DRIVE_HS = false
2024-03-20 00:26:19,101 [INFO] Middleware:617 - instanceName : USB_HOST bspName : Drive_VBUS_FS check condition success for : SW_VBUS_DRIVE_MTP_FS = false
2024-03-20 00:26:19,101 [INFO] Middleware:617 - instanceName : USB_HOST bspName : Drive_VBUS_FS check condition success for : SW_VBUS_DRIVE_MTP_FS = false
2024-03-20 00:26:19,101 [INFO] Middleware:617 - instanceName : USB_HOST bspName : Drive_VBUS_HS check condition success for : SW_VBUS_DRIVE_MTP_HS = false
2024-03-20 00:26:19,101 [INFO] Middleware:617 - instanceName : USB_HOST bspName : Drive_VBUS_HS check condition success for : SW_VBUS_DRIVE_MTP_HS = false
2024-03-20 00:26:21,450 [INFO] I2sManager:658 - 9.6E7
2024-03-20 00:26:21,450 [INFO] I2sManager:195 - I2S Clock Value : 9.6E7
2024-03-20 00:26:21,451 [INFO] I2sManager:553 - AudioClock : 93750Divider : 2Odd : 0
2024-03-20 00:26:21,918 [WARN] IP:2119 - I2C_Coeff_DF not found: check if there is a RefParameter without a condition.
2024-03-20 00:26:21,918 [WARN] IP:2119 - Analog_Filter not found: check if there is a RefParameter without a condition.
2024-03-20 00:26:21,919 [WARN] IP:2119 - I2C_Coeff_DF not found: check if there is a RefParameter without a condition.
2024-03-20 00:26:21,919 [WARN] IP:2119 - Analog_Filter not found: check if there is a RefParameter without a condition.
2024-03-20 00:26:21,929 [INFO] Middleware:617 - instanceName : USB_HOST bspName : Drive_VBUS_FS check condition success for : SW_VBUS_DRIVE_AUDIO_FS = false
2024-03-20 00:26:21,929 [INFO] Middleware:617 - instanceName : USB_HOST bspName : Drive_VBUS_FS check condition success for : SW_VBUS_DRIVE_AUDIO_FS = false
2024-03-20 00:26:21,929 [INFO] Middleware:617 - instanceName : USB_HOST bspName : Drive_VBUS_HS check condition success for : SW_VBUS_DRIVE_AUDIO_HS = false
2024-03-20 00:26:21,929 [INFO] Middleware:617 - instanceName : USB_HOST bspName : Drive_VBUS_HS check condition success for : SW_VBUS_DRIVE_AUDIO_HS = false
2024-03-20 00:26:21,929 [INFO] Middleware:617 - instanceName : USB_HOST bspName : Drive_VBUS_FS check condition success for : SW_VBUS_DRIVE_CDC_FS = false
2024-03-20 00:26:21,929 [INFO] Middleware:617 - instanceName : USB_HOST bspName : Drive_VBUS_FS check condition success for : SW_VBUS_DRIVE_CDC_FS = false
2024-03-20 00:26:21,929 [INFO] Middleware:617 - instanceName : USB_HOST bspName : Drive_VBUS_FS check condition success for : SW_VBUS_DRIVE_CDC_FS = false
2024-03-20 00:26:21,929 [INFO] Middleware:617 - instanceName : USB_HOST bspName : Drive_VBUS_HS check condition success for : SW_VBUS_DRIVE_CDC_HS = false
2024-03-20 00:26:21,929 [INFO] Middleware:617 - instanceName : USB_HOST bspName : Drive_VBUS_HS check condition success for : SW_VBUS_DRIVE_CDC_HS = false
2024-03-20 00:26:21,929 [INFO] Middleware:617 - instanceName : USB_HOST bspName : Drive_VBUS_FS check condition success for : SW_VBUS_DRIVE_HID_FS = false
2024-03-20 00:26:21,930 [INFO] Middleware:617 - instanceName : USB_HOST bspName : Drive_VBUS_FS check condition success for : SW_VBUS_DRIVE_HID_FS = false
2024-03-20 00:26:21,930 [INFO] Middleware:617 - instanceName : USB_HOST bspName : Drive_VBUS_HS check condition success for : SW_VBUS_DRIVE_HID_HS = false
2024-03-20 00:26:21,930 [INFO] Middleware:617 - instanceName : USB_HOST bspName : Drive_VBUS_HS check condition success for : SW_VBUS_DRIVE_HID_HS = false
2024-03-20 00:26:21,930 [INFO] Middleware:617 - instanceName : USB_HOST bspName : Drive_VBUS_FS check condition success for : SW_VBUS_DRIVE_MSC_FS = false
2024-03-20 00:26:21,930 [INFO] Middleware:617 - instanceName : USB_HOST bspName : Drive_VBUS_FS check condition success for : SW_VBUS_DRIVE_MSC_FS = false
2024-03-20 00:26:21,930 [INFO] Middleware:617 - instanceName : USB_HOST bspName : Drive_VBUS_HS check condition success for : SW_VBUS_DRIVE_MSC_HS = false
2024-03-20 00:26:21,930 [INFO] Middleware:617 - instanceName : USB_HOST bspName : Drive_VBUS_HS check condition success for : SW_VBUS_DRIVE_MSC_HS = false
2024-03-20 00:26:21,930 [INFO] Middleware:617 - instanceName : USB_HOST bspName : Drive_VBUS_FS check condition success for : ALL_SW_VBUS_DRIVE_FS = false
2024-03-20 00:26:21,930 [INFO] Middleware:617 - instanceName : USB_HOST bspName : Drive_VBUS_FS check condition success for : ALL_SW_VBUS_DRIVE_FS = false
2024-03-20 00:26:21,930 [INFO] Middleware:617 - instanceName : USB_HOST bspName : Drive_VBUS_HS check condition success for : ALL_SW_VBUS_DRIVE_HS = false
2024-03-20 00:26:21,930 [INFO] Middleware:617 - instanceName : USB_HOST bspName : Drive_VBUS_HS check condition success for : ALL_SW_VBUS_DRIVE_HS = false
2024-03-20 00:26:21,930 [INFO] Middleware:617 - instanceName : USB_HOST bspName : Drive_VBUS_FS check condition success for : SW_VBUS_DRIVE_MTP_FS = false
2024-03-20 00:26:21,930 [INFO] Middleware:617 - instanceName : USB_HOST bspName : Drive_VBUS_FS check condition success for : SW_VBUS_DRIVE_MTP_FS = false
2024-03-20 00:26:21,930 [INFO] Middleware:617 - instanceName : USB_HOST bspName : Drive_VBUS_HS check condition success for : SW_VBUS_DRIVE_MTP_HS = false
2024-03-20 00:26:21,930 [INFO] Middleware:617 - instanceName : USB_HOST bspName : Drive_VBUS_HS check condition success for : SW_VBUS_DRIVE_MTP_HS = false
2024-03-20 00:26:23,878 [INFO] I2sManager:658 - 9.6E7
2024-03-20 00:26:23,878 [INFO] I2sManager:195 - I2S Clock Value : 9.6E7
2024-03-20 00:26:23,878 [INFO] I2sManager:553 - AudioClock : 93750Divider : 2Odd : 0
2024-03-20 00:26:31,659 [INFO] UtilMem:75 - End SaveConfig() Used Memory: 1013019832 Bytes (1073741824)
2024-03-20 00:26:35,948 [INFO] UtilMem:75 - End SaveConfig() Used Memory: 759568824 Bytes (1073741824)
2024-03-20 00:26:36,481 [INFO] UtilMem:75 - End SaveConfig() Used Memory: 743758800 Bytes (1073741824)
2024-03-20 00:26:36,817 [INFO] BlockDiagram:2759 - set Specific Code input for plugin: SPI
2024-03-20 00:26:36,817 [INFO] BlockDiagram:2759 - set Specific Code input for plugin: CAN
2024-03-20 00:26:36,817 [INFO] BlockDiagram:2759 - set Specific Code input for plugin: I2S
2024-03-20 00:26:36,817 [INFO] BlockDiagram:2759 - set Specific Code input for plugin: SYS
2024-03-20 00:26:36,817 [INFO] BlockDiagram:2759 - set Specific Code input for plugin: RCC
2024-03-20 00:26:36,817 [INFO] BlockDiagram:2759 - set Specific Code input for plugin: I2C
2024-03-20 00:26:36,817 [INFO] BlockDiagram:2759 - set Specific Code input for plugin: USB_OTG_FS
2024-03-20 00:26:36,817 [INFO] BlockDiagram:2759 - set Specific Code input for plugin: NVIC
2024-03-20 00:26:36,817 [INFO] BlockDiagram:2759 - set Specific Code input for plugin: USB_HOST
2024-03-20 00:26:36,818 [INFO] BlockDiagram:2759 - set Specific Code input for plugin: GPIO
2024-03-20 00:26:36,819 [INFO] CodeGenerator:807 - code generatio: config db path: C:\ST\STM32CubeIDE_1.14.0\STM32CubeIDE\plugins\com.st.stm32cube.common.mx_6.10.0.202311202037\\db\
2024-03-20 00:26:36,826 [WARN] IP:2119 - I2C_Coeff_DF not found: check if there is a RefParameter without a condition.
2024-03-20 00:26:36,826 [WARN] IP:2119 - Analog_Filter not found: check if there is a RefParameter without a condition.
2024-03-20 00:26:37,085 [INFO] CodeEngine:255 - oldGeneratedFile, C:\MCU2\My_workspace\emre\MXTmpFiles\license.tmp_save
2024-03-20 00:26:37,256 [INFO] CodeEngine:279 - Generated code: C:\MCU2\My_workspace\emre\MXTmpFiles\license.tmp
2024-03-20 00:26:37,306 [INFO] CodeEngine:255 - oldGeneratedFile, C:\MCU2\My_workspace\emre\MXTmpFiles\gpio.tmp_save
2024-03-20 00:26:37,465 [INFO] CodeEngine:279 - Generated code: C:\MCU2\My_workspace\emre\MXTmpFiles\gpio.tmp
2024-03-20 00:26:37,572 [WARN] IPConfigManager:2946 - Warning: the RefConfig PWREx_EnableUSBVoltageDetector is not available in your config.xml file
2024-03-20 00:26:37,579 [INFO] CodeEngine:255 - oldGeneratedFile, C:\MCU2\My_workspace\emre\MXTmpFiles\usb_otg_fs_vars.tmp_save
2024-03-20 00:26:37,712 [INFO] CodeEngine:279 - Generated code: C:\MCU2\My_workspace\emre\MXTmpFiles\usb_otg_fs_vars.tmp
2024-03-20 00:26:37,716 [INFO] CodeEngine:255 - oldGeneratedFile, C:\MCU2\My_workspace\emre\MXTmpFiles\usb_otg_fs_inc.tmp_save
2024-03-20 00:26:37,788 [INFO] CodeEngine:279 - Generated code: C:\MCU2\My_workspace\emre\MXTmpFiles\usb_otg_fs_inc.tmp
2024-03-20 00:26:37,792 [INFO] CodeEngine:255 - oldGeneratedFile, C:\MCU2\My_workspace\emre\MXTmpFiles\usb_otg_fs_HalInit.tmp_save
2024-03-20 00:26:37,886 [INFO] CodeEngine:279 - Generated code: C:\MCU2\My_workspace\emre\MXTmpFiles\usb_otg_fs_HalInit.tmp
2024-03-20 00:26:37,889 [INFO] CodeEngine:255 - oldGeneratedFile, C:\MCU2\My_workspace\emre\MXTmpFiles\usb_otg_fs_Msp.tmp_save
2024-03-20 00:26:37,986 [INFO] CodeEngine:279 - Generated code: C:\MCU2\My_workspace\emre\MXTmpFiles\usb_otg_fs_Msp.tmp
2024-03-20 00:26:38,282 [INFO] CodeEngine:255 - oldGeneratedFile, C:\MCU2\My_workspace\emre\USB_HOST\App\usb_host.c_save
2024-03-20 00:26:38,402 [INFO] CodeEngine:279 - Generated code: C:\MCU2\My_workspace\emre\USB_HOST\App\usb_host.c
2024-03-20 00:26:38,408 [INFO] CodeEngine:255 - oldGeneratedFile, C:\MCU2\My_workspace\emre\USB_HOST\App\usb_host.h_save
2024-03-20 00:26:38,491 [INFO] CodeEngine:279 - Generated code: C:\MCU2\My_workspace\emre\USB_HOST\App\usb_host.h
2024-03-20 00:26:38,498 [INFO] CodeEngine:255 - oldGeneratedFile, C:\MCU2\My_workspace\emre\USB_HOST\Target\usbh_conf.h_save
2024-03-20 00:26:38,592 [INFO] CodeEngine:279 - Generated code: C:\MCU2\My_workspace\emre\USB_HOST\Target\usbh_conf.h
2024-03-20 00:26:38,608 [INFO] CodeEngine:255 - oldGeneratedFile, C:\MCU2\My_workspace\emre\USB_HOST\Target\usbh_conf.c_save
2024-03-20 00:26:38,743 [INFO] CodeEngine:279 - Generated code: C:\MCU2\My_workspace\emre\USB_HOST\Target\usbh_conf.c
2024-03-20 00:26:38,750 [INFO] CodeEngine:255 - oldGeneratedFile, C:\MCU2\My_workspace\emre\USB_HOST\Target\usbh_platform.c_save
2024-03-20 00:26:38,836 [INFO] CodeEngine:279 - Generated code: C:\MCU2\My_workspace\emre\USB_HOST\Target\usbh_platform.c
2024-03-20 00:26:38,841 [INFO] CodeEngine:255 - oldGeneratedFile, C:\MCU2\My_workspace\emre\USB_HOST\Target\usbh_platform.h_save
2024-03-20 00:26:38,925 [INFO] CodeEngine:279 - Generated code: C:\MCU2\My_workspace\emre\USB_HOST\Target\usbh_platform.h
2024-03-20 00:26:38,943 [INFO] CodeEngine:255 - oldGeneratedFile, C:\MCU2\My_workspace\emre\Core\Src\stm32f4xx_it.c_save
2024-03-20 00:26:39,102 [INFO] CodeEngine:279 - Generated code: C:\MCU2\My_workspace\emre\Core\Src\stm32f4xx_it.c
2024-03-20 00:26:39,106 [INFO] CodeEngine:255 - oldGeneratedFile, C:\MCU2\My_workspace\emre\Core\Inc\stm32f4xx_it.h_save
2024-03-20 00:26:39,168 [INFO] CodeEngine:279 - Generated code: C:\MCU2\My_workspace\emre\Core\Inc\stm32f4xx_it.h
2024-03-20 00:26:39,187 [INFO] CodeEngine:255 - oldGeneratedFile, C:\MCU2\My_workspace\emre\Core\Src\stm32f4xx_hal_msp.c_save
2024-03-20 00:26:39,305 [INFO] CodeEngine:279 - Generated code: C:\MCU2\My_workspace\emre\Core\Src\stm32f4xx_hal_msp.c
2024-03-20 00:26:39,314 [INFO] CodeEngine:255 - oldGeneratedFile, C:\MCU2\My_workspace\emre\MXTmpFiles\system.tmp_save
2024-03-20 00:26:39,372 [INFO] CodeEngine:279 - Generated code: C:\MCU2\My_workspace\emre\MXTmpFiles\system.tmp
2024-03-20 00:26:39,387 [INFO] CodeEngine:311 - oldGeneratedFile, C:\MCU2\My_workspace\emre\Core\Inc\stm32f4xx_hal_conf.h_save
2024-03-20 00:26:39,476 [INFO] CodeEngine:335 - Generated code: C:\MCU2\My_workspace\emre\Core\Inc\stm32f4xx_hal_conf.h
2024-03-20 00:26:39,529 [INFO] CodeEngine:255 - oldGeneratedFile, C:\MCU2\My_workspace\emre\Core\Inc\main.h_save
2024-03-20 00:26:39,607 [INFO] CodeEngine:279 - Generated code: C:\MCU2\My_workspace\emre\Core\Inc\main.h
2024-03-20 00:26:39,619 [INFO] CodeEngine:255 - oldGeneratedFile, C:\MCU2\My_workspace\emre\Core\Src\main.c_save
2024-03-20 00:26:39,738 [INFO] CodeEngine:279 - Generated code: C:\MCU2\My_workspace\emre\Core\Src\main.c
2024-03-20 00:26:40,457 [INFO] ProjectBuilder:3076 - Time for Copy HAL[1] : 234mS.
2024-03-20 00:26:40,466 [INFO] ProjectBuilder:4485 - Project Generator version: 4.2.0-B44
2024-03-20 00:26:40,795 [INFO] ConfigFileManager:1495 - The Die is : DIE413
2024-03-20 00:26:43,236 [INFO] ProjectBuilder:4747 - Time for Generating toolchain IDE Files: 2770mS.
2024-03-20 00:26:43,237 [INFO] ProjectBuilder:2947 - Time for Copy CMSIS : 1mS.
2024-03-20 00:26:43,244 [INFO] ProjectBuilder:2947 - Time for Copy CMSIS : 1mS.
2024-03-20 00:32:35,091 [INFO] NvicIntPanel:101 - NVIC parent = com.st.microxplorer.plugins.ip.nvic.MultiNvicIntPanel[,0,0,690x525,layout=javax.swing.BoxLayout,alignmentX=0.0,alignmentY=0.0,border=,flags=9,maximumSize=,minimumSize=,preferredSize=]
2024-03-20 00:33:22,591 [INFO] I2sManager:658 - 9.6E7
2024-03-20 00:33:22,591 [INFO] I2sManager:195 - I2S Clock Value : 9.6E7
2024-03-20 00:33:22,591 [INFO] I2sManager:553 - AudioClock : 93750Divider : 2Odd : 0
2024-03-20 00:33:22,710 [WARN] IP:2119 - I2C_Coeff_DF not found: check if there is a RefParameter without a condition.
2024-03-20 00:33:22,710 [WARN] IP:2119 - Analog_Filter not found: check if there is a RefParameter without a condition.
2024-03-20 00:33:22,711 [WARN] IP:2119 - I2C_Coeff_DF not found: check if there is a RefParameter without a condition.
2024-03-20 00:33:22,711 [WARN] IP:2119 - Analog_Filter not found: check if there is a RefParameter without a condition.
2024-03-20 00:33:22,718 [INFO] Middleware:617 - instanceName : USB_HOST bspName : Drive_VBUS_FS check condition success for : SW_VBUS_DRIVE_AUDIO_FS = false
2024-03-20 00:33:22,718 [INFO] Middleware:617 - instanceName : USB_HOST bspName : Drive_VBUS_FS check condition success for : SW_VBUS_DRIVE_AUDIO_FS = false
2024-03-20 00:33:22,718 [INFO] Middleware:617 - instanceName : USB_HOST bspName : Drive_VBUS_HS check condition success for : SW_VBUS_DRIVE_AUDIO_HS = false
2024-03-20 00:33:22,718 [INFO] Middleware:617 - instanceName : USB_HOST bspName : Drive_VBUS_HS check condition success for : SW_VBUS_DRIVE_AUDIO_HS = false
2024-03-20 00:33:22,718 [INFO] Middleware:617 - instanceName : USB_HOST bspName : Drive_VBUS_FS check condition success for : SW_VBUS_DRIVE_CDC_FS = false
2024-03-20 00:33:22,718 [INFO] Middleware:617 - instanceName : USB_HOST bspName : Drive_VBUS_FS check condition success for : SW_VBUS_DRIVE_CDC_FS = false
2024-03-20 00:33:22,718 [INFO] Middleware:617 - instanceName : USB_HOST bspName : Drive_VBUS_FS check condition success for : SW_VBUS_DRIVE_CDC_FS = false
2024-03-20 00:33:22,719 [INFO] Middleware:617 - instanceName : USB_HOST bspName : Drive_VBUS_HS check condition success for : SW_VBUS_DRIVE_CDC_HS = false
2024-03-20 00:33:22,719 [INFO] Middleware:617 - instanceName : USB_HOST bspName : Drive_VBUS_HS check condition success for : SW_VBUS_DRIVE_CDC_HS = false
2024-03-20 00:33:22,719 [INFO] Middleware:617 - instanceName : USB_HOST bspName : Drive_VBUS_FS check condition success for : SW_VBUS_DRIVE_HID_FS = false
2024-03-20 00:33:22,719 [INFO] Middleware:617 - instanceName : USB_HOST bspName : Drive_VBUS_FS check condition success for : SW_VBUS_DRIVE_HID_FS = false
2024-03-20 00:33:22,719 [INFO] Middleware:617 - instanceName : USB_HOST bspName : Drive_VBUS_HS check condition success for : SW_VBUS_DRIVE_HID_HS = false
2024-03-20 00:33:22,719 [INFO] Middleware:617 - instanceName : USB_HOST bspName : Drive_VBUS_HS check condition success for : SW_VBUS_DRIVE_HID_HS = false
2024-03-20 00:33:22,719 [INFO] Middleware:617 - instanceName : USB_HOST bspName : Drive_VBUS_FS check condition success for : SW_VBUS_DRIVE_MSC_FS = false
2024-03-20 00:33:22,719 [INFO] Middleware:617 - instanceName : USB_HOST bspName : Drive_VBUS_FS check condition success for : SW_VBUS_DRIVE_MSC_FS = false
2024-03-20 00:33:22,719 [INFO] Middleware:617 - instanceName : USB_HOST bspName : Drive_VBUS_HS check condition success for : SW_VBUS_DRIVE_MSC_HS = false
2024-03-20 00:33:22,719 [INFO] Middleware:617 - instanceName : USB_HOST bspName : Drive_VBUS_HS check condition success for : SW_VBUS_DRIVE_MSC_HS = false
2024-03-20 00:33:22,719 [INFO] Middleware:617 - instanceName : USB_HOST bspName : Drive_VBUS_FS check condition success for : ALL_SW_VBUS_DRIVE_FS = false
2024-03-20 00:33:22,719 [INFO] Middleware:617 - instanceName : USB_HOST bspName : Drive_VBUS_FS check condition success for : ALL_SW_VBUS_DRIVE_FS = false
2024-03-20 00:33:22,719 [INFO] Middleware:617 - instanceName : USB_HOST bspName : Drive_VBUS_HS check condition success for : ALL_SW_VBUS_DRIVE_HS = false
2024-03-20 00:33:22,719 [INFO] Middleware:617 - instanceName : USB_HOST bspName : Drive_VBUS_HS check condition success for : ALL_SW_VBUS_DRIVE_HS = false
2024-03-20 00:33:22,719 [INFO] Middleware:617 - instanceName : USB_HOST bspName : Drive_VBUS_FS check condition success for : SW_VBUS_DRIVE_MTP_FS = false
2024-03-20 00:33:22,719 [INFO] Middleware:617 - instanceName : USB_HOST bspName : Drive_VBUS_FS check condition success for : SW_VBUS_DRIVE_MTP_FS = false
2024-03-20 00:33:22,719 [INFO] Middleware:617 - instanceName : USB_HOST bspName : Drive_VBUS_HS check condition success for : SW_VBUS_DRIVE_MTP_HS = false
2024-03-20 00:33:22,719 [INFO] Middleware:617 - instanceName : USB_HOST bspName : Drive_VBUS_HS check condition success for : SW_VBUS_DRIVE_MTP_HS = false
2024-03-20 00:41:41,493 [ERROR] LogOutputStream:75 - [STDERR_REDIRECT] 
2024-03-20 00:41:41,493 [ERROR] LogOutputStream:75 - [STDERR_REDIRECT] 
2024-03-20 00:53:04,697 [INFO] Activator:176 - 


2024-03-20 00:53:04,699 [INFO] Activator:177 - !SESSION log4j initialized
2024-03-20 00:53:09,748 [INFO] LogOutputStream:77 - [STDOUT_REDIRECT] 
2024-03-20 00:53:19,610 [INFO] ApplicationProperties:184 - Using Application install path: C:\ST\STM32CubeIDE_1.14.0\STM32CubeIDE\plugins\com.st.stm32cube.common.mx_6.10.0.202311202037
2024-03-20 00:53:19,622 [INFO] DbMcusXml:78 - Set database path to: C:\ST\STM32CubeIDE_1.14.0\STM32CubeIDE\plugins\com.st.stm32cube.common.mx_6.10.0.202311202037\\db\/mcu/
2024-03-20 00:53:19,622 [INFO] ApiDb:274 - Set plugin database path to: C:\ST\STM32CubeIDE_1.14.0\STM32CubeIDE\plugins\com.st.stm32cube.common.mx_6.10.0.202311202037\\db\/plugins/boardmanager/
2024-03-20 00:53:19,622 [WARN] ApiDb:259 - Overriding images path with different value:  => C:\ST\STM32CubeIDE_1.14.0\STM32CubeIDE\plugins\com.st.stm32cube.common.mx_6.10.0.202311202037\\db\/plugins/mcufinder/images/
2024-03-20 00:53:19,626 [INFO] ApiDb:250 - Set database path to: C:\Users\uykun\.stmcufinder\plugins\mcufinder//mcu/
2024-03-20 00:53:19,626 [INFO] DbMcusAds:125 - Set database path to: C:\Users\uykun\.stmcufinder\plugins\mcufinder//mcu/
2024-03-20 00:53:19,628 [INFO] CrossReferenceDbSqlite:203 - Set database path to: C:\Users\uykun\.stmcufinder\plugins\mcufinder//mcu/cs/
2024-03-20 00:53:19,719 [INFO] RulesReader:64 - Compatibility file has been processed (297 Rules)
2024-03-20 00:53:19,774 [INFO] DbMcusXml:78 - Set database path to: C:\ST\STM32CubeIDE_1.14.0\STM32CubeIDE\plugins\com.st.stm32cube.common.mx_6.10.0.202311202037\\db\/mcu/
2024-03-20 00:53:19,774 [INFO] ApiDb:274 - Set plugin database path to: C:\ST\STM32CubeIDE_1.14.0\STM32CubeIDE\plugins\com.st.stm32cube.common.mx_6.10.0.202311202037\\db\/plugins/boardmanager/
2024-03-20 00:53:19,774 [INFO] ApiDb:261 - Set plugin images path to: C:\ST\STM32CubeIDE_1.14.0\STM32CubeIDE\plugins\com.st.stm32cube.common.mx_6.10.0.202311202037\\db\/plugins/mcufinder/images/
2024-03-20 00:53:19,774 [WARN] DbFile:41 - Overriding database path with different value: C:\Users\uykun\.stmcufinder\plugins\mcufinder/ => C:\Users\uykun\.stmcufinder\plugins\mcufinder
2024-03-20 00:53:19,774 [INFO] ApiDb:250 - Set database path to: C:\Users\uykun\.stmcufinder\plugins\mcufinder//mcu/
2024-03-20 00:53:19,774 [WARN] DbFile:41 - Overriding database path with different value: C:\Users\uykun\.stmcufinder\plugins\mcufinder/ => C:\Users\uykun\.stmcufinder\plugins\mcufinder
2024-03-20 00:53:19,775 [INFO] DbMcusAds:125 - Set database path to: C:\Users\uykun\.stmcufinder\plugins\mcufinder//mcu/
2024-03-20 00:53:19,775 [WARN] DbFile:41 - Overriding database path with different value: C:\Users\uykun\.stmcufinder\plugins\mcufinder/ => C:\Users\uykun\.stmcufinder\plugins\mcufinder
2024-03-20 00:53:19,775 [WARN] DbFile:41 - Overriding database path with different value: C:\Users\uykun\.stmcufinder\plugins\mcufinder/ => C:\Users\uykun\.stmcufinder\plugins\mcufinder
2024-03-20 00:53:19,775 [INFO] CrossReferenceDbSqlite:203 - Set database path to: C:\Users\uykun\.stmcufinder\plugins\mcufinder//mcu/cs/
2024-03-20 00:53:19,840 [INFO] MainPanel:264 - HeapMemory: 268435456
2024-03-20 00:53:19,899 [INFO] DbMcusXml:78 - Set database path to: C:\ST\STM32CubeIDE_1.14.0\STM32CubeIDE\plugins\com.st.stm32cube.common.mx_6.10.0.202311202037\\db\/mcu/
2024-03-20 00:53:19,899 [INFO] ApiDb:274 - Set plugin database path to: C:\ST\STM32CubeIDE_1.14.0\STM32CubeIDE\plugins\com.st.stm32cube.common.mx_6.10.0.202311202037\\db\/plugins/boardmanager/
2024-03-20 00:53:19,899 [INFO] ApiDb:261 - Set plugin images path to: C:\ST\STM32CubeIDE_1.14.0\STM32CubeIDE\plugins\com.st.stm32cube.common.mx_6.10.0.202311202037\\db\/plugins/mcufinder/images/
2024-03-20 00:53:19,899 [WARN] DbFile:41 - Overriding database path with different value: C:\Users\uykun\.stmcufinder\plugins\mcufinder/ => C:\Users\uykun\.stmcufinder\plugins\mcufinder
2024-03-20 00:53:19,899 [INFO] ApiDb:250 - Set database path to: C:\Users\uykun\.stmcufinder\plugins\mcufinder//mcu/
2024-03-20 00:53:19,899 [WARN] DbFile:41 - Overriding database path with different value: C:\Users\uykun\.stmcufinder\plugins\mcufinder/ => C:\Users\uykun\.stmcufinder\plugins\mcufinder
2024-03-20 00:53:19,899 [INFO] DbMcusAds:125 - Set database path to: C:\Users\uykun\.stmcufinder\plugins\mcufinder//mcu/
2024-03-20 00:53:19,899 [WARN] DbFile:41 - Overriding database path with different value: C:\Users\uykun\.stmcufinder\plugins\mcufinder/ => C:\Users\uykun\.stmcufinder\plugins\mcufinder
2024-03-20 00:53:19,899 [WARN] DbFile:41 - Overriding database path with different value: C:\Users\uykun\.stmcufinder\plugins\mcufinder/ => C:\Users\uykun\.stmcufinder\plugins\mcufinder
2024-03-20 00:53:19,899 [INFO] CrossReferenceDbSqlite:203 - Set database path to: C:\Users\uykun\.stmcufinder\plugins\mcufinder//mcu/cs/
2024-03-20 00:53:19,914 [INFO] ApplicationProperties:184 - Using Application install path: C:\ST\STM32CubeIDE_1.14.0\STM32CubeIDE\plugins\com.st.stm32cube.common.mx_6.10.0.202311202037
2024-03-20 00:53:19,915 [INFO] PluginManage:196 - Search for loadable plugins [exclusion list=, ]
2024-03-20 00:53:19,916 [INFO] PluginManage:310 - Check plugin analytics
2024-03-20 00:53:20,075 [INFO] AnalyticsPlugin:253 - Accepted Software Licenses: 
2024-03-20 00:53:20,075 [INFO] AnalyticsPlugin:255 - Accepted CMSIS Pack Licenses: 
2024-03-20 00:53:20,075 [INFO] AnalyticsPlugin:257 - Accepted Firmware Licenses: FW.F4.1.28.0
2024-03-20 00:53:20,077 [INFO] PluginManage:359 - Loaded plugin analytics (category:tool,tabindex:-1)
2024-03-20 00:53:20,078 [INFO] PluginManage:310 - Check plugin cadmodel
2024-03-20 00:53:20,089 [INFO] CADModel:105 - Init CAD model plugin
2024-03-20 00:53:20,089 [INFO] PluginManage:359 - Loaded plugin cadmodel (category:power,tabindex:5)
2024-03-20 00:53:20,090 [INFO] PluginManage:310 - Check plugin clock
2024-03-20 00:53:20,109 [INFO] PluginManage:359 - Loaded plugin clock (category:base,tabindex:2)
2024-03-20 00:53:20,109 [INFO] PluginManage:310 - Check plugin ddr
2024-03-20 00:53:20,111 [INFO] PluginManage:359 - Loaded plugin ddr (category:tool,tabindex:6)
2024-03-20 00:53:20,111 [INFO] PluginManage:310 - Check plugin filemanager
2024-03-20 00:53:20,229 [INFO] PluginManage:359 - Loaded plugin filemanager (category:base,tabindex:10)
2024-03-20 00:53:20,229 [INFO] PluginManage:310 - Check plugin ipmanager
2024-03-20 00:53:20,236 [INFO] PluginManage:359 - Loaded plugin ipmanager (category:base,tabindex:5)
2024-03-20 00:53:20,236 [INFO] PluginManage:310 - Check plugin lpbam
2024-03-20 00:53:20,256 [INFO] PluginManage:359 - Loaded plugin lpbam (category:base,tabindex:0)
2024-03-20 00:53:20,256 [INFO] PluginManage:310 - Check plugin memorymap
2024-03-20 00:53:20,277 [INFO] PluginManage:359 - Loaded plugin memorymap (category:base,tabindex:4)
2024-03-20 00:53:20,277 [INFO] PluginManage:310 - Check plugin pinoutandconfiguration
2024-03-20 00:53:20,293 [INFO] PluginManage:359 - Loaded plugin pinoutandconfiguration (category:base,tabindex:1)
2024-03-20 00:53:20,294 [INFO] PluginManage:310 - Check plugin pinoutconfig
2024-03-20 00:53:20,380 [WARN] SupportedApi:132 - Cannot load RTOS API schema: s4s-elt-must-match.1: The content of 'definitions' must match (annotation?, (simpleType | complexType)?, (unique | key | keyref)*)). A problem was found starting at: attribute.
2024-03-20 00:53:20,471 [INFO] PluginManage:359 - Loaded plugin pinoutconfig (category:base,tabindex:0)
2024-03-20 00:53:20,471 [INFO] PluginManage:310 - Check plugin power
2024-03-20 00:53:20,487 [INFO] PluginManage:359 - Loaded plugin power (category:power,tabindex:4)
2024-03-20 00:53:20,487 [INFO] PluginManage:310 - Check plugin projectmanager
2024-03-20 00:53:20,500 [INFO] PluginManage:359 - Loaded plugin projectmanager (category:projectmanager,tabindex:3)
2024-03-20 00:53:20,501 [INFO] PluginManage:310 - Check plugin thirdparty
2024-03-20 00:53:20,717 [INFO] PluginManage:359 - Loaded plugin thirdparty (category:base,tabindex:-1)
2024-03-20 00:53:20,717 [INFO] PluginManage:310 - Check plugin tools
2024-03-20 00:53:20,717 [WARN] IntegrityCheckThread:84 - waiting for thirdparty lock release [integrity check]
2024-03-20 00:53:20,717 [INFO] IntegrityCheckThread:86 - entering critical section [integrity check]
2024-03-20 00:53:20,718 [INFO] ThirdPartyUpdaterWithRetryManager:70 - Updater plugin not ready yet. [1/15]
2024-03-20 00:53:20,744 [INFO] PluginManage:359 - Loaded plugin tools (category:base,tabindex:7)
2024-03-20 00:53:20,744 [INFO] PluginManage:310 - Check plugin tutovideos
2024-03-20 00:53:20,864 [INFO] PluginManage:359 - Loaded plugin tutovideos (category:base,tabindex:-1)
2024-03-20 00:53:20,864 [INFO] PluginManage:310 - Check plugin updater
2024-03-20 00:53:20,871 [INFO] PluginManage:359 - Loaded plugin updater (category:base,tabindex:12)
2024-03-20 00:53:20,871 [INFO] PluginManage:310 - Check plugin userauth
2024-03-20 00:53:20,875 [INFO] UserAuth:114 - Init User Auth plugin
2024-03-20 00:53:20,875 [INFO] PluginManage:359 - Loaded plugin userauth (category:base,tabindex:14)
2024-03-20 00:53:20,875 [INFO] PluginManage:283 - PluginManage : Loaded plugins [17]
2024-03-20 00:53:21,039 [INFO] PinOutPanel:1499 - setPackage(No Configuration,No Configuration)
2024-03-20 00:53:21,094 [INFO] CADModel:165 - CPN selected for project level
2024-03-20 00:53:21,094 [INFO] CADModel:114 - Register for checkConnection events
2024-03-20 00:53:21,111 [INFO] IPUIPlugin:80 - create IPUIPlugin
2024-03-20 00:53:21,111 [INFO] PluginManager:220 - loadIPPluginJar : add adc
2024-03-20 00:53:21,136 [INFO] IPUIPlugin:80 - create IPUIPlugin
2024-03-20 00:53:21,136 [INFO] PluginManager:220 - loadIPPluginJar : add aes
2024-03-20 00:53:21,176 [INFO] IPUIPlugin:80 - create IPUIPlugin
2024-03-20 00:53:21,176 [INFO] PluginManager:220 - loadIPPluginJar : add can
2024-03-20 00:53:21,194 [INFO] IPUIPlugin:80 - create IPUIPlugin
2024-03-20 00:53:21,194 [INFO] PluginManager:220 - loadIPPluginJar : add comp
2024-03-20 00:53:21,218 [INFO] IPUIPlugin:80 - create IPUIPlugin
2024-03-20 00:53:21,218 [INFO] PluginManager:220 - loadIPPluginJar : add cryp
2024-03-20 00:53:21,239 [INFO] IPUIPlugin:80 - create IPUIPlugin
2024-03-20 00:53:21,239 [INFO] PluginManager:220 - loadIPPluginJar : add dfsdm
2024-03-20 00:53:21,249 [INFO] IPUIPlugin:80 - create IPUIPlugin
2024-03-20 00:53:21,249 [INFO] PluginManager:220 - loadIPPluginJar : add dma
2024-03-20 00:53:21,278 [INFO] IPUIPlugin:80 - create IPUIPlugin
2024-03-20 00:53:21,278 [INFO] PluginManager:220 - loadIPPluginJar : add dma3
2024-03-20 00:53:21,291 [INFO] IPUIPlugin:80 - create IPUIPlugin
2024-03-20 00:53:21,291 [INFO] PluginManager:220 - loadIPPluginJar : add fatfs
2024-03-20 00:53:21,324 [INFO] IPUIPlugin:80 - create IPUIPlugin
2024-03-20 00:53:21,324 [INFO] PluginManager:220 - loadIPPluginJar : add fmc
2024-03-20 00:53:21,334 [INFO] IPUIPlugin:80 - create IPUIPlugin
2024-03-20 00:53:21,334 [INFO] PluginManager:220 - loadIPPluginJar : add freertos
2024-03-20 00:53:21,348 [INFO] IPUIPlugin:80 - create IPUIPlugin
2024-03-20 00:53:21,348 [INFO] PluginManager:220 - loadIPPluginJar : add genericplugin
2024-03-20 00:53:21,411 [INFO] IPUIPlugin:80 - create IPUIPlugin
2024-03-20 00:53:21,411 [INFO] PluginManager:220 - loadIPPluginJar : add gfxmmu
2024-03-20 00:53:21,511 [INFO] IPUIPlugin:80 - create IPUIPlugin
2024-03-20 00:53:21,511 [INFO] PluginManager:220 - loadIPPluginJar : add gic
2024-03-20 00:53:21,525 [INFO] IPUIPlugin:80 - create IPUIPlugin
2024-03-20 00:53:21,525 [INFO] PluginManager:220 - loadIPPluginJar : add gpio
2024-03-20 00:53:21,648 [INFO] IPUIPlugin:80 - create IPUIPlugin
2024-03-20 00:53:21,648 [INFO] PluginManager:220 - loadIPPluginJar : add gtzc
2024-03-20 00:53:21,685 [INFO] IPUIPlugin:80 - create IPUIPlugin
2024-03-20 00:53:21,685 [INFO] PluginManager:220 - loadIPPluginJar : add hash
2024-03-20 00:53:21,730 [INFO] IPUIPlugin:80 - create IPUIPlugin
2024-03-20 00:53:21,731 [INFO] PluginManager:220 - loadIPPluginJar : add i2c
2024-03-20 00:53:21,767 [INFO] IPUIPlugin:80 - create IPUIPlugin
2024-03-20 00:53:21,767 [INFO] PluginManager:220 - loadIPPluginJar : add i2s
2024-03-20 00:53:21,803 [INFO] IPUIPlugin:80 - create IPUIPlugin
2024-03-20 00:53:21,803 [INFO] PluginManager:220 - loadIPPluginJar : add i3c
2024-03-20 00:53:21,902 [INFO] IPUIPlugin:80 - create IPUIPlugin
2024-03-20 00:53:21,902 [INFO] PluginManager:220 - loadIPPluginJar : add ipddr
2024-03-20 00:53:21,977 [INFO] IPUIPlugin:80 - create IPUIPlugin
2024-03-20 00:53:21,977 [INFO] PluginManager:220 - loadIPPluginJar : add linkedlist
2024-03-20 00:53:22,000 [INFO] IPUIPlugin:80 - create IPUIPlugin
2024-03-20 00:53:22,000 [INFO] PluginManager:220 - loadIPPluginJar : add lorawan
2024-03-20 00:53:22,025 [INFO] IPUIPlugin:80 - create IPUIPlugin
2024-03-20 00:53:22,025 [INFO] PluginManager:220 - loadIPPluginJar : add ltdc
2024-03-20 00:53:22,034 [INFO] IPUIPlugin:80 - create IPUIPlugin
2024-03-20 00:53:22,035 [INFO] PluginManager:220 - loadIPPluginJar : add mdma
2024-03-20 00:53:22,043 [INFO] IPUIPlugin:80 - create IPUIPlugin
2024-03-20 00:53:22,043 [INFO] PluginManager:220 - loadIPPluginJar : add nvic
2024-03-20 00:53:22,071 [INFO] IPUIPlugin:80 - create IPUIPlugin
2024-03-20 00:53:22,072 [INFO] PluginManager:220 - loadIPPluginJar : add opamp
2024-03-20 00:53:22,113 [INFO] IPUIPlugin:80 - create IPUIPlugin
2024-03-20 00:53:22,113 [INFO] PluginManager:220 - loadIPPluginJar : add openamp
2024-03-20 00:53:22,144 [INFO] IPUIPlugin:80 - create IPUIPlugin
2024-03-20 00:53:22,145 [INFO] PluginManager:220 - loadIPPluginJar : add pdm2pcm
2024-03-20 00:53:22,155 [INFO] IPUIPlugin:80 - create IPUIPlugin
2024-03-20 00:53:22,156 [INFO] PluginManager:220 - loadIPPluginJar : add plateformsettings
2024-03-20 00:53:22,172 [INFO] IPUIPlugin:80 - create IPUIPlugin
2024-03-20 00:53:22,172 [INFO] PluginManager:220 - loadIPPluginJar : add quadspi
2024-03-20 00:53:22,181 [INFO] IPUIPlugin:80 - create IPUIPlugin
2024-03-20 00:53:22,181 [INFO] PluginManager:220 - loadIPPluginJar : add resmgrutility
2024-03-20 00:53:22,217 [INFO] IPUIPlugin:80 - create IPUIPlugin
2024-03-20 00:53:22,217 [INFO] PluginManager:220 - loadIPPluginJar : add sai
2024-03-20 00:53:22,241 [INFO] IPUIPlugin:80 - create IPUIPlugin
2024-03-20 00:53:22,241 [INFO] PluginManager:220 - loadIPPluginJar : add spi
2024-03-20 00:53:22,294 [INFO] IPUIPlugin:80 - create IPUIPlugin
2024-03-20 00:53:22,294 [INFO] PluginManager:220 - loadIPPluginJar : add stm32_wpan
2024-03-20 00:53:22,310 [INFO] IPUIPlugin:80 - create IPUIPlugin
2024-03-20 00:53:22,311 [INFO] PluginManager:220 - loadIPPluginJar : add tim
2024-03-20 00:53:22,355 [INFO] IPUIPlugin:80 - create IPUIPlugin
2024-03-20 00:53:22,355 [INFO] PluginManager:220 - loadIPPluginJar : add touchsensing
2024-03-20 00:53:22,375 [INFO] IPUIPlugin:80 - create IPUIPlugin
2024-03-20 00:53:22,375 [INFO] PluginManager:220 - loadIPPluginJar : add tracer_emb
2024-03-20 00:53:22,396 [INFO] IPUIPlugin:80 - create IPUIPlugin
2024-03-20 00:53:22,397 [INFO] PluginManager:220 - loadIPPluginJar : add ts
2024-03-20 00:53:22,413 [INFO] IPUIPlugin:80 - create IPUIPlugin
2024-03-20 00:53:22,413 [INFO] PluginManager:220 - loadIPPluginJar : add tsc
2024-03-20 00:53:22,434 [INFO] IPUIPlugin:80 - create IPUIPlugin
2024-03-20 00:53:22,434 [INFO] PluginManager:220 - loadIPPluginJar : add ucpd
2024-03-20 00:53:22,474 [INFO] IPUIPlugin:80 - create IPUIPlugin
2024-03-20 00:53:22,474 [INFO] PluginManager:220 - loadIPPluginJar : add usart
2024-03-20 00:53:22,517 [INFO] IPUIPlugin:80 - create IPUIPlugin
2024-03-20 00:53:22,518 [INFO] PluginManager:220 - loadIPPluginJar : add usbx
2024-03-20 00:53:22,643 [INFO] CADModel:165 - CPN selected for project level
2024-03-20 00:53:22,643 [INFO] CADModel:114 - Register for checkConnection events
2024-03-20 00:53:22,643 [FATAL] Updater:308 - Updater called before beeing initialized
2024-03-20 00:53:22,644 [ERROR] CADModel:125 - Updater not yet initialized, retry later 
2024-03-20 00:53:22,766 [INFO] CADModel:165 - CPN selected for project level
2024-03-20 00:53:22,767 [INFO] CADModel:114 - Register for checkConnection events
2024-03-20 00:53:22,767 [FATAL] Updater:308 - Updater called before beeing initialized
2024-03-20 00:53:22,767 [ERROR] CADModel:125 - Updater not yet initialized, retry later 
2024-03-20 00:53:22,769 [FATAL] Updater:308 - Updater called before beeing initialized
2024-03-20 00:53:22,884 [FATAL] Updater:308 - Updater called before beeing initialized
2024-03-20 00:53:22,888 [INFO] DbMcusAds:53 - JSON generation date=Wed Nov 29 13:52:27 TRT 2023 (1701255147349)
2024-03-20 00:53:22,888 [FATAL] Updater:308 - Updater called before beeing initialized
2024-03-20 00:53:22,955 [WARN] DetailPanel:346 - Failed to get advertising image, set to default
2024-03-20 00:53:23,030 [FATAL] Updater:308 - Updater called before beeing initialized
2024-03-20 00:53:23,031 [FATAL] Updater:308 - Updater called before beeing initialized
2024-03-20 00:53:23,031 [FATAL] Updater:308 - Updater called before beeing initialized
2024-03-20 00:53:23,031 [WARN] DetailPanel:346 - Failed to get advertising image, set to default
2024-03-20 00:53:23,032 [FATAL] Updater:308 - Updater called before beeing initialized
2024-03-20 00:53:23,083 [ERROR] Updater:1120 - MainUpdater not yet initialized. External WinMGr cannot be set.
2024-03-20 00:53:23,092 [INFO] Updater:1056 - Updater Version found : 6.10.0
2024-03-20 00:53:23,106 [INFO] ApplicationProperties:184 - Using Application install path: C:\ST\STM32CubeIDE_1.14.0\STM32CubeIDE\plugins\com.st.stm32cube.common.mx_6.10.0.202311202037
2024-03-20 00:53:23,719 [INFO] ThirdPartyUpdaterWithRetryManager:70 - Updater plugin not ready yet. [2/15]
2024-03-20 00:53:24,674 [ERROR] LogOutputStream:75 - [STDERR_REDIRECT] Mar 20, 2024 12:53:24 AM java.util.prefs.WindowsPreferences <init>
2024-03-20 00:53:24,676 [ERROR] LogOutputStream:75 - [STDERR_REDIRECT] WARNING: Could not open/create prefs root node Software\JavaSoft\Prefs at root 0xffffffff80000002. Windows RegCreateKeyEx(...) returned error code 5.
2024-03-20 00:53:24,676 [ERROR] LogOutputStream:75 - [STDERR_REDIRECT] 
2024-03-20 00:53:24,892 [INFO] MainUpdater:2873 - connection check result : 10
2024-03-20 00:53:24,892 [INFO] MainUpdater:290 - Updater Check For Update Now.
2024-03-20 00:53:24,892 [INFO] MicroXplorer:498 - Change Database Version : DB.6.0.100
2024-03-20 00:53:24,907 [INFO] McuFinderGlobals:63 - Set McuFinder mode to 2 (CubeIDE integrated)
2024-03-20 00:53:25,110 [INFO] CheckServerUpdateThread:120 - End of CheckServer Thread
2024-03-20 00:53:25,381 [INFO] UserAuth:404 - Internet connection configuration mode: 1
2024-03-20 00:53:25,389 [INFO] JxBrowserEngine:152 - Initiate JxBrowser Engine with user profile folder
2024-03-20 00:53:26,864 [WARN] PackLoader:240 - Cannot read IP mode file for STMicroelectronics.X-CUBE-SMBUS.2.1.0
2024-03-20 00:53:26,879 [WARN] PackLoader:240 - Cannot read IP mode file for STMicroelectronics.X-CUBE-TOUCHGFX.4.23.0
2024-03-20 00:53:26,926 [WARN] PackLoader:240 - Cannot read IP mode file for STMicroelectronics.X-CUBE-AZRTOS-F7.1.1.0
2024-03-20 00:53:26,947 [WARN] PackLoader:240 - Cannot read IP mode file for STMicroelectronics.FP-SNS-MOTENV1.4.3.2
2024-03-20 00:53:26,968 [WARN] PackLoader:240 - Cannot read IP mode file for STMicroelectronics.FP-SNS-FLIGHT1.5.0.2
2024-03-20 00:53:26,991 [WARN] PackLoader:240 - Cannot read IP mode file for STMicroelectronics.X-CUBE-DISPLAY.3.0.0
2024-03-20 00:53:27,015 [WARN] PackLoader:240 - Cannot read IP mode file for STMicroelectronics.X-CUBE-BLE1.7.0.0
2024-03-20 00:53:27,031 [WARN] PackLoader:240 - Cannot read IP mode file for emotas.I-CUBE-CANOPEN.1.3.0
2024-03-20 00:53:27,044 [WARN] PackLoader:240 - Cannot read IP mode file for STMicroelectronics.X-CUBE-TOUCHGFX.4.22.0
2024-03-20 00:53:27,057 [WARN] PackLoader:240 - Cannot read IP mode file for STMicroelectronics.X-CUBE-TOUCHGFX.4.22.1
2024-03-20 00:53:27,077 [WARN] PackLoader:240 - Cannot read IP mode file for STMicroelectronics.X-CUBE-BLEMGR.3.1.0
2024-03-20 00:53:27,095 [WARN] PackLoader:240 - Cannot read IP mode file for STMicroelectronics.FP-SNS-SMARTAG2.1.2.0
2024-03-20 00:53:27,118 [INFO] LogOutputStream:77 - [STDOUT_REDIRECT] 1 : Invalid condition id : UX_CORESTACK_Condition cause : null
2024-03-20 00:53:27,119 [INFO] LogOutputStream:77 - [STDOUT_REDIRECT] 1 : Invalid condition id : UX_CORESTACK_Condition cause : null
2024-03-20 00:53:27,120 [INFO] LogOutputStream:77 - [STDOUT_REDIRECT] 1 : Invalid condition id : UX_CORESTACK_Condition cause : null
2024-03-20 00:53:27,121 [INFO] LogOutputStream:77 - [STDOUT_REDIRECT] 1 : Invalid condition id : UX_CORESTACK_Condition cause : null
2024-03-20 00:53:27,122 [INFO] LogOutputStream:77 - [STDOUT_REDIRECT] 1 : Invalid condition id : UX_CORESTACK_Condition cause : null
2024-03-20 00:53:27,126 [WARN] PackLoader:240 - Cannot read IP mode file for STMicroelectronics.X-CUBE-AZRTOS-WL.2.0.0
2024-03-20 00:53:27,143 [WARN] PackLoader:240 - Cannot read IP mode file for WES.I-CUBE-Cesium.1.3.0
2024-03-20 00:53:27,159 [WARN] PackLoader:240 - Cannot read IP mode file for STMicroelectronics.X-CUBE-BLE2.3.3.0
2024-03-20 00:53:27,178 [WARN] PackLoader:240 - Cannot read IP mode file for STMicroelectronics.X-CUBE-ALGOBUILD.1.3.0
2024-03-20 00:53:27,220 [WARN] PackLoader:240 - Cannot read IP mode file for STMicroelectronics.X-CUBE-AZRTOS-G0.1.1.0
2024-03-20 00:53:27,249 [WARN] PackLoader:240 - Cannot read IP mode file for STMicroelectronics.X-CUBE-NFC4.3.0.0
2024-03-20 00:53:27,290 [WARN] PackLoader:240 - Cannot read IP mode file for STMicroelectronics.X-CUBE-BLEMGR.3.0.0
2024-03-20 00:53:27,314 [WARN] PackLoader:240 - Cannot read IP mode file for STMicroelectronics.FP-ATR-SIGFOX1.3.2.0
2024-03-20 00:53:27,341 [WARN] PackLoader:240 - Cannot read IP mode file for STMicroelectronics.X-CUBE-EEPRMA1.5.1.0
2024-03-20 00:53:27,430 [INFO] WebApp:161 - Instantiating new browser for Auth
2024-03-20 00:53:27,436 [WARN] PackLoader:240 - Cannot read IP mode file for SEGGER.I-CUBE-embOS.1.3.1
2024-03-20 00:53:27,523 [WARN] PackLoader:240 - Cannot read IP mode file for STMicroelectronics.X-CUBE-GNSS1.6.0.0
2024-03-20 00:53:27,566 [WARN] PackLoader:240 - Cannot read IP mode file for STMicroelectronics.X-CUBE-AZRTOS-F4.1.1.0
2024-03-20 00:53:27,582 [WARN] PackLoader:240 - Cannot read IP mode file for wolfSSL.I-CUBE-wolfSSL.5.6.3
2024-03-20 00:53:27,624 [WARN] PackLoader:240 - Cannot read IP mode file for STMicroelectronics.X-CUBE-AZRTOS-L5.2.0.0
2024-03-20 00:53:27,717 [WARN] PackLoader:240 - Cannot read IP mode file for STMicroelectronics.X-CUBE-MEMS1.9.6.0
2024-03-20 00:53:27,915 [WARN] PackLoader:240 - Cannot read IP mode file for STMicroelectronics.X-CUBE-EEPRMA1.4.2.0
2024-03-20 00:53:27,936 [WARN] PackLoader:240 - Cannot read IP mode file for STMicroelectronics.X-CUBE-NFC6.3.1.0
2024-03-20 00:53:27,954 [WARN] PackLoader:240 - Cannot read IP mode file for ITTIA_DB.I-CUBE-ITTIADB.8.8.0
2024-03-20 00:53:27,972 [WARN] PackLoader:240 - Cannot read IP mode file for STMicroelectronics.X-CUBE-BLEMGR.2.0.0
2024-03-20 00:53:27,999 [WARN] ConditionMgr:438 - getConditionDescription Invalid condition id : UX DEVICE CLASS RTOS Condition cause : null
2024-03-20 00:53:27,999 [WARN] ConditionMgr:438 - getConditionDescription Invalid condition id : UX DEVICE CLASS RTOS Condition cause : null
2024-03-20 00:53:28,001 [WARN] PackLoader:240 - Cannot read IP mode file for STMicroelectronics.X-CUBE-AZRTOS-H7.3.1.0
2024-03-20 00:53:28,003 [WARN] ConditionMgr:1039 - genDependencies : Invalid condition id : UX DEVICE CLASS RTOS Condition cause : null
2024-03-20 00:53:28,003 [WARN] ConditionMgr:1039 - genDependencies : Invalid condition id : UX DEVICE CLASS RTOS Condition cause : null
2024-03-20 00:53:28,003 [WARN] ConditionMgr:1039 - genDependencies : Invalid condition id : UX DEVICE CLASS RTOS Condition cause : null
2024-03-20 00:53:28,004 [WARN] ConditionMgr:1039 - genDependencies : Invalid condition id : UX DEVICE CLASS RTOS Condition cause : null
2024-03-20 00:53:28,004 [WARN] ConditionMgr:1039 - genDependencies : Invalid condition id : UX DEVICE CLASS RTOS Condition cause : null
2024-03-20 00:53:28,020 [WARN] PackLoader:240 - Cannot read IP mode file for STMicroelectronics.X-CUBE-NFC7.1.0.1
2024-03-20 00:53:28,035 [WARN] PackLoader:240 - Cannot read IP mode file for STMicroelectronics.X-CUBE-NFC6.3.0.0
2024-03-20 00:53:28,050 [WARN] PackLoader:240 - Cannot read IP mode file for STMicroelectronics.X-CUBE-EEPRMA1.4.1.0
2024-03-20 00:53:28,066 [WARN] PackLoader:240 - Cannot read IP mode file for STMicroelectronics.X-CUBE-AI.8.1.0
2024-03-20 00:53:28,108 [WARN] ConditionMgr:438 - getConditionDescription Invalid condition id : LAN8742 Phy interface Condition cause : null
2024-03-20 00:53:28,108 [WARN] PackLoader:240 - Cannot read IP mode file for STMicroelectronics.X-CUBE-AZRTOS-L4.2.0.0
2024-03-20 00:53:28,108 [INFO] WebApp:780 - Register for checkConnection events
2024-03-20 00:53:28,109 [INFO] WebApp:414 - Apply proxy settings
2024-03-20 00:53:28,109 [INFO] WebApp:499 - Chromium requires no authentication
2024-03-20 00:53:28,110 [WARN] ConditionMgr:1039 - genDependencies : Invalid condition id : LAN8742 Phy interface Condition cause : null
2024-03-20 00:53:28,110 [WARN] ConditionMgr:1039 - genDependencies : Invalid condition id : LAN8742 Phy interface Condition cause : null
2024-03-20 00:53:28,111 [WARN] ConditionMgr:1039 - genDependencies : Invalid condition id : LAN8742 Phy interface Condition cause : null
2024-03-20 00:53:28,116 [INFO] WebApp:442 - Direct internet connection detected
2024-03-20 00:53:28,126 [WARN] PackLoader:240 - Cannot read IP mode file for STMicroelectronics.X-CUBE-SFXS2LP1.4.0.0
2024-03-20 00:53:28,138 [WARN] PackLoader:240 - Cannot read IP mode file for STMicroelectronics.X-CUBE-ISPU.1.1.0
2024-03-20 00:53:28,161 [WARN] ConditionMgr:438 - getConditionDescription Invalid condition id : UX DEVICE CLASS RTOS Condition cause : null
2024-03-20 00:53:28,161 [WARN] ConditionMgr:438 - getConditionDescription Invalid condition id : UX DEVICE CLASS RTOS Condition cause : null
2024-03-20 00:53:28,164 [WARN] PackLoader:240 - Cannot read IP mode file for STMicroelectronics.X-CUBE-AZRTOS-WB.2.0.0
2024-03-20 00:53:28,164 [WARN] ConditionMgr:1039 - genDependencies : Invalid condition id : UX DEVICE CLASS RTOS Condition cause : null
2024-03-20 00:53:28,164 [WARN] ConditionMgr:1039 - genDependencies : Invalid condition id : UX DEVICE CLASS RTOS Condition cause : null
2024-03-20 00:53:28,165 [WARN] ConditionMgr:1039 - genDependencies : Invalid condition id : UX DEVICE CLASS RTOS Condition cause : null
2024-03-20 00:53:28,165 [WARN] ConditionMgr:1039 - genDependencies : Invalid condition id : UX DEVICE CLASS RTOS Condition cause : null
2024-03-20 00:53:28,165 [WARN] ConditionMgr:1039 - genDependencies : Invalid condition id : UX DEVICE CLASS RTOS Condition cause : null
2024-03-20 00:53:28,178 [WARN] PackLoader:240 - Cannot read IP mode file for STMicroelectronics.X-CUBE-FREERTOS.1.0.1
2024-03-20 00:53:28,199 [WARN] PackLoader:240 - Cannot read IP mode file for STMicroelectronics.X-CUBE-SUBG2.5.0.0
2024-03-20 00:53:28,224 [WARN] PackLoader:240 - Cannot read IP mode file for STMicroelectronics.X-CUBE-TOF1.3.3.1
2024-03-20 00:53:28,258 [WARN] PackLoader:240 - Cannot read IP mode file for STMicroelectronics.X-CUBE-AZRTOS-G4.2.0.0
2024-03-20 00:53:28,287 [WARN] PackLoader:240 - Cannot read IP mode file for Infineon.AIROC-Wi-Fi-Bluetooth-STM32.1.5.1
2024-03-20 00:53:28,288 [INFO] WebApp:192 - Starting web application
2024-03-20 00:53:28,288 [INFO] WebApp:544 - Web application path used C:\ST\STM32CubeIDE_1.14.0\STM32CubeIDE\plugins\com.st.stm32cube.common.mx_6.10.0.202311202037\db\plugins\mcufinder\reactClient1\index.html
2024-03-20 00:53:28,308 [WARN] PackLoader:240 - Cannot read IP mode file for STMicroelectronics.FP-SNS-MOTENVWB1.1.3.0
2024-03-20 00:53:28,324 [WARN] PackLoader:240 - Cannot read IP mode file for STMicroelectronics.FP-SNS-MOTENVWB1.1.3.1
2024-03-20 00:53:28,340 [WARN] PackLoader:240 - Cannot read IP mode file for STMicroelectronics.X-CUBE-ISPU.2.0.0
2024-03-20 00:53:28,409 [WARN] PackLoader:240 - Cannot read IP mode file for STMicroelectronics.X-CUBE-MEMS1.10.0.0
2024-03-20 00:53:28,588 [WARN] PackLoader:240 - Cannot read IP mode file for STMicroelectronics.X-CUBE-FREERTOS.1.1.0
2024-03-20 00:53:28,603 [WARN] PackLoader:240 - Cannot read IP mode file for portGmbH.I-Cube-SoM-uGOAL.1.1.0
2024-03-20 00:53:28,617 [WARN] PackLoader:240 - Cannot read IP mode file for STMicroelectronics.X-CUBE-ALS.1.0.1
2024-03-20 00:53:28,631 [WARN] PackLoader:240 - Cannot read IP mode file for STMicroelectronics.FP-ATR-ASTRA1.2.0.0
2024-03-20 00:53:28,649 [WARN] PackLoader:240 - Cannot read IP mode file for STMicroelectronics.X-CUBE-TOF1.3.4.0
2024-03-20 00:53:28,678 [WARN] PackLoader:240 - Cannot read IP mode file for STMicroelectronics.X-CUBE-TOF1.3.4.1
2024-03-20 00:53:28,716 [WARN] PackLoader:240 - Cannot read IP mode file for STMicroelectronics.X-CUBE-AZRTOS-H7.3.2.0
2024-03-20 00:53:28,720 [INFO] ThirdParty:978 - Integrity check success = true
2024-03-20 00:53:28,720 [INFO] IntegrityCheckThread:100 - exiting critical section [integrity check]
2024-03-20 00:53:28,720 [INFO] IntegrityCheckThread:103 - End integrity checks thread
2024-03-20 00:53:49,230 [ERROR] LogOutputStream:75 - [STDERR_REDIRECT] SLF4J: Failed to load class "org.slf4j.impl.StaticLoggerBinder".
2024-03-20 00:53:49,231 [ERROR] LogOutputStream:75 - [STDERR_REDIRECT] SLF4J: Defaulting to no-operation (NOP) logger implementation
2024-03-20 00:53:49,233 [ERROR] LogOutputStream:75 - [STDERR_REDIRECT] SLF4J: See http://www.slf4j.org/codes.html#StaticLoggerBinder for further details.
