2024-05-02 01:32:49,147 [INFO] UtilMem:75 - End SaveConfig() Used Memory: 744572384 Bytes (1073741824)
2024-05-02 01:32:50,059 [INFO] UtilMem:75 - End SaveConfig() Used Memory: 708029808 Bytes (1073741824)
2024-05-02 01:32:50,429 [INFO] UtilMem:75 - End SaveConfig() Used Memory: 744838864 Bytes (1073741824)
2024-05-02 01:32:50,638 [INFO] BlockDiagram:2759 - set Specific Code input for plugin: SYS
2024-05-02 01:32:50,638 [INFO] BlockDiagram:2759 - set Specific Code input for plugin: CAN
2024-05-02 01:32:50,638 [INFO] BlockDiagram:2759 - set Specific Code input for plugin: RCC
2024-05-02 01:32:50,638 [INFO] BlockDiagram:2759 - set Specific Code input for plugin: NVIC
2024-05-02 01:32:50,639 [INFO] BlockDiagram:2759 - set Specific Code input for plugin: GPIO
2024-05-02 01:32:50,639 [INFO] CodeGenerator:807 - code generatio: config db path: C:\ST\STM32CubeIDE_1.14.0\STM32CubeIDE\plugins\com.st.stm32cube.common.mx_6.10.0.202311202037\\db\
2024-05-02 01:32:50,843 [INFO] CodeEngine:255 - oldGeneratedFile, C:\MCU2\My_workspace\f103_2\MXTmpFiles\license.tmp_save
2024-05-02 01:32:50,952 [INFO] CodeEngine:279 - Generated code: C:\MCU2\My_workspace\f103_2\MXTmpFiles\license.tmp
2024-05-02 01:32:50,981 [INFO] CodeEngine:255 - oldGeneratedFile, C:\MCU2\My_workspace\f103_2\MXTmpFiles\gpio.tmp_save
2024-05-02 01:32:51,124 [INFO] CodeEngine:279 - Generated code: C:\MCU2\My_workspace\f103_2\MXTmpFiles\gpio.tmp
2024-05-02 01:32:51,159 [INFO] CodeEngine:255 - oldGeneratedFile, C:\MCU2\My_workspace\f103_2\Core\Src\stm32f1xx_it.c_save
2024-05-02 01:32:51,367 [INFO] CodeEngine:279 - Generated code: C:\MCU2\My_workspace\f103_2\Core\Src\stm32f1xx_it.c
2024-05-02 01:32:51,371 [INFO] CodeEngine:255 - oldGeneratedFile, C:\MCU2\My_workspace\f103_2\Core\Inc\stm32f1xx_it.h_save
2024-05-02 01:32:51,420 [INFO] CodeEngine:279 - Generated code: C:\MCU2\My_workspace\f103_2\Core\Inc\stm32f1xx_it.h
2024-05-02 01:32:51,435 [INFO] CodeEngine:255 - oldGeneratedFile, C:\MCU2\My_workspace\f103_2\Core\Src\stm32f1xx_hal_msp.c_save
2024-05-02 01:32:51,552 [INFO] CodeEngine:279 - Generated code: C:\MCU2\My_workspace\f103_2\Core\Src\stm32f1xx_hal_msp.c
2024-05-02 01:32:51,556 [INFO] CodeEngine:255 - oldGeneratedFile, C:\MCU2\My_workspace\f103_2\MXTmpFiles\system.tmp_save
2024-05-02 01:32:51,615 [INFO] CodeEngine:279 - Generated code: C:\MCU2\My_workspace\f103_2\MXTmpFiles\system.tmp
2024-05-02 01:32:51,641 [INFO] CodeEngine:311 - oldGeneratedFile, C:\MCU2\My_workspace\f103_2\Core\Inc\stm32f1xx_hal_conf.h_save
2024-05-02 01:32:51,733 [INFO] CodeEngine:335 - Generated code: C:\MCU2\My_workspace\f103_2\Core\Inc\stm32f1xx_hal_conf.h
2024-05-02 01:32:51,763 [INFO] CodeEngine:255 - oldGeneratedFile, C:\MCU2\My_workspace\f103_2\Core\Inc\main.h_save
2024-05-02 01:32:51,860 [INFO] CodeEngine:279 - Generated code: C:\MCU2\My_workspace\f103_2\Core\Inc\main.h
2024-05-02 01:32:51,870 [INFO] CodeEngine:255 - oldGeneratedFile, C:\MCU2\My_workspace\f103_2\Core\Src\main.c_save
2024-05-02 01:32:52,001 [INFO] CodeEngine:279 - Generated code: C:\MCU2\My_workspace\f103_2\Core\Src\main.c
2024-05-02 01:32:52,756 [INFO] ProjectBuilder:3076 - Time for Copy HAL[1] : 159mS.
2024-05-02 01:32:52,760 [INFO] ProjectBuilder:4485 - Project Generator version: 4.2.0-B44
2024-05-02 01:32:53,083 [INFO] ConfigFileManager:1495 - The Die is : DIE410
2024-05-02 01:32:53,086 [INFO] ApiDbMcu:508 - Load IP Config File for FATFS
2024-05-02 01:32:53,090 [INFO] ApiDbMcu:508 - Load IP Config File for FREERTOS
2024-05-02 01:32:53,095 [INFO] ApiDbMcu:508 - Load IP Config File for USB_DEVICE
2024-05-02 01:32:54,644 [INFO] ProjectBuilder:4747 - Time for Generating toolchain IDE Files: 1884mS.
2024-05-02 01:32:54,644 [INFO] ProjectBuilder:2947 - Time for Copy CMSIS : 0mS.
2024-05-02 01:32:54,647 [INFO] ProjectBuilder:2947 - Time for Copy CMSIS : 0mS.
2024-05-02 01:32:59,346 [INFO] MainUpdater:2873 - connection check result : 10
2024-05-02 01:32:59,346 [INFO] MainUpdater:2873 - connection check result : 10
2024-05-02 01:32:59,399 [INFO] MicroXplorer:468 - Change Database Path : 
2024-05-02 01:32:59,399 [INFO] MicroXplorer:498 - Change Database Version : DB.6.0.100
2024-05-02 01:32:59,404 [ERROR] ProjectManagerView:394 - 
java.lang.NullPointerException: Cannot invoke "javax.swing.JTextField.getText()" because the return value of "java.util.List.get(int)" is null
	at com.st.microxplorer.plugins.projectmanager.gui.ProjectChoiceTab$10.caretUpdate(ProjectChoiceTab.java:2493) ~[filemanager.jar:?]
	at javax.swing.text.JTextComponent.fireCaretUpdate(JTextComponent.java:412) ~[?:?]
	at javax.swing.text.JTextComponent$MutableCaretEvent.fire(JTextComponent.java:4491) ~[?:?]
	at javax.swing.text.JTextComponent$MutableCaretEvent.stateChanged(JTextComponent.java:4513) ~[?:?]
	at javax.swing.text.DefaultCaret.fireStateChanged(DefaultCaret.java:842) ~[?:?]
	at javax.swing.text.DefaultCaret.changeCaretPosition(DefaultCaret.java:1313) ~[?:?]
	at javax.swing.text.DefaultCaret.handleSetDot(DefaultCaret.java:1212) ~[?:?]
	at javax.swing.text.DefaultCaret.setDot(DefaultCaret.java:1193) ~[?:?]
	at javax.swing.text.DefaultCaret$Handler.insertUpdate(DefaultCaret.java:1789) ~[?:?]
	at javax.swing.text.AbstractDocument.fireInsertUpdate(AbstractDocument.java:226) ~[?:?]
	at javax.swing.text.AbstractDocument.handleInsertString(AbstractDocument.java:780) ~[?:?]
	at javax.swing.text.AbstractDocument.insertString(AbstractDocument.java:739) ~[?:?]
	at javax.swing.text.PlainDocument.insertString(PlainDocument.java:131) ~[?:?]
	at javax.swing.text.AbstractDocument.replace(AbstractDocument.java:698) ~[?:?]
	at javax.swing.text.JTextComponent.setText(JTextComponent.java:1729) ~[?:?]
	at com.st.microxplorer.plugins.projectmanager.gui.ProjectChoiceTab.createHeapStackFields(ProjectChoiceTab.java:933) ~[filemanager.jar:?]
	at com.st.microxplorer.plugins.projectmanager.gui.ProjectChoiceTab.buildLinkSettingsPanel(ProjectChoiceTab.java:3426) ~[filemanager.jar:?]
	at com.st.microxplorer.plugins.projectmanager.gui.ProjectChoiceTab.defineWindowsFields(ProjectChoiceTab.java:1813) ~[filemanager.jar:?]
	at com.st.microxplorer.plugins.projectmanager.gui.ProjectChoiceTab.updateSettings(ProjectChoiceTab.java:533) ~[filemanager.jar:?]
	at com.st.microxplorer.plugins.projectmanager.gui.ProjectSettingsPanel.UpdateDialog(ProjectSettingsPanel.java:244) ~[filemanager.jar:?]
	at com.st.microxplorer.plugins.projectmanager.ProjectManagerView.propertyChange(ProjectManagerView.java:391) ~[filemanager.jar:?]
	at java.beans.PropertyChangeSupport.fire(PropertyChangeSupport.java:343) ~[?:?]
	at java.beans.PropertyChangeSupport.firePropertyChange(PropertyChangeSupport.java:335) ~[?:?]
	at java.beans.PropertyChangeSupport.firePropertyChange(PropertyChangeSupport.java:268) ~[?:?]
	at com.st.microxplorer.util.MXPropertyChangeSupport.firePropertyChange(MXPropertyChangeSupport.java:54) ~[STM32CubeMX.jar:?]
	at com.st.microxplorer.mxsystem.MxSystem.closeConfig(MxSystem.java:900) ~[STM32CubeMX.jar:?]
	at com.st.microxplorer.maingui.MainPanel.closeConfig(MainPanel.java:776) ~[STM32CubeMX.jar:?]
	at com.st.microxplorer.plugins.filemanager.engine.OpenFileManager.loadConfigurationFile(OpenFileManager.java:245) ~[filemanager.jar:?]
	at com.st.microxplorer.plugins.filemanager.engine.MainFileManager.userLoadConfig(MainFileManager.java:290) ~[filemanager.jar:?]
	at com.st.microxplorer.plugins.filemanager.FileManagerView.getSpecificTask(FileManagerView.java:247) ~[filemanager.jar:?]
	at com.st.stm32cube.common.mx.editor.CubeMxEditor.getMxTabbedPaneInstance(CubeMxEditor.java:1184) ~[com.st.stm32cube.common.mx_6.10.0.202311202037/:?]
	at com.st.stm32cube.common.mx.editor.CubeMxEditor$12$1.createSwingComponent(CubeMxEditor.java:1065) ~[com.st.stm32cube.common.mx_6.10.0.202311202037/:?]
	at com.st.stm32cube.common.mx.oss.core.awtswtbridge.EmbeddedSwingComposite.doComponentCreation(EmbeddedSwingComposite.java:492) ~[com.st.stm32cube.common.mx.oss_6.10.0.202311202037/:?]
	at com.st.stm32cube.common.mx.oss.core.awtswtbridge.EmbeddedSwingComposite$4.run(EmbeddedSwingComposite.java:291) ~[com.st.stm32cube.common.mx.oss_6.10.0.202311202037/:?]
	at com.st.stm32cube.common.mx.oss.core.awtswtbridge.AwtEnvironment$2.run(AwtEnvironment.java:166) ~[com.st.stm32cube.common.mx.oss_6.10.0.202311202037/:?]
	at java.awt.event.InvocationEvent.dispatch(InvocationEvent.java:318) ~[?:?]
	at java.awt.EventQueue.dispatchEventImpl(EventQueue.java:773) ~[?:?]
	at java.awt.EventQueue$4.run(EventQueue.java:720) ~[?:?]
	at java.awt.EventQueue$4.run(EventQueue.java:714) ~[?:?]
	at java.security.AccessController.doPrivileged(AccessController.java:399) ~[?:?]
	at java.security.ProtectionDomain$JavaSecurityAccessImpl.doIntersectionPrivilege(ProtectionDomain.java:86) ~[?:?]
	at java.awt.EventQueue.dispatchEvent(EventQueue.java:742) ~[?:?]
	at java.awt.EventDispatchThread.pumpOneEventForFilters(EventDispatchThread.java:203) ~[?:?]
	at java.awt.EventDispatchThread.pumpEventsForFilter(EventDispatchThread.java:124) ~[?:?]
	at java.awt.EventDispatchThread.pumpEventsForHierarchy(EventDispatchThread.java:113) ~[?:?]
	at java.awt.EventDispatchThread.pumpEvents(EventDispatchThread.java:109) ~[?:?]
	at java.awt.EventDispatchThread.pumpEvents(EventDispatchThread.java:101) ~[?:?]
	at java.awt.EventDispatchThread.run(EventDispatchThread.java:90) ~[?:?]
2024-05-02 01:32:59,405 [WARN] ThirdParty:871 - waiting for thirdparty lock release [close project]
2024-05-02 01:32:59,405 [INFO] ThirdParty:873 - entering critical section [close project]
2024-05-02 01:32:59,405 [INFO] ThirdParty:883 - exiting critical section [close project]
2024-05-02 01:32:59,406 [INFO] PinOutPanel:1499 - setPackage(No Configuration,No Configuration)
2024-05-02 01:32:59,408 [INFO] UtilMem:75 - Begin LoadConfig() Used Memory: 764810064 Bytes (1073741824)
2024-05-02 01:32:59,408 [INFO] MicroXplorer:468 - Change Database Path : 
2024-05-02 01:32:59,408 [INFO] MicroXplorer:498 - Change Database Version : DB.6.0.100
2024-05-02 01:32:59,409 [INFO] OpenFileManager:312 - Change cursor
2024-05-02 01:32:59,417 [INFO] RulesReader:64 - Compatibility file has been processed (297 Rules)
2024-05-02 01:32:59,419 [INFO] Mcu:2016 - Initializing MCU STM32F103C(8-B)Tx STM32F103C8Tx STM32F103C8T6
2024-05-02 01:32:59,833 [INFO] Context:659 - Trying to add GPIOservice into a context  which must be forbidden
2024-05-02 01:33:00,092 [INFO] RtosManager:555 - Registered RTOS mode: class=CMSIS, group=RTOS, mode=CMSIS_V1, owner=FREERTOS
2024-05-02 01:33:00,092 [INFO] RtosManager:555 - Registered RTOS mode: class=CMSIS, group=RTOS2, mode=CMSIS_V2, owner=FREERTOS
2024-05-02 01:33:00,092 [INFO] RtosManager:555 - Registered RTOS mode: class=RTOS, group=Core, mode=CMSIS_V1, owner=FREERTOS
2024-05-02 01:33:00,092 [INFO] RtosManager:555 - Registered RTOS mode: class=RTOS, group=Core, mode=CMSIS_V2, owner=FREERTOS
2024-05-02 01:33:00,092 [WARN] ModelIntegratedComponent:184 - Missing modes for component STMicroelectronics:FreeRTOS:0.0.1:STMicroelectronics:RTOS:FreeRTOS:Core:::10.2.0:
2024-05-02 01:33:00,100 [WARN] ModelIntegratedComponent:63 - No mode defined for component null
2024-05-02 01:33:00,100 [WARN] ModelIntegratedComponent:63 - No mode defined for component null
2024-05-02 01:33:00,101 [WARN] ModelIntegratedComponent:63 - No mode defined for component null
2024-05-02 01:33:00,101 [WARN] ModelIntegratedComponent:63 - No mode defined for component null
2024-05-02 01:33:00,101 [WARN] ModelIntegratedComponent:63 - No mode defined for component null
2024-05-02 01:33:00,101 [WARN] ModelIntegratedComponent:63 - No mode defined for component null
2024-05-02 01:33:00,101 [WARN] ModelIntegratedComponent:63 - No mode defined for component null
2024-05-02 01:33:00,101 [WARN] ModelIntegratedComponent:63 - No mode defined for component null
2024-05-02 01:33:00,101 [WARN] ModelIntegratedComponent:63 - No mode defined for component null
2024-05-02 01:33:00,101 [WARN] ModelIntegratedComponent:63 - No mode defined for component null
2024-05-02 01:33:00,101 [WARN] ModelIntegratedComponent:63 - No mode defined for component null
2024-05-02 01:33:00,101 [WARN] ModelIntegratedComponent:63 - No mode defined for component null
2024-05-02 01:33:00,101 [WARN] ModelIntegratedComponent:63 - No mode defined for component null
2024-05-02 01:33:00,101 [WARN] ModelIntegratedComponent:63 - No mode defined for component null
2024-05-02 01:33:00,101 [WARN] ModelIntegratedComponent:63 - No mode defined for component null
2024-05-02 01:33:00,101 [WARN] ModelIntegratedComponent:63 - No mode defined for component null
2024-05-02 01:33:00,101 [WARN] ModelIntegratedComponent:63 - No mode defined for component null
2024-05-02 01:33:00,101 [WARN] ModelIntegratedComponent:63 - No mode defined for component null
2024-05-02 01:33:00,101 [WARN] ModelIntegratedComponent:63 - No mode defined for component null
2024-05-02 01:33:00,101 [WARN] ModelIntegratedComponent:63 - No mode defined for component null
2024-05-02 01:33:00,101 [WARN] ModelIntegratedComponent:63 - No mode defined for component null
2024-05-02 01:33:00,101 [WARN] ModelIntegratedComponent:63 - No mode defined for component null
2024-05-02 01:33:00,102 [WARN] ModelIntegratedComponent:63 - No mode defined for component null
2024-05-02 01:33:00,102 [WARN] ModelIntegratedComponent:63 - No mode defined for component null
2024-05-02 01:33:00,102 [WARN] ModelIntegratedComponent:63 - No mode defined for component null
2024-05-02 01:33:00,102 [WARN] ModelIntegratedComponent:63 - No mode defined for component null
2024-05-02 01:33:00,102 [WARN] ModelIntegratedComponent:63 - No mode defined for component null
2024-05-02 01:33:00,102 [WARN] ModelIntegratedComponent:63 - No mode defined for component null
2024-05-02 01:33:00,102 [WARN] ModelIntegratedComponent:63 - No mode defined for component null
2024-05-02 01:33:00,102 [WARN] ModelIntegratedComponent:63 - No mode defined for component null
2024-05-02 01:33:00,102 [WARN] ModelIntegratedComponent:63 - No mode defined for component null
2024-05-02 01:33:00,102 [WARN] ModelIntegratedComponent:63 - No mode defined for component null
2024-05-02 01:33:00,102 [WARN] ModelIntegratedComponent:63 - No mode defined for component null
2024-05-02 01:33:00,237 [INFO] ThirdPartyModel:298 - Start build external matchings
2024-05-02 01:33:01,157 [INFO] ThirdPartyModel:316 - End build external matchings
2024-05-02 01:33:01,173 [INFO] ImportTextPane:194 - (OptionalMessage_ERROR) IP (RCC) : Invalid parameter (FamilyName)
2024-05-02 01:33:01,173 [INFO] ImportTextPane:194 - (OptionalMessage_ERROR) IP (RCC) : Parameter (MCOFreq_Value) has invalid value (72000000)
2024-05-02 01:33:01,173 [INFO] ImportTextPane:194 - (OptionalMessage_ERROR) IP (RCC) : Parameter (USBFreq_Value) has invalid value (72000000)
2024-05-02 01:33:01,282 [INFO] UtilMem:75 - End LoadConfig() Used Memory: 884987968 Bytes (1073741824)
2024-05-02 01:33:01,289 [INFO] MicroXplorer:468 - Change Database Path : 
2024-05-02 01:33:01,289 [INFO] MicroXplorer:498 - Change Database Version : DB.6.0.100
2024-05-02 01:33:01,289 [WARN] ThirdParty:833 - waiting for thirdparty lock release [change project]
2024-05-02 01:33:01,289 [INFO] ThirdParty:835 - entering critical section [change project]
2024-05-02 01:33:01,289 [INFO] ThirdParty:1030 - CMSIS Pack Vendor :STMicroelectronics X-CUBE-ISPU 1.1.0
2024-05-02 01:33:01,289 [INFO] ThirdParty:1030 - CMSIS Pack Vendor :STMicroelectronics USBPD 4.1
2024-05-02 01:33:01,289 [INFO] ThirdParty:1030 - CMSIS Pack Vendor :STMicroelectronics X-CUBE-GNSS1 6.0.0
2024-05-02 01:33:01,289 [INFO] ThirdParty:1030 - CMSIS Pack Vendor :STMicroelectronics USB_HOST 2.0.0
2024-05-02 01:33:01,289 [INFO] ThirdParty:1030 - CMSIS Pack Vendor :STMicroelectronics FP-SNS-MOTENVWB1 1.4.0
2024-05-02 01:33:01,289 [INFO] ThirdParty:1030 - CMSIS Pack Vendor :STMicroelectronics X-CUBE-AZRTOS-F4 1.1.0
2024-05-02 01:33:01,289 [INFO] ThirdParty:1030 - CMSIS Pack Vendor :STMicroelectronics LIBJPEG 8.0.0
2024-05-02 01:33:01,289 [INFO] ThirdParty:1030 - CMSIS Pack Vendor :wolfSSL I-CUBE-wolfSSL 5.6.3
2024-05-02 01:33:01,289 [INFO] ThirdParty:1030 - CMSIS Pack Vendor :STMicroelectronics X-CUBE-SMBUS 2.1.0
2024-05-02 01:33:01,289 [INFO] ThirdParty:1030 - CMSIS Pack Vendor :STMicroelectronics USB_DEVICE 3.0.0
2024-05-02 01:33:01,290 [INFO] ThirdParty:1030 - CMSIS Pack Vendor :STMicroelectronics X-CUBE-TCPP 4.1.0
2024-05-02 01:33:01,290 [INFO] ThirdParty:1030 - CMSIS Pack Vendor :STMicroelectronics X-CUBE-FREERTOS 1.2.0
2024-05-02 01:33:01,290 [INFO] ThirdParty:1030 - CMSIS Pack Vendor :STMicroelectronics X-CUBE-AZRTOS-WB 2.0.0
2024-05-02 01:33:01,290 [INFO] ThirdParty:1030 - CMSIS Pack Vendor :STMicroelectronics X-CUBE-FREERTOS 1.0.1
2024-05-02 01:33:01,290 [INFO] ThirdParty:1030 - CMSIS Pack Vendor :STMicroelectronics X-CUBE-TOUCHGFX 4.23.1
2024-05-02 01:33:01,290 [INFO] ThirdParty:1030 - CMSIS Pack Vendor :STMicroelectronics X-CUBE-TOUCHGFX 4.23.0
2024-05-02 01:33:01,290 [INFO] ThirdParty:1030 - CMSIS Pack Vendor :STMicroelectronics X-CUBE-TOUCHGFX 4.23.2
2024-05-02 01:33:01,290 [INFO] ThirdParty:1030 - CMSIS Pack Vendor :STMicroelectronics X-CUBE-AZRTOS-F7 1.1.0
2024-05-02 01:33:01,290 [INFO] ThirdParty:1030 - CMSIS Pack Vendor :STMicroelectronics X-CUBE-AZRTOS-L5 2.0.0
2024-05-02 01:33:01,290 [INFO] ThirdParty:1030 - CMSIS Pack Vendor :STMicroelectronics USB_DEVICE 2.0.0
2024-05-02 01:33:01,290 [INFO] ThirdParty:1030 - CMSIS Pack Vendor :STMicroelectronics X-CUBE-MEMS1 9.6.0
2024-05-02 01:33:01,290 [INFO] ThirdParty:1030 - CMSIS Pack Vendor :STMicroelectronics X-CUBE-EEPRMA1 4.2.0
2024-05-02 01:33:01,290 [INFO] ThirdParty:1030 - CMSIS Pack Vendor :STMicroelectronics X-CUBE-NFC6 3.1.0
2024-05-02 01:33:01,290 [INFO] ThirdParty:1030 - CMSIS Pack Vendor :ITTIA_DB I-CUBE-ITTIADB 8.8.0
2024-05-02 01:33:01,290 [INFO] ThirdParty:1030 - CMSIS Pack Vendor :STMicroelectronics FP-SNS-MOTENV1 4.3.2
2024-05-02 01:33:01,290 [INFO] ThirdParty:1030 - CMSIS Pack Vendor :STMicroelectronics X-CUBE-ALGOBUILD 1.3.0
2024-05-02 01:33:01,290 [INFO] ThirdParty:1030 - CMSIS Pack Vendor :STMicroelectronics FreeRTOS 0.0.1
2024-05-02 01:33:01,290 [INFO] ThirdParty:1030 - CMSIS Pack Vendor :STMicroelectronics X-CUBE-AZRTOS-G0 1.1.0
2024-05-02 01:33:01,290 [INFO] ThirdParty:1030 - CMSIS Pack Vendor :STMicroelectronics X-CUBE-BLEMGR 2.0.0
2024-05-02 01:33:01,290 [INFO] ThirdParty:1030 - CMSIS Pack Vendor :STMicroelectronics X-CUBE-SAFEA1 1.2.2
2024-05-02 01:33:01,290 [INFO] ThirdParty:1030 - CMSIS Pack Vendor :STMicroelectronics X-CUBE-NFC4 3.0.0
2024-05-02 01:33:01,290 [INFO] ThirdParty:1030 - CMSIS Pack Vendor :STMicroelectronics X-CUBE-SUBG2 5.0.0
2024-05-02 01:33:01,290 [INFO] ThirdParty:1030 - CMSIS Pack Vendor :STMicroelectronics STM32_WPAN 1.0.0
2024-05-02 01:33:01,290 [INFO] ThirdParty:1030 - CMSIS Pack Vendor :STMicroelectronics lwIP 2.0.3
2024-05-02 01:33:01,290 [INFO] ThirdParty:1030 - CMSIS Pack Vendor :STMicroelectronics FP-SNS-FLIGHT1 5.0.2
2024-05-02 01:33:01,290 [INFO] ThirdParty:1030 - CMSIS Pack Vendor :STMicroelectronics USB_HOST 1.0.0
2024-05-02 01:33:01,290 [INFO] ThirdParty:1030 - CMSIS Pack Vendor :STMicroelectronics X-CUBE-TOF1 3.3.1
2024-05-02 01:33:01,290 [INFO] ThirdParty:1030 - CMSIS Pack Vendor :STMicroelectronics X-CUBE-AI 9.0.0
2024-05-02 01:33:01,290 [INFO] ThirdParty:1030 - CMSIS Pack Vendor :STMicroelectronics X-CUBE-AZRTOS-G4 2.0.0
2024-05-02 01:33:01,290 [INFO] ThirdParty:1030 - CMSIS Pack Vendor :STMicroelectronics PDM2PCM 3.1.0
2024-05-02 01:33:01,290 [INFO] ThirdParty:1030 - CMSIS Pack Vendor :STMicroelectronics X-CUBE-AZRTOS-H7 3.1.0
2024-05-02 01:33:01,290 [INFO] ThirdParty:1030 - CMSIS Pack Vendor :Infineon AIROC-Wi-Fi-Bluetooth-STM32 1.5.1
2024-05-02 01:33:01,290 [INFO] ThirdParty:1030 - CMSIS Pack Vendor :STMicroelectronics X-CUBE-BLEMGR 3.0.0
2024-05-02 01:33:01,290 [INFO] ThirdParty:1030 - CMSIS Pack Vendor :STMicroelectronics PDM2PCM 3.3.0
2024-05-02 01:33:01,290 [INFO] ThirdParty:1030 - CMSIS Pack Vendor :STMicroelectronics X-CUBE-DISPLAY 3.0.0
2024-05-02 01:33:01,291 [INFO] ThirdParty:1030 - CMSIS Pack Vendor :STMicroelectronics FP-SNS-MOTENVWB1 1.3.0
2024-05-02 01:33:01,291 [INFO] ThirdParty:1030 - CMSIS Pack Vendor :STMicroelectronics FP-SNS-MOTENVWB1 1.3.1
2024-05-02 01:33:01,291 [INFO] ThirdParty:1030 - CMSIS Pack Vendor :STMicroelectronics X-CUBE-BLE1 7.0.0
2024-05-02 01:33:01,291 [INFO] ThirdParty:1030 - CMSIS Pack Vendor :STMicroelectronics FP-ATR-SIGFOX1 3.2.0
2024-05-02 01:33:01,291 [INFO] ThirdParty:1030 - CMSIS Pack Vendor :STMicroelectronics X-CUBE-ISPU 2.0.0
2024-05-02 01:33:01,291 [INFO] ThirdParty:1030 - CMSIS Pack Vendor :STMicroelectronics X-CUBE-EEPRMA1 5.1.0
2024-05-02 01:33:01,291 [INFO] ThirdParty:1030 - CMSIS Pack Vendor :STMicroelectronics HAL Drivers 0.0.0
2024-05-02 01:33:01,291 [INFO] ThirdParty:1030 - CMSIS Pack Vendor :STMicroelectronics MBEDTLS 2.16.2
2024-05-02 01:33:01,291 [INFO] ThirdParty:1030 - CMSIS Pack Vendor :emotas I-CUBE-CANOPEN 1.3.0
2024-05-02 01:33:01,291 [INFO] ThirdParty:1030 - CMSIS Pack Vendor :STMicroelectronics X-CUBE-MEMS1 10.0.0
2024-05-02 01:33:01,291 [INFO] ThirdParty:1030 - CMSIS Pack Vendor :STMicroelectronics X-CUBE-FREERTOS 1.1.0
2024-05-02 01:33:01,291 [INFO] ThirdParty:1030 - CMSIS Pack Vendor :STMicroelectronics X-CUBE-TOUCHGFX 4.22.0
2024-05-02 01:33:01,291 [INFO] ThirdParty:1030 - CMSIS Pack Vendor :STMicroelectronics X-CUBE-NFC7 1.0.1
2024-05-02 01:33:01,291 [INFO] ThirdParty:1030 - CMSIS Pack Vendor :STMicroelectronics MBEDTLS 2.14.1
2024-05-02 01:33:01,291 [INFO] ThirdParty:1030 - CMSIS Pack Vendor :STMicroelectronics X-CUBE-TOUCHGFX 4.22.1
2024-05-02 01:33:01,291 [INFO] ThirdParty:1030 - CMSIS Pack Vendor :STMicroelectronics X-CUBE-NFC6 3.0.0
2024-05-02 01:33:01,291 [INFO] ThirdParty:1030 - CMSIS Pack Vendor :STMicroelectronics X-CUBE-EEPRMA1 4.1.0
2024-05-02 01:33:01,291 [INFO] ThirdParty:1030 - CMSIS Pack Vendor :portGmbH I-Cube-SoM-uGOAL 1.1.0
2024-05-02 01:33:01,291 [INFO] ThirdParty:1030 - CMSIS Pack Vendor :STMicroelectronics X-CUBE-ALS 1.0.1
2024-05-02 01:33:01,291 [INFO] ThirdParty:1030 - CMSIS Pack Vendor :STMicroelectronics X-CUBE-BLEMGR 3.1.0
2024-05-02 01:33:01,291 [INFO] ThirdParty:1030 - CMSIS Pack Vendor :STMicroelectronics ThreadX 1.0.0
2024-05-02 01:33:01,291 [INFO] ThirdParty:1030 - CMSIS Pack Vendor :STMicroelectronics FP-SNS-SMARTAG2 1.2.0
2024-05-02 01:33:01,291 [INFO] ThirdParty:1030 - CMSIS Pack Vendor :STMicroelectronics X-CUBE-AZRTOS-WL 2.0.0
2024-05-02 01:33:01,291 [INFO] ThirdParty:1030 - CMSIS Pack Vendor :SEGGER I-CUBE-embOS 1.3.1
2024-05-02 01:33:01,291 [INFO] ThirdParty:1030 - CMSIS Pack Vendor :STMicroelectronics FP-SNS-MOTENV1 5.0.0
2024-05-02 01:33:01,291 [INFO] ThirdParty:1030 - CMSIS Pack Vendor :STMicroelectronics USB_DEVICE 1.0.0
2024-05-02 01:33:01,291 [INFO] ThirdParty:1030 - CMSIS Pack Vendor :STMicroelectronics X-CUBE-AI 8.1.0
2024-05-02 01:33:01,291 [INFO] ThirdParty:1030 - CMSIS Pack Vendor :STMicroelectronics X-CUBE-AZRTOS-H7RS 1.0.0
2024-05-02 01:33:01,291 [INFO] ThirdParty:1030 - CMSIS Pack Vendor :STMicroelectronics X-CUBE-AZRTOS-L4 2.0.0
2024-05-02 01:33:01,291 [INFO] ThirdParty:1030 - CMSIS Pack Vendor :STMicroelectronics ThreadX 0.0.2
2024-05-02 01:33:01,291 [INFO] ThirdParty:1030 - CMSIS Pack Vendor :WES I-CUBE-Cesium 1.3.0
2024-05-02 01:33:01,291 [INFO] ThirdParty:1030 - CMSIS Pack Vendor :STMicroelectronics FP-ATR-ASTRA1 2.0.0
2024-05-02 01:33:01,291 [INFO] ThirdParty:1030 - CMSIS Pack Vendor :STMicroelectronics lwIP 2.1.2
2024-05-02 01:33:01,291 [INFO] ThirdParty:1030 - CMSIS Pack Vendor :STMicroelectronics X-CUBE-SFXS2LP1 4.0.0
2024-05-02 01:33:01,291 [INFO] ThirdParty:1030 - CMSIS Pack Vendor :STMicroelectronics X-CUBE-BLE2 3.3.0
2024-05-02 01:33:01,291 [INFO] ThirdParty:1030 - CMSIS Pack Vendor :STMicroelectronics X-CUBE-TOF1 3.4.0
2024-05-02 01:33:01,291 [INFO] ThirdParty:1030 - CMSIS Pack Vendor :STMicroelectronics X-CUBE-TOF1 3.4.1
2024-05-02 01:33:01,291 [INFO] ThirdParty:1030 - CMSIS Pack Vendor :STMicroelectronics X-CUBE-AZRTOS-H7 3.2.0
2024-05-02 01:33:01,291 [INFO] ThirdParty:1030 - CMSIS Pack Vendor :STMicroelectronics PDM2PCM 3.2.0
2024-05-02 01:33:01,291 [INFO] ThirdParty:841 - exiting critical section [change project]
2024-05-02 01:33:01,395 [INFO] PinOutPanel:1499 - setPackage(No Configuration,No Configuration)
2024-05-02 01:33:01,396 [INFO] PinOutPanel:1499 - setPackage(STM32F103C8Tx,LQFP48)
2024-05-02 01:33:01,616 [INFO] UtilMem:75 - Before build in PCC Used Memory: 770728752 Bytes (1073741824)
2024-05-02 01:33:01,783 [INFO] UtilMem:75 - After build in PCC Used Memory: 813198128 Bytes (1073741824)
2024-05-02 01:33:01,803 [INFO] IPUIPlugin:80 - create IPUIPlugin
2024-05-02 01:33:01,803 [INFO] IPUIPlugin:80 - create IPUIPlugin
2024-05-02 01:33:01,803 [INFO] IPUIPlugin:80 - create IPUIPlugin
2024-05-02 01:33:01,803 [INFO] IPUIPlugin:80 - create IPUIPlugin
2024-05-02 01:33:01,804 [INFO] IPUIPlugin:80 - create IPUIPlugin
2024-05-02 01:33:01,804 [INFO] IPUIPlugin:80 - create IPUIPlugin
2024-05-02 01:33:01,804 [INFO] IPUIPlugin:80 - create IPUIPlugin
2024-05-02 01:33:01,804 [INFO] IPUIPlugin:80 - create IPUIPlugin
2024-05-02 01:33:01,804 [INFO] IPUIPlugin:80 - create IPUIPlugin
2024-05-02 01:33:01,804 [INFO] IPUIPlugin:80 - create IPUIPlugin
2024-05-02 01:33:01,804 [INFO] IPUIPlugin:80 - create IPUIPlugin
2024-05-02 01:33:01,805 [INFO] IPUIPlugin:80 - create IPUIPlugin
2024-05-02 01:33:01,805 [INFO] IPUIPlugin:80 - create IPUIPlugin
2024-05-02 01:33:01,805 [INFO] IPUIPlugin:80 - create IPUIPlugin
2024-05-02 01:33:01,805 [INFO] IPUIPlugin:80 - create IPUIPlugin
2024-05-02 01:33:01,806 [INFO] IPUIPlugin:80 - create IPUIPlugin
2024-05-02 01:33:01,806 [INFO] IPUIPlugin:80 - create IPUIPlugin
2024-05-02 01:33:01,806 [INFO] IPUIPlugin:80 - create IPUIPlugin
2024-05-02 01:33:01,806 [INFO] IPUIPlugin:80 - create IPUIPlugin
2024-05-02 01:33:01,807 [INFO] IPUIPlugin:80 - create IPUIPlugin
2024-05-02 01:33:01,807 [INFO] IPUIPlugin:80 - create IPUIPlugin
2024-05-02 01:33:01,807 [INFO] IPUIPlugin:80 - create IPUIPlugin
2024-05-02 01:33:01,807 [INFO] IPUIPlugin:80 - create IPUIPlugin
2024-05-02 01:33:01,807 [INFO] IPUIPlugin:80 - create IPUIPlugin
2024-05-02 01:33:01,808 [INFO] IPUIPlugin:80 - create IPUIPlugin
2024-05-02 01:33:01,808 [INFO] IPUIPlugin:80 - create IPUIPlugin
2024-05-02 01:33:01,808 [INFO] IPUIPlugin:80 - create IPUIPlugin
2024-05-02 01:33:01,809 [INFO] Can:71 - Can Add PropertyChangeListener com.st.microxplorer.plugins.ip.can.Can@45167381
2024-05-02 01:33:01,855 [INFO] CADModel:165 - CPN selected for project levelSTM32F103C8T6
2024-05-02 01:33:01,855 [INFO] CADModel:114 - Register for checkConnection events
2024-05-02 01:33:01,893 [INFO] OpenFileManager:343 - Restore cursor
2024-05-02 01:33:21,740 [INFO] Gpio:277 - dependency for GPIO [CAN, RCC, SYS]
2024-05-02 01:33:22,482 [INFO] DmaTabbedPanel:205 - Cannot restore the selected Tab for DMA
2024-05-02 01:33:23,098 [INFO] Gpio:277 - dependency for GPIO [CAN, RCC, SYS]
2024-05-02 01:34:25,020 [INFO] MainUpdater:2873 - connection check result : 10
2024-05-02 01:34:25,020 [INFO] MainUpdater:2873 - connection check result : 10
2024-05-02 01:34:25,349 [INFO] MicroXplorer:468 - Change Database Path : 
2024-05-02 01:34:25,349 [INFO] MicroXplorer:498 - Change Database Version : DB.6.0.100
2024-05-02 01:34:25,353 [ERROR] ProjectManagerView:394 - 
java.lang.NullPointerException: Cannot invoke "javax.swing.JTextField.getText()" because the return value of "java.util.List.get(int)" is null
	at com.st.microxplorer.plugins.projectmanager.gui.ProjectChoiceTab$10.caretUpdate(ProjectChoiceTab.java:2493) ~[filemanager.jar:?]
	at javax.swing.text.JTextComponent.fireCaretUpdate(JTextComponent.java:412) ~[?:?]
	at javax.swing.text.JTextComponent$MutableCaretEvent.fire(JTextComponent.java:4491) ~[?:?]
	at javax.swing.text.JTextComponent$MutableCaretEvent.stateChanged(JTextComponent.java:4513) ~[?:?]
	at javax.swing.text.DefaultCaret.fireStateChanged(DefaultCaret.java:842) ~[?:?]
	at javax.swing.text.DefaultCaret.changeCaretPosition(DefaultCaret.java:1313) ~[?:?]
	at javax.swing.text.DefaultCaret.handleSetDot(DefaultCaret.java:1212) ~[?:?]
	at javax.swing.text.DefaultCaret.setDot(DefaultCaret.java:1193) ~[?:?]
	at javax.swing.text.DefaultCaret$Handler.insertUpdate(DefaultCaret.java:1789) ~[?:?]
	at javax.swing.text.AbstractDocument.fireInsertUpdate(AbstractDocument.java:226) ~[?:?]
	at javax.swing.text.AbstractDocument.handleInsertString(AbstractDocument.java:780) ~[?:?]
	at javax.swing.text.AbstractDocument.insertString(AbstractDocument.java:739) ~[?:?]
	at javax.swing.text.PlainDocument.insertString(PlainDocument.java:131) ~[?:?]
	at javax.swing.text.AbstractDocument.replace(AbstractDocument.java:698) ~[?:?]
	at javax.swing.text.JTextComponent.setText(JTextComponent.java:1729) ~[?:?]
	at com.st.microxplorer.plugins.projectmanager.gui.ProjectChoiceTab.createHeapStackFields(ProjectChoiceTab.java:933) ~[filemanager.jar:?]
	at com.st.microxplorer.plugins.projectmanager.gui.ProjectChoiceTab.buildLinkSettingsPanel(ProjectChoiceTab.java:3426) ~[filemanager.jar:?]
	at com.st.microxplorer.plugins.projectmanager.gui.ProjectChoiceTab.defineWindowsFields(ProjectChoiceTab.java:1813) ~[filemanager.jar:?]
	at com.st.microxplorer.plugins.projectmanager.gui.ProjectChoiceTab.updateSettings(ProjectChoiceTab.java:533) ~[filemanager.jar:?]
	at com.st.microxplorer.plugins.projectmanager.gui.ProjectSettingsPanel.UpdateDialog(ProjectSettingsPanel.java:244) ~[filemanager.jar:?]
	at com.st.microxplorer.plugins.projectmanager.ProjectManagerView.propertyChange(ProjectManagerView.java:391) ~[filemanager.jar:?]
	at java.beans.PropertyChangeSupport.fire(PropertyChangeSupport.java:343) ~[?:?]
	at java.beans.PropertyChangeSupport.firePropertyChange(PropertyChangeSupport.java:335) ~[?:?]
	at java.beans.PropertyChangeSupport.firePropertyChange(PropertyChangeSupport.java:268) ~[?:?]
	at com.st.microxplorer.util.MXPropertyChangeSupport.firePropertyChange(MXPropertyChangeSupport.java:54) ~[STM32CubeMX.jar:?]
	at com.st.microxplorer.mxsystem.MxSystem.closeConfig(MxSystem.java:900) ~[STM32CubeMX.jar:?]
	at com.st.microxplorer.maingui.MainPanel.closeConfig(MainPanel.java:776) ~[STM32CubeMX.jar:?]
	at com.st.microxplorer.plugins.filemanager.engine.OpenFileManager.loadConfigurationFile(OpenFileManager.java:245) ~[filemanager.jar:?]
	at com.st.microxplorer.plugins.filemanager.engine.MainFileManager.userLoadConfig(MainFileManager.java:290) ~[filemanager.jar:?]
	at com.st.microxplorer.plugins.filemanager.FileManagerView.getSpecificTask(FileManagerView.java:247) ~[filemanager.jar:?]
	at com.st.stm32cube.common.mx.editor.CubeMxEditor.getMxTabbedPaneInstance(CubeMxEditor.java:1184) ~[com.st.stm32cube.common.mx_6.10.0.202311202037/:?]
	at com.st.stm32cube.common.mx.editor.CubeMxEditor$12$1.createSwingComponent(CubeMxEditor.java:1065) ~[com.st.stm32cube.common.mx_6.10.0.202311202037/:?]
	at com.st.stm32cube.common.mx.oss.core.awtswtbridge.EmbeddedSwingComposite.doComponentCreation(EmbeddedSwingComposite.java:492) ~[com.st.stm32cube.common.mx.oss_6.10.0.202311202037/:?]
	at com.st.stm32cube.common.mx.oss.core.awtswtbridge.EmbeddedSwingComposite$4.run(EmbeddedSwingComposite.java:291) ~[com.st.stm32cube.common.mx.oss_6.10.0.202311202037/:?]
	at com.st.stm32cube.common.mx.oss.core.awtswtbridge.AwtEnvironment$2.run(AwtEnvironment.java:166) ~[com.st.stm32cube.common.mx.oss_6.10.0.202311202037/:?]
	at java.awt.event.InvocationEvent.dispatch(InvocationEvent.java:318) ~[?:?]
	at java.awt.EventQueue.dispatchEventImpl(EventQueue.java:773) ~[?:?]
	at java.awt.EventQueue$4.run(EventQueue.java:720) ~[?:?]
	at java.awt.EventQueue$4.run(EventQueue.java:714) ~[?:?]
	at java.security.AccessController.doPrivileged(AccessController.java:399) ~[?:?]
	at java.security.ProtectionDomain$JavaSecurityAccessImpl.doIntersectionPrivilege(ProtectionDomain.java:86) ~[?:?]
	at java.awt.EventQueue.dispatchEvent(EventQueue.java:742) ~[?:?]
	at java.awt.EventDispatchThread.pumpOneEventForFilters(EventDispatchThread.java:203) ~[?:?]
	at java.awt.EventDispatchThread.pumpEventsForFilter(EventDispatchThread.java:124) ~[?:?]
	at java.awt.EventDispatchThread.pumpEventsForHierarchy(EventDispatchThread.java:113) ~[?:?]
	at java.awt.EventDispatchThread.pumpEvents(EventDispatchThread.java:109) ~[?:?]
	at java.awt.EventDispatchThread.pumpEvents(EventDispatchThread.java:101) ~[?:?]
	at java.awt.EventDispatchThread.run(EventDispatchThread.java:90) ~[?:?]
2024-05-02 01:34:25,354 [WARN] ThirdParty:871 - waiting for thirdparty lock release [close project]
2024-05-02 01:34:25,354 [INFO] ThirdParty:873 - entering critical section [close project]
2024-05-02 01:34:25,354 [INFO] ThirdParty:883 - exiting critical section [close project]
2024-05-02 01:34:25,355 [INFO] PinOutPanel:1499 - setPackage(No Configuration,No Configuration)
2024-05-02 01:34:25,357 [INFO] UtilMem:75 - Begin LoadConfig() Used Memory: 849062568 Bytes (1073741824)
2024-05-02 01:34:25,358 [INFO] MicroXplorer:468 - Change Database Path : 
2024-05-02 01:34:25,358 [INFO] MicroXplorer:498 - Change Database Version : DB.6.0.100
2024-05-02 01:34:25,358 [INFO] OpenFileManager:312 - Change cursor
2024-05-02 01:34:25,361 [INFO] Mcu:2016 - Initializing MCU STM32F103C(8-B)Tx STM32F103C8Tx STM32F103C8T6
2024-05-02 01:34:25,617 [INFO] Context:659 - Trying to add GPIOservice into a context  which must be forbidden
2024-05-02 01:34:25,752 [INFO] RtosManager:555 - Registered RTOS mode: class=CMSIS, group=RTOS, mode=CMSIS_V1, owner=FREERTOS
2024-05-02 01:34:25,752 [INFO] RtosManager:555 - Registered RTOS mode: class=CMSIS, group=RTOS2, mode=CMSIS_V2, owner=FREERTOS
2024-05-02 01:34:25,752 [INFO] RtosManager:555 - Registered RTOS mode: class=RTOS, group=Core, mode=CMSIS_V1, owner=FREERTOS
2024-05-02 01:34:25,752 [INFO] RtosManager:555 - Registered RTOS mode: class=RTOS, group=Core, mode=CMSIS_V2, owner=FREERTOS
2024-05-02 01:34:25,753 [WARN] ModelIntegratedComponent:184 - Missing modes for component STMicroelectronics:FreeRTOS:0.0.1:STMicroelectronics:RTOS:FreeRTOS:Core:::10.2.0:
2024-05-02 01:34:25,764 [WARN] ModelIntegratedComponent:63 - No mode defined for component null
2024-05-02 01:34:25,764 [WARN] ModelIntegratedComponent:63 - No mode defined for component null
2024-05-02 01:34:25,764 [WARN] ModelIntegratedComponent:63 - No mode defined for component null
2024-05-02 01:34:25,764 [WARN] ModelIntegratedComponent:63 - No mode defined for component null
2024-05-02 01:34:25,764 [WARN] ModelIntegratedComponent:63 - No mode defined for component null
2024-05-02 01:34:25,764 [WARN] ModelIntegratedComponent:63 - No mode defined for component null
2024-05-02 01:34:25,764 [WARN] ModelIntegratedComponent:63 - No mode defined for component null
2024-05-02 01:34:25,764 [WARN] ModelIntegratedComponent:63 - No mode defined for component null
2024-05-02 01:34:25,764 [WARN] ModelIntegratedComponent:63 - No mode defined for component null
2024-05-02 01:34:25,764 [WARN] ModelIntegratedComponent:63 - No mode defined for component null
2024-05-02 01:34:25,765 [WARN] ModelIntegratedComponent:63 - No mode defined for component null
2024-05-02 01:34:25,765 [WARN] ModelIntegratedComponent:63 - No mode defined for component null
2024-05-02 01:34:25,765 [WARN] ModelIntegratedComponent:63 - No mode defined for component null
2024-05-02 01:34:25,765 [WARN] ModelIntegratedComponent:63 - No mode defined for component null
2024-05-02 01:34:25,765 [WARN] ModelIntegratedComponent:63 - No mode defined for component null
2024-05-02 01:34:25,765 [WARN] ModelIntegratedComponent:63 - No mode defined for component null
2024-05-02 01:34:25,765 [WARN] ModelIntegratedComponent:63 - No mode defined for component null
2024-05-02 01:34:25,765 [WARN] ModelIntegratedComponent:63 - No mode defined for component null
2024-05-02 01:34:25,765 [WARN] ModelIntegratedComponent:63 - No mode defined for component null
2024-05-02 01:34:25,765 [WARN] ModelIntegratedComponent:63 - No mode defined for component null
2024-05-02 01:34:25,765 [WARN] ModelIntegratedComponent:63 - No mode defined for component null
2024-05-02 01:34:25,765 [WARN] ModelIntegratedComponent:63 - No mode defined for component null
2024-05-02 01:34:25,765 [WARN] ModelIntegratedComponent:63 - No mode defined for component null
2024-05-02 01:34:25,765 [WARN] ModelIntegratedComponent:63 - No mode defined for component null
2024-05-02 01:34:25,765 [WARN] ModelIntegratedComponent:63 - No mode defined for component null
2024-05-02 01:34:25,765 [WARN] ModelIntegratedComponent:63 - No mode defined for component null
2024-05-02 01:34:25,765 [WARN] ModelIntegratedComponent:63 - No mode defined for component null
2024-05-02 01:34:25,765 [WARN] ModelIntegratedComponent:63 - No mode defined for component null
2024-05-02 01:34:25,765 [WARN] ModelIntegratedComponent:63 - No mode defined for component null
2024-05-02 01:34:25,765 [WARN] ModelIntegratedComponent:63 - No mode defined for component null
2024-05-02 01:34:25,765 [WARN] ModelIntegratedComponent:63 - No mode defined for component null
2024-05-02 01:34:25,765 [WARN] ModelIntegratedComponent:63 - No mode defined for component null
2024-05-02 01:34:25,766 [WARN] ModelIntegratedComponent:63 - No mode defined for component null
2024-05-02 01:34:25,849 [INFO] ThirdPartyModel:298 - Start build external matchings
2024-05-02 01:34:26,752 [INFO] ThirdPartyModel:316 - End build external matchings
2024-05-02 01:34:26,877 [INFO] UtilMem:75 - End LoadConfig() Used Memory: 858028200 Bytes (1073741824)
2024-05-02 01:34:26,951 [INFO] MicroXplorer:468 - Change Database Path : 
2024-05-02 01:34:26,951 [INFO] MicroXplorer:498 - Change Database Version : DB.6.0.100
2024-05-02 01:34:26,951 [WARN] ThirdParty:833 - waiting for thirdparty lock release [change project]
2024-05-02 01:34:26,951 [INFO] ThirdParty:835 - entering critical section [change project]
2024-05-02 01:34:26,951 [INFO] ThirdParty:1030 - CMSIS Pack Vendor :STMicroelectronics X-CUBE-ISPU 1.1.0
2024-05-02 01:34:26,951 [INFO] ThirdParty:1030 - CMSIS Pack Vendor :STMicroelectronics USBPD 4.1
2024-05-02 01:34:26,951 [INFO] ThirdParty:1030 - CMSIS Pack Vendor :STMicroelectronics X-CUBE-GNSS1 6.0.0
2024-05-02 01:34:26,951 [INFO] ThirdParty:1030 - CMSIS Pack Vendor :STMicroelectronics USB_HOST 2.0.0
2024-05-02 01:34:26,951 [INFO] ThirdParty:1030 - CMSIS Pack Vendor :STMicroelectronics FP-SNS-MOTENVWB1 1.4.0
2024-05-02 01:34:26,951 [INFO] ThirdParty:1030 - CMSIS Pack Vendor :STMicroelectronics X-CUBE-AZRTOS-F4 1.1.0
2024-05-02 01:34:26,951 [INFO] ThirdParty:1030 - CMSIS Pack Vendor :STMicroelectronics LIBJPEG 8.0.0
2024-05-02 01:34:26,951 [INFO] ThirdParty:1030 - CMSIS Pack Vendor :wolfSSL I-CUBE-wolfSSL 5.6.3
2024-05-02 01:34:26,951 [INFO] ThirdParty:1030 - CMSIS Pack Vendor :STMicroelectronics X-CUBE-SMBUS 2.1.0
2024-05-02 01:34:26,951 [INFO] ThirdParty:1030 - CMSIS Pack Vendor :STMicroelectronics USB_DEVICE 3.0.0
2024-05-02 01:34:26,951 [INFO] ThirdParty:1030 - CMSIS Pack Vendor :STMicroelectronics X-CUBE-TCPP 4.1.0
2024-05-02 01:34:26,952 [INFO] ThirdParty:1030 - CMSIS Pack Vendor :STMicroelectronics X-CUBE-FREERTOS 1.2.0
2024-05-02 01:34:26,952 [INFO] ThirdParty:1030 - CMSIS Pack Vendor :STMicroelectronics X-CUBE-AZRTOS-WB 2.0.0
2024-05-02 01:34:26,952 [INFO] ThirdParty:1030 - CMSIS Pack Vendor :STMicroelectronics X-CUBE-FREERTOS 1.0.1
2024-05-02 01:34:26,952 [INFO] ThirdParty:1030 - CMSIS Pack Vendor :STMicroelectronics X-CUBE-TOUCHGFX 4.23.1
2024-05-02 01:34:26,952 [INFO] ThirdParty:1030 - CMSIS Pack Vendor :STMicroelectronics X-CUBE-TOUCHGFX 4.23.0
2024-05-02 01:34:26,952 [INFO] ThirdParty:1030 - CMSIS Pack Vendor :STMicroelectronics X-CUBE-TOUCHGFX 4.23.2
2024-05-02 01:34:26,952 [INFO] ThirdParty:1030 - CMSIS Pack Vendor :STMicroelectronics X-CUBE-AZRTOS-F7 1.1.0
2024-05-02 01:34:26,952 [INFO] ThirdParty:1030 - CMSIS Pack Vendor :STMicroelectronics X-CUBE-AZRTOS-L5 2.0.0
2024-05-02 01:34:26,952 [INFO] ThirdParty:1030 - CMSIS Pack Vendor :STMicroelectronics USB_DEVICE 2.0.0
2024-05-02 01:34:26,952 [INFO] ThirdParty:1030 - CMSIS Pack Vendor :STMicroelectronics X-CUBE-MEMS1 9.6.0
2024-05-02 01:34:26,952 [INFO] ThirdParty:1030 - CMSIS Pack Vendor :STMicroelectronics X-CUBE-EEPRMA1 4.2.0
2024-05-02 01:34:26,952 [INFO] ThirdParty:1030 - CMSIS Pack Vendor :STMicroelectronics X-CUBE-NFC6 3.1.0
2024-05-02 01:34:26,952 [INFO] ThirdParty:1030 - CMSIS Pack Vendor :ITTIA_DB I-CUBE-ITTIADB 8.8.0
2024-05-02 01:34:26,952 [INFO] ThirdParty:1030 - CMSIS Pack Vendor :STMicroelectronics FP-SNS-MOTENV1 4.3.2
2024-05-02 01:34:26,952 [INFO] ThirdParty:1030 - CMSIS Pack Vendor :STMicroelectronics X-CUBE-ALGOBUILD 1.3.0
2024-05-02 01:34:26,952 [INFO] ThirdParty:1030 - CMSIS Pack Vendor :STMicroelectronics FreeRTOS 0.0.1
2024-05-02 01:34:26,952 [INFO] ThirdParty:1030 - CMSIS Pack Vendor :STMicroelectronics X-CUBE-AZRTOS-G0 1.1.0
2024-05-02 01:34:26,952 [INFO] ThirdParty:1030 - CMSIS Pack Vendor :STMicroelectronics X-CUBE-BLEMGR 2.0.0
2024-05-02 01:34:26,952 [INFO] ThirdParty:1030 - CMSIS Pack Vendor :STMicroelectronics X-CUBE-SAFEA1 1.2.2
2024-05-02 01:34:26,952 [INFO] ThirdParty:1030 - CMSIS Pack Vendor :STMicroelectronics X-CUBE-NFC4 3.0.0
2024-05-02 01:34:26,952 [INFO] ThirdParty:1030 - CMSIS Pack Vendor :STMicroelectronics X-CUBE-SUBG2 5.0.0
2024-05-02 01:34:26,952 [INFO] ThirdParty:1030 - CMSIS Pack Vendor :STMicroelectronics STM32_WPAN 1.0.0
2024-05-02 01:34:26,952 [INFO] ThirdParty:1030 - CMSIS Pack Vendor :STMicroelectronics lwIP 2.0.3
2024-05-02 01:34:26,952 [INFO] ThirdParty:1030 - CMSIS Pack Vendor :STMicroelectronics FP-SNS-FLIGHT1 5.0.2
2024-05-02 01:34:26,952 [INFO] ThirdParty:1030 - CMSIS Pack Vendor :STMicroelectronics USB_HOST 1.0.0
2024-05-02 01:34:26,952 [INFO] ThirdParty:1030 - CMSIS Pack Vendor :STMicroelectronics X-CUBE-TOF1 3.3.1
2024-05-02 01:34:26,952 [INFO] ThirdParty:1030 - CMSIS Pack Vendor :STMicroelectronics X-CUBE-AI 9.0.0
2024-05-02 01:34:26,952 [INFO] ThirdParty:1030 - CMSIS Pack Vendor :STMicroelectronics X-CUBE-AZRTOS-G4 2.0.0
2024-05-02 01:34:26,952 [INFO] ThirdParty:1030 - CMSIS Pack Vendor :STMicroelectronics PDM2PCM 3.1.0
2024-05-02 01:34:26,952 [INFO] ThirdParty:1030 - CMSIS Pack Vendor :STMicroelectronics X-CUBE-AZRTOS-H7 3.1.0
2024-05-02 01:34:26,952 [INFO] ThirdParty:1030 - CMSIS Pack Vendor :Infineon AIROC-Wi-Fi-Bluetooth-STM32 1.5.1
2024-05-02 01:34:26,952 [INFO] ThirdParty:1030 - CMSIS Pack Vendor :STMicroelectronics X-CUBE-BLEMGR 3.0.0
2024-05-02 01:34:26,952 [INFO] ThirdParty:1030 - CMSIS Pack Vendor :STMicroelectronics PDM2PCM 3.3.0
2024-05-02 01:34:26,953 [INFO] ThirdParty:1030 - CMSIS Pack Vendor :STMicroelectronics X-CUBE-DISPLAY 3.0.0
2024-05-02 01:34:26,953 [INFO] ThirdParty:1030 - CMSIS Pack Vendor :STMicroelectronics FP-SNS-MOTENVWB1 1.3.0
2024-05-02 01:34:26,953 [INFO] ThirdParty:1030 - CMSIS Pack Vendor :STMicroelectronics FP-SNS-MOTENVWB1 1.3.1
2024-05-02 01:34:26,953 [INFO] ThirdParty:1030 - CMSIS Pack Vendor :STMicroelectronics X-CUBE-BLE1 7.0.0
2024-05-02 01:34:26,953 [INFO] ThirdParty:1030 - CMSIS Pack Vendor :STMicroelectronics FP-ATR-SIGFOX1 3.2.0
2024-05-02 01:34:26,953 [INFO] ThirdParty:1030 - CMSIS Pack Vendor :STMicroelectronics X-CUBE-ISPU 2.0.0
2024-05-02 01:34:26,953 [INFO] ThirdParty:1030 - CMSIS Pack Vendor :STMicroelectronics X-CUBE-EEPRMA1 5.1.0
2024-05-02 01:34:26,953 [INFO] ThirdParty:1030 - CMSIS Pack Vendor :STMicroelectronics HAL Drivers 0.0.0
2024-05-02 01:34:26,953 [INFO] ThirdParty:1030 - CMSIS Pack Vendor :STMicroelectronics MBEDTLS 2.16.2
2024-05-02 01:34:26,953 [INFO] ThirdParty:1030 - CMSIS Pack Vendor :emotas I-CUBE-CANOPEN 1.3.0
2024-05-02 01:34:26,953 [INFO] ThirdParty:1030 - CMSIS Pack Vendor :STMicroelectronics X-CUBE-MEMS1 10.0.0
2024-05-02 01:34:26,953 [INFO] ThirdParty:1030 - CMSIS Pack Vendor :STMicroelectronics X-CUBE-FREERTOS 1.1.0
2024-05-02 01:34:26,953 [INFO] ThirdParty:1030 - CMSIS Pack Vendor :STMicroelectronics X-CUBE-TOUCHGFX 4.22.0
2024-05-02 01:34:26,953 [INFO] ThirdParty:1030 - CMSIS Pack Vendor :STMicroelectronics X-CUBE-NFC7 1.0.1
2024-05-02 01:34:26,953 [INFO] ThirdParty:1030 - CMSIS Pack Vendor :STMicroelectronics MBEDTLS 2.14.1
2024-05-02 01:34:26,953 [INFO] ThirdParty:1030 - CMSIS Pack Vendor :STMicroelectronics X-CUBE-TOUCHGFX 4.22.1
2024-05-02 01:34:26,953 [INFO] ThirdParty:1030 - CMSIS Pack Vendor :STMicroelectronics X-CUBE-NFC6 3.0.0
2024-05-02 01:34:26,953 [INFO] ThirdParty:1030 - CMSIS Pack Vendor :STMicroelectronics X-CUBE-EEPRMA1 4.1.0
2024-05-02 01:34:26,953 [INFO] ThirdParty:1030 - CMSIS Pack Vendor :portGmbH I-Cube-SoM-uGOAL 1.1.0
2024-05-02 01:34:26,953 [INFO] ThirdParty:1030 - CMSIS Pack Vendor :STMicroelectronics X-CUBE-ALS 1.0.1
2024-05-02 01:34:26,953 [INFO] ThirdParty:1030 - CMSIS Pack Vendor :STMicroelectronics X-CUBE-BLEMGR 3.1.0
2024-05-02 01:34:26,953 [INFO] ThirdParty:1030 - CMSIS Pack Vendor :STMicroelectronics ThreadX 1.0.0
2024-05-02 01:34:26,953 [INFO] ThirdParty:1030 - CMSIS Pack Vendor :STMicroelectronics FP-SNS-SMARTAG2 1.2.0
2024-05-02 01:34:26,953 [INFO] ThirdParty:1030 - CMSIS Pack Vendor :STMicroelectronics X-CUBE-AZRTOS-WL 2.0.0
2024-05-02 01:34:26,953 [INFO] ThirdParty:1030 - CMSIS Pack Vendor :SEGGER I-CUBE-embOS 1.3.1
2024-05-02 01:34:26,953 [INFO] ThirdParty:1030 - CMSIS Pack Vendor :STMicroelectronics FP-SNS-MOTENV1 5.0.0
2024-05-02 01:34:26,953 [INFO] ThirdParty:1030 - CMSIS Pack Vendor :STMicroelectronics USB_DEVICE 1.0.0
2024-05-02 01:34:26,953 [INFO] ThirdParty:1030 - CMSIS Pack Vendor :STMicroelectronics X-CUBE-AI 8.1.0
2024-05-02 01:34:26,953 [INFO] ThirdParty:1030 - CMSIS Pack Vendor :STMicroelectronics X-CUBE-AZRTOS-H7RS 1.0.0
2024-05-02 01:34:26,953 [INFO] ThirdParty:1030 - CMSIS Pack Vendor :STMicroelectronics X-CUBE-AZRTOS-L4 2.0.0
2024-05-02 01:34:26,953 [INFO] ThirdParty:1030 - CMSIS Pack Vendor :STMicroelectronics ThreadX 0.0.2
2024-05-02 01:34:26,954 [INFO] ThirdParty:1030 - CMSIS Pack Vendor :WES I-CUBE-Cesium 1.3.0
2024-05-02 01:34:26,954 [INFO] ThirdParty:1030 - CMSIS Pack Vendor :STMicroelectronics FP-ATR-ASTRA1 2.0.0
2024-05-02 01:34:26,954 [INFO] ThirdParty:1030 - CMSIS Pack Vendor :STMicroelectronics lwIP 2.1.2
2024-05-02 01:34:26,954 [INFO] ThirdParty:1030 - CMSIS Pack Vendor :STMicroelectronics X-CUBE-SFXS2LP1 4.0.0
2024-05-02 01:34:26,954 [INFO] ThirdParty:1030 - CMSIS Pack Vendor :STMicroelectronics X-CUBE-BLE2 3.3.0
2024-05-02 01:34:26,954 [INFO] ThirdParty:1030 - CMSIS Pack Vendor :STMicroelectronics X-CUBE-TOF1 3.4.0
2024-05-02 01:34:26,954 [INFO] ThirdParty:1030 - CMSIS Pack Vendor :STMicroelectronics X-CUBE-TOF1 3.4.1
2024-05-02 01:34:26,954 [INFO] ThirdParty:1030 - CMSIS Pack Vendor :STMicroelectronics X-CUBE-AZRTOS-H7 3.2.0
2024-05-02 01:34:26,954 [INFO] ThirdParty:1030 - CMSIS Pack Vendor :STMicroelectronics PDM2PCM 3.2.0
2024-05-02 01:34:26,954 [INFO] ThirdParty:841 - exiting critical section [change project]
2024-05-02 01:34:27,014 [INFO] PinOutPanel:1499 - setPackage(No Configuration,No Configuration)
2024-05-02 01:34:27,015 [INFO] PinOutPanel:1499 - setPackage(STM32F103C8Tx,LQFP48)
2024-05-02 01:34:27,129 [INFO] UtilMem:75 - Before build in PCC Used Memory: 748237096 Bytes (1073741824)
2024-05-02 01:34:27,236 [INFO] UtilMem:75 - After build in PCC Used Memory: 748827848 Bytes (1073741824)
2024-05-02 01:34:27,247 [INFO] IPUIPlugin:80 - create IPUIPlugin
2024-05-02 01:34:27,247 [INFO] IPUIPlugin:80 - create IPUIPlugin
2024-05-02 01:34:27,247 [INFO] IPUIPlugin:80 - create IPUIPlugin
2024-05-02 01:34:27,247 [INFO] IPUIPlugin:80 - create IPUIPlugin
2024-05-02 01:34:27,247 [INFO] IPUIPlugin:80 - create IPUIPlugin
2024-05-02 01:34:27,247 [INFO] IPUIPlugin:80 - create IPUIPlugin
2024-05-02 01:34:27,247 [INFO] IPUIPlugin:80 - create IPUIPlugin
2024-05-02 01:34:27,248 [INFO] IPUIPlugin:80 - create IPUIPlugin
2024-05-02 01:34:27,248 [INFO] IPUIPlugin:80 - create IPUIPlugin
2024-05-02 01:34:27,248 [INFO] IPUIPlugin:80 - create IPUIPlugin
2024-05-02 01:34:27,248 [INFO] IPUIPlugin:80 - create IPUIPlugin
2024-05-02 01:34:27,248 [INFO] IPUIPlugin:80 - create IPUIPlugin
2024-05-02 01:34:27,248 [INFO] IPUIPlugin:80 - create IPUIPlugin
2024-05-02 01:34:27,248 [INFO] IPUIPlugin:80 - create IPUIPlugin
2024-05-02 01:34:27,248 [INFO] IPUIPlugin:80 - create IPUIPlugin
2024-05-02 01:34:27,248 [INFO] IPUIPlugin:80 - create IPUIPlugin
2024-05-02 01:34:27,248 [INFO] IPUIPlugin:80 - create IPUIPlugin
2024-05-02 01:34:27,248 [INFO] IPUIPlugin:80 - create IPUIPlugin
2024-05-02 01:34:27,248 [INFO] IPUIPlugin:80 - create IPUIPlugin
2024-05-02 01:34:27,249 [INFO] IPUIPlugin:80 - create IPUIPlugin
2024-05-02 01:34:27,249 [INFO] IPUIPlugin:80 - create IPUIPlugin
2024-05-02 01:34:27,249 [INFO] IPUIPlugin:80 - create IPUIPlugin
2024-05-02 01:34:27,249 [INFO] IPUIPlugin:80 - create IPUIPlugin
2024-05-02 01:34:27,249 [INFO] IPUIPlugin:80 - create IPUIPlugin
2024-05-02 01:34:27,249 [INFO] IPUIPlugin:80 - create IPUIPlugin
2024-05-02 01:34:27,249 [INFO] IPUIPlugin:80 - create IPUIPlugin
2024-05-02 01:34:27,250 [INFO] IPUIPlugin:80 - create IPUIPlugin
2024-05-02 01:34:27,250 [INFO] Can:71 - Can Add PropertyChangeListener com.st.microxplorer.plugins.ip.can.Can@51753ef6
2024-05-02 01:34:27,273 [INFO] CADModel:165 - CPN selected for project levelSTM32F103C8T6
2024-05-02 01:34:27,273 [INFO] CADModel:114 - Register for checkConnection events
2024-05-02 01:34:27,324 [INFO] OpenFileManager:343 - Restore cursor
2024-05-02 01:34:37,797 [INFO] UtilMem:75 - End SaveConfig() Used Memory: 752243224 Bytes (1073741824)
2024-05-02 01:34:38,598 [INFO] UtilMem:75 - End SaveConfig() Used Memory: 770362360 Bytes (1073741824)
2024-05-02 01:34:38,929 [INFO] UtilMem:75 - End SaveConfig() Used Memory: 796384200 Bytes (1073741824)
2024-05-02 01:34:39,119 [INFO] BlockDiagram:2759 - set Specific Code input for plugin: SYS
2024-05-02 01:34:39,119 [INFO] BlockDiagram:2759 - set Specific Code input for plugin: CAN
2024-05-02 01:34:39,119 [INFO] BlockDiagram:2759 - set Specific Code input for plugin: RCC
2024-05-02 01:34:39,119 [INFO] BlockDiagram:2759 - set Specific Code input for plugin: NVIC
2024-05-02 01:34:39,119 [INFO] BlockDiagram:2759 - set Specific Code input for plugin: GPIO
2024-05-02 01:34:39,120 [INFO] CodeGenerator:807 - code generatio: config db path: C:\ST\STM32CubeIDE_1.14.0\STM32CubeIDE\plugins\com.st.stm32cube.common.mx_6.10.0.202311202037\\db\
2024-05-02 01:34:39,301 [INFO] CodeEngine:255 - oldGeneratedFile, C:\MCU2\My_workspace\f103_2\MXTmpFiles\license.tmp_save
2024-05-02 01:34:39,410 [INFO] CodeEngine:279 - Generated code: C:\MCU2\My_workspace\f103_2\MXTmpFiles\license.tmp
2024-05-02 01:34:39,439 [INFO] CodeEngine:255 - oldGeneratedFile, C:\MCU2\My_workspace\f103_2\MXTmpFiles\gpio.tmp_save
2024-05-02 01:34:39,560 [INFO] CodeEngine:279 - Generated code: C:\MCU2\My_workspace\f103_2\MXTmpFiles\gpio.tmp
2024-05-02 01:34:39,600 [INFO] CodeEngine:255 - oldGeneratedFile, C:\MCU2\My_workspace\f103_2\Core\Src\stm32f1xx_it.c_save
2024-05-02 01:34:39,707 [INFO] CodeEngine:279 - Generated code: C:\MCU2\My_workspace\f103_2\Core\Src\stm32f1xx_it.c
2024-05-02 01:34:39,713 [INFO] CodeEngine:255 - oldGeneratedFile, C:\MCU2\My_workspace\f103_2\Core\Inc\stm32f1xx_it.h_save
2024-05-02 01:34:39,767 [INFO] CodeEngine:279 - Generated code: C:\MCU2\My_workspace\f103_2\Core\Inc\stm32f1xx_it.h
2024-05-02 01:34:39,782 [INFO] CodeEngine:255 - oldGeneratedFile, C:\MCU2\My_workspace\f103_2\Core\Src\stm32f1xx_hal_msp.c_save
2024-05-02 01:34:39,856 [INFO] CodeEngine:279 - Generated code: C:\MCU2\My_workspace\f103_2\Core\Src\stm32f1xx_hal_msp.c
2024-05-02 01:34:39,859 [INFO] CodeEngine:255 - oldGeneratedFile, C:\MCU2\My_workspace\f103_2\MXTmpFiles\system.tmp_save
2024-05-02 01:34:39,905 [INFO] CodeEngine:279 - Generated code: C:\MCU2\My_workspace\f103_2\MXTmpFiles\system.tmp
2024-05-02 01:34:39,918 [INFO] CodeEngine:311 - oldGeneratedFile, C:\MCU2\My_workspace\f103_2\Core\Inc\stm32f1xx_hal_conf.h_save
2024-05-02 01:34:39,995 [INFO] CodeEngine:335 - Generated code: C:\MCU2\My_workspace\f103_2\Core\Inc\stm32f1xx_hal_conf.h
2024-05-02 01:34:40,025 [INFO] CodeEngine:255 - oldGeneratedFile, C:\MCU2\My_workspace\f103_2\Core\Inc\main.h_save
2024-05-02 01:34:40,087 [INFO] CodeEngine:279 - Generated code: C:\MCU2\My_workspace\f103_2\Core\Inc\main.h
2024-05-02 01:34:40,098 [INFO] CodeEngine:255 - oldGeneratedFile, C:\MCU2\My_workspace\f103_2\Core\Src\main.c_save
2024-05-02 01:34:40,218 [INFO] CodeEngine:279 - Generated code: C:\MCU2\My_workspace\f103_2\Core\Src\main.c
2024-05-02 01:34:40,849 [INFO] ProjectBuilder:3076 - Time for Copy HAL[1] : 144mS.
2024-05-02 01:34:40,852 [INFO] ProjectBuilder:4485 - Project Generator version: 4.2.0-B44
2024-05-02 01:34:41,101 [INFO] ConfigFileManager:1495 - The Die is : DIE410
2024-05-02 01:34:41,103 [INFO] ApiDbMcu:508 - Load IP Config File for FATFS
2024-05-02 01:34:41,105 [INFO] ApiDbMcu:508 - Load IP Config File for FREERTOS
2024-05-02 01:34:41,107 [INFO] ApiDbMcu:508 - Load IP Config File for USB_DEVICE
2024-05-02 01:34:42,398 [INFO] ProjectBuilder:4747 - Time for Generating toolchain IDE Files: 1546mS.
2024-05-02 01:34:42,399 [INFO] ProjectBuilder:2947 - Time for Copy CMSIS : 1mS.
2024-05-02 01:34:42,401 [INFO] ProjectBuilder:2947 - Time for Copy CMSIS : 0mS.
2024-05-02 01:35:23,653 [INFO] UtilMem:75 - End SaveConfig() Used Memory: 813400936 Bytes (1073741824)
2024-05-02 01:35:24,413 [INFO] UtilMem:75 - End SaveConfig() Used Memory: 831333872 Bytes (1073741824)
2024-05-02 01:35:24,754 [INFO] UtilMem:75 - End SaveConfig() Used Memory: 857026032 Bytes (1073741824)
2024-05-02 01:35:24,883 [INFO] BlockDiagram:2759 - set Specific Code input for plugin: SYS
2024-05-02 01:35:24,883 [INFO] BlockDiagram:2759 - set Specific Code input for plugin: CAN
2024-05-02 01:35:24,883 [INFO] BlockDiagram:2759 - set Specific Code input for plugin: RCC
2024-05-02 01:35:24,883 [INFO] BlockDiagram:2759 - set Specific Code input for plugin: NVIC
2024-05-02 01:35:24,883 [INFO] BlockDiagram:2759 - set Specific Code input for plugin: GPIO
2024-05-02 01:35:24,885 [INFO] CodeGenerator:807 - code generatio: config db path: C:\ST\STM32CubeIDE_1.14.0\STM32CubeIDE\plugins\com.st.stm32cube.common.mx_6.10.0.202311202037\\db\
2024-05-02 01:35:25,079 [INFO] CodeEngine:255 - oldGeneratedFile, C:\MCU2\My_workspace\f103_2\MXTmpFiles\license.tmp_save
2024-05-02 01:35:25,194 [INFO] CodeEngine:279 - Generated code: C:\MCU2\My_workspace\f103_2\MXTmpFiles\license.tmp
2024-05-02 01:35:25,207 [INFO] CodeEngine:255 - oldGeneratedFile, C:\MCU2\My_workspace\f103_2\MXTmpFiles\gpio.tmp_save
2024-05-02 01:35:25,286 [INFO] CodeEngine:279 - Generated code: C:\MCU2\My_workspace\f103_2\MXTmpFiles\gpio.tmp
2024-05-02 01:35:25,317 [INFO] CodeEngine:255 - oldGeneratedFile, C:\MCU2\My_workspace\f103_2\Core\Src\stm32f1xx_it.c_save
2024-05-02 01:35:25,397 [INFO] CodeEngine:279 - Generated code: C:\MCU2\My_workspace\f103_2\Core\Src\stm32f1xx_it.c
2024-05-02 01:35:25,402 [INFO] CodeEngine:255 - oldGeneratedFile, C:\MCU2\My_workspace\f103_2\Core\Inc\stm32f1xx_it.h_save
2024-05-02 01:35:25,457 [INFO] CodeEngine:279 - Generated code: C:\MCU2\My_workspace\f103_2\Core\Inc\stm32f1xx_it.h
2024-05-02 01:35:25,489 [INFO] CodeEngine:255 - oldGeneratedFile, C:\MCU2\My_workspace\f103_2\Core\Src\stm32f1xx_hal_msp.c_save
2024-05-02 01:35:25,595 [INFO] CodeEngine:279 - Generated code: C:\MCU2\My_workspace\f103_2\Core\Src\stm32f1xx_hal_msp.c
2024-05-02 01:35:25,599 [INFO] CodeEngine:255 - oldGeneratedFile, C:\MCU2\My_workspace\f103_2\MXTmpFiles\system.tmp_save
2024-05-02 01:35:25,664 [INFO] CodeEngine:279 - Generated code: C:\MCU2\My_workspace\f103_2\MXTmpFiles\system.tmp
2024-05-02 01:35:25,681 [INFO] CodeEngine:311 - oldGeneratedFile, C:\MCU2\My_workspace\f103_2\Core\Inc\stm32f1xx_hal_conf.h_save
2024-05-02 01:35:25,758 [INFO] CodeEngine:335 - Generated code: C:\MCU2\My_workspace\f103_2\Core\Inc\stm32f1xx_hal_conf.h
2024-05-02 01:35:25,787 [INFO] CodeEngine:255 - oldGeneratedFile, C:\MCU2\My_workspace\f103_2\Core\Inc\main.h_save
2024-05-02 01:35:25,846 [INFO] CodeEngine:279 - Generated code: C:\MCU2\My_workspace\f103_2\Core\Inc\main.h
2024-05-02 01:35:25,856 [INFO] CodeEngine:255 - oldGeneratedFile, C:\MCU2\My_workspace\f103_2\Core\Src\main.c_save
2024-05-02 01:35:25,937 [INFO] CodeEngine:279 - Generated code: C:\MCU2\My_workspace\f103_2\Core\Src\main.c
2024-05-02 01:35:26,464 [INFO] ProjectBuilder:3076 - Time for Copy HAL[1] : 118mS.
2024-05-02 01:35:26,466 [INFO] ProjectBuilder:4485 - Project Generator version: 4.2.0-B44
2024-05-02 01:35:26,775 [INFO] ConfigFileManager:1495 - The Die is : DIE410
2024-05-02 01:35:28,492 [INFO] ProjectBuilder:4747 - Time for Generating toolchain IDE Files: 2026mS.
2024-05-02 01:35:28,493 [INFO] ProjectBuilder:2947 - Time for Copy CMSIS : 0mS.
2024-05-02 01:35:28,497 [INFO] ProjectBuilder:2947 - Time for Copy CMSIS : 0mS.
2024-05-02 01:42:17,925 [INFO] UtilMem:75 - End SaveConfig() Used Memory: 886669160 Bytes (1073741824)
2024-05-02 01:42:18,636 [INFO] UtilMem:75 - End SaveConfig() Used Memory: 909941024 Bytes (1073741824)
2024-05-02 01:42:19,352 [INFO] UtilMem:75 - End SaveConfig() Used Memory: 758925160 Bytes (1073741824)
2024-05-02 01:42:19,536 [INFO] BlockDiagram:2759 - set Specific Code input for plugin: SYS
2024-05-02 01:42:19,536 [INFO] BlockDiagram:2759 - set Specific Code input for plugin: CAN
2024-05-02 01:42:19,536 [INFO] BlockDiagram:2759 - set Specific Code input for plugin: RCC
2024-05-02 01:42:19,536 [INFO] BlockDiagram:2759 - set Specific Code input for plugin: NVIC
2024-05-02 01:42:19,536 [INFO] BlockDiagram:2759 - set Specific Code input for plugin: GPIO
2024-05-02 01:42:19,537 [INFO] CodeGenerator:807 - code generatio: config db path: C:\ST\STM32CubeIDE_1.14.0\STM32CubeIDE\plugins\com.st.stm32cube.common.mx_6.10.0.202311202037\\db\
2024-05-02 01:42:19,625 [INFO] CodeEngine:255 - oldGeneratedFile, C:\MCU2\My_workspace\f103_2\MXTmpFiles\license.tmp_save
2024-05-02 01:42:19,695 [INFO] CodeEngine:279 - Generated code: C:\MCU2\My_workspace\f103_2\MXTmpFiles\license.tmp
2024-05-02 01:42:19,704 [INFO] CodeEngine:255 - oldGeneratedFile, C:\MCU2\My_workspace\f103_2\MXTmpFiles\gpio.tmp_save
2024-05-02 01:42:19,789 [INFO] CodeEngine:279 - Generated code: C:\MCU2\My_workspace\f103_2\MXTmpFiles\gpio.tmp
2024-05-02 01:42:19,813 [INFO] CodeEngine:255 - oldGeneratedFile, C:\MCU2\My_workspace\f103_2\Core\Src\stm32f1xx_it.c_save
2024-05-02 01:42:20,038 [INFO] CodeEngine:279 - Generated code: C:\MCU2\My_workspace\f103_2\Core\Src\stm32f1xx_it.c
2024-05-02 01:42:20,041 [INFO] CodeEngine:255 - oldGeneratedFile, C:\MCU2\My_workspace\f103_2\Core\Inc\stm32f1xx_it.h_save
2024-05-02 01:42:20,087 [INFO] CodeEngine:279 - Generated code: C:\MCU2\My_workspace\f103_2\Core\Inc\stm32f1xx_it.h
2024-05-02 01:42:20,101 [INFO] CodeEngine:255 - oldGeneratedFile, C:\MCU2\My_workspace\f103_2\Core\Src\stm32f1xx_hal_msp.c_save
2024-05-02 01:42:20,184 [INFO] CodeEngine:279 - Generated code: C:\MCU2\My_workspace\f103_2\Core\Src\stm32f1xx_hal_msp.c
2024-05-02 01:42:20,186 [INFO] CodeEngine:255 - oldGeneratedFile, C:\MCU2\My_workspace\f103_2\MXTmpFiles\system.tmp_save
2024-05-02 01:42:20,229 [INFO] CodeEngine:279 - Generated code: C:\MCU2\My_workspace\f103_2\MXTmpFiles\system.tmp
2024-05-02 01:42:20,244 [INFO] CodeEngine:311 - oldGeneratedFile, C:\MCU2\My_workspace\f103_2\Core\Inc\stm32f1xx_hal_conf.h_save
2024-05-02 01:42:20,321 [INFO] CodeEngine:335 - Generated code: C:\MCU2\My_workspace\f103_2\Core\Inc\stm32f1xx_hal_conf.h
2024-05-02 01:42:20,349 [INFO] CodeEngine:255 - oldGeneratedFile, C:\MCU2\My_workspace\f103_2\Core\Inc\main.h_save
2024-05-02 01:42:20,450 [INFO] CodeEngine:279 - Generated code: C:\MCU2\My_workspace\f103_2\Core\Inc\main.h
2024-05-02 01:42:20,464 [INFO] CodeEngine:255 - oldGeneratedFile, C:\MCU2\My_workspace\f103_2\Core\Src\main.c_save
2024-05-02 01:42:20,587 [INFO] CodeEngine:279 - Generated code: C:\MCU2\My_workspace\f103_2\Core\Src\main.c
2024-05-02 01:42:21,186 [INFO] ProjectBuilder:3076 - Time for Copy HAL[1] : 94mS.
2024-05-02 01:42:21,188 [INFO] ProjectBuilder:4485 - Project Generator version: 4.2.0-B44
2024-05-02 01:42:21,465 [INFO] ConfigFileManager:1495 - The Die is : DIE410
2024-05-02 01:42:23,023 [INFO] ProjectBuilder:4747 - Time for Generating toolchain IDE Files: 1834mS.
2024-05-02 01:42:23,024 [INFO] ProjectBuilder:2947 - Time for Copy CMSIS : 1mS.
2024-05-02 01:42:23,027 [INFO] ProjectBuilder:2947 - Time for Copy CMSIS : 0mS.
