2024-06-30 17:23:04,588 [INFO] Activator:176 - 


2024-06-30 17:23:04,599 [INFO] Activator:177 - !SESSION log4j initialized
2024-06-30 17:23:11,437 [INFO] LogOutputStream:77 - [STDOUT_REDIRECT] 
2024-06-30 17:23:18,322 [INFO] ApplicationProperties:184 - Using Application install path: C:\ST\STM32CubeIDE_1.14.0\STM32CubeIDE\plugins\com.st.stm32cube.common.mx_6.11.1.202404110753
2024-06-30 17:23:18,339 [INFO] DbMcusXml:78 - Set database path to: C:\ST\STM32CubeIDE_1.14.0\STM32CubeIDE\plugins\com.st.stm32cube.common.mx_6.11.1.202404110753\\db\/mcu/
2024-06-30 17:23:18,340 [INFO] ApiDb:274 - Set plugin database path to: C:\ST\STM32CubeIDE_1.14.0\STM32CubeIDE\plugins\com.st.stm32cube.common.mx_6.11.1.202404110753\\db\/plugins/boardmanager/
2024-06-30 17:23:18,340 [WARN] ApiDb:259 - Overriding images path with different value:  => C:\ST\STM32CubeIDE_1.14.0\STM32CubeIDE\plugins\com.st.stm32cube.common.mx_6.11.1.202404110753\\db\/plugins/mcufinder/images/
2024-06-30 17:23:18,350 [INFO] ApiDb:250 - Set database path to: C:\Users\uykun\.stmcufinder\plugins\mcufinder//mcu/
2024-06-30 17:23:18,351 [INFO] DbMcusAds:125 - Set database path to: C:\Users\uykun\.stmcufinder\plugins\mcufinder//mcu/
2024-06-30 17:23:18,353 [INFO] CrossReferenceDbSqlite:203 - Set database path to: C:\Users\uykun\.stmcufinder\plugins\mcufinder//mcu/cs/
2024-06-30 17:23:18,510 [INFO] RulesReader:64 - Compatibility file has been processed (297 Rules)
2024-06-30 17:23:18,630 [INFO] DbMcusXml:78 - Set database path to: C:\ST\STM32CubeIDE_1.14.0\STM32CubeIDE\plugins\com.st.stm32cube.common.mx_6.11.1.202404110753\\db\/mcu/
2024-06-30 17:23:18,630 [INFO] ApiDb:274 - Set plugin database path to: C:\ST\STM32CubeIDE_1.14.0\STM32CubeIDE\plugins\com.st.stm32cube.common.mx_6.11.1.202404110753\\db\/plugins/boardmanager/
2024-06-30 17:23:18,630 [INFO] ApiDb:261 - Set plugin images path to: C:\ST\STM32CubeIDE_1.14.0\STM32CubeIDE\plugins\com.st.stm32cube.common.mx_6.11.1.202404110753\\db\/plugins/mcufinder/images/
2024-06-30 17:23:18,631 [WARN] DbFile:41 - Overriding database path with different value: C:\Users\uykun\.stmcufinder\plugins\mcufinder/ => C:\Users\uykun\.stmcufinder\plugins\mcufinder
2024-06-30 17:23:18,631 [INFO] ApiDb:250 - Set database path to: C:\Users\uykun\.stmcufinder\plugins\mcufinder//mcu/
2024-06-30 17:23:18,631 [WARN] DbFile:41 - Overriding database path with different value: C:\Users\uykun\.stmcufinder\plugins\mcufinder/ => C:\Users\uykun\.stmcufinder\plugins\mcufinder
2024-06-30 17:23:18,631 [INFO] DbMcusAds:125 - Set database path to: C:\Users\uykun\.stmcufinder\plugins\mcufinder//mcu/
2024-06-30 17:23:18,632 [WARN] DbFile:41 - Overriding database path with different value: C:\Users\uykun\.stmcufinder\plugins\mcufinder/ => C:\Users\uykun\.stmcufinder\plugins\mcufinder
2024-06-30 17:23:18,632 [WARN] DbFile:41 - Overriding database path with different value: C:\Users\uykun\.stmcufinder\plugins\mcufinder/ => C:\Users\uykun\.stmcufinder\plugins\mcufinder
2024-06-30 17:23:18,632 [INFO] CrossReferenceDbSqlite:203 - Set database path to: C:\Users\uykun\.stmcufinder\plugins\mcufinder//mcu/cs/
2024-06-30 17:23:18,726 [INFO] MainPanel:264 - HeapMemory: 268435456
2024-06-30 17:23:18,852 [INFO] DbMcusXml:78 - Set database path to: C:\ST\STM32CubeIDE_1.14.0\STM32CubeIDE\plugins\com.st.stm32cube.common.mx_6.11.1.202404110753\\db\/mcu/
2024-06-30 17:23:18,853 [INFO] ApiDb:274 - Set plugin database path to: C:\ST\STM32CubeIDE_1.14.0\STM32CubeIDE\plugins\com.st.stm32cube.common.mx_6.11.1.202404110753\\db\/plugins/boardmanager/
2024-06-30 17:23:18,853 [INFO] ApiDb:261 - Set plugin images path to: C:\ST\STM32CubeIDE_1.14.0\STM32CubeIDE\plugins\com.st.stm32cube.common.mx_6.11.1.202404110753\\db\/plugins/mcufinder/images/
2024-06-30 17:23:18,853 [WARN] DbFile:41 - Overriding database path with different value: C:\Users\uykun\.stmcufinder\plugins\mcufinder/ => C:\Users\uykun\.stmcufinder\plugins\mcufinder
2024-06-30 17:23:18,853 [INFO] ApiDb:250 - Set database path to: C:\Users\uykun\.stmcufinder\plugins\mcufinder//mcu/
2024-06-30 17:23:18,853 [WARN] DbFile:41 - Overriding database path with different value: C:\Users\uykun\.stmcufinder\plugins\mcufinder/ => C:\Users\uykun\.stmcufinder\plugins\mcufinder
2024-06-30 17:23:18,853 [INFO] DbMcusAds:125 - Set database path to: C:\Users\uykun\.stmcufinder\plugins\mcufinder//mcu/
2024-06-30 17:23:18,853 [WARN] DbFile:41 - Overriding database path with different value: C:\Users\uykun\.stmcufinder\plugins\mcufinder/ => C:\Users\uykun\.stmcufinder\plugins\mcufinder
2024-06-30 17:23:18,853 [WARN] DbFile:41 - Overriding database path with different value: C:\Users\uykun\.stmcufinder\plugins\mcufinder/ => C:\Users\uykun\.stmcufinder\plugins\mcufinder
2024-06-30 17:23:18,854 [INFO] CrossReferenceDbSqlite:203 - Set database path to: C:\Users\uykun\.stmcufinder\plugins\mcufinder//mcu/cs/
2024-06-30 17:23:18,874 [INFO] ApplicationProperties:184 - Using Application install path: C:\ST\STM32CubeIDE_1.14.0\STM32CubeIDE\plugins\com.st.stm32cube.common.mx_6.11.1.202404110753
2024-06-30 17:23:18,875 [INFO] PluginManage:196 - Search for loadable plugins [exclusion list=, ]
2024-06-30 17:23:18,877 [INFO] PluginManage:310 - Check plugin analytics
2024-06-30 17:23:19,117 [INFO] AnalyticsPlugin:253 - Accepted Software Licenses: 
2024-06-30 17:23:19,117 [INFO] AnalyticsPlugin:255 - Accepted CMSIS Pack Licenses: 
2024-06-30 17:23:19,117 [INFO] AnalyticsPlugin:257 - Accepted Firmware Licenses: FW.F4.1.28.0
2024-06-30 17:23:19,120 [INFO] PluginManage:359 - Loaded plugin analytics (category:tool,tabindex:-1)
2024-06-30 17:23:19,121 [INFO] PluginManage:310 - Check plugin cadmodel
2024-06-30 17:23:19,142 [INFO] CADModel:105 - Init CAD model plugin
2024-06-30 17:23:19,142 [INFO] PluginManage:359 - Loaded plugin cadmodel (category:power,tabindex:5)
2024-06-30 17:23:19,143 [INFO] PluginManage:310 - Check plugin clock
2024-06-30 17:23:19,166 [INFO] PluginManage:359 - Loaded plugin clock (category:base,tabindex:2)
2024-06-30 17:23:19,166 [INFO] PluginManage:310 - Check plugin ddr
2024-06-30 17:23:19,168 [INFO] PluginManage:359 - Loaded plugin ddr (category:tool,tabindex:6)
2024-06-30 17:23:19,168 [INFO] PluginManage:310 - Check plugin filemanager
2024-06-30 17:23:19,333 [INFO] PluginManage:359 - Loaded plugin filemanager (category:base,tabindex:10)
2024-06-30 17:23:19,333 [INFO] PluginManage:310 - Check plugin ipmanager
2024-06-30 17:23:19,345 [INFO] PluginManage:359 - Loaded plugin ipmanager (category:base,tabindex:5)
2024-06-30 17:23:19,346 [INFO] PluginManage:310 - Check plugin lpbam
2024-06-30 17:23:19,365 [INFO] PluginManage:359 - Loaded plugin lpbam (category:base,tabindex:0)
2024-06-30 17:23:19,365 [INFO] PluginManage:310 - Check plugin memorymap
2024-06-30 17:23:19,394 [INFO] PluginManage:359 - Loaded plugin memorymap (category:base,tabindex:4)
2024-06-30 17:23:19,394 [INFO] PluginManage:310 - Check plugin pinoutandconfiguration
2024-06-30 17:23:19,418 [INFO] PluginManage:359 - Loaded plugin pinoutandconfiguration (category:base,tabindex:1)
2024-06-30 17:23:19,419 [INFO] PluginManage:310 - Check plugin pinoutconfig
2024-06-30 17:23:19,547 [WARN] SupportedApi:132 - Cannot load RTOS API schema: s4s-elt-must-match.1: The content of 'definitions' must match (annotation?, (simpleType | complexType)?, (unique | key | keyref)*)). A problem was found starting at: attribute.
2024-06-30 17:23:19,738 [INFO] PluginManage:359 - Loaded plugin pinoutconfig (category:base,tabindex:0)
2024-06-30 17:23:19,739 [INFO] PluginManage:310 - Check plugin power
2024-06-30 17:23:19,765 [INFO] PluginManage:359 - Loaded plugin power (category:power,tabindex:4)
2024-06-30 17:23:19,766 [INFO] PluginManage:310 - Check plugin projectmanager
2024-06-30 17:23:19,795 [INFO] PluginManage:359 - Loaded plugin projectmanager (category:projectmanager,tabindex:3)
2024-06-30 17:23:19,795 [INFO] PluginManage:310 - Check plugin thirdparty
2024-06-30 17:23:20,169 [INFO] PluginManage:359 - Loaded plugin thirdparty (category:base,tabindex:-1)
2024-06-30 17:23:20,169 [WARN] IntegrityCheckThread:84 - waiting for thirdparty lock release [integrity check]
2024-06-30 17:23:20,169 [INFO] PluginManage:310 - Check plugin tools
2024-06-30 17:23:20,169 [INFO] IntegrityCheckThread:86 - entering critical section [integrity check]
2024-06-30 17:23:20,170 [INFO] ThirdPartyUpdaterWithRetryManager:70 - Updater plugin not ready yet. [1/15]
2024-06-30 17:23:20,214 [INFO] PluginManage:359 - Loaded plugin tools (category:base,tabindex:7)
2024-06-30 17:23:20,214 [INFO] PluginManage:310 - Check plugin tutovideos
2024-06-30 17:23:20,428 [INFO] PluginManage:359 - Loaded plugin tutovideos (category:base,tabindex:-1)
2024-06-30 17:23:20,428 [INFO] PluginManage:310 - Check plugin updater
2024-06-30 17:23:20,444 [INFO] PluginManage:359 - Loaded plugin updater (category:base,tabindex:12)
2024-06-30 17:23:20,444 [INFO] PluginManage:310 - Check plugin userauth
2024-06-30 17:23:20,454 [INFO] UserAuth:114 - Init User Auth plugin
2024-06-30 17:23:20,454 [INFO] PluginManage:359 - Loaded plugin userauth (category:base,tabindex:14)
2024-06-30 17:23:20,454 [INFO] PluginManage:283 - PluginManage : Loaded plugins [17]
2024-06-30 17:23:20,709 [INFO] PinOutPanel:1561 - setPackage(No Configuration,No Configuration)
2024-06-30 17:23:20,788 [INFO] CADModel:165 - CPN selected for project level
2024-06-30 17:23:20,789 [INFO] CADModel:114 - Register for checkConnection events
2024-06-30 17:23:20,812 [INFO] IPUIPlugin:80 - create IPUIPlugin
2024-06-30 17:23:20,813 [INFO] PluginManager:220 - loadIPPluginJar : add adc
2024-06-30 17:23:20,857 [INFO] IPUIPlugin:80 - create IPUIPlugin
2024-06-30 17:23:20,858 [INFO] PluginManager:220 - loadIPPluginJar : add aes
2024-06-30 17:23:20,914 [INFO] IPUIPlugin:80 - create IPUIPlugin
2024-06-30 17:23:20,915 [INFO] PluginManager:220 - loadIPPluginJar : add can
2024-06-30 17:23:20,940 [INFO] IPUIPlugin:80 - create IPUIPlugin
2024-06-30 17:23:20,940 [INFO] PluginManager:220 - loadIPPluginJar : add comp
2024-06-30 17:23:20,970 [INFO] IPUIPlugin:80 - create IPUIPlugin
2024-06-30 17:23:20,970 [INFO] PluginManager:220 - loadIPPluginJar : add cryp
2024-06-30 17:23:20,998 [INFO] IPUIPlugin:80 - create IPUIPlugin
2024-06-30 17:23:20,998 [INFO] PluginManager:220 - loadIPPluginJar : add dfsdm
2024-06-30 17:23:21,013 [INFO] IPUIPlugin:80 - create IPUIPlugin
2024-06-30 17:23:21,013 [INFO] PluginManager:220 - loadIPPluginJar : add dma
2024-06-30 17:23:21,047 [INFO] IPUIPlugin:80 - create IPUIPlugin
2024-06-30 17:23:21,048 [INFO] PluginManager:220 - loadIPPluginJar : add dma3
2024-06-30 17:23:21,083 [INFO] IPUIPlugin:80 - create IPUIPlugin
2024-06-30 17:23:21,083 [INFO] PluginManager:220 - loadIPPluginJar : add extmemmanager
2024-06-30 17:23:21,099 [INFO] IPUIPlugin:80 - create IPUIPlugin
2024-06-30 17:23:21,099 [INFO] PluginManager:220 - loadIPPluginJar : add fatfs
2024-06-30 17:23:21,137 [INFO] IPUIPlugin:80 - create IPUIPlugin
2024-06-30 17:23:21,138 [INFO] PluginManager:220 - loadIPPluginJar : add fmc
2024-06-30 17:23:21,151 [INFO] IPUIPlugin:80 - create IPUIPlugin
2024-06-30 17:23:21,151 [INFO] PluginManager:220 - loadIPPluginJar : add freertos
2024-06-30 17:23:21,168 [INFO] IPUIPlugin:80 - create IPUIPlugin
2024-06-30 17:23:21,168 [INFO] PluginManager:220 - loadIPPluginJar : add genericplugin
2024-06-30 17:23:21,251 [INFO] IPUIPlugin:80 - create IPUIPlugin
2024-06-30 17:23:21,252 [INFO] PluginManager:220 - loadIPPluginJar : add gfxmmu
2024-06-30 17:23:21,365 [INFO] IPUIPlugin:80 - create IPUIPlugin
2024-06-30 17:23:21,366 [INFO] PluginManager:220 - loadIPPluginJar : add gic
2024-06-30 17:23:21,377 [INFO] IPUIPlugin:80 - create IPUIPlugin
2024-06-30 17:23:21,377 [INFO] PluginManager:220 - loadIPPluginJar : add gpio
2024-06-30 17:23:21,465 [INFO] IPUIPlugin:80 - create IPUIPlugin
2024-06-30 17:23:21,466 [INFO] PluginManager:220 - loadIPPluginJar : add gtzc
2024-06-30 17:23:21,491 [INFO] IPUIPlugin:80 - create IPUIPlugin
2024-06-30 17:23:21,491 [INFO] PluginManager:220 - loadIPPluginJar : add hash
2024-06-30 17:23:21,541 [INFO] IPUIPlugin:80 - create IPUIPlugin
2024-06-30 17:23:21,541 [INFO] PluginManager:220 - loadIPPluginJar : add i2c
2024-06-30 17:23:21,577 [INFO] IPUIPlugin:80 - create IPUIPlugin
2024-06-30 17:23:21,577 [INFO] PluginManager:220 - loadIPPluginJar : add i2s
2024-06-30 17:23:21,621 [INFO] IPUIPlugin:80 - create IPUIPlugin
2024-06-30 17:23:21,621 [INFO] PluginManager:220 - loadIPPluginJar : add i3c
2024-06-30 17:23:21,718 [INFO] IPUIPlugin:80 - create IPUIPlugin
2024-06-30 17:23:21,718 [INFO] PluginManager:220 - loadIPPluginJar : add ipddr
2024-06-30 17:23:21,797 [INFO] IPUIPlugin:80 - create IPUIPlugin
2024-06-30 17:23:21,797 [INFO] PluginManager:220 - loadIPPluginJar : add linkedlist
2024-06-30 17:23:21,830 [INFO] IPUIPlugin:80 - create IPUIPlugin
2024-06-30 17:23:21,831 [INFO] PluginManager:220 - loadIPPluginJar : add lorawan
2024-06-30 17:23:21,881 [INFO] IPUIPlugin:80 - create IPUIPlugin
2024-06-30 17:23:21,881 [INFO] PluginManager:220 - loadIPPluginJar : add ltdc
2024-06-30 17:23:21,897 [INFO] IPUIPlugin:80 - create IPUIPlugin
2024-06-30 17:23:21,897 [INFO] PluginManager:220 - loadIPPluginJar : add mdma
2024-06-30 17:23:21,913 [INFO] IPUIPlugin:80 - create IPUIPlugin
2024-06-30 17:23:21,913 [INFO] PluginManager:220 - loadIPPluginJar : add nvic
2024-06-30 17:23:21,962 [INFO] IPUIPlugin:80 - create IPUIPlugin
2024-06-30 17:23:21,962 [INFO] PluginManager:220 - loadIPPluginJar : add opamp
2024-06-30 17:23:22,043 [INFO] IPUIPlugin:80 - create IPUIPlugin
2024-06-30 17:23:22,043 [INFO] PluginManager:220 - loadIPPluginJar : add openamp
2024-06-30 17:23:22,084 [INFO] IPUIPlugin:80 - create IPUIPlugin
2024-06-30 17:23:22,085 [INFO] PluginManager:220 - loadIPPluginJar : add pdm2pcm
2024-06-30 17:23:22,095 [INFO] IPUIPlugin:80 - create IPUIPlugin
2024-06-30 17:23:22,097 [INFO] PluginManager:220 - loadIPPluginJar : add plateformsettings
2024-06-30 17:23:22,118 [INFO] IPUIPlugin:80 - create IPUIPlugin
2024-06-30 17:23:22,119 [INFO] PluginManager:220 - loadIPPluginJar : add quadspi
2024-06-30 17:23:22,131 [INFO] IPUIPlugin:80 - create IPUIPlugin
2024-06-30 17:23:22,131 [INFO] PluginManager:220 - loadIPPluginJar : add resmgrutility
2024-06-30 17:23:22,181 [INFO] IPUIPlugin:80 - create IPUIPlugin
2024-06-30 17:23:22,181 [INFO] PluginManager:220 - loadIPPluginJar : add sai
2024-06-30 17:23:22,219 [INFO] IPUIPlugin:80 - create IPUIPlugin
2024-06-30 17:23:22,219 [INFO] PluginManager:220 - loadIPPluginJar : add spi
2024-06-30 17:23:22,297 [INFO] IPUIPlugin:80 - create IPUIPlugin
2024-06-30 17:23:22,297 [INFO] PluginManager:220 - loadIPPluginJar : add stm32_wpan
2024-06-30 17:23:22,321 [INFO] IPUIPlugin:80 - create IPUIPlugin
2024-06-30 17:23:22,321 [INFO] PluginManager:220 - loadIPPluginJar : add tim
2024-06-30 17:23:22,389 [INFO] IPUIPlugin:80 - create IPUIPlugin
2024-06-30 17:23:22,389 [INFO] PluginManager:220 - loadIPPluginJar : add touchsensing
2024-06-30 17:23:22,414 [INFO] IPUIPlugin:80 - create IPUIPlugin
2024-06-30 17:23:22,414 [INFO] PluginManager:220 - loadIPPluginJar : add tracer_emb
2024-06-30 17:23:22,439 [INFO] IPUIPlugin:80 - create IPUIPlugin
2024-06-30 17:23:22,439 [INFO] PluginManager:220 - loadIPPluginJar : add ts
2024-06-30 17:23:22,466 [INFO] IPUIPlugin:80 - create IPUIPlugin
2024-06-30 17:23:22,466 [INFO] PluginManager:220 - loadIPPluginJar : add tsc
2024-06-30 17:23:22,493 [INFO] IPUIPlugin:80 - create IPUIPlugin
2024-06-30 17:23:22,493 [INFO] PluginManager:220 - loadIPPluginJar : add ucpd
2024-06-30 17:23:22,548 [INFO] IPUIPlugin:80 - create IPUIPlugin
2024-06-30 17:23:22,548 [INFO] PluginManager:220 - loadIPPluginJar : add usart
2024-06-30 17:23:22,599 [INFO] IPUIPlugin:80 - create IPUIPlugin
2024-06-30 17:23:22,599 [INFO] PluginManager:220 - loadIPPluginJar : add usbx
2024-06-30 17:23:22,745 [INFO] CADModel:165 - CPN selected for project level
2024-06-30 17:23:22,745 [INFO] CADModel:114 - Register for checkConnection events
2024-06-30 17:23:22,746 [FATAL] Updater:308 - Updater called before beeing initialized
2024-06-30 17:23:22,746 [ERROR] CADModel:125 - Updater not yet initialized, retry later 
2024-06-30 17:23:22,949 [INFO] CADModel:165 - CPN selected for project level
2024-06-30 17:23:22,949 [INFO] CADModel:114 - Register for checkConnection events
2024-06-30 17:23:22,949 [FATAL] Updater:308 - Updater called before beeing initialized
2024-06-30 17:23:22,950 [ERROR] CADModel:125 - Updater not yet initialized, retry later 
2024-06-30 17:23:22,953 [FATAL] Updater:308 - Updater called before beeing initialized
2024-06-30 17:23:23,100 [FATAL] Updater:308 - Updater called before beeing initialized
2024-06-30 17:23:23,112 [INFO] DbMcusAds:53 - JSON generation date=Thu May 16 12:22:00 TRT 2024 (1715851320852)
2024-06-30 17:23:23,112 [FATAL] Updater:308 - Updater called before beeing initialized
2024-06-30 17:23:23,171 [INFO] ThirdPartyUpdaterWithRetryManager:70 - Updater plugin not ready yet. [2/15]
2024-06-30 17:23:23,208 [WARN] DetailPanel:346 - Failed to get advertising image, set to default
2024-06-30 17:23:23,340 [FATAL] Updater:308 - Updater called before beeing initialized
2024-06-30 17:23:23,341 [FATAL] Updater:308 - Updater called before beeing initialized
2024-06-30 17:23:23,341 [FATAL] Updater:308 - Updater called before beeing initialized
2024-06-30 17:23:23,342 [WARN] DetailPanel:346 - Failed to get advertising image, set to default
2024-06-30 17:23:23,342 [FATAL] Updater:308 - Updater called before beeing initialized
2024-06-30 17:23:23,425 [ERROR] Updater:1120 - MainUpdater not yet initialized. External WinMGr cannot be set.
2024-06-30 17:23:23,439 [INFO] Updater:1056 - Updater Version found : 6.11.1
2024-06-30 17:23:23,460 [INFO] ApplicationProperties:184 - Using Application install path: C:\ST\STM32CubeIDE_1.14.0\STM32CubeIDE\plugins\com.st.stm32cube.common.mx_6.11.1.202404110753
2024-06-30 17:23:25,052 [ERROR] LogOutputStream:75 - [STDERR_REDIRECT] Jun 30, 2024 5:23:25 PM java.util.prefs.WindowsPreferences <init>
2024-06-30 17:23:25,058 [ERROR] LogOutputStream:75 - [STDERR_REDIRECT] WARNING: Could not open/create prefs root node Software\JavaSoft\Prefs at root 0xffffffff80000002. Windows RegCreateKeyEx(...) returned error code 5.
2024-06-30 17:23:25,059 [ERROR] LogOutputStream:75 - [STDERR_REDIRECT] 
2024-06-30 17:23:26,172 [FATAL] Updater:308 - Updater called before beeing initialized
2024-06-30 17:23:26,173 [ERROR] IntegrityCheckThread:130 - Cannot retrieve database content from updater: error 21
2024-06-30 17:23:26,174 [INFO] ThirdParty:978 - Integrity check success = false
2024-06-30 17:23:26,174 [INFO] IntegrityCheckThread:100 - exiting critical section [integrity check]
2024-06-30 17:23:26,174 [INFO] IntegrityCheckThread:103 - End integrity checks thread
2024-06-30 17:23:26,265 [INFO] MainUpdater:2873 - connection check result : 10
2024-06-30 17:23:26,266 [INFO] MainUpdater:3567 - Updater definition file requires update
2024-06-30 17:23:26,269 [INFO] MainUpdater:290 - Updater Check For Update Now.
2024-06-30 17:23:26,269 [INFO] MicroXplorer:498 - Change Database Version : DB.6.0.111
2024-06-30 17:23:26,321 [INFO] McuFinderGlobals:63 - Set McuFinder mode to 2 (CubeIDE integrated)
2024-06-30 17:23:26,353 [INFO] UserAuth:415 - Internet connection configuration mode: 1
2024-06-30 17:23:26,420 [INFO] JxBrowserEngine:152 - Initiate JxBrowser Engine with user profile folder
2024-06-30 17:23:26,500 [INFO] ServerAccessManage:473 - Download File updaters.zip
2024-06-30 17:23:26,643 [INFO] FileExtend:240 - Unzip File : updaters.zip
2024-06-30 17:23:26,643 [INFO] FileExtend:255 - Standard Zip Deflate
2024-06-30 17:23:27,125 [INFO] ServerAccessManage:473 - Download File PacksControlFlags.xml
2024-06-30 17:23:27,252 [INFO] ServerAccessManage:473 - Download File cubemx.pidx
2024-06-30 17:23:28,683 [INFO] ServerAccessManage:473 - Download File STMicroelectronics.X-CUBE-TOUCHGFX.pdsc
2024-06-30 17:23:32,427 [INFO] WebApp:161 - Instantiating new browser for Auth
2024-06-30 17:23:33,289 [INFO] WebApp:779 - Register for checkConnection events
2024-06-30 17:23:33,289 [INFO] WebApp:414 - Apply proxy settings
2024-06-30 17:23:33,289 [INFO] WebApp:499 - Chromium requires no authentication
2024-06-30 17:23:33,297 [INFO] WebApp:442 - Direct internet connection detected
2024-06-30 17:23:33,581 [INFO] WebApp:192 - Starting web application
2024-06-30 17:23:33,582 [INFO] WebApp:544 - Web application path used C:\ST\STM32CubeIDE_1.14.0\STM32CubeIDE\plugins\com.st.stm32cube.common.mx_6.11.1.202404110753\db\plugins\mcufinder\reactClient1\index.html
2024-06-30 17:23:34,724 [INFO] ServerAccessManage:473 - Download File wolfSSL.I-CUBE-wolfMQTT.pdsc
2024-06-30 17:23:36,224 [ERROR] ServerAccessManage:1089 - Problem, file not found on Server
2024-06-30 17:23:36,592 [WARN] PackLoader:240 - Cannot read IP mode file for STMicroelectronics.X-CUBE-TOUCHGFX.4.24.0
2024-06-30 17:23:36,598 [WARN] PackLoader:240 - Cannot read IP mode file for wolfSSL.I-CUBE-wolfMQTT.1.19.0
2024-06-30 17:23:36,599 [INFO] PopulateThirdPartyThread:66 - Ending populate Thread
2024-06-30 17:23:36,600 [INFO] ThirdParty:1030 - CMSIS Pack Vendor :wolfSSL I-CUBE-wolfMQTT 1.19.0
2024-06-30 17:23:36,600 [INFO] ThirdParty:1030 - CMSIS Pack Vendor :STMicroelectronics X-CUBE-TOUCHGFX 4.24.0
2024-06-30 17:23:36,601 [INFO] LoadServerUpdatesThread:375 - End of LoadServerUpdate Thread
2024-06-30 17:23:36,750 [INFO] CheckServerUpdateThread:120 - End of CheckServer Thread
2024-06-30 17:23:37,507 [ERROR] LogOutputStream:75 - [STDERR_REDIRECT] 
2024-06-30 17:23:37,508 [ERROR] LogOutputStream:75 - [STDERR_REDIRECT] 
2024-06-30 17:24:21,292 [INFO] Activator:176 - 


2024-06-30 17:24:21,298 [INFO] Activator:177 - !SESSION log4j initialized
2024-06-30 17:24:27,585 [INFO] LogOutputStream:77 - [STDOUT_REDIRECT] 
2024-06-30 17:24:29,265 [INFO] ApplicationProperties:184 - Using Application install path: C:\ST\STM32CubeIDE_1.14.0\STM32CubeIDE\plugins\com.st.stm32cube.common.mx_6.11.1.202404110753
2024-06-30 17:24:29,286 [INFO] DbMcusXml:78 - Set database path to: C:\ST\STM32CubeIDE_1.14.0\STM32CubeIDE\plugins\com.st.stm32cube.common.mx_6.11.1.202404110753\\db\/mcu/
2024-06-30 17:24:29,286 [INFO] ApiDb:274 - Set plugin database path to: C:\ST\STM32CubeIDE_1.14.0\STM32CubeIDE\plugins\com.st.stm32cube.common.mx_6.11.1.202404110753\\db\/plugins/boardmanager/
2024-06-30 17:24:29,287 [WARN] ApiDb:259 - Overriding images path with different value:  => C:\ST\STM32CubeIDE_1.14.0\STM32CubeIDE\plugins\com.st.stm32cube.common.mx_6.11.1.202404110753\\db\/plugins/mcufinder/images/
2024-06-30 17:24:29,293 [INFO] ApiDb:250 - Set database path to: C:\Users\uykun\.stmcufinder\plugins\mcufinder//mcu/
2024-06-30 17:24:29,294 [INFO] DbMcusAds:125 - Set database path to: C:\Users\uykun\.stmcufinder\plugins\mcufinder//mcu/
2024-06-30 17:24:29,297 [INFO] CrossReferenceDbSqlite:203 - Set database path to: C:\Users\uykun\.stmcufinder\plugins\mcufinder//mcu/cs/
2024-06-30 17:24:29,466 [INFO] RulesReader:64 - Compatibility file has been processed (297 Rules)
2024-06-30 17:24:29,577 [INFO] DbMcusXml:78 - Set database path to: C:\ST\STM32CubeIDE_1.14.0\STM32CubeIDE\plugins\com.st.stm32cube.common.mx_6.11.1.202404110753\\db\/mcu/
2024-06-30 17:24:29,577 [INFO] ApiDb:274 - Set plugin database path to: C:\ST\STM32CubeIDE_1.14.0\STM32CubeIDE\plugins\com.st.stm32cube.common.mx_6.11.1.202404110753\\db\/plugins/boardmanager/
2024-06-30 17:24:29,577 [INFO] ApiDb:261 - Set plugin images path to: C:\ST\STM32CubeIDE_1.14.0\STM32CubeIDE\plugins\com.st.stm32cube.common.mx_6.11.1.202404110753\\db\/plugins/mcufinder/images/
2024-06-30 17:24:29,578 [WARN] DbFile:41 - Overriding database path with different value: C:\Users\uykun\.stmcufinder\plugins\mcufinder/ => C:\Users\uykun\.stmcufinder\plugins\mcufinder
2024-06-30 17:24:29,578 [INFO] ApiDb:250 - Set database path to: C:\Users\uykun\.stmcufinder\plugins\mcufinder//mcu/
2024-06-30 17:24:29,579 [WARN] DbFile:41 - Overriding database path with different value: C:\Users\uykun\.stmcufinder\plugins\mcufinder/ => C:\Users\uykun\.stmcufinder\plugins\mcufinder
2024-06-30 17:24:29,579 [INFO] DbMcusAds:125 - Set database path to: C:\Users\uykun\.stmcufinder\plugins\mcufinder//mcu/
2024-06-30 17:24:29,579 [WARN] DbFile:41 - Overriding database path with different value: C:\Users\uykun\.stmcufinder\plugins\mcufinder/ => C:\Users\uykun\.stmcufinder\plugins\mcufinder
2024-06-30 17:24:29,580 [WARN] DbFile:41 - Overriding database path with different value: C:\Users\uykun\.stmcufinder\plugins\mcufinder/ => C:\Users\uykun\.stmcufinder\plugins\mcufinder
2024-06-30 17:24:29,580 [INFO] CrossReferenceDbSqlite:203 - Set database path to: C:\Users\uykun\.stmcufinder\plugins\mcufinder//mcu/cs/
2024-06-30 17:24:29,692 [INFO] MainPanel:264 - HeapMemory: 268435456
2024-06-30 17:24:29,775 [INFO] DbMcusXml:78 - Set database path to: C:\ST\STM32CubeIDE_1.14.0\STM32CubeIDE\plugins\com.st.stm32cube.common.mx_6.11.1.202404110753\\db\/mcu/
2024-06-30 17:24:29,775 [INFO] ApiDb:274 - Set plugin database path to: C:\ST\STM32CubeIDE_1.14.0\STM32CubeIDE\plugins\com.st.stm32cube.common.mx_6.11.1.202404110753\\db\/plugins/boardmanager/
2024-06-30 17:24:29,776 [INFO] ApiDb:261 - Set plugin images path to: C:\ST\STM32CubeIDE_1.14.0\STM32CubeIDE\plugins\com.st.stm32cube.common.mx_6.11.1.202404110753\\db\/plugins/mcufinder/images/
2024-06-30 17:24:29,778 [WARN] DbFile:41 - Overriding database path with different value: C:\Users\uykun\.stmcufinder\plugins\mcufinder/ => C:\Users\uykun\.stmcufinder\plugins\mcufinder
2024-06-30 17:24:29,778 [INFO] ApiDb:250 - Set database path to: C:\Users\uykun\.stmcufinder\plugins\mcufinder//mcu/
2024-06-30 17:24:29,778 [WARN] DbFile:41 - Overriding database path with different value: C:\Users\uykun\.stmcufinder\plugins\mcufinder/ => C:\Users\uykun\.stmcufinder\plugins\mcufinder
2024-06-30 17:24:29,778 [INFO] DbMcusAds:125 - Set database path to: C:\Users\uykun\.stmcufinder\plugins\mcufinder//mcu/
2024-06-30 17:24:29,779 [WARN] DbFile:41 - Overriding database path with different value: C:\Users\uykun\.stmcufinder\plugins\mcufinder/ => C:\Users\uykun\.stmcufinder\plugins\mcufinder
2024-06-30 17:24:29,779 [WARN] DbFile:41 - Overriding database path with different value: C:\Users\uykun\.stmcufinder\plugins\mcufinder/ => C:\Users\uykun\.stmcufinder\plugins\mcufinder
2024-06-30 17:24:29,779 [INFO] CrossReferenceDbSqlite:203 - Set database path to: C:\Users\uykun\.stmcufinder\plugins\mcufinder//mcu/cs/
2024-06-30 17:24:29,806 [INFO] ApplicationProperties:184 - Using Application install path: C:\ST\STM32CubeIDE_1.14.0\STM32CubeIDE\plugins\com.st.stm32cube.common.mx_6.11.1.202404110753
2024-06-30 17:24:29,807 [INFO] PluginManage:196 - Search for loadable plugins [exclusion list=, ]
2024-06-30 17:24:29,808 [INFO] PluginManage:310 - Check plugin analytics
2024-06-30 17:24:30,028 [INFO] AnalyticsPlugin:253 - Accepted Software Licenses: 
2024-06-30 17:24:30,028 [INFO] AnalyticsPlugin:255 - Accepted CMSIS Pack Licenses: 
2024-06-30 17:24:30,029 [INFO] AnalyticsPlugin:257 - Accepted Firmware Licenses: FW.F4.1.28.0
2024-06-30 17:24:30,032 [INFO] PluginManage:359 - Loaded plugin analytics (category:tool,tabindex:-1)
2024-06-30 17:24:30,033 [INFO] PluginManage:310 - Check plugin cadmodel
2024-06-30 17:24:30,039 [INFO] CADModel:105 - Init CAD model plugin
2024-06-30 17:24:30,039 [INFO] PluginManage:359 - Loaded plugin cadmodel (category:power,tabindex:5)
2024-06-30 17:24:30,039 [INFO] PluginManage:310 - Check plugin clock
2024-06-30 17:24:30,048 [INFO] PluginManage:359 - Loaded plugin clock (category:base,tabindex:2)
2024-06-30 17:24:30,048 [INFO] PluginManage:310 - Check plugin ddr
2024-06-30 17:24:30,050 [INFO] PluginManage:359 - Loaded plugin ddr (category:tool,tabindex:6)
2024-06-30 17:24:30,050 [INFO] PluginManage:310 - Check plugin filemanager
2024-06-30 17:24:30,213 [INFO] PluginManage:359 - Loaded plugin filemanager (category:base,tabindex:10)
2024-06-30 17:24:30,213 [INFO] PluginManage:310 - Check plugin ipmanager
2024-06-30 17:24:30,224 [INFO] PluginManage:359 - Loaded plugin ipmanager (category:base,tabindex:5)
2024-06-30 17:24:30,225 [INFO] PluginManage:310 - Check plugin lpbam
2024-06-30 17:24:30,235 [INFO] PluginManage:359 - Loaded plugin lpbam (category:base,tabindex:0)
2024-06-30 17:24:30,235 [INFO] PluginManage:310 - Check plugin memorymap
2024-06-30 17:24:30,256 [INFO] PluginManage:359 - Loaded plugin memorymap (category:base,tabindex:4)
2024-06-30 17:24:30,257 [INFO] PluginManage:310 - Check plugin pinoutandconfiguration
2024-06-30 17:24:30,273 [INFO] PluginManage:359 - Loaded plugin pinoutandconfiguration (category:base,tabindex:1)
2024-06-30 17:24:30,273 [INFO] PluginManage:310 - Check plugin pinoutconfig
2024-06-30 17:24:30,395 [WARN] SupportedApi:132 - Cannot load RTOS API schema: s4s-elt-must-match.1: The content of 'definitions' must match (annotation?, (simpleType | complexType)?, (unique | key | keyref)*)). A problem was found starting at: attribute.
2024-06-30 17:24:30,628 [INFO] PluginManage:359 - Loaded plugin pinoutconfig (category:base,tabindex:0)
2024-06-30 17:24:30,628 [INFO] PluginManage:310 - Check plugin power
2024-06-30 17:24:30,638 [INFO] PluginManage:359 - Loaded plugin power (category:power,tabindex:4)
2024-06-30 17:24:30,639 [INFO] PluginManage:310 - Check plugin projectmanager
2024-06-30 17:24:30,659 [INFO] PluginManage:359 - Loaded plugin projectmanager (category:projectmanager,tabindex:3)
2024-06-30 17:24:30,659 [INFO] PluginManage:310 - Check plugin thirdparty
2024-06-30 17:24:30,820 [INFO] PluginManage:359 - Loaded plugin thirdparty (category:base,tabindex:-1)
2024-06-30 17:24:30,820 [INFO] PluginManage:310 - Check plugin tools
2024-06-30 17:24:30,820 [WARN] IntegrityCheckThread:84 - waiting for thirdparty lock release [integrity check]
2024-06-30 17:24:30,821 [INFO] IntegrityCheckThread:86 - entering critical section [integrity check]
2024-06-30 17:24:30,821 [INFO] ThirdPartyUpdaterWithRetryManager:70 - Updater plugin not ready yet. [1/15]
2024-06-30 17:24:30,824 [INFO] PluginManage:359 - Loaded plugin tools (category:base,tabindex:7)
2024-06-30 17:24:30,824 [INFO] PluginManage:310 - Check plugin tutovideos
2024-06-30 17:24:31,034 [INFO] PluginManage:359 - Loaded plugin tutovideos (category:base,tabindex:-1)
2024-06-30 17:24:31,034 [INFO] PluginManage:310 - Check plugin updater
2024-06-30 17:24:31,050 [INFO] PluginManage:359 - Loaded plugin updater (category:base,tabindex:12)
2024-06-30 17:24:31,050 [INFO] PluginManage:310 - Check plugin userauth
2024-06-30 17:24:31,055 [INFO] UserAuth:114 - Init User Auth plugin
2024-06-30 17:24:31,056 [INFO] PluginManage:359 - Loaded plugin userauth (category:base,tabindex:14)
2024-06-30 17:24:31,058 [INFO] PluginManage:283 - PluginManage : Loaded plugins [17]
2024-06-30 17:24:31,503 [INFO] PinOutPanel:1561 - setPackage(No Configuration,No Configuration)
2024-06-30 17:24:31,609 [INFO] CADModel:165 - CPN selected for project level
2024-06-30 17:24:31,609 [INFO] CADModel:114 - Register for checkConnection events
2024-06-30 17:24:31,624 [INFO] IPUIPlugin:80 - create IPUIPlugin
2024-06-30 17:24:31,624 [INFO] PluginManager:220 - loadIPPluginJar : add adc
2024-06-30 17:24:31,627 [INFO] IPUIPlugin:80 - create IPUIPlugin
2024-06-30 17:24:31,627 [INFO] PluginManager:220 - loadIPPluginJar : add aes
2024-06-30 17:24:31,629 [INFO] IPUIPlugin:80 - create IPUIPlugin
2024-06-30 17:24:31,629 [INFO] PluginManager:220 - loadIPPluginJar : add can
2024-06-30 17:24:31,631 [INFO] IPUIPlugin:80 - create IPUIPlugin
2024-06-30 17:24:31,631 [INFO] PluginManager:220 - loadIPPluginJar : add comp
2024-06-30 17:24:31,633 [INFO] IPUIPlugin:80 - create IPUIPlugin
2024-06-30 17:24:31,633 [INFO] PluginManager:220 - loadIPPluginJar : add cryp
2024-06-30 17:24:31,636 [INFO] IPUIPlugin:80 - create IPUIPlugin
2024-06-30 17:24:31,636 [INFO] PluginManager:220 - loadIPPluginJar : add dfsdm
2024-06-30 17:24:31,642 [INFO] IPUIPlugin:80 - create IPUIPlugin
2024-06-30 17:24:31,645 [INFO] PluginManager:220 - loadIPPluginJar : add dma
2024-06-30 17:24:31,648 [INFO] IPUIPlugin:80 - create IPUIPlugin
2024-06-30 17:24:31,648 [INFO] PluginManager:220 - loadIPPluginJar : add dma3
2024-06-30 17:24:31,650 [INFO] IPUIPlugin:80 - create IPUIPlugin
2024-06-30 17:24:31,651 [INFO] PluginManager:220 - loadIPPluginJar : add extmemmanager
2024-06-30 17:24:31,652 [INFO] IPUIPlugin:80 - create IPUIPlugin
2024-06-30 17:24:31,652 [INFO] PluginManager:220 - loadIPPluginJar : add fatfs
2024-06-30 17:24:31,658 [INFO] IPUIPlugin:80 - create IPUIPlugin
2024-06-30 17:24:31,658 [INFO] PluginManager:220 - loadIPPluginJar : add fmc
2024-06-30 17:24:31,663 [INFO] IPUIPlugin:80 - create IPUIPlugin
2024-06-30 17:24:31,663 [INFO] PluginManager:220 - loadIPPluginJar : add freertos
2024-06-30 17:24:31,665 [INFO] IPUIPlugin:80 - create IPUIPlugin
2024-06-30 17:24:31,666 [INFO] PluginManager:220 - loadIPPluginJar : add genericplugin
2024-06-30 17:24:31,668 [INFO] IPUIPlugin:80 - create IPUIPlugin
2024-06-30 17:24:31,668 [INFO] PluginManager:220 - loadIPPluginJar : add gfxmmu
2024-06-30 17:24:31,672 [INFO] IPUIPlugin:80 - create IPUIPlugin
2024-06-30 17:24:31,672 [INFO] PluginManager:220 - loadIPPluginJar : add gic
2024-06-30 17:24:31,676 [INFO] IPUIPlugin:80 - create IPUIPlugin
2024-06-30 17:24:31,676 [INFO] PluginManager:220 - loadIPPluginJar : add gpio
2024-06-30 17:24:31,678 [INFO] IPUIPlugin:80 - create IPUIPlugin
2024-06-30 17:24:31,679 [INFO] PluginManager:220 - loadIPPluginJar : add gtzc
2024-06-30 17:24:31,680 [INFO] IPUIPlugin:80 - create IPUIPlugin
2024-06-30 17:24:31,681 [INFO] PluginManager:220 - loadIPPluginJar : add hash
2024-06-30 17:24:31,683 [INFO] IPUIPlugin:80 - create IPUIPlugin
2024-06-30 17:24:31,683 [INFO] PluginManager:220 - loadIPPluginJar : add i2c
2024-06-30 17:24:31,685 [INFO] IPUIPlugin:80 - create IPUIPlugin
2024-06-30 17:24:31,685 [INFO] PluginManager:220 - loadIPPluginJar : add i2s
2024-06-30 17:24:31,687 [INFO] IPUIPlugin:80 - create IPUIPlugin
2024-06-30 17:24:31,687 [INFO] PluginManager:220 - loadIPPluginJar : add i3c
2024-06-30 17:24:31,690 [INFO] IPUIPlugin:80 - create IPUIPlugin
2024-06-30 17:24:31,690 [INFO] PluginManager:220 - loadIPPluginJar : add ipddr
2024-06-30 17:24:31,696 [INFO] IPUIPlugin:80 - create IPUIPlugin
2024-06-30 17:24:31,696 [INFO] PluginManager:220 - loadIPPluginJar : add linkedlist
2024-06-30 17:24:31,698 [INFO] IPUIPlugin:80 - create IPUIPlugin
2024-06-30 17:24:31,699 [INFO] PluginManager:220 - loadIPPluginJar : add lorawan
2024-06-30 17:24:31,700 [INFO] IPUIPlugin:80 - create IPUIPlugin
2024-06-30 17:24:31,700 [INFO] PluginManager:220 - loadIPPluginJar : add ltdc
2024-06-30 17:24:31,708 [INFO] IPUIPlugin:80 - create IPUIPlugin
2024-06-30 17:24:31,708 [INFO] PluginManager:220 - loadIPPluginJar : add mdma
2024-06-30 17:24:31,711 [INFO] IPUIPlugin:80 - create IPUIPlugin
2024-06-30 17:24:31,711 [INFO] PluginManager:220 - loadIPPluginJar : add nvic
2024-06-30 17:24:31,714 [INFO] IPUIPlugin:80 - create IPUIPlugin
2024-06-30 17:24:31,714 [INFO] PluginManager:220 - loadIPPluginJar : add opamp
2024-06-30 17:24:31,717 [INFO] IPUIPlugin:80 - create IPUIPlugin
2024-06-30 17:24:31,717 [INFO] PluginManager:220 - loadIPPluginJar : add openamp
2024-06-30 17:24:31,719 [INFO] IPUIPlugin:80 - create IPUIPlugin
2024-06-30 17:24:31,719 [INFO] PluginManager:220 - loadIPPluginJar : add pdm2pcm
2024-06-30 17:24:31,725 [INFO] IPUIPlugin:80 - create IPUIPlugin
2024-06-30 17:24:31,727 [INFO] PluginManager:220 - loadIPPluginJar : add plateformsettings
2024-06-30 17:24:31,729 [INFO] IPUIPlugin:80 - create IPUIPlugin
2024-06-30 17:24:31,729 [INFO] PluginManager:220 - loadIPPluginJar : add quadspi
2024-06-30 17:24:31,731 [INFO] IPUIPlugin:80 - create IPUIPlugin
2024-06-30 17:24:31,731 [INFO] PluginManager:220 - loadIPPluginJar : add resmgrutility
2024-06-30 17:24:31,734 [INFO] IPUIPlugin:80 - create IPUIPlugin
2024-06-30 17:24:31,734 [INFO] PluginManager:220 - loadIPPluginJar : add sai
2024-06-30 17:24:31,736 [INFO] IPUIPlugin:80 - create IPUIPlugin
2024-06-30 17:24:31,736 [INFO] PluginManager:220 - loadIPPluginJar : add spi
2024-06-30 17:24:31,740 [INFO] IPUIPlugin:80 - create IPUIPlugin
2024-06-30 17:24:31,741 [INFO] PluginManager:220 - loadIPPluginJar : add stm32_wpan
2024-06-30 17:24:31,743 [INFO] IPUIPlugin:80 - create IPUIPlugin
2024-06-30 17:24:31,743 [INFO] PluginManager:220 - loadIPPluginJar : add tim
2024-06-30 17:24:31,748 [INFO] IPUIPlugin:80 - create IPUIPlugin
2024-06-30 17:24:31,748 [INFO] PluginManager:220 - loadIPPluginJar : add touchsensing
2024-06-30 17:24:31,750 [INFO] IPUIPlugin:80 - create IPUIPlugin
2024-06-30 17:24:31,750 [INFO] PluginManager:220 - loadIPPluginJar : add tracer_emb
2024-06-30 17:24:31,753 [INFO] IPUIPlugin:80 - create IPUIPlugin
2024-06-30 17:24:31,753 [INFO] PluginManager:220 - loadIPPluginJar : add ts
2024-06-30 17:24:31,754 [INFO] IPUIPlugin:80 - create IPUIPlugin
2024-06-30 17:24:31,755 [INFO] PluginManager:220 - loadIPPluginJar : add tsc
2024-06-30 17:24:31,756 [INFO] IPUIPlugin:80 - create IPUIPlugin
2024-06-30 17:24:31,756 [INFO] PluginManager:220 - loadIPPluginJar : add ucpd
2024-06-30 17:24:31,759 [INFO] IPUIPlugin:80 - create IPUIPlugin
2024-06-30 17:24:31,759 [INFO] PluginManager:220 - loadIPPluginJar : add usart
2024-06-30 17:24:31,762 [INFO] IPUIPlugin:80 - create IPUIPlugin
2024-06-30 17:24:31,762 [INFO] PluginManager:220 - loadIPPluginJar : add usbx
2024-06-30 17:24:31,903 [INFO] CADModel:165 - CPN selected for project level
2024-06-30 17:24:31,904 [INFO] CADModel:114 - Register for checkConnection events
2024-06-30 17:24:31,904 [FATAL] Updater:308 - Updater called before beeing initialized
2024-06-30 17:24:31,904 [ERROR] CADModel:125 - Updater not yet initialized, retry later 
2024-06-30 17:24:32,129 [INFO] CADModel:165 - CPN selected for project level
2024-06-30 17:24:32,129 [INFO] CADModel:114 - Register for checkConnection events
2024-06-30 17:24:32,130 [FATAL] Updater:308 - Updater called before beeing initialized
2024-06-30 17:24:32,130 [ERROR] CADModel:125 - Updater not yet initialized, retry later 
2024-06-30 17:24:32,138 [FATAL] Updater:308 - Updater called before beeing initialized
2024-06-30 17:24:32,360 [FATAL] Updater:308 - Updater called before beeing initialized
2024-06-30 17:24:32,365 [INFO] DbMcusAds:53 - JSON generation date=Thu May 16 12:22:00 TRT 2024 (1715851320852)
2024-06-30 17:24:32,365 [FATAL] Updater:308 - Updater called before beeing initialized
2024-06-30 17:24:32,422 [WARN] DetailPanel:346 - Failed to get advertising image, set to default
2024-06-30 17:24:32,541 [FATAL] Updater:308 - Updater called before beeing initialized
2024-06-30 17:24:32,542 [FATAL] Updater:308 - Updater called before beeing initialized
2024-06-30 17:24:32,542 [FATAL] Updater:308 - Updater called before beeing initialized
2024-06-30 17:24:32,542 [WARN] DetailPanel:346 - Failed to get advertising image, set to default
2024-06-30 17:24:32,543 [FATAL] Updater:308 - Updater called before beeing initialized
2024-06-30 17:24:32,603 [ERROR] Updater:1120 - MainUpdater not yet initialized. External WinMGr cannot be set.
2024-06-30 17:24:32,605 [INFO] Updater:1056 - Updater Version found : 6.11.1
2024-06-30 17:24:32,618 [INFO] ApplicationProperties:184 - Using Application install path: C:\ST\STM32CubeIDE_1.14.0\STM32CubeIDE\plugins\com.st.stm32cube.common.mx_6.11.1.202404110753
2024-06-30 17:24:33,822 [INFO] ThirdPartyUpdaterWithRetryManager:70 - Updater plugin not ready yet. [2/15]
2024-06-30 17:24:34,197 [ERROR] LogOutputStream:75 - [STDERR_REDIRECT] Jun 30, 2024 5:24:34 PM java.util.prefs.WindowsPreferences <init>
2024-06-30 17:24:34,204 [ERROR] LogOutputStream:75 - [STDERR_REDIRECT] WARNING: Could not open/create prefs root node Software\JavaSoft\Prefs at root 0xffffffff80000002. Windows RegCreateKeyEx(...) returned error code 5.
2024-06-30 17:24:34,204 [ERROR] LogOutputStream:75 - [STDERR_REDIRECT] 
2024-06-30 17:24:34,829 [INFO] MainUpdater:2873 - connection check result : 10
2024-06-30 17:24:34,830 [INFO] MainUpdater:290 - Updater Check For Update Now.
2024-06-30 17:24:34,831 [INFO] MicroXplorer:498 - Change Database Version : DB.6.0.111
2024-06-30 17:24:34,846 [INFO] McuFinderGlobals:63 - Set McuFinder mode to 2 (CubeIDE integrated)
2024-06-30 17:24:34,855 [INFO] UserAuth:415 - Internet connection configuration mode: 1
2024-06-30 17:24:34,879 [INFO] JxBrowserEngine:152 - Initiate JxBrowser Engine with user profile folder
2024-06-30 17:24:35,067 [INFO] CheckServerUpdateThread:120 - End of CheckServer Thread
2024-06-30 17:24:35,638 [INFO] WebApp:161 - Instantiating new browser for Auth
2024-06-30 17:24:36,398 [INFO] WebApp:779 - Register for checkConnection events
2024-06-30 17:24:36,398 [INFO] WebApp:414 - Apply proxy settings
2024-06-30 17:24:36,398 [INFO] WebApp:499 - Chromium requires no authentication
2024-06-30 17:24:36,405 [INFO] WebApp:442 - Direct internet connection detected
2024-06-30 17:24:36,534 [INFO] WebApp:192 - Starting web application
2024-06-30 17:24:36,534 [INFO] WebApp:544 - Web application path used C:\ST\STM32CubeIDE_1.14.0\STM32CubeIDE\plugins\com.st.stm32cube.common.mx_6.11.1.202404110753\db\plugins\mcufinder\reactClient1\index.html
2024-06-30 17:24:37,087 [WARN] PackLoader:240 - Cannot read IP mode file for STMicroelectronics.FP-SNS-MOTENVWB1.1.4.0
2024-06-30 17:24:37,108 [WARN] PackLoader:240 - Cannot read IP mode file for STMicroelectronics.X-CUBE-SMBUS.2.1.0
2024-06-30 17:24:37,115 [WARN] PackLoader:240 - Cannot read IP mode file for STMicroelectronics.X-CUBE-TOUCHGFX.4.23.1
2024-06-30 17:24:37,119 [WARN] PackLoader:240 - Cannot read IP mode file for STMicroelectronics.X-CUBE-TOUCHGFX.4.23.0
2024-06-30 17:24:37,123 [WARN] PackLoader:240 - Cannot read IP mode file for STMicroelectronics.X-CUBE-TOUCHGFX.4.23.2
2024-06-30 17:24:37,172 [WARN] PackLoader:240 - Cannot read IP mode file for STMicroelectronics.X-CUBE-AZRTOS-F7.1.1.0
2024-06-30 17:24:37,188 [WARN] PackLoader:240 - Cannot read IP mode file for STMicroelectronics.FP-SNS-MOTENV1.4.3.2
2024-06-30 17:24:37,197 [WARN] PackLoader:240 - Cannot read IP mode file for STMicroelectronics.FP-SNS-FLIGHT1.5.0.2
2024-06-30 17:24:37,209 [WARN] PackLoader:240 - Cannot read IP mode file for STMicroelectronics.X-CUBE-DISPLAY.3.0.0
2024-06-30 17:24:37,226 [WARN] PackLoader:240 - Cannot read IP mode file for STMicroelectronics.X-CUBE-BLE1.7.0.0
2024-06-30 17:24:37,234 [WARN] PackLoader:240 - Cannot read IP mode file for emotas.I-CUBE-CANOPEN.1.3.0
2024-06-30 17:24:37,239 [WARN] PackLoader:240 - Cannot read IP mode file for STMicroelectronics.X-CUBE-TOUCHGFX.4.22.0
2024-06-30 17:24:37,242 [WARN] PackLoader:240 - Cannot read IP mode file for STMicroelectronics.X-CUBE-TOUCHGFX.4.22.1
2024-06-30 17:24:37,265 [WARN] PackLoader:240 - Cannot read IP mode file for STMicroelectronics.X-CUBE-BLEMGR.3.1.0
2024-06-30 17:24:37,276 [WARN] PackLoader:240 - Cannot read IP mode file for STMicroelectronics.FP-SNS-SMARTAG2.1.2.0
2024-06-30 17:24:37,295 [INFO] LogOutputStream:77 - [STDOUT_REDIRECT] 1 : Invalid condition id : UX_CORESTACK_Condition cause : null
2024-06-30 17:24:37,296 [INFO] LogOutputStream:77 - [STDOUT_REDIRECT] 1 : Invalid condition id : UX_CORESTACK_Condition cause : null
2024-06-30 17:24:37,299 [INFO] LogOutputStream:77 - [STDOUT_REDIRECT] 1 : Invalid condition id : UX_CORESTACK_Condition cause : null
2024-06-30 17:24:37,301 [INFO] LogOutputStream:77 - [STDOUT_REDIRECT] 1 : Invalid condition id : UX_CORESTACK_Condition cause : null
2024-06-30 17:24:37,304 [INFO] LogOutputStream:77 - [STDOUT_REDIRECT] 1 : Invalid condition id : UX_CORESTACK_Condition cause : null
2024-06-30 17:24:37,313 [WARN] PackLoader:240 - Cannot read IP mode file for STMicroelectronics.X-CUBE-AZRTOS-WL.2.0.0
2024-06-30 17:24:37,323 [WARN] PackLoader:240 - Cannot read IP mode file for STMicroelectronics.FP-SNS-MOTENV1.5.0.0
2024-06-30 17:24:37,333 [WARN] PackLoader:240 - Cannot read IP mode file for wolfSSL.I-CUBE-wolfMQTT.1.19.0
2024-06-30 17:24:37,347 [WARN] PackLoader:240 - Cannot read IP mode file for WES.I-CUBE-Cesium.1.3.0
2024-06-30 17:24:37,356 [WARN] PackLoader:240 - Cannot read IP mode file for STMicroelectronics.X-CUBE-BLE2.3.3.0
2024-06-30 17:24:37,386 [WARN] PackLoader:240 - Cannot read IP mode file for STMicroelectronics.X-CUBE-TCPP.4.1.0
2024-06-30 17:24:37,402 [WARN] PackLoader:240 - Cannot read IP mode file for STMicroelectronics.X-CUBE-ALGOBUILD.1.3.0
2024-06-30 17:24:37,441 [WARN] PackLoader:240 - Cannot read IP mode file for STMicroelectronics.X-CUBE-AZRTOS-G0.1.1.0
2024-06-30 17:24:37,454 [WARN] PackLoader:240 - Cannot read IP mode file for STMicroelectronics.X-CUBE-SAFEA1.1.2.2
2024-06-30 17:24:37,462 [WARN] PackLoader:240 - Cannot read IP mode file for STMicroelectronics.X-CUBE-NFC4.3.0.0
2024-06-30 17:24:37,474 [WARN] PackLoader:240 - Cannot read IP mode file for STMicroelectronics.X-CUBE-BLEMGR.3.0.0
2024-06-30 17:24:37,481 [WARN] PackLoader:240 - Cannot read IP mode file for STMicroelectronics.FP-ATR-SIGFOX1.3.2.0
2024-06-30 17:24:37,491 [WARN] PackLoader:240 - Cannot read IP mode file for STMicroelectronics.X-CUBE-EEPRMA1.5.1.0
2024-06-30 17:24:37,546 [WARN] PackLoader:240 - Cannot read IP mode file for SEGGER.I-CUBE-embOS.1.3.1
2024-06-30 17:24:37,620 [WARN] PackLoader:240 - Cannot read IP mode file for STMicroelectronics.X-CUBE-ALGOBUILD.1.4.0
2024-06-30 17:24:37,628 [WARN] PackLoader:240 - Cannot read IP mode file for STMicroelectronics.X-CUBE-GNSS1.6.0.0
2024-06-30 17:24:37,649 [WARN] PackLoader:240 - Cannot read IP mode file for STMicroelectronics.X-CUBE-AZRTOS-F4.1.1.0
2024-06-30 17:24:37,656 [WARN] PackLoader:240 - Cannot read IP mode file for wolfSSL.I-CUBE-wolfSSL.5.6.3
2024-06-30 17:24:37,662 [WARN] PackLoader:240 - Cannot read IP mode file for STMicroelectronics.X-CUBE-FREERTOS.1.2.0
2024-06-30 17:24:37,682 [WARN] PackLoader:240 - Cannot read IP mode file for STMicroelectronics.X-CUBE-AZRTOS-L5.2.0.0
2024-06-30 17:24:37,729 [WARN] PackLoader:240 - Cannot read IP mode file for STMicroelectronics.X-CUBE-MEMS1.9.6.0
2024-06-30 17:24:37,952 [WARN] PackLoader:240 - Cannot read IP mode file for STMicroelectronics.X-CUBE-EEPRMA1.4.2.0
2024-06-30 17:24:37,965 [WARN] PackLoader:240 - Cannot read IP mode file for STMicroelectronics.X-CUBE-NFC6.3.1.0
2024-06-30 17:24:37,975 [WARN] PackLoader:240 - Cannot read IP mode file for ITTIA_DB.I-CUBE-ITTIADB.8.8.0
2024-06-30 17:24:37,986 [WARN] PackLoader:240 - Cannot read IP mode file for STMicroelectronics.X-CUBE-BLEMGR.2.0.0
2024-06-30 17:24:37,994 [WARN] PackLoader:240 - Cannot read IP mode file for STMicroelectronics.X-CUBE-AI.9.0.0
2024-06-30 17:24:38,036 [WARN] ConditionMgr:438 - getConditionDescription Invalid condition id : UX DEVICE CLASS RTOS Condition cause : null
2024-06-30 17:24:38,036 [WARN] ConditionMgr:438 - getConditionDescription Invalid condition id : UX DEVICE CLASS RTOS Condition cause : null
2024-06-30 17:24:38,042 [WARN] PackLoader:240 - Cannot read IP mode file for STMicroelectronics.X-CUBE-AZRTOS-H7.3.1.0
2024-06-30 17:24:38,044 [WARN] ConditionMgr:1039 - genDependencies : Invalid condition id : UX DEVICE CLASS RTOS Condition cause : null
2024-06-30 17:24:38,044 [WARN] ConditionMgr:1039 - genDependencies : Invalid condition id : UX DEVICE CLASS RTOS Condition cause : null
2024-06-30 17:24:38,046 [WARN] ConditionMgr:1039 - genDependencies : Invalid condition id : UX DEVICE CLASS RTOS Condition cause : null
2024-06-30 17:24:38,047 [WARN] ConditionMgr:1039 - genDependencies : Invalid condition id : UX DEVICE CLASS RTOS Condition cause : null
2024-06-30 17:24:38,047 [WARN] ConditionMgr:1039 - genDependencies : Invalid condition id : UX DEVICE CLASS RTOS Condition cause : null
2024-06-30 17:24:38,063 [WARN] PackLoader:240 - Cannot read IP mode file for STMicroelectronics.X-CUBE-NFC7.1.0.1
2024-06-30 17:24:38,076 [WARN] PackLoader:240 - Cannot read IP mode file for STMicroelectronics.X-CUBE-NFC6.3.0.0
2024-06-30 17:24:38,088 [WARN] PackLoader:240 - Cannot read IP mode file for STMicroelectronics.X-CUBE-EEPRMA1.4.1.0
2024-06-30 17:24:38,093 [WARN] PackLoader:240 - Cannot read IP mode file for STMicroelectronics.X-CUBE-AI.8.1.0
2024-06-30 17:24:38,121 [WARN] ConditionMgr:438 - getConditionDescription Invalid condition id : LAN8742 Phy interface Condition cause : null
2024-06-30 17:24:38,123 [WARN] PackLoader:240 - Cannot read IP mode file for STMicroelectronics.X-CUBE-AZRTOS-L4.2.0.0
2024-06-30 17:24:38,125 [WARN] ConditionMgr:1039 - genDependencies : Invalid condition id : LAN8742 Phy interface Condition cause : null
2024-06-30 17:24:38,126 [WARN] ConditionMgr:1039 - genDependencies : Invalid condition id : LAN8742 Phy interface Condition cause : null
2024-06-30 17:24:38,127 [WARN] ConditionMgr:1039 - genDependencies : Invalid condition id : LAN8742 Phy interface Condition cause : null
2024-06-30 17:24:38,136 [WARN] PackLoader:240 - Cannot read IP mode file for STMicroelectronics.X-CUBE-SFXS2LP1.4.0.0
2024-06-30 17:24:38,143 [WARN] PackLoader:240 - Cannot read IP mode file for STMicroelectronics.X-CUBE-ISPU.1.1.0
2024-06-30 17:24:38,159 [WARN] ConditionMgr:438 - getConditionDescription Invalid condition id : UX DEVICE CLASS RTOS Condition cause : null
2024-06-30 17:24:38,159 [WARN] ConditionMgr:438 - getConditionDescription Invalid condition id : UX DEVICE CLASS RTOS Condition cause : null
2024-06-30 17:24:38,162 [WARN] PackLoader:240 - Cannot read IP mode file for STMicroelectronics.X-CUBE-AZRTOS-WB.2.0.0
2024-06-30 17:24:38,163 [WARN] ConditionMgr:1039 - genDependencies : Invalid condition id : UX DEVICE CLASS RTOS Condition cause : null
2024-06-30 17:24:38,164 [WARN] ConditionMgr:1039 - genDependencies : Invalid condition id : UX DEVICE CLASS RTOS Condition cause : null
2024-06-30 17:24:38,164 [WARN] ConditionMgr:1039 - genDependencies : Invalid condition id : UX DEVICE CLASS RTOS Condition cause : null
2024-06-30 17:24:38,164 [WARN] ConditionMgr:1039 - genDependencies : Invalid condition id : UX DEVICE CLASS RTOS Condition cause : null
2024-06-30 17:24:38,164 [WARN] ConditionMgr:1039 - genDependencies : Invalid condition id : UX DEVICE CLASS RTOS Condition cause : null
2024-06-30 17:24:38,169 [WARN] PackLoader:240 - Cannot read IP mode file for STMicroelectronics.X-CUBE-FREERTOS.1.0.1
2024-06-30 17:24:38,183 [WARN] PackLoader:240 - Cannot read IP mode file for STMicroelectronics.X-CUBE-SUBG2.5.0.0
2024-06-30 17:24:38,201 [WARN] PackLoader:240 - Cannot read IP mode file for STMicroelectronics.X-CUBE-TOF1.3.3.1
2024-06-30 17:24:38,232 [WARN] PackLoader:240 - Cannot read IP mode file for STMicroelectronics.X-CUBE-AZRTOS-G4.2.0.0
2024-06-30 17:24:38,248 [WARN] PackLoader:240 - Cannot read IP mode file for Infineon.AIROC-Wi-Fi-Bluetooth-STM32.1.5.1
2024-06-30 17:24:38,257 [WARN] PackLoader:240 - Cannot read IP mode file for STMicroelectronics.FP-SNS-MOTENVWB1.1.3.0
2024-06-30 17:24:38,263 [WARN] PackLoader:240 - Cannot read IP mode file for STMicroelectronics.FP-SNS-MOTENVWB1.1.3.1
2024-06-30 17:24:38,267 [WARN] PackLoader:240 - Cannot read IP mode file for STMicroelectronics.X-CUBE-ISPU.2.0.0
2024-06-30 17:24:38,273 [WARN] PackLoader:240 - Cannot read IP mode file for STMicroelectronics.X-CUBE-ALS.1.0.2
2024-06-30 17:24:38,343 [WARN] PackLoader:240 - Cannot read IP mode file for STMicroelectronics.X-CUBE-MEMS1.10.0.0
2024-06-30 17:24:38,634 [WARN] PackLoader:240 - Cannot read IP mode file for STMicroelectronics.X-CUBE-FREERTOS.1.1.0
2024-06-30 17:24:38,638 [WARN] PackLoader:240 - Cannot read IP mode file for STMicroelectronics.X-CUBE-TOUCHGFX.4.24.0
2024-06-30 17:24:38,647 [WARN] PackLoader:240 - Cannot read IP mode file for portGmbH.I-Cube-SoM-uGOAL.1.1.0
2024-06-30 17:24:38,652 [WARN] PackLoader:240 - Cannot read IP mode file for STMicroelectronics.X-CUBE-ALS.1.0.1
2024-06-30 17:24:38,675 [WARN] PackLoader:240 - Cannot read IP mode file for STMicroelectronics.X-CUBE-AZRTOS-H7RS.1.0.0
2024-06-30 17:24:38,681 [WARN] PackLoader:240 - Cannot read IP mode file for STMicroelectronics.FP-ATR-ASTRA1.2.0.0
2024-06-30 17:24:38,693 [WARN] PackLoader:240 - Cannot read IP mode file for STMicroelectronics.X-CUBE-TOF1.3.4.0
2024-06-30 17:24:38,714 [WARN] PackLoader:240 - Cannot read IP mode file for STMicroelectronics.X-CUBE-TOF1.3.4.1
2024-06-30 17:24:38,746 [WARN] PackLoader:240 - Cannot read IP mode file for STMicroelectronics.X-CUBE-AZRTOS-H7.3.2.0
2024-06-30 17:24:38,749 [INFO] ThirdParty:978 - Integrity check success = true
2024-06-30 17:24:38,750 [INFO] IntegrityCheckThread:100 - exiting critical section [integrity check]
2024-06-30 17:24:38,750 [INFO] IntegrityCheckThread:103 - End integrity checks thread
