2024-05-29 18:30:11,853 [INFO] Activator:176 - 


2024-05-29 18:30:11,860 [INFO] Activator:177 - !SESSION log4j initialized
2024-05-29 18:30:18,755 [INFO] LogOutputStream:77 - [STDOUT_REDIRECT] 
2024-05-29 18:30:23,235 [INFO] ApplicationProperties:184 - Using Application install path: C:\ST\STM32CubeIDE_1.14.0\STM32CubeIDE\plugins\com.st.stm32cube.common.mx_6.11.1.202404110753
2024-05-29 18:30:23,251 [INFO] DbMcusXml:78 - Set database path to: C:\ST\STM32CubeIDE_1.14.0\STM32CubeIDE\plugins\com.st.stm32cube.common.mx_6.11.1.202404110753\\db\/mcu/
2024-05-29 18:30:23,251 [INFO] ApiDb:274 - Set plugin database path to: C:\ST\STM32CubeIDE_1.14.0\STM32CubeIDE\plugins\com.st.stm32cube.common.mx_6.11.1.202404110753\\db\/plugins/boardmanager/
2024-05-29 18:30:23,252 [WARN] ApiDb:259 - Overriding images path with different value:  => C:\ST\STM32CubeIDE_1.14.0\STM32CubeIDE\plugins\com.st.stm32cube.common.mx_6.11.1.202404110753\\db\/plugins/mcufinder/images/
2024-05-29 18:30:23,256 [INFO] ApiDb:250 - Set database path to: C:\Users\uykun\.stmcufinder\plugins\mcufinder//mcu/
2024-05-29 18:30:23,257 [INFO] DbMcusAds:125 - Set database path to: C:\Users\uykun\.stmcufinder\plugins\mcufinder//mcu/
2024-05-29 18:30:23,259 [INFO] CrossReferenceDbSqlite:203 - Set database path to: C:\Users\uykun\.stmcufinder\plugins\mcufinder//mcu/cs/
2024-05-29 18:30:23,369 [INFO] RulesReader:64 - Compatibility file has been processed (297 Rules)
2024-05-29 18:30:23,431 [INFO] DbMcusXml:78 - Set database path to: C:\ST\STM32CubeIDE_1.14.0\STM32CubeIDE\plugins\com.st.stm32cube.common.mx_6.11.1.202404110753\\db\/mcu/
2024-05-29 18:30:23,431 [INFO] ApiDb:274 - Set plugin database path to: C:\ST\STM32CubeIDE_1.14.0\STM32CubeIDE\plugins\com.st.stm32cube.common.mx_6.11.1.202404110753\\db\/plugins/boardmanager/
2024-05-29 18:30:23,431 [INFO] ApiDb:261 - Set plugin images path to: C:\ST\STM32CubeIDE_1.14.0\STM32CubeIDE\plugins\com.st.stm32cube.common.mx_6.11.1.202404110753\\db\/plugins/mcufinder/images/
2024-05-29 18:30:23,432 [WARN] DbFile:41 - Overriding database path with different value: C:\Users\uykun\.stmcufinder\plugins\mcufinder/ => C:\Users\uykun\.stmcufinder\plugins\mcufinder
2024-05-29 18:30:23,432 [INFO] ApiDb:250 - Set database path to: C:\Users\uykun\.stmcufinder\plugins\mcufinder//mcu/
2024-05-29 18:30:23,432 [WARN] DbFile:41 - Overriding database path with different value: C:\Users\uykun\.stmcufinder\plugins\mcufinder/ => C:\Users\uykun\.stmcufinder\plugins\mcufinder
2024-05-29 18:30:23,432 [INFO] DbMcusAds:125 - Set database path to: C:\Users\uykun\.stmcufinder\plugins\mcufinder//mcu/
2024-05-29 18:30:23,432 [WARN] DbFile:41 - Overriding database path with different value: C:\Users\uykun\.stmcufinder\plugins\mcufinder/ => C:\Users\uykun\.stmcufinder\plugins\mcufinder
2024-05-29 18:30:23,432 [WARN] DbFile:41 - Overriding database path with different value: C:\Users\uykun\.stmcufinder\plugins\mcufinder/ => C:\Users\uykun\.stmcufinder\plugins\mcufinder
2024-05-29 18:30:23,432 [INFO] CrossReferenceDbSqlite:203 - Set database path to: C:\Users\uykun\.stmcufinder\plugins\mcufinder//mcu/cs/
2024-05-29 18:30:23,500 [INFO] MainPanel:264 - HeapMemory: 268435456
2024-05-29 18:30:23,561 [INFO] DbMcusXml:78 - Set database path to: C:\ST\STM32CubeIDE_1.14.0\STM32CubeIDE\plugins\com.st.stm32cube.common.mx_6.11.1.202404110753\\db\/mcu/
2024-05-29 18:30:23,562 [INFO] ApiDb:274 - Set plugin database path to: C:\ST\STM32CubeIDE_1.14.0\STM32CubeIDE\plugins\com.st.stm32cube.common.mx_6.11.1.202404110753\\db\/plugins/boardmanager/
2024-05-29 18:30:23,562 [INFO] ApiDb:261 - Set plugin images path to: C:\ST\STM32CubeIDE_1.14.0\STM32CubeIDE\plugins\com.st.stm32cube.common.mx_6.11.1.202404110753\\db\/plugins/mcufinder/images/
2024-05-29 18:30:23,562 [WARN] DbFile:41 - Overriding database path with different value: C:\Users\uykun\.stmcufinder\plugins\mcufinder/ => C:\Users\uykun\.stmcufinder\plugins\mcufinder
2024-05-29 18:30:23,562 [INFO] ApiDb:250 - Set database path to: C:\Users\uykun\.stmcufinder\plugins\mcufinder//mcu/
2024-05-29 18:30:23,562 [WARN] DbFile:41 - Overriding database path with different value: C:\Users\uykun\.stmcufinder\plugins\mcufinder/ => C:\Users\uykun\.stmcufinder\plugins\mcufinder
2024-05-29 18:30:23,562 [INFO] DbMcusAds:125 - Set database path to: C:\Users\uykun\.stmcufinder\plugins\mcufinder//mcu/
2024-05-29 18:30:23,563 [WARN] DbFile:41 - Overriding database path with different value: C:\Users\uykun\.stmcufinder\plugins\mcufinder/ => C:\Users\uykun\.stmcufinder\plugins\mcufinder
2024-05-29 18:30:23,563 [WARN] DbFile:41 - Overriding database path with different value: C:\Users\uykun\.stmcufinder\plugins\mcufinder/ => C:\Users\uykun\.stmcufinder\plugins\mcufinder
2024-05-29 18:30:23,563 [INFO] CrossReferenceDbSqlite:203 - Set database path to: C:\Users\uykun\.stmcufinder\plugins\mcufinder//mcu/cs/
2024-05-29 18:30:23,577 [INFO] ApplicationProperties:184 - Using Application install path: C:\ST\STM32CubeIDE_1.14.0\STM32CubeIDE\plugins\com.st.stm32cube.common.mx_6.11.1.202404110753
2024-05-29 18:30:23,578 [INFO] PluginManage:196 - Search for loadable plugins [exclusion list=, ]
2024-05-29 18:30:23,579 [INFO] PluginManage:310 - Check plugin analytics
2024-05-29 18:30:23,747 [INFO] AnalyticsPlugin:253 - Accepted Software Licenses: 
2024-05-29 18:30:23,747 [INFO] AnalyticsPlugin:255 - Accepted CMSIS Pack Licenses: 
2024-05-29 18:30:23,748 [INFO] AnalyticsPlugin:257 - Accepted Firmware Licenses: FW.F4.1.28.0
2024-05-29 18:30:23,750 [INFO] PluginManage:359 - Loaded plugin analytics (category:tool,tabindex:-1)
2024-05-29 18:30:23,751 [INFO] PluginManage:310 - Check plugin cadmodel
2024-05-29 18:30:23,765 [INFO] CADModel:105 - Init CAD model plugin
2024-05-29 18:30:23,765 [INFO] PluginManage:359 - Loaded plugin cadmodel (category:power,tabindex:5)
2024-05-29 18:30:23,765 [INFO] PluginManage:310 - Check plugin clock
2024-05-29 18:30:23,782 [INFO] PluginManage:359 - Loaded plugin clock (category:base,tabindex:2)
2024-05-29 18:30:23,782 [INFO] PluginManage:310 - Check plugin ddr
2024-05-29 18:30:23,784 [INFO] PluginManage:359 - Loaded plugin ddr (category:tool,tabindex:6)
2024-05-29 18:30:23,785 [INFO] PluginManage:310 - Check plugin filemanager
2024-05-29 18:30:23,911 [INFO] PluginManage:359 - Loaded plugin filemanager (category:base,tabindex:10)
2024-05-29 18:30:23,912 [INFO] PluginManage:310 - Check plugin ipmanager
2024-05-29 18:30:23,917 [INFO] PluginManage:359 - Loaded plugin ipmanager (category:base,tabindex:5)
2024-05-29 18:30:23,918 [INFO] PluginManage:310 - Check plugin lpbam
2024-05-29 18:30:23,932 [INFO] PluginManage:359 - Loaded plugin lpbam (category:base,tabindex:0)
2024-05-29 18:30:23,932 [INFO] PluginManage:310 - Check plugin memorymap
2024-05-29 18:30:23,949 [INFO] PluginManage:359 - Loaded plugin memorymap (category:base,tabindex:4)
2024-05-29 18:30:23,949 [INFO] PluginManage:310 - Check plugin pinoutandconfiguration
2024-05-29 18:30:23,963 [INFO] PluginManage:359 - Loaded plugin pinoutandconfiguration (category:base,tabindex:1)
2024-05-29 18:30:23,963 [INFO] PluginManage:310 - Check plugin pinoutconfig
2024-05-29 18:30:24,044 [WARN] SupportedApi:132 - Cannot load RTOS API schema: s4s-elt-must-match.1: The content of 'definitions' must match (annotation?, (simpleType | complexType)?, (unique | key | keyref)*)). A problem was found starting at: attribute.
2024-05-29 18:30:24,151 [INFO] PluginManage:359 - Loaded plugin pinoutconfig (category:base,tabindex:0)
2024-05-29 18:30:24,152 [INFO] PluginManage:310 - Check plugin power
2024-05-29 18:30:24,167 [INFO] PluginManage:359 - Loaded plugin power (category:power,tabindex:4)
2024-05-29 18:30:24,168 [INFO] PluginManage:310 - Check plugin projectmanager
2024-05-29 18:30:24,182 [INFO] PluginManage:359 - Loaded plugin projectmanager (category:projectmanager,tabindex:3)
2024-05-29 18:30:24,182 [INFO] PluginManage:310 - Check plugin thirdparty
2024-05-29 18:30:24,454 [INFO] PluginManage:359 - Loaded plugin thirdparty (category:base,tabindex:-1)
2024-05-29 18:30:24,454 [WARN] IntegrityCheckThread:84 - waiting for thirdparty lock release [integrity check]
2024-05-29 18:30:24,455 [INFO] PluginManage:310 - Check plugin tools
2024-05-29 18:30:24,455 [INFO] IntegrityCheckThread:86 - entering critical section [integrity check]
2024-05-29 18:30:24,455 [INFO] ThirdPartyUpdaterWithRetryManager:70 - Updater plugin not ready yet. [1/15]
2024-05-29 18:30:24,486 [INFO] PluginManage:359 - Loaded plugin tools (category:base,tabindex:7)
2024-05-29 18:30:24,486 [INFO] PluginManage:310 - Check plugin tutovideos
2024-05-29 18:30:24,627 [INFO] PluginManage:359 - Loaded plugin tutovideos (category:base,tabindex:-1)
2024-05-29 18:30:24,627 [INFO] PluginManage:310 - Check plugin updater
2024-05-29 18:30:24,637 [INFO] PluginManage:359 - Loaded plugin updater (category:base,tabindex:12)
2024-05-29 18:30:24,637 [INFO] PluginManage:310 - Check plugin userauth
2024-05-29 18:30:24,641 [INFO] UserAuth:114 - Init User Auth plugin
2024-05-29 18:30:24,642 [INFO] PluginManage:359 - Loaded plugin userauth (category:base,tabindex:14)
2024-05-29 18:30:24,642 [INFO] PluginManage:283 - PluginManage : Loaded plugins [17]
2024-05-29 18:30:24,816 [INFO] PinOutPanel:1561 - setPackage(No Configuration,No Configuration)
2024-05-29 18:30:24,881 [INFO] CADModel:165 - CPN selected for project level
2024-05-29 18:30:24,881 [INFO] CADModel:114 - Register for checkConnection events
2024-05-29 18:30:24,903 [INFO] IPUIPlugin:80 - create IPUIPlugin
2024-05-29 18:30:24,903 [INFO] PluginManager:220 - loadIPPluginJar : add adc
2024-05-29 18:30:24,937 [INFO] IPUIPlugin:80 - create IPUIPlugin
2024-05-29 18:30:24,938 [INFO] PluginManager:220 - loadIPPluginJar : add aes
2024-05-29 18:30:24,980 [INFO] IPUIPlugin:80 - create IPUIPlugin
2024-05-29 18:30:24,980 [INFO] PluginManager:220 - loadIPPluginJar : add can
2024-05-29 18:30:25,003 [INFO] IPUIPlugin:80 - create IPUIPlugin
2024-05-29 18:30:25,003 [INFO] PluginManager:220 - loadIPPluginJar : add comp
2024-05-29 18:30:25,039 [INFO] IPUIPlugin:80 - create IPUIPlugin
2024-05-29 18:30:25,039 [INFO] PluginManager:220 - loadIPPluginJar : add cryp
2024-05-29 18:30:25,066 [INFO] IPUIPlugin:80 - create IPUIPlugin
2024-05-29 18:30:25,066 [INFO] PluginManager:220 - loadIPPluginJar : add dfsdm
2024-05-29 18:30:25,078 [INFO] IPUIPlugin:80 - create IPUIPlugin
2024-05-29 18:30:25,078 [INFO] PluginManager:220 - loadIPPluginJar : add dma
2024-05-29 18:30:25,114 [INFO] IPUIPlugin:80 - create IPUIPlugin
2024-05-29 18:30:25,114 [INFO] PluginManager:220 - loadIPPluginJar : add dma3
2024-05-29 18:30:25,154 [INFO] IPUIPlugin:80 - create IPUIPlugin
2024-05-29 18:30:25,154 [INFO] PluginManager:220 - loadIPPluginJar : add extmemmanager
2024-05-29 18:30:25,172 [INFO] IPUIPlugin:80 - create IPUIPlugin
2024-05-29 18:30:25,172 [INFO] PluginManager:220 - loadIPPluginJar : add fatfs
2024-05-29 18:30:25,217 [INFO] IPUIPlugin:80 - create IPUIPlugin
2024-05-29 18:30:25,217 [INFO] PluginManager:220 - loadIPPluginJar : add fmc
2024-05-29 18:30:25,229 [INFO] IPUIPlugin:80 - create IPUIPlugin
2024-05-29 18:30:25,229 [INFO] PluginManager:220 - loadIPPluginJar : add freertos
2024-05-29 18:30:25,248 [INFO] IPUIPlugin:80 - create IPUIPlugin
2024-05-29 18:30:25,248 [INFO] PluginManager:220 - loadIPPluginJar : add genericplugin
2024-05-29 18:30:25,330 [INFO] IPUIPlugin:80 - create IPUIPlugin
2024-05-29 18:30:25,330 [INFO] PluginManager:220 - loadIPPluginJar : add gfxmmu
2024-05-29 18:30:25,442 [INFO] IPUIPlugin:80 - create IPUIPlugin
2024-05-29 18:30:25,442 [INFO] PluginManager:220 - loadIPPluginJar : add gic
2024-05-29 18:30:25,452 [INFO] IPUIPlugin:80 - create IPUIPlugin
2024-05-29 18:30:25,452 [INFO] PluginManager:220 - loadIPPluginJar : add gpio
2024-05-29 18:30:25,530 [INFO] IPUIPlugin:80 - create IPUIPlugin
2024-05-29 18:30:25,530 [INFO] PluginManager:220 - loadIPPluginJar : add gtzc
2024-05-29 18:30:25,559 [INFO] IPUIPlugin:80 - create IPUIPlugin
2024-05-29 18:30:25,559 [INFO] PluginManager:220 - loadIPPluginJar : add hash
2024-05-29 18:30:25,603 [INFO] IPUIPlugin:80 - create IPUIPlugin
2024-05-29 18:30:25,603 [INFO] PluginManager:220 - loadIPPluginJar : add i2c
2024-05-29 18:30:25,636 [INFO] IPUIPlugin:80 - create IPUIPlugin
2024-05-29 18:30:25,636 [INFO] PluginManager:220 - loadIPPluginJar : add i2s
2024-05-29 18:30:25,674 [INFO] IPUIPlugin:80 - create IPUIPlugin
2024-05-29 18:30:25,674 [INFO] PluginManager:220 - loadIPPluginJar : add i3c
2024-05-29 18:30:25,770 [INFO] IPUIPlugin:80 - create IPUIPlugin
2024-05-29 18:30:25,770 [INFO] PluginManager:220 - loadIPPluginJar : add ipddr
2024-05-29 18:30:25,849 [INFO] IPUIPlugin:80 - create IPUIPlugin
2024-05-29 18:30:25,849 [INFO] PluginManager:220 - loadIPPluginJar : add linkedlist
2024-05-29 18:30:25,879 [INFO] IPUIPlugin:80 - create IPUIPlugin
2024-05-29 18:30:25,879 [INFO] PluginManager:220 - loadIPPluginJar : add lorawan
2024-05-29 18:30:25,913 [INFO] IPUIPlugin:80 - create IPUIPlugin
2024-05-29 18:30:25,913 [INFO] PluginManager:220 - loadIPPluginJar : add ltdc
2024-05-29 18:30:25,924 [INFO] IPUIPlugin:80 - create IPUIPlugin
2024-05-29 18:30:25,925 [INFO] PluginManager:220 - loadIPPluginJar : add mdma
2024-05-29 18:30:25,936 [INFO] IPUIPlugin:80 - create IPUIPlugin
2024-05-29 18:30:25,936 [INFO] PluginManager:220 - loadIPPluginJar : add nvic
2024-05-29 18:30:25,967 [INFO] IPUIPlugin:80 - create IPUIPlugin
2024-05-29 18:30:25,967 [INFO] PluginManager:220 - loadIPPluginJar : add opamp
2024-05-29 18:30:26,027 [INFO] IPUIPlugin:80 - create IPUIPlugin
2024-05-29 18:30:26,028 [INFO] PluginManager:220 - loadIPPluginJar : add openamp
2024-05-29 18:30:26,063 [INFO] IPUIPlugin:80 - create IPUIPlugin
2024-05-29 18:30:26,063 [INFO] PluginManager:220 - loadIPPluginJar : add pdm2pcm
2024-05-29 18:30:26,075 [INFO] IPUIPlugin:80 - create IPUIPlugin
2024-05-29 18:30:26,077 [INFO] PluginManager:220 - loadIPPluginJar : add plateformsettings
2024-05-29 18:30:26,096 [INFO] IPUIPlugin:80 - create IPUIPlugin
2024-05-29 18:30:26,096 [INFO] PluginManager:220 - loadIPPluginJar : add quadspi
2024-05-29 18:30:26,107 [INFO] IPUIPlugin:80 - create IPUIPlugin
2024-05-29 18:30:26,107 [INFO] PluginManager:220 - loadIPPluginJar : add resmgrutility
2024-05-29 18:30:26,148 [INFO] IPUIPlugin:80 - create IPUIPlugin
2024-05-29 18:30:26,148 [INFO] PluginManager:220 - loadIPPluginJar : add sai
2024-05-29 18:30:26,181 [INFO] IPUIPlugin:80 - create IPUIPlugin
2024-05-29 18:30:26,181 [INFO] PluginManager:220 - loadIPPluginJar : add spi
2024-05-29 18:30:26,244 [INFO] IPUIPlugin:80 - create IPUIPlugin
2024-05-29 18:30:26,244 [INFO] PluginManager:220 - loadIPPluginJar : add stm32_wpan
2024-05-29 18:30:26,265 [INFO] IPUIPlugin:80 - create IPUIPlugin
2024-05-29 18:30:26,265 [INFO] PluginManager:220 - loadIPPluginJar : add tim
2024-05-29 18:30:26,320 [INFO] IPUIPlugin:80 - create IPUIPlugin
2024-05-29 18:30:26,320 [INFO] PluginManager:220 - loadIPPluginJar : add touchsensing
2024-05-29 18:30:26,340 [INFO] IPUIPlugin:80 - create IPUIPlugin
2024-05-29 18:30:26,340 [INFO] PluginManager:220 - loadIPPluginJar : add tracer_emb
2024-05-29 18:30:26,361 [INFO] IPUIPlugin:80 - create IPUIPlugin
2024-05-29 18:30:26,361 [INFO] PluginManager:220 - loadIPPluginJar : add ts
2024-05-29 18:30:26,382 [INFO] IPUIPlugin:80 - create IPUIPlugin
2024-05-29 18:30:26,382 [INFO] PluginManager:220 - loadIPPluginJar : add tsc
2024-05-29 18:30:26,402 [INFO] IPUIPlugin:80 - create IPUIPlugin
2024-05-29 18:30:26,402 [INFO] PluginManager:220 - loadIPPluginJar : add ucpd
2024-05-29 18:30:26,443 [INFO] IPUIPlugin:80 - create IPUIPlugin
2024-05-29 18:30:26,444 [INFO] PluginManager:220 - loadIPPluginJar : add usart
2024-05-29 18:30:26,484 [INFO] IPUIPlugin:80 - create IPUIPlugin
2024-05-29 18:30:26,484 [INFO] PluginManager:220 - loadIPPluginJar : add usbx
2024-05-29 18:30:26,602 [INFO] CADModel:165 - CPN selected for project level
2024-05-29 18:30:26,603 [INFO] CADModel:114 - Register for checkConnection events
2024-05-29 18:30:26,603 [FATAL] Updater:308 - Updater called before beeing initialized
2024-05-29 18:30:26,603 [ERROR] CADModel:125 - Updater not yet initialized, retry later 
2024-05-29 18:30:26,720 [INFO] CADModel:165 - CPN selected for project level
2024-05-29 18:30:26,720 [INFO] CADModel:114 - Register for checkConnection events
2024-05-29 18:30:26,720 [FATAL] Updater:308 - Updater called before beeing initialized
2024-05-29 18:30:26,720 [ERROR] CADModel:125 - Updater not yet initialized, retry later 
2024-05-29 18:30:26,723 [FATAL] Updater:308 - Updater called before beeing initialized
2024-05-29 18:30:26,843 [FATAL] Updater:308 - Updater called before beeing initialized
2024-05-29 18:30:26,855 [INFO] DbMcusAds:53 - JSON generation date=Thu May 16 12:22:00 TRT 2024 (1715851320852)
2024-05-29 18:30:26,855 [FATAL] Updater:308 - Updater called before beeing initialized
2024-05-29 18:30:26,927 [WARN] DetailPanel:346 - Failed to get advertising image, set to default
2024-05-29 18:30:27,077 [FATAL] Updater:308 - Updater called before beeing initialized
2024-05-29 18:30:27,079 [FATAL] Updater:308 - Updater called before beeing initialized
2024-05-29 18:30:27,079 [FATAL] Updater:308 - Updater called before beeing initialized
2024-05-29 18:30:27,079 [WARN] DetailPanel:346 - Failed to get advertising image, set to default
2024-05-29 18:30:27,079 [FATAL] Updater:308 - Updater called before beeing initialized
2024-05-29 18:30:27,135 [ERROR] Updater:1120 - MainUpdater not yet initialized. External WinMGr cannot be set.
2024-05-29 18:30:27,145 [INFO] Updater:1056 - Updater Version found : 6.11.1
2024-05-29 18:30:27,161 [INFO] ApplicationProperties:184 - Using Application install path: C:\ST\STM32CubeIDE_1.14.0\STM32CubeIDE\plugins\com.st.stm32cube.common.mx_6.11.1.202404110753
2024-05-29 18:30:27,456 [INFO] ThirdPartyUpdaterWithRetryManager:70 - Updater plugin not ready yet. [2/15]
2024-05-29 18:30:28,734 [ERROR] LogOutputStream:75 - [STDERR_REDIRECT] May 29, 2024 6:30:28 PM java.util.prefs.WindowsPreferences <init>
2024-05-29 18:30:28,736 [ERROR] LogOutputStream:75 - [STDERR_REDIRECT] WARNING: Could not open/create prefs root node Software\JavaSoft\Prefs at root 0xffffffff80000002. Windows RegCreateKeyEx(...) returned error code 5.
2024-05-29 18:30:28,736 [ERROR] LogOutputStream:75 - [STDERR_REDIRECT] 
2024-05-29 18:30:29,186 [INFO] MainUpdater:2873 - connection check result : 10
2024-05-29 18:30:29,188 [INFO] MainUpdater:290 - Updater Check For Update Now.
2024-05-29 18:30:29,188 [INFO] MicroXplorer:498 - Change Database Version : DB.6.0.111
2024-05-29 18:30:29,211 [INFO] McuFinderGlobals:63 - Set McuFinder mode to 2 (CubeIDE integrated)
2024-05-29 18:30:29,231 [INFO] UserAuth:415 - Internet connection configuration mode: 1
2024-05-29 18:30:29,275 [INFO] JxBrowserEngine:152 - Initiate JxBrowser Engine with user profile folder
2024-05-29 18:30:29,480 [INFO] CheckServerUpdateThread:120 - End of CheckServer Thread
2024-05-29 18:30:30,648 [WARN] PackLoader:240 - Cannot read IP mode file for STMicroelectronics.FP-SNS-MOTENVWB1.1.4.0
2024-05-29 18:30:30,665 [WARN] PackLoader:240 - Cannot read IP mode file for STMicroelectronics.X-CUBE-SMBUS.2.1.0
2024-05-29 18:30:30,678 [WARN] PackLoader:240 - Cannot read IP mode file for STMicroelectronics.X-CUBE-TOUCHGFX.4.23.1
2024-05-29 18:30:30,689 [WARN] PackLoader:240 - Cannot read IP mode file for STMicroelectronics.X-CUBE-TOUCHGFX.4.23.0
2024-05-29 18:30:30,699 [WARN] PackLoader:240 - Cannot read IP mode file for STMicroelectronics.X-CUBE-TOUCHGFX.4.23.2
2024-05-29 18:30:30,747 [WARN] PackLoader:240 - Cannot read IP mode file for STMicroelectronics.X-CUBE-AZRTOS-F7.1.1.0
2024-05-29 18:30:30,770 [WARN] PackLoader:240 - Cannot read IP mode file for STMicroelectronics.FP-SNS-MOTENV1.4.3.2
2024-05-29 18:30:30,788 [WARN] PackLoader:240 - Cannot read IP mode file for STMicroelectronics.FP-SNS-FLIGHT1.5.0.2
2024-05-29 18:30:30,808 [WARN] PackLoader:240 - Cannot read IP mode file for STMicroelectronics.X-CUBE-DISPLAY.3.0.0
2024-05-29 18:30:30,843 [WARN] PackLoader:240 - Cannot read IP mode file for STMicroelectronics.X-CUBE-BLE1.7.0.0
2024-05-29 18:30:30,866 [WARN] PackLoader:240 - Cannot read IP mode file for emotas.I-CUBE-CANOPEN.1.3.0
2024-05-29 18:30:30,886 [WARN] PackLoader:240 - Cannot read IP mode file for STMicroelectronics.X-CUBE-TOUCHGFX.4.22.0
2024-05-29 18:30:30,908 [WARN] PackLoader:240 - Cannot read IP mode file for STMicroelectronics.X-CUBE-TOUCHGFX.4.22.1
2024-05-29 18:30:30,934 [WARN] PackLoader:240 - Cannot read IP mode file for STMicroelectronics.X-CUBE-BLEMGR.3.1.0
2024-05-29 18:30:30,956 [WARN] PackLoader:240 - Cannot read IP mode file for STMicroelectronics.FP-SNS-SMARTAG2.1.2.0
2024-05-29 18:30:30,982 [INFO] LogOutputStream:77 - [STDOUT_REDIRECT] 1 : Invalid condition id : UX_CORESTACK_Condition cause : null
2024-05-29 18:30:30,982 [INFO] LogOutputStream:77 - [STDOUT_REDIRECT] 1 : Invalid condition id : UX_CORESTACK_Condition cause : null
2024-05-29 18:30:30,984 [INFO] LogOutputStream:77 - [STDOUT_REDIRECT] 1 : Invalid condition id : UX_CORESTACK_Condition cause : null
2024-05-29 18:30:30,985 [INFO] LogOutputStream:77 - [STDOUT_REDIRECT] 1 : Invalid condition id : UX_CORESTACK_Condition cause : null
2024-05-29 18:30:30,987 [INFO] LogOutputStream:77 - [STDOUT_REDIRECT] 1 : Invalid condition id : UX_CORESTACK_Condition cause : null
2024-05-29 18:30:30,990 [WARN] PackLoader:240 - Cannot read IP mode file for STMicroelectronics.X-CUBE-AZRTOS-WL.2.0.0
2024-05-29 18:30:31,006 [WARN] PackLoader:240 - Cannot read IP mode file for STMicroelectronics.FP-SNS-MOTENV1.5.0.0
2024-05-29 18:30:31,026 [WARN] PackLoader:240 - Cannot read IP mode file for WES.I-CUBE-Cesium.1.3.0
2024-05-29 18:30:31,037 [WARN] PackLoader:240 - Cannot read IP mode file for STMicroelectronics.X-CUBE-BLE2.3.3.0
2024-05-29 18:30:31,051 [WARN] PackLoader:240 - Cannot read IP mode file for STMicroelectronics.X-CUBE-TCPP.4.1.0
2024-05-29 18:30:31,068 [WARN] PackLoader:240 - Cannot read IP mode file for STMicroelectronics.X-CUBE-ALGOBUILD.1.3.0
2024-05-29 18:30:31,102 [WARN] PackLoader:240 - Cannot read IP mode file for STMicroelectronics.X-CUBE-AZRTOS-G0.1.1.0
2024-05-29 18:30:31,123 [WARN] PackLoader:240 - Cannot read IP mode file for STMicroelectronics.X-CUBE-SAFEA1.1.2.2
2024-05-29 18:30:31,140 [WARN] PackLoader:240 - Cannot read IP mode file for STMicroelectronics.X-CUBE-NFC4.3.0.0
2024-05-29 18:30:31,160 [WARN] PackLoader:240 - Cannot read IP mode file for STMicroelectronics.X-CUBE-BLEMGR.3.0.0
2024-05-29 18:30:31,176 [WARN] PackLoader:240 - Cannot read IP mode file for STMicroelectronics.FP-ATR-SIGFOX1.3.2.0
2024-05-29 18:30:31,194 [WARN] PackLoader:240 - Cannot read IP mode file for STMicroelectronics.X-CUBE-EEPRMA1.5.1.0
2024-05-29 18:30:31,241 [WARN] PackLoader:240 - Cannot read IP mode file for SEGGER.I-CUBE-embOS.1.3.1
2024-05-29 18:30:31,298 [WARN] PackLoader:240 - Cannot read IP mode file for STMicroelectronics.X-CUBE-ALGOBUILD.1.4.0
2024-05-29 18:30:31,315 [WARN] PackLoader:240 - Cannot read IP mode file for STMicroelectronics.X-CUBE-GNSS1.6.0.0
2024-05-29 18:30:31,354 [WARN] PackLoader:240 - Cannot read IP mode file for STMicroelectronics.X-CUBE-AZRTOS-F4.1.1.0
2024-05-29 18:30:31,372 [WARN] PackLoader:240 - Cannot read IP mode file for wolfSSL.I-CUBE-wolfSSL.5.6.3
2024-05-29 18:30:31,390 [WARN] PackLoader:240 - Cannot read IP mode file for STMicroelectronics.X-CUBE-FREERTOS.1.2.0
2024-05-29 18:30:31,432 [WARN] PackLoader:240 - Cannot read IP mode file for STMicroelectronics.X-CUBE-AZRTOS-L5.2.0.0
2024-05-29 18:30:31,500 [WARN] PackLoader:240 - Cannot read IP mode file for STMicroelectronics.X-CUBE-MEMS1.9.6.0
2024-05-29 18:30:31,657 [WARN] PackLoader:240 - Cannot read IP mode file for STMicroelectronics.X-CUBE-EEPRMA1.4.2.0
2024-05-29 18:30:31,676 [WARN] PackLoader:240 - Cannot read IP mode file for STMicroelectronics.X-CUBE-NFC6.3.1.0
2024-05-29 18:30:31,695 [WARN] PackLoader:240 - Cannot read IP mode file for ITTIA_DB.I-CUBE-ITTIADB.8.8.0
2024-05-29 18:30:31,711 [WARN] PackLoader:240 - Cannot read IP mode file for STMicroelectronics.X-CUBE-BLEMGR.2.0.0
2024-05-29 18:30:31,726 [WARN] PackLoader:240 - Cannot read IP mode file for STMicroelectronics.X-CUBE-AI.9.0.0
2024-05-29 18:30:31,763 [WARN] ConditionMgr:438 - getConditionDescription Invalid condition id : UX DEVICE CLASS RTOS Condition cause : null
2024-05-29 18:30:31,763 [WARN] ConditionMgr:438 - getConditionDescription Invalid condition id : UX DEVICE CLASS RTOS Condition cause : null
2024-05-29 18:30:31,769 [WARN] PackLoader:240 - Cannot read IP mode file for STMicroelectronics.X-CUBE-AZRTOS-H7.3.1.0
2024-05-29 18:30:31,771 [WARN] ConditionMgr:1039 - genDependencies : Invalid condition id : UX DEVICE CLASS RTOS Condition cause : null
2024-05-29 18:30:31,771 [WARN] ConditionMgr:1039 - genDependencies : Invalid condition id : UX DEVICE CLASS RTOS Condition cause : null
2024-05-29 18:30:31,772 [WARN] ConditionMgr:1039 - genDependencies : Invalid condition id : UX DEVICE CLASS RTOS Condition cause : null
2024-05-29 18:30:31,773 [WARN] ConditionMgr:1039 - genDependencies : Invalid condition id : UX DEVICE CLASS RTOS Condition cause : null
2024-05-29 18:30:31,773 [WARN] ConditionMgr:1039 - genDependencies : Invalid condition id : UX DEVICE CLASS RTOS Condition cause : null
2024-05-29 18:30:31,791 [WARN] PackLoader:240 - Cannot read IP mode file for STMicroelectronics.X-CUBE-NFC7.1.0.1
2024-05-29 18:30:31,811 [WARN] PackLoader:240 - Cannot read IP mode file for STMicroelectronics.X-CUBE-NFC6.3.0.0
2024-05-29 18:30:31,843 [WARN] PackLoader:240 - Cannot read IP mode file for STMicroelectronics.X-CUBE-EEPRMA1.4.1.0
2024-05-29 18:30:31,863 [WARN] PackLoader:240 - Cannot read IP mode file for STMicroelectronics.X-CUBE-AI.8.1.0
2024-05-29 18:30:31,901 [WARN] ConditionMgr:438 - getConditionDescription Invalid condition id : LAN8742 Phy interface Condition cause : null
2024-05-29 18:30:31,902 [WARN] PackLoader:240 - Cannot read IP mode file for STMicroelectronics.X-CUBE-AZRTOS-L4.2.0.0
2024-05-29 18:30:31,903 [WARN] ConditionMgr:1039 - genDependencies : Invalid condition id : LAN8742 Phy interface Condition cause : null
2024-05-29 18:30:31,903 [WARN] ConditionMgr:1039 - genDependencies : Invalid condition id : LAN8742 Phy interface Condition cause : null
2024-05-29 18:30:31,904 [WARN] ConditionMgr:1039 - genDependencies : Invalid condition id : LAN8742 Phy interface Condition cause : null
2024-05-29 18:30:31,921 [WARN] PackLoader:240 - Cannot read IP mode file for STMicroelectronics.X-CUBE-SFXS2LP1.4.0.0
2024-05-29 18:30:31,935 [WARN] PackLoader:240 - Cannot read IP mode file for STMicroelectronics.X-CUBE-ISPU.1.1.0
2024-05-29 18:30:31,966 [WARN] ConditionMgr:438 - getConditionDescription Invalid condition id : UX DEVICE CLASS RTOS Condition cause : null
2024-05-29 18:30:31,967 [WARN] ConditionMgr:438 - getConditionDescription Invalid condition id : UX DEVICE CLASS RTOS Condition cause : null
2024-05-29 18:30:31,969 [WARN] PackLoader:240 - Cannot read IP mode file for STMicroelectronics.X-CUBE-AZRTOS-WB.2.0.0
2024-05-29 18:30:31,970 [WARN] ConditionMgr:1039 - genDependencies : Invalid condition id : UX DEVICE CLASS RTOS Condition cause : null
2024-05-29 18:30:31,970 [WARN] ConditionMgr:1039 - genDependencies : Invalid condition id : UX DEVICE CLASS RTOS Condition cause : null
2024-05-29 18:30:31,970 [WARN] ConditionMgr:1039 - genDependencies : Invalid condition id : UX DEVICE CLASS RTOS Condition cause : null
2024-05-29 18:30:31,970 [WARN] ConditionMgr:1039 - genDependencies : Invalid condition id : UX DEVICE CLASS RTOS Condition cause : null
2024-05-29 18:30:31,970 [WARN] ConditionMgr:1039 - genDependencies : Invalid condition id : UX DEVICE CLASS RTOS Condition cause : null
2024-05-29 18:30:31,984 [WARN] PackLoader:240 - Cannot read IP mode file for STMicroelectronics.X-CUBE-FREERTOS.1.0.1
2024-05-29 18:30:32,004 [WARN] PackLoader:240 - Cannot read IP mode file for STMicroelectronics.X-CUBE-SUBG2.5.0.0
2024-05-29 18:30:32,031 [WARN] PackLoader:240 - Cannot read IP mode file for STMicroelectronics.X-CUBE-TOF1.3.3.1
2024-05-29 18:30:32,066 [WARN] PackLoader:240 - Cannot read IP mode file for STMicroelectronics.X-CUBE-AZRTOS-G4.2.0.0
2024-05-29 18:30:32,093 [WARN] PackLoader:240 - Cannot read IP mode file for Infineon.AIROC-Wi-Fi-Bluetooth-STM32.1.5.1
2024-05-29 18:30:32,111 [WARN] PackLoader:240 - Cannot read IP mode file for STMicroelectronics.FP-SNS-MOTENVWB1.1.3.0
2024-05-29 18:30:32,127 [WARN] PackLoader:240 - Cannot read IP mode file for STMicroelectronics.FP-SNS-MOTENVWB1.1.3.1
2024-05-29 18:30:32,140 [WARN] PackLoader:240 - Cannot read IP mode file for STMicroelectronics.X-CUBE-ISPU.2.0.0
2024-05-29 18:30:32,156 [WARN] PackLoader:240 - Cannot read IP mode file for STMicroelectronics.X-CUBE-ALS.1.0.2
2024-05-29 18:30:32,211 [WARN] PackLoader:240 - Cannot read IP mode file for STMicroelectronics.X-CUBE-MEMS1.10.0.0
2024-05-29 18:30:32,357 [WARN] PackLoader:240 - Cannot read IP mode file for STMicroelectronics.X-CUBE-FREERTOS.1.1.0
2024-05-29 18:30:32,375 [WARN] PackLoader:240 - Cannot read IP mode file for portGmbH.I-Cube-SoM-uGOAL.1.1.0
2024-05-29 18:30:32,390 [WARN] PackLoader:240 - Cannot read IP mode file for STMicroelectronics.X-CUBE-ALS.1.0.1
2024-05-29 18:30:32,468 [WARN] PackLoader:240 - Cannot read IP mode file for STMicroelectronics.X-CUBE-AZRTOS-H7RS.1.0.0
2024-05-29 18:30:32,483 [WARN] PackLoader:240 - Cannot read IP mode file for STMicroelectronics.FP-ATR-ASTRA1.2.0.0
2024-05-29 18:30:32,502 [WARN] PackLoader:240 - Cannot read IP mode file for STMicroelectronics.X-CUBE-TOF1.3.4.0
2024-05-29 18:30:32,529 [WARN] PackLoader:240 - Cannot read IP mode file for STMicroelectronics.X-CUBE-TOF1.3.4.1
2024-05-29 18:30:32,575 [WARN] PackLoader:240 - Cannot read IP mode file for STMicroelectronics.X-CUBE-AZRTOS-H7.3.2.0
2024-05-29 18:30:32,578 [INFO] ThirdParty:978 - Integrity check success = true
2024-05-29 18:30:32,578 [INFO] IntegrityCheckThread:100 - exiting critical section [integrity check]
2024-05-29 18:30:32,578 [INFO] IntegrityCheckThread:103 - End integrity checks thread
2024-05-29 18:30:33,976 [INFO] WebApp:161 - Instantiating new browser for Auth
2024-05-29 18:30:34,406 [INFO] WebApp:779 - Register for checkConnection events
2024-05-29 18:30:34,406 [INFO] WebApp:414 - Apply proxy settings
2024-05-29 18:30:34,406 [INFO] WebApp:499 - Chromium requires no authentication
2024-05-29 18:30:34,411 [INFO] WebApp:442 - Direct internet connection detected
2024-05-29 18:30:34,503 [INFO] WebApp:192 - Starting web application
2024-05-29 18:30:34,503 [INFO] WebApp:544 - Web application path used C:\ST\STM32CubeIDE_1.14.0\STM32CubeIDE\plugins\com.st.stm32cube.common.mx_6.11.1.202404110753\db\plugins\mcufinder\reactClient1\index.html
