2024-04-01 01:10:36,717 [ERROR] LogOutputStream:75 - [STDERR_REDIRECT] 
2024-04-01 19:14:59,554 [INFO] Activator:176 - 


2024-04-01 19:14:59,556 [INFO] Activator:177 - !SESSION log4j initialized
2024-04-01 19:15:05,340 [INFO] LogOutputStream:77 - [STDOUT_REDIRECT] 
2024-04-01 19:15:16,756 [INFO] ApplicationProperties:184 - Using Application install path: C:\ST\STM32CubeIDE_1.14.0\STM32CubeIDE\plugins\com.st.stm32cube.common.mx_6.10.0.202311202037
2024-04-01 19:15:16,772 [INFO] DbMcusXml:78 - Set database path to: C:\ST\STM32CubeIDE_1.14.0\STM32CubeIDE\plugins\com.st.stm32cube.common.mx_6.10.0.202311202037\\db\/mcu/
2024-04-01 19:15:16,772 [INFO] ApiDb:274 - Set plugin database path to: C:\ST\STM32CubeIDE_1.14.0\STM32CubeIDE\plugins\com.st.stm32cube.common.mx_6.10.0.202311202037\\db\/plugins/boardmanager/
2024-04-01 19:15:16,772 [WARN] ApiDb:259 - Overriding images path with different value:  => C:\ST\STM32CubeIDE_1.14.0\STM32CubeIDE\plugins\com.st.stm32cube.common.mx_6.10.0.202311202037\\db\/plugins/mcufinder/images/
2024-04-01 19:15:16,778 [INFO] ApiDb:250 - Set database path to: C:\Users\uykun\.stmcufinder\plugins\mcufinder//mcu/
2024-04-01 19:15:16,780 [INFO] DbMcusAds:125 - Set database path to: C:\Users\uykun\.stmcufinder\plugins\mcufinder//mcu/
2024-04-01 19:15:16,781 [INFO] CrossReferenceDbSqlite:203 - Set database path to: C:\Users\uykun\.stmcufinder\plugins\mcufinder//mcu/cs/
2024-04-01 19:15:16,882 [INFO] RulesReader:64 - Compatibility file has been processed (297 Rules)
2024-04-01 19:15:16,948 [INFO] DbMcusXml:78 - Set database path to: C:\ST\STM32CubeIDE_1.14.0\STM32CubeIDE\plugins\com.st.stm32cube.common.mx_6.10.0.202311202037\\db\/mcu/
2024-04-01 19:15:16,948 [INFO] ApiDb:274 - Set plugin database path to: C:\ST\STM32CubeIDE_1.14.0\STM32CubeIDE\plugins\com.st.stm32cube.common.mx_6.10.0.202311202037\\db\/plugins/boardmanager/
2024-04-01 19:15:16,948 [INFO] ApiDb:261 - Set plugin images path to: C:\ST\STM32CubeIDE_1.14.0\STM32CubeIDE\plugins\com.st.stm32cube.common.mx_6.10.0.202311202037\\db\/plugins/mcufinder/images/
2024-04-01 19:15:16,948 [WARN] DbFile:41 - Overriding database path with different value: C:\Users\uykun\.stmcufinder\plugins\mcufinder/ => C:\Users\uykun\.stmcufinder\plugins\mcufinder
2024-04-01 19:15:16,948 [INFO] ApiDb:250 - Set database path to: C:\Users\uykun\.stmcufinder\plugins\mcufinder//mcu/
2024-04-01 19:15:16,948 [WARN] DbFile:41 - Overriding database path with different value: C:\Users\uykun\.stmcufinder\plugins\mcufinder/ => C:\Users\uykun\.stmcufinder\plugins\mcufinder
2024-04-01 19:15:16,948 [INFO] DbMcusAds:125 - Set database path to: C:\Users\uykun\.stmcufinder\plugins\mcufinder//mcu/
2024-04-01 19:15:16,948 [WARN] DbFile:41 - Overriding database path with different value: C:\Users\uykun\.stmcufinder\plugins\mcufinder/ => C:\Users\uykun\.stmcufinder\plugins\mcufinder
2024-04-01 19:15:16,948 [WARN] DbFile:41 - Overriding database path with different value: C:\Users\uykun\.stmcufinder\plugins\mcufinder/ => C:\Users\uykun\.stmcufinder\plugins\mcufinder
2024-04-01 19:15:16,949 [INFO] CrossReferenceDbSqlite:203 - Set database path to: C:\Users\uykun\.stmcufinder\plugins\mcufinder//mcu/cs/
2024-04-01 19:15:17,014 [INFO] MainPanel:264 - HeapMemory: 268435456
2024-04-01 19:15:17,093 [INFO] DbMcusXml:78 - Set database path to: C:\ST\STM32CubeIDE_1.14.0\STM32CubeIDE\plugins\com.st.stm32cube.common.mx_6.10.0.202311202037\\db\/mcu/
2024-04-01 19:15:17,093 [INFO] ApiDb:274 - Set plugin database path to: C:\ST\STM32CubeIDE_1.14.0\STM32CubeIDE\plugins\com.st.stm32cube.common.mx_6.10.0.202311202037\\db\/plugins/boardmanager/
2024-04-01 19:15:17,093 [INFO] ApiDb:261 - Set plugin images path to: C:\ST\STM32CubeIDE_1.14.0\STM32CubeIDE\plugins\com.st.stm32cube.common.mx_6.10.0.202311202037\\db\/plugins/mcufinder/images/
2024-04-01 19:15:17,093 [WARN] DbFile:41 - Overriding database path with different value: C:\Users\uykun\.stmcufinder\plugins\mcufinder/ => C:\Users\uykun\.stmcufinder\plugins\mcufinder
2024-04-01 19:15:17,094 [INFO] ApiDb:250 - Set database path to: C:\Users\uykun\.stmcufinder\plugins\mcufinder//mcu/
2024-04-01 19:15:17,094 [WARN] DbFile:41 - Overriding database path with different value: C:\Users\uykun\.stmcufinder\plugins\mcufinder/ => C:\Users\uykun\.stmcufinder\plugins\mcufinder
2024-04-01 19:15:17,094 [INFO] DbMcusAds:125 - Set database path to: C:\Users\uykun\.stmcufinder\plugins\mcufinder//mcu/
2024-04-01 19:15:17,094 [WARN] DbFile:41 - Overriding database path with different value: C:\Users\uykun\.stmcufinder\plugins\mcufinder/ => C:\Users\uykun\.stmcufinder\plugins\mcufinder
2024-04-01 19:15:17,094 [WARN] DbFile:41 - Overriding database path with different value: C:\Users\uykun\.stmcufinder\plugins\mcufinder/ => C:\Users\uykun\.stmcufinder\plugins\mcufinder
2024-04-01 19:15:17,094 [INFO] CrossReferenceDbSqlite:203 - Set database path to: C:\Users\uykun\.stmcufinder\plugins\mcufinder//mcu/cs/
2024-04-01 19:15:17,109 [INFO] ApplicationProperties:184 - Using Application install path: C:\ST\STM32CubeIDE_1.14.0\STM32CubeIDE\plugins\com.st.stm32cube.common.mx_6.10.0.202311202037
2024-04-01 19:15:17,110 [INFO] PluginManage:196 - Search for loadable plugins [exclusion list=, ]
2024-04-01 19:15:17,111 [INFO] PluginManage:310 - Check plugin analytics
2024-04-01 19:15:17,269 [INFO] AnalyticsPlugin:253 - Accepted Software Licenses: 
2024-04-01 19:15:17,269 [INFO] AnalyticsPlugin:255 - Accepted CMSIS Pack Licenses: 
2024-04-01 19:15:17,269 [INFO] AnalyticsPlugin:257 - Accepted Firmware Licenses: FW.F4.1.28.0
2024-04-01 19:15:17,273 [INFO] PluginManage:359 - Loaded plugin analytics (category:tool,tabindex:-1)
2024-04-01 19:15:17,273 [INFO] PluginManage:310 - Check plugin cadmodel
2024-04-01 19:15:17,288 [INFO] CADModel:105 - Init CAD model plugin
2024-04-01 19:15:17,288 [INFO] PluginManage:359 - Loaded plugin cadmodel (category:power,tabindex:5)
2024-04-01 19:15:17,288 [INFO] PluginManage:310 - Check plugin clock
2024-04-01 19:15:17,305 [INFO] PluginManage:359 - Loaded plugin clock (category:base,tabindex:2)
2024-04-01 19:15:17,305 [INFO] PluginManage:310 - Check plugin ddr
2024-04-01 19:15:17,307 [INFO] PluginManage:359 - Loaded plugin ddr (category:tool,tabindex:6)
2024-04-01 19:15:17,307 [INFO] PluginManage:310 - Check plugin filemanager
2024-04-01 19:15:17,437 [INFO] PluginManage:359 - Loaded plugin filemanager (category:base,tabindex:10)
2024-04-01 19:15:17,437 [INFO] PluginManage:310 - Check plugin ipmanager
2024-04-01 19:15:17,443 [INFO] PluginManage:359 - Loaded plugin ipmanager (category:base,tabindex:5)
2024-04-01 19:15:17,443 [INFO] PluginManage:310 - Check plugin lpbam
2024-04-01 19:15:17,457 [INFO] PluginManage:359 - Loaded plugin lpbam (category:base,tabindex:0)
2024-04-01 19:15:17,457 [INFO] PluginManage:310 - Check plugin memorymap
2024-04-01 19:15:17,475 [INFO] PluginManage:359 - Loaded plugin memorymap (category:base,tabindex:4)
2024-04-01 19:15:17,475 [INFO] PluginManage:310 - Check plugin pinoutandconfiguration
2024-04-01 19:15:17,489 [INFO] PluginManage:359 - Loaded plugin pinoutandconfiguration (category:base,tabindex:1)
2024-04-01 19:15:17,489 [INFO] PluginManage:310 - Check plugin pinoutconfig
2024-04-01 19:15:17,573 [WARN] SupportedApi:132 - Cannot load RTOS API schema: s4s-elt-must-match.1: The content of 'definitions' must match (annotation?, (simpleType | complexType)?, (unique | key | keyref)*)). A problem was found starting at: attribute.
2024-04-01 19:15:17,688 [INFO] PluginManage:359 - Loaded plugin pinoutconfig (category:base,tabindex:0)
2024-04-01 19:15:17,688 [INFO] PluginManage:310 - Check plugin power
2024-04-01 19:15:17,707 [INFO] PluginManage:359 - Loaded plugin power (category:power,tabindex:4)
2024-04-01 19:15:17,707 [INFO] PluginManage:310 - Check plugin projectmanager
2024-04-01 19:15:17,721 [INFO] PluginManage:359 - Loaded plugin projectmanager (category:projectmanager,tabindex:3)
2024-04-01 19:15:17,721 [INFO] PluginManage:310 - Check plugin thirdparty
2024-04-01 19:15:17,954 [INFO] PluginManage:359 - Loaded plugin thirdparty (category:base,tabindex:-1)
2024-04-01 19:15:17,954 [INFO] PluginManage:310 - Check plugin tools
2024-04-01 19:15:17,954 [WARN] IntegrityCheckThread:84 - waiting for thirdparty lock release [integrity check]
2024-04-01 19:15:17,954 [INFO] IntegrityCheckThread:86 - entering critical section [integrity check]
2024-04-01 19:15:17,954 [INFO] ThirdPartyUpdaterWithRetryManager:70 - Updater plugin not ready yet. [1/15]
2024-04-01 19:15:17,983 [INFO] PluginManage:359 - Loaded plugin tools (category:base,tabindex:7)
2024-04-01 19:15:17,983 [INFO] PluginManage:310 - Check plugin tutovideos
2024-04-01 19:15:18,166 [INFO] PluginManage:359 - Loaded plugin tutovideos (category:base,tabindex:-1)
2024-04-01 19:15:18,166 [INFO] PluginManage:310 - Check plugin updater
2024-04-01 19:15:18,175 [INFO] PluginManage:359 - Loaded plugin updater (category:base,tabindex:12)
2024-04-01 19:15:18,175 [INFO] PluginManage:310 - Check plugin userauth
2024-04-01 19:15:18,180 [INFO] UserAuth:114 - Init User Auth plugin
2024-04-01 19:15:18,180 [INFO] PluginManage:359 - Loaded plugin userauth (category:base,tabindex:14)
2024-04-01 19:15:18,181 [INFO] PluginManage:283 - PluginManage : Loaded plugins [17]
2024-04-01 19:15:18,363 [INFO] PinOutPanel:1499 - setPackage(No Configuration,No Configuration)
2024-04-01 19:15:18,437 [INFO] CADModel:165 - CPN selected for project level
2024-04-01 19:15:18,438 [INFO] CADModel:114 - Register for checkConnection events
2024-04-01 19:15:18,477 [INFO] IPUIPlugin:80 - create IPUIPlugin
2024-04-01 19:15:18,478 [INFO] PluginManager:220 - loadIPPluginJar : add adc
2024-04-01 19:15:18,508 [INFO] IPUIPlugin:80 - create IPUIPlugin
2024-04-01 19:15:18,508 [INFO] PluginManager:220 - loadIPPluginJar : add aes
2024-04-01 19:15:18,539 [INFO] IPUIPlugin:80 - create IPUIPlugin
2024-04-01 19:15:18,539 [INFO] PluginManager:220 - loadIPPluginJar : add can
2024-04-01 19:15:18,555 [INFO] IPUIPlugin:80 - create IPUIPlugin
2024-04-01 19:15:18,556 [INFO] PluginManager:220 - loadIPPluginJar : add comp
2024-04-01 19:15:18,579 [INFO] IPUIPlugin:80 - create IPUIPlugin
2024-04-01 19:15:18,579 [INFO] PluginManager:220 - loadIPPluginJar : add cryp
2024-04-01 19:15:18,600 [INFO] IPUIPlugin:80 - create IPUIPlugin
2024-04-01 19:15:18,600 [INFO] PluginManager:220 - loadIPPluginJar : add dfsdm
2024-04-01 19:15:18,612 [INFO] IPUIPlugin:80 - create IPUIPlugin
2024-04-01 19:15:18,612 [INFO] PluginManager:220 - loadIPPluginJar : add dma
2024-04-01 19:15:18,649 [INFO] IPUIPlugin:80 - create IPUIPlugin
2024-04-01 19:15:18,649 [INFO] PluginManager:220 - loadIPPluginJar : add dma3
2024-04-01 19:15:18,664 [INFO] IPUIPlugin:80 - create IPUIPlugin
2024-04-01 19:15:18,664 [INFO] PluginManager:220 - loadIPPluginJar : add fatfs
2024-04-01 19:15:18,698 [INFO] IPUIPlugin:80 - create IPUIPlugin
2024-04-01 19:15:18,698 [INFO] PluginManager:220 - loadIPPluginJar : add fmc
2024-04-01 19:15:18,716 [INFO] IPUIPlugin:80 - create IPUIPlugin
2024-04-01 19:15:18,717 [INFO] PluginManager:220 - loadIPPluginJar : add freertos
2024-04-01 19:15:18,733 [INFO] IPUIPlugin:80 - create IPUIPlugin
2024-04-01 19:15:18,733 [INFO] PluginManager:220 - loadIPPluginJar : add genericplugin
2024-04-01 19:15:18,803 [INFO] IPUIPlugin:80 - create IPUIPlugin
2024-04-01 19:15:18,803 [INFO] PluginManager:220 - loadIPPluginJar : add gfxmmu
2024-04-01 19:15:18,913 [INFO] IPUIPlugin:80 - create IPUIPlugin
2024-04-01 19:15:18,914 [INFO] PluginManager:220 - loadIPPluginJar : add gic
2024-04-01 19:15:18,925 [INFO] IPUIPlugin:80 - create IPUIPlugin
2024-04-01 19:15:18,925 [INFO] PluginManager:220 - loadIPPluginJar : add gpio
2024-04-01 19:15:19,010 [INFO] IPUIPlugin:80 - create IPUIPlugin
2024-04-01 19:15:19,010 [INFO] PluginManager:220 - loadIPPluginJar : add gtzc
2024-04-01 19:15:19,037 [INFO] IPUIPlugin:80 - create IPUIPlugin
2024-04-01 19:15:19,038 [INFO] PluginManager:220 - loadIPPluginJar : add hash
2024-04-01 19:15:19,081 [INFO] IPUIPlugin:80 - create IPUIPlugin
2024-04-01 19:15:19,081 [INFO] PluginManager:220 - loadIPPluginJar : add i2c
2024-04-01 19:15:19,111 [INFO] IPUIPlugin:80 - create IPUIPlugin
2024-04-01 19:15:19,111 [INFO] PluginManager:220 - loadIPPluginJar : add i2s
2024-04-01 19:15:19,141 [INFO] IPUIPlugin:80 - create IPUIPlugin
2024-04-01 19:15:19,141 [INFO] PluginManager:220 - loadIPPluginJar : add i3c
2024-04-01 19:15:19,221 [INFO] IPUIPlugin:80 - create IPUIPlugin
2024-04-01 19:15:19,221 [INFO] PluginManager:220 - loadIPPluginJar : add ipddr
2024-04-01 19:15:19,284 [INFO] IPUIPlugin:80 - create IPUIPlugin
2024-04-01 19:15:19,284 [INFO] PluginManager:220 - loadIPPluginJar : add linkedlist
2024-04-01 19:15:19,309 [INFO] IPUIPlugin:80 - create IPUIPlugin
2024-04-01 19:15:19,309 [INFO] PluginManager:220 - loadIPPluginJar : add lorawan
2024-04-01 19:15:19,335 [INFO] IPUIPlugin:80 - create IPUIPlugin
2024-04-01 19:15:19,335 [INFO] PluginManager:220 - loadIPPluginJar : add ltdc
2024-04-01 19:15:19,347 [INFO] IPUIPlugin:80 - create IPUIPlugin
2024-04-01 19:15:19,348 [INFO] PluginManager:220 - loadIPPluginJar : add mdma
2024-04-01 19:15:19,358 [INFO] IPUIPlugin:80 - create IPUIPlugin
2024-04-01 19:15:19,358 [INFO] PluginManager:220 - loadIPPluginJar : add nvic
2024-04-01 19:15:19,388 [INFO] IPUIPlugin:80 - create IPUIPlugin
2024-04-01 19:15:19,388 [INFO] PluginManager:220 - loadIPPluginJar : add opamp
2024-04-01 19:15:19,435 [INFO] IPUIPlugin:80 - create IPUIPlugin
2024-04-01 19:15:19,435 [INFO] PluginManager:220 - loadIPPluginJar : add openamp
2024-04-01 19:15:19,466 [INFO] IPUIPlugin:80 - create IPUIPlugin
2024-04-01 19:15:19,466 [INFO] PluginManager:220 - loadIPPluginJar : add pdm2pcm
2024-04-01 19:15:19,477 [INFO] IPUIPlugin:80 - create IPUIPlugin
2024-04-01 19:15:19,479 [INFO] PluginManager:220 - loadIPPluginJar : add plateformsettings
2024-04-01 19:15:19,495 [INFO] IPUIPlugin:80 - create IPUIPlugin
2024-04-01 19:15:19,495 [INFO] PluginManager:220 - loadIPPluginJar : add quadspi
2024-04-01 19:15:19,505 [INFO] IPUIPlugin:80 - create IPUIPlugin
2024-04-01 19:15:19,505 [INFO] PluginManager:220 - loadIPPluginJar : add resmgrutility
2024-04-01 19:15:19,541 [INFO] IPUIPlugin:80 - create IPUIPlugin
2024-04-01 19:15:19,541 [INFO] PluginManager:220 - loadIPPluginJar : add sai
2024-04-01 19:15:19,571 [INFO] IPUIPlugin:80 - create IPUIPlugin
2024-04-01 19:15:19,571 [INFO] PluginManager:220 - loadIPPluginJar : add spi
2024-04-01 19:15:19,629 [INFO] IPUIPlugin:80 - create IPUIPlugin
2024-04-01 19:15:19,629 [INFO] PluginManager:220 - loadIPPluginJar : add stm32_wpan
2024-04-01 19:15:19,648 [INFO] IPUIPlugin:80 - create IPUIPlugin
2024-04-01 19:15:19,649 [INFO] PluginManager:220 - loadIPPluginJar : add tim
2024-04-01 19:15:19,691 [INFO] IPUIPlugin:80 - create IPUIPlugin
2024-04-01 19:15:19,691 [INFO] PluginManager:220 - loadIPPluginJar : add touchsensing
2024-04-01 19:15:19,708 [INFO] IPUIPlugin:80 - create IPUIPlugin
2024-04-01 19:15:19,708 [INFO] PluginManager:220 - loadIPPluginJar : add tracer_emb
2024-04-01 19:15:19,725 [INFO] IPUIPlugin:80 - create IPUIPlugin
2024-04-01 19:15:19,725 [INFO] PluginManager:220 - loadIPPluginJar : add ts
2024-04-01 19:15:19,741 [INFO] IPUIPlugin:80 - create IPUIPlugin
2024-04-01 19:15:19,741 [INFO] PluginManager:220 - loadIPPluginJar : add tsc
2024-04-01 19:15:19,759 [INFO] IPUIPlugin:80 - create IPUIPlugin
2024-04-01 19:15:19,759 [INFO] PluginManager:220 - loadIPPluginJar : add ucpd
2024-04-01 19:15:19,793 [INFO] IPUIPlugin:80 - create IPUIPlugin
2024-04-01 19:15:19,794 [INFO] PluginManager:220 - loadIPPluginJar : add usart
2024-04-01 19:15:19,825 [INFO] IPUIPlugin:80 - create IPUIPlugin
2024-04-01 19:15:19,825 [INFO] PluginManager:220 - loadIPPluginJar : add usbx
2024-04-01 19:15:19,943 [INFO] CADModel:165 - CPN selected for project level
2024-04-01 19:15:19,943 [INFO] CADModel:114 - Register for checkConnection events
2024-04-01 19:15:19,943 [FATAL] Updater:308 - Updater called before beeing initialized
2024-04-01 19:15:19,943 [ERROR] CADModel:125 - Updater not yet initialized, retry later 
2024-04-01 19:15:20,047 [INFO] CADModel:165 - CPN selected for project level
2024-04-01 19:15:20,047 [INFO] CADModel:114 - Register for checkConnection events
2024-04-01 19:15:20,047 [FATAL] Updater:308 - Updater called before beeing initialized
2024-04-01 19:15:20,048 [ERROR] CADModel:125 - Updater not yet initialized, retry later 
2024-04-01 19:15:20,051 [FATAL] Updater:308 - Updater called before beeing initialized
2024-04-01 19:15:20,149 [FATAL] Updater:308 - Updater called before beeing initialized
2024-04-01 19:15:20,156 [INFO] DbMcusAds:53 - JSON generation date=Wed Nov 29 13:52:27 TRT 2023 (1701255147349)
2024-04-01 19:15:20,156 [FATAL] Updater:308 - Updater called before beeing initialized
2024-04-01 19:15:20,220 [WARN] DetailPanel:346 - Failed to get advertising image, set to default
2024-04-01 19:15:20,296 [FATAL] Updater:308 - Updater called before beeing initialized
2024-04-01 19:15:20,298 [FATAL] Updater:308 - Updater called before beeing initialized
2024-04-01 19:15:20,298 [FATAL] Updater:308 - Updater called before beeing initialized
2024-04-01 19:15:20,298 [WARN] DetailPanel:346 - Failed to get advertising image, set to default
2024-04-01 19:15:20,299 [FATAL] Updater:308 - Updater called before beeing initialized
2024-04-01 19:15:20,349 [ERROR] Updater:1120 - MainUpdater not yet initialized. External WinMGr cannot be set.
2024-04-01 19:15:20,358 [INFO] Updater:1056 - Updater Version found : 6.10.0
2024-04-01 19:15:20,374 [INFO] ApplicationProperties:184 - Using Application install path: C:\ST\STM32CubeIDE_1.14.0\STM32CubeIDE\plugins\com.st.stm32cube.common.mx_6.10.0.202311202037
2024-04-01 19:15:20,956 [INFO] ThirdPartyUpdaterWithRetryManager:70 - Updater plugin not ready yet. [2/15]
2024-04-01 19:15:21,949 [ERROR] LogOutputStream:75 - [STDERR_REDIRECT] Apr 01, 2024 7:15:21 PM java.util.prefs.WindowsPreferences <init>
2024-04-01 19:15:21,951 [ERROR] LogOutputStream:75 - [STDERR_REDIRECT] WARNING: Could not open/create prefs root node Software\JavaSoft\Prefs at root 0xffffffff80000002. Windows RegCreateKeyEx(...) returned error code 5.
2024-04-01 19:15:21,951 [ERROR] LogOutputStream:75 - [STDERR_REDIRECT] 
2024-04-01 19:15:22,219 [INFO] MainUpdater:2873 - connection check result : 10
2024-04-01 19:15:22,219 [INFO] MainUpdater:3567 - Updater definition file requires update
2024-04-01 19:15:22,220 [INFO] MainUpdater:290 - Updater Check For Update Now.
2024-04-01 19:15:22,220 [INFO] MicroXplorer:498 - Change Database Version : DB.6.0.100
2024-04-01 19:15:22,233 [INFO] McuFinderGlobals:63 - Set McuFinder mode to 2 (CubeIDE integrated)
2024-04-01 19:15:22,287 [INFO] ServerAccessManage:473 - Download File updaters.zip
2024-04-01 19:15:22,386 [INFO] FileExtend:240 - Unzip File : updaters.zip
2024-04-01 19:15:22,386 [INFO] FileExtend:255 - Standard Zip Deflate
2024-04-01 19:15:22,730 [INFO] UserAuth:404 - Internet connection configuration mode: 1
2024-04-01 19:15:22,777 [INFO] JxBrowserEngine:152 - Initiate JxBrowser Engine with user profile folder
2024-04-01 19:15:22,841 [INFO] ServerAccessManage:473 - Download File PacksControlFlags.xml
2024-04-01 19:15:22,953 [INFO] ServerAccessManage:473 - Download File cubemx.pidx
2024-04-01 19:15:23,441 [INFO] ServerAccessManage:473 - Download File STMicroelectronics.FP-SNS-MOTENV1.pdsc
2024-04-01 19:15:23,956 [WARN] MainUpdater:1194 - Updater busy. Cannot search thirdparties
2024-04-01 19:15:23,956 [INFO] ThirdPartyUpdaterWithRetryManager:96 - Updater plugin is busy. [1/15]
2024-04-01 19:15:24,257 [INFO] ServerAccessManage:473 - Download File STMicroelectronics.X-CUBE-SAFEA1.pdsc
2024-04-01 19:15:24,472 [INFO] ServerAccessManage:473 - Download File STMicroelectronics.X-CUBE-TOUCHGFX.pdsc
2024-04-01 19:15:25,670 [INFO] WebApp:161 - Instantiating new browser for Auth
2024-04-01 19:15:25,895 [WARN] PackLoader:240 - Cannot read IP mode file for STMicroelectronics.FP-SNS-MOTENV1.5.0.0
2024-04-01 19:15:25,920 [WARN] PackLoader:240 - Cannot read IP mode file for STMicroelectronics.X-CUBE-SAFEA1.1.2.2
2024-04-01 19:15:25,929 [WARN] PackLoader:240 - Cannot read IP mode file for STMicroelectronics.X-CUBE-TOUCHGFX.4.23.1
2024-04-01 19:15:25,930 [INFO] PopulateThirdPartyThread:66 - Ending populate Thread
2024-04-01 19:15:25,931 [INFO] ThirdParty:1030 - CMSIS Pack Vendor :STMicroelectronics X-CUBE-TOUCHGFX 4.23.1
2024-04-01 19:15:25,931 [INFO] ThirdParty:1030 - CMSIS Pack Vendor :STMicroelectronics FP-SNS-MOTENV1 5.0.0
2024-04-01 19:15:25,931 [INFO] ThirdParty:1030 - CMSIS Pack Vendor :STMicroelectronics X-CUBE-SAFEA1 1.2.2
2024-04-01 19:15:25,932 [INFO] LoadServerUpdatesThread:375 - End of LoadServerUpdate Thread
2024-04-01 19:15:26,069 [INFO] CheckServerUpdateThread:120 - End of CheckServer Thread
2024-04-01 19:15:26,459 [INFO] WebApp:780 - Register for checkConnection events
2024-04-01 19:15:26,459 [INFO] WebApp:414 - Apply proxy settings
2024-04-01 19:15:26,459 [INFO] WebApp:499 - Chromium requires no authentication
2024-04-01 19:15:26,466 [INFO] WebApp:442 - Direct internet connection detected
2024-04-01 19:15:26,602 [INFO] WebApp:192 - Starting web application
2024-04-01 19:15:26,603 [INFO] WebApp:544 - Web application path used C:\ST\STM32CubeIDE_1.14.0\STM32CubeIDE\plugins\com.st.stm32cube.common.mx_6.10.0.202311202037\db\plugins\mcufinder\reactClient1\index.html
2024-04-01 19:15:27,139 [WARN] PackLoader:240 - Cannot read IP mode file for STMicroelectronics.X-CUBE-SMBUS.2.1.0
2024-04-01 19:15:27,142 [WARN] PackLoader:240 - Cannot read IP mode file for STMicroelectronics.X-CUBE-TOUCHGFX.4.23.1
2024-04-01 19:15:27,153 [WARN] PackLoader:240 - Cannot read IP mode file for STMicroelectronics.X-CUBE-TOUCHGFX.4.23.0
2024-04-01 19:15:27,192 [WARN] PackLoader:240 - Cannot read IP mode file for STMicroelectronics.X-CUBE-AZRTOS-F7.1.1.0
2024-04-01 19:15:27,212 [WARN] PackLoader:240 - Cannot read IP mode file for STMicroelectronics.FP-SNS-MOTENV1.4.3.2
2024-04-01 19:15:27,221 [WARN] PackLoader:240 - Cannot read IP mode file for STMicroelectronics.FP-SNS-FLIGHT1.5.0.2
2024-04-01 19:15:27,240 [WARN] PackLoader:240 - Cannot read IP mode file for STMicroelectronics.X-CUBE-DISPLAY.3.0.0
2024-04-01 19:15:27,262 [WARN] PackLoader:240 - Cannot read IP mode file for STMicroelectronics.X-CUBE-BLE1.7.0.0
2024-04-01 19:15:27,277 [WARN] PackLoader:240 - Cannot read IP mode file for emotas.I-CUBE-CANOPEN.1.3.0
2024-04-01 19:15:27,290 [WARN] PackLoader:240 - Cannot read IP mode file for STMicroelectronics.X-CUBE-TOUCHGFX.4.22.0
2024-04-01 19:15:27,299 [WARN] PackLoader:240 - Cannot read IP mode file for STMicroelectronics.X-CUBE-TOUCHGFX.4.22.1
2024-04-01 19:15:27,320 [WARN] PackLoader:240 - Cannot read IP mode file for STMicroelectronics.X-CUBE-BLEMGR.3.1.0
2024-04-01 19:15:27,333 [WARN] PackLoader:240 - Cannot read IP mode file for STMicroelectronics.FP-SNS-SMARTAG2.1.2.0
2024-04-01 19:15:27,350 [INFO] LogOutputStream:77 - [STDOUT_REDIRECT] 1 : Invalid condition id : UX_CORESTACK_Condition cause : null
2024-04-01 19:15:27,350 [INFO] LogOutputStream:77 - [STDOUT_REDIRECT] 1 : Invalid condition id : UX_CORESTACK_Condition cause : null
2024-04-01 19:15:27,351 [INFO] LogOutputStream:77 - [STDOUT_REDIRECT] 1 : Invalid condition id : UX_CORESTACK_Condition cause : null
2024-04-01 19:15:27,352 [INFO] LogOutputStream:77 - [STDOUT_REDIRECT] 1 : Invalid condition id : UX_CORESTACK_Condition cause : null
2024-04-01 19:15:27,353 [INFO] LogOutputStream:77 - [STDOUT_REDIRECT] 1 : Invalid condition id : UX_CORESTACK_Condition cause : null
2024-04-01 19:15:27,356 [WARN] PackLoader:240 - Cannot read IP mode file for STMicroelectronics.X-CUBE-AZRTOS-WL.2.0.0
2024-04-01 19:15:27,361 [WARN] PackLoader:240 - Cannot read IP mode file for STMicroelectronics.FP-SNS-MOTENV1.5.0.0
2024-04-01 19:15:27,376 [WARN] PackLoader:240 - Cannot read IP mode file for WES.I-CUBE-Cesium.1.3.0
2024-04-01 19:15:27,388 [WARN] PackLoader:240 - Cannot read IP mode file for STMicroelectronics.X-CUBE-BLE2.3.3.0
2024-04-01 19:15:27,401 [WARN] PackLoader:240 - Cannot read IP mode file for STMicroelectronics.X-CUBE-ALGOBUILD.1.3.0
2024-04-01 19:15:27,432 [WARN] PackLoader:240 - Cannot read IP mode file for STMicroelectronics.X-CUBE-AZRTOS-G0.1.1.0
2024-04-01 19:15:27,440 [WARN] PackLoader:240 - Cannot read IP mode file for STMicroelectronics.X-CUBE-SAFEA1.1.2.2
2024-04-01 19:15:27,455 [WARN] PackLoader:240 - Cannot read IP mode file for STMicroelectronics.X-CUBE-NFC4.3.0.0
2024-04-01 19:15:27,472 [WARN] PackLoader:240 - Cannot read IP mode file for STMicroelectronics.X-CUBE-BLEMGR.3.0.0
2024-04-01 19:15:27,481 [WARN] PackLoader:240 - Cannot read IP mode file for STMicroelectronics.FP-ATR-SIGFOX1.3.2.0
2024-04-01 19:15:27,497 [WARN] PackLoader:240 - Cannot read IP mode file for STMicroelectronics.X-CUBE-EEPRMA1.5.1.0
2024-04-01 19:15:27,540 [WARN] PackLoader:240 - Cannot read IP mode file for SEGGER.I-CUBE-embOS.1.3.1
2024-04-01 19:15:27,588 [WARN] PackLoader:240 - Cannot read IP mode file for STMicroelectronics.X-CUBE-GNSS1.6.0.0
2024-04-01 19:15:27,617 [WARN] PackLoader:240 - Cannot read IP mode file for STMicroelectronics.X-CUBE-AZRTOS-F4.1.1.0
2024-04-01 19:15:27,631 [WARN] PackLoader:240 - Cannot read IP mode file for wolfSSL.I-CUBE-wolfSSL.5.6.3
2024-04-01 19:15:27,657 [WARN] PackLoader:240 - Cannot read IP mode file for STMicroelectronics.X-CUBE-AZRTOS-L5.2.0.0
2024-04-01 19:15:27,708 [WARN] PackLoader:240 - Cannot read IP mode file for STMicroelectronics.X-CUBE-MEMS1.9.6.0
2024-04-01 19:15:27,841 [WARN] PackLoader:240 - Cannot read IP mode file for STMicroelectronics.X-CUBE-EEPRMA1.4.2.0
2024-04-01 19:15:27,855 [WARN] PackLoader:240 - Cannot read IP mode file for STMicroelectronics.X-CUBE-NFC6.3.1.0
2024-04-01 19:15:27,869 [WARN] PackLoader:240 - Cannot read IP mode file for ITTIA_DB.I-CUBE-ITTIADB.8.8.0
2024-04-01 19:15:27,883 [WARN] PackLoader:240 - Cannot read IP mode file for STMicroelectronics.X-CUBE-BLEMGR.2.0.0
2024-04-01 19:15:27,910 [WARN] ConditionMgr:438 - getConditionDescription Invalid condition id : UX DEVICE CLASS RTOS Condition cause : null
2024-04-01 19:15:27,910 [WARN] ConditionMgr:438 - getConditionDescription Invalid condition id : UX DEVICE CLASS RTOS Condition cause : null
2024-04-01 19:15:27,912 [WARN] PackLoader:240 - Cannot read IP mode file for STMicroelectronics.X-CUBE-AZRTOS-H7.3.1.0
2024-04-01 19:15:27,913 [WARN] ConditionMgr:1039 - genDependencies : Invalid condition id : UX DEVICE CLASS RTOS Condition cause : null
2024-04-01 19:15:27,914 [WARN] ConditionMgr:1039 - genDependencies : Invalid condition id : UX DEVICE CLASS RTOS Condition cause : null
2024-04-01 19:15:27,914 [WARN] ConditionMgr:1039 - genDependencies : Invalid condition id : UX DEVICE CLASS RTOS Condition cause : null
2024-04-01 19:15:27,914 [WARN] ConditionMgr:1039 - genDependencies : Invalid condition id : UX DEVICE CLASS RTOS Condition cause : null
2024-04-01 19:15:27,915 [WARN] ConditionMgr:1039 - genDependencies : Invalid condition id : UX DEVICE CLASS RTOS Condition cause : null
2024-04-01 19:15:27,929 [WARN] PackLoader:240 - Cannot read IP mode file for STMicroelectronics.X-CUBE-NFC7.1.0.1
2024-04-01 19:15:27,944 [WARN] PackLoader:240 - Cannot read IP mode file for STMicroelectronics.X-CUBE-NFC6.3.0.0
2024-04-01 19:15:27,957 [WARN] PackLoader:240 - Cannot read IP mode file for STMicroelectronics.X-CUBE-EEPRMA1.4.1.0
2024-04-01 19:15:27,970 [WARN] PackLoader:240 - Cannot read IP mode file for STMicroelectronics.X-CUBE-AI.8.1.0
2024-04-01 19:15:28,002 [WARN] ConditionMgr:438 - getConditionDescription Invalid condition id : LAN8742 Phy interface Condition cause : null
2024-04-01 19:15:28,003 [WARN] PackLoader:240 - Cannot read IP mode file for STMicroelectronics.X-CUBE-AZRTOS-L4.2.0.0
2024-04-01 19:15:28,004 [WARN] ConditionMgr:1039 - genDependencies : Invalid condition id : LAN8742 Phy interface Condition cause : null
2024-04-01 19:15:28,004 [WARN] ConditionMgr:1039 - genDependencies : Invalid condition id : LAN8742 Phy interface Condition cause : null
2024-04-01 19:15:28,005 [WARN] ConditionMgr:1039 - genDependencies : Invalid condition id : LAN8742 Phy interface Condition cause : null
2024-04-01 19:15:28,020 [WARN] PackLoader:240 - Cannot read IP mode file for STMicroelectronics.X-CUBE-SFXS2LP1.4.0.0
2024-04-01 19:15:28,034 [WARN] PackLoader:240 - Cannot read IP mode file for STMicroelectronics.X-CUBE-ISPU.1.1.0
2024-04-01 19:15:28,058 [WARN] ConditionMgr:438 - getConditionDescription Invalid condition id : UX DEVICE CLASS RTOS Condition cause : null
2024-04-01 19:15:28,058 [WARN] ConditionMgr:438 - getConditionDescription Invalid condition id : UX DEVICE CLASS RTOS Condition cause : null
2024-04-01 19:15:28,060 [WARN] PackLoader:240 - Cannot read IP mode file for STMicroelectronics.X-CUBE-AZRTOS-WB.2.0.0
2024-04-01 19:15:28,060 [WARN] ConditionMgr:1039 - genDependencies : Invalid condition id : UX DEVICE CLASS RTOS Condition cause : null
2024-04-01 19:15:28,061 [WARN] ConditionMgr:1039 - genDependencies : Invalid condition id : UX DEVICE CLASS RTOS Condition cause : null
2024-04-01 19:15:28,061 [WARN] ConditionMgr:1039 - genDependencies : Invalid condition id : UX DEVICE CLASS RTOS Condition cause : null
2024-04-01 19:15:28,061 [WARN] ConditionMgr:1039 - genDependencies : Invalid condition id : UX DEVICE CLASS RTOS Condition cause : null
2024-04-01 19:15:28,061 [WARN] ConditionMgr:1039 - genDependencies : Invalid condition id : UX DEVICE CLASS RTOS Condition cause : null
2024-04-01 19:15:28,074 [WARN] PackLoader:240 - Cannot read IP mode file for STMicroelectronics.X-CUBE-FREERTOS.1.0.1
2024-04-01 19:15:28,092 [WARN] PackLoader:240 - Cannot read IP mode file for STMicroelectronics.X-CUBE-SUBG2.5.0.0
2024-04-01 19:15:28,117 [WARN] PackLoader:240 - Cannot read IP mode file for STMicroelectronics.X-CUBE-TOF1.3.3.1
2024-04-01 19:15:28,159 [WARN] PackLoader:240 - Cannot read IP mode file for STMicroelectronics.X-CUBE-AZRTOS-G4.2.0.0
2024-04-01 19:15:28,187 [WARN] PackLoader:240 - Cannot read IP mode file for Infineon.AIROC-Wi-Fi-Bluetooth-STM32.1.5.1
2024-04-01 19:15:28,203 [WARN] PackLoader:240 - Cannot read IP mode file for STMicroelectronics.FP-SNS-MOTENVWB1.1.3.0
2024-04-01 19:15:28,208 [WARN] PackLoader:240 - Cannot read IP mode file for STMicroelectronics.FP-SNS-MOTENVWB1.1.3.1
2024-04-01 19:15:28,221 [WARN] PackLoader:240 - Cannot read IP mode file for STMicroelectronics.X-CUBE-ISPU.2.0.0
2024-04-01 19:15:28,272 [WARN] PackLoader:240 - Cannot read IP mode file for STMicroelectronics.X-CUBE-MEMS1.10.0.0
2024-04-01 19:15:28,386 [WARN] PackLoader:240 - Cannot read IP mode file for STMicroelectronics.X-CUBE-FREERTOS.1.1.0
2024-04-01 19:15:28,399 [WARN] PackLoader:240 - Cannot read IP mode file for portGmbH.I-Cube-SoM-uGOAL.1.1.0
2024-04-01 19:15:28,411 [WARN] PackLoader:240 - Cannot read IP mode file for STMicroelectronics.X-CUBE-ALS.1.0.1
2024-04-01 19:15:28,416 [WARN] PackLoader:240 - Cannot read IP mode file for STMicroelectronics.FP-ATR-ASTRA1.2.0.0
2024-04-01 19:15:28,435 [WARN] PackLoader:240 - Cannot read IP mode file for STMicroelectronics.X-CUBE-TOF1.3.4.0
2024-04-01 19:15:28,464 [WARN] PackLoader:240 - Cannot read IP mode file for STMicroelectronics.X-CUBE-TOF1.3.4.1
2024-04-01 19:15:28,505 [WARN] PackLoader:240 - Cannot read IP mode file for STMicroelectronics.X-CUBE-AZRTOS-H7.3.2.0
2024-04-01 19:15:28,507 [INFO] ThirdParty:978 - Integrity check success = true
2024-04-01 19:15:28,508 [INFO] IntegrityCheckThread:100 - exiting critical section [integrity check]
2024-04-01 19:15:28,508 [INFO] IntegrityCheckThread:103 - End integrity checks thread
2024-04-01 19:15:47,473 [ERROR] LogOutputStream:75 - [STDERR_REDIRECT] SLF4J: Failed to load class "org.slf4j.impl.StaticLoggerBinder".
2024-04-01 19:15:47,474 [ERROR] LogOutputStream:75 - [STDERR_REDIRECT] SLF4J: Defaulting to no-operation (NOP) logger implementation
2024-04-01 19:15:47,475 [ERROR] LogOutputStream:75 - [STDERR_REDIRECT] SLF4J: See http://www.slf4j.org/codes.html#StaticLoggerBinder for further details.
2024-04-01 23:33:14,929 [INFO] WebApp:354 - JxBrowser engine has been closed 
2024-04-01 23:33:19,157 [ERROR] LogOutputStream:75 - [STDERR_REDIRECT] 
2024-04-01 23:33:19,158 [ERROR] LogOutputStream:75 - [STDERR_REDIRECT] 
