2024-05-31 13:48:09,985 [INFO] Activator:176 - 


2024-05-31 13:48:09,991 [INFO] Activator:177 - !SESSION log4j initialized
2024-05-31 13:48:17,762 [INFO] LogOutputStream:77 - [STDOUT_REDIRECT] 
2024-05-31 13:48:30,236 [INFO] ApplicationProperties:184 - Using Application install path: C:\ST\STM32CubeIDE_1.14.0\STM32CubeIDE\plugins\com.st.stm32cube.common.mx_6.11.1.202404110753
2024-05-31 13:48:30,251 [INFO] DbMcusXml:78 - Set database path to: C:\ST\STM32CubeIDE_1.14.0\STM32CubeIDE\plugins\com.st.stm32cube.common.mx_6.11.1.202404110753\\db\/mcu/
2024-05-31 13:48:30,252 [INFO] ApiDb:274 - Set plugin database path to: C:\ST\STM32CubeIDE_1.14.0\STM32CubeIDE\plugins\com.st.stm32cube.common.mx_6.11.1.202404110753\\db\/plugins/boardmanager/
2024-05-31 13:48:30,252 [WARN] ApiDb:259 - Overriding images path with different value:  => C:\ST\STM32CubeIDE_1.14.0\STM32CubeIDE\plugins\com.st.stm32cube.common.mx_6.11.1.202404110753\\db\/plugins/mcufinder/images/
2024-05-31 13:48:30,259 [INFO] ApiDb:250 - Set database path to: C:\Users\uykun\.stmcufinder\plugins\mcufinder//mcu/
2024-05-31 13:48:30,260 [INFO] DbMcusAds:125 - Set database path to: C:\Users\uykun\.stmcufinder\plugins\mcufinder//mcu/
2024-05-31 13:48:30,261 [INFO] CrossReferenceDbSqlite:203 - Set database path to: C:\Users\uykun\.stmcufinder\plugins\mcufinder//mcu/cs/
2024-05-31 13:48:30,367 [INFO] RulesReader:64 - Compatibility file has been processed (297 Rules)
2024-05-31 13:48:30,447 [INFO] DbMcusXml:78 - Set database path to: C:\ST\STM32CubeIDE_1.14.0\STM32CubeIDE\plugins\com.st.stm32cube.common.mx_6.11.1.202404110753\\db\/mcu/
2024-05-31 13:48:30,447 [INFO] ApiDb:274 - Set plugin database path to: C:\ST\STM32CubeIDE_1.14.0\STM32CubeIDE\plugins\com.st.stm32cube.common.mx_6.11.1.202404110753\\db\/plugins/boardmanager/
2024-05-31 13:48:30,448 [INFO] ApiDb:261 - Set plugin images path to: C:\ST\STM32CubeIDE_1.14.0\STM32CubeIDE\plugins\com.st.stm32cube.common.mx_6.11.1.202404110753\\db\/plugins/mcufinder/images/
2024-05-31 13:48:30,448 [WARN] DbFile:41 - Overriding database path with different value: C:\Users\uykun\.stmcufinder\plugins\mcufinder/ => C:\Users\uykun\.stmcufinder\plugins\mcufinder
2024-05-31 13:48:30,448 [INFO] ApiDb:250 - Set database path to: C:\Users\uykun\.stmcufinder\plugins\mcufinder//mcu/
2024-05-31 13:48:30,448 [WARN] DbFile:41 - Overriding database path with different value: C:\Users\uykun\.stmcufinder\plugins\mcufinder/ => C:\Users\uykun\.stmcufinder\plugins\mcufinder
2024-05-31 13:48:30,448 [INFO] DbMcusAds:125 - Set database path to: C:\Users\uykun\.stmcufinder\plugins\mcufinder//mcu/
2024-05-31 13:48:30,448 [WARN] DbFile:41 - Overriding database path with different value: C:\Users\uykun\.stmcufinder\plugins\mcufinder/ => C:\Users\uykun\.stmcufinder\plugins\mcufinder
2024-05-31 13:48:30,448 [WARN] DbFile:41 - Overriding database path with different value: C:\Users\uykun\.stmcufinder\plugins\mcufinder/ => C:\Users\uykun\.stmcufinder\plugins\mcufinder
2024-05-31 13:48:30,448 [INFO] CrossReferenceDbSqlite:203 - Set database path to: C:\Users\uykun\.stmcufinder\plugins\mcufinder//mcu/cs/
2024-05-31 13:48:30,521 [INFO] MainPanel:264 - HeapMemory: 268435456
2024-05-31 13:48:30,595 [INFO] DbMcusXml:78 - Set database path to: C:\ST\STM32CubeIDE_1.14.0\STM32CubeIDE\plugins\com.st.stm32cube.common.mx_6.11.1.202404110753\\db\/mcu/
2024-05-31 13:48:30,595 [INFO] ApiDb:274 - Set plugin database path to: C:\ST\STM32CubeIDE_1.14.0\STM32CubeIDE\plugins\com.st.stm32cube.common.mx_6.11.1.202404110753\\db\/plugins/boardmanager/
2024-05-31 13:48:30,595 [INFO] ApiDb:261 - Set plugin images path to: C:\ST\STM32CubeIDE_1.14.0\STM32CubeIDE\plugins\com.st.stm32cube.common.mx_6.11.1.202404110753\\db\/plugins/mcufinder/images/
2024-05-31 13:48:30,595 [WARN] DbFile:41 - Overriding database path with different value: C:\Users\uykun\.stmcufinder\plugins\mcufinder/ => C:\Users\uykun\.stmcufinder\plugins\mcufinder
2024-05-31 13:48:30,595 [INFO] ApiDb:250 - Set database path to: C:\Users\uykun\.stmcufinder\plugins\mcufinder//mcu/
2024-05-31 13:48:30,595 [WARN] DbFile:41 - Overriding database path with different value: C:\Users\uykun\.stmcufinder\plugins\mcufinder/ => C:\Users\uykun\.stmcufinder\plugins\mcufinder
2024-05-31 13:48:30,595 [INFO] DbMcusAds:125 - Set database path to: C:\Users\uykun\.stmcufinder\plugins\mcufinder//mcu/
2024-05-31 13:48:30,595 [WARN] DbFile:41 - Overriding database path with different value: C:\Users\uykun\.stmcufinder\plugins\mcufinder/ => C:\Users\uykun\.stmcufinder\plugins\mcufinder
2024-05-31 13:48:30,595 [WARN] DbFile:41 - Overriding database path with different value: C:\Users\uykun\.stmcufinder\plugins\mcufinder/ => C:\Users\uykun\.stmcufinder\plugins\mcufinder
2024-05-31 13:48:30,596 [INFO] CrossReferenceDbSqlite:203 - Set database path to: C:\Users\uykun\.stmcufinder\plugins\mcufinder//mcu/cs/
2024-05-31 13:48:30,619 [INFO] ApplicationProperties:184 - Using Application install path: C:\ST\STM32CubeIDE_1.14.0\STM32CubeIDE\plugins\com.st.stm32cube.common.mx_6.11.1.202404110753
2024-05-31 13:48:30,621 [INFO] PluginManage:196 - Search for loadable plugins [exclusion list=, ]
2024-05-31 13:48:30,622 [INFO] PluginManage:310 - Check plugin analytics
2024-05-31 13:48:30,783 [INFO] AnalyticsPlugin:253 - Accepted Software Licenses: 
2024-05-31 13:48:30,783 [INFO] AnalyticsPlugin:255 - Accepted CMSIS Pack Licenses: 
2024-05-31 13:48:30,783 [INFO] AnalyticsPlugin:257 - Accepted Firmware Licenses: FW.F4.1.28.0
2024-05-31 13:48:30,786 [INFO] PluginManage:359 - Loaded plugin analytics (category:tool,tabindex:-1)
2024-05-31 13:48:30,786 [INFO] PluginManage:310 - Check plugin cadmodel
2024-05-31 13:48:30,801 [INFO] CADModel:105 - Init CAD model plugin
2024-05-31 13:48:30,802 [INFO] PluginManage:359 - Loaded plugin cadmodel (category:power,tabindex:5)
2024-05-31 13:48:30,802 [INFO] PluginManage:310 - Check plugin clock
2024-05-31 13:48:30,820 [INFO] PluginManage:359 - Loaded plugin clock (category:base,tabindex:2)
2024-05-31 13:48:30,820 [INFO] PluginManage:310 - Check plugin ddr
2024-05-31 13:48:30,823 [INFO] PluginManage:359 - Loaded plugin ddr (category:tool,tabindex:6)
2024-05-31 13:48:30,823 [INFO] PluginManage:310 - Check plugin filemanager
2024-05-31 13:48:30,953 [INFO] PluginManage:359 - Loaded plugin filemanager (category:base,tabindex:10)
2024-05-31 13:48:30,954 [INFO] PluginManage:310 - Check plugin ipmanager
2024-05-31 13:48:30,961 [INFO] PluginManage:359 - Loaded plugin ipmanager (category:base,tabindex:5)
2024-05-31 13:48:30,961 [INFO] PluginManage:310 - Check plugin lpbam
2024-05-31 13:48:30,977 [INFO] PluginManage:359 - Loaded plugin lpbam (category:base,tabindex:0)
2024-05-31 13:48:30,977 [INFO] PluginManage:310 - Check plugin memorymap
2024-05-31 13:48:30,996 [INFO] PluginManage:359 - Loaded plugin memorymap (category:base,tabindex:4)
2024-05-31 13:48:30,996 [INFO] PluginManage:310 - Check plugin pinoutandconfiguration
2024-05-31 13:48:31,009 [INFO] PluginManage:359 - Loaded plugin pinoutandconfiguration (category:base,tabindex:1)
2024-05-31 13:48:31,009 [INFO] PluginManage:310 - Check plugin pinoutconfig
2024-05-31 13:48:31,082 [WARN] SupportedApi:132 - Cannot load RTOS API schema: s4s-elt-must-match.1: The content of 'definitions' must match (annotation?, (simpleType | complexType)?, (unique | key | keyref)*)). A problem was found starting at: attribute.
2024-05-31 13:48:31,200 [INFO] PluginManage:359 - Loaded plugin pinoutconfig (category:base,tabindex:0)
2024-05-31 13:48:31,200 [INFO] PluginManage:310 - Check plugin power
2024-05-31 13:48:31,220 [INFO] PluginManage:359 - Loaded plugin power (category:power,tabindex:4)
2024-05-31 13:48:31,220 [INFO] PluginManage:310 - Check plugin projectmanager
2024-05-31 13:48:31,237 [INFO] PluginManage:359 - Loaded plugin projectmanager (category:projectmanager,tabindex:3)
2024-05-31 13:48:31,237 [INFO] PluginManage:310 - Check plugin thirdparty
2024-05-31 13:48:31,481 [INFO] PluginManage:359 - Loaded plugin thirdparty (category:base,tabindex:-1)
2024-05-31 13:48:31,481 [INFO] PluginManage:310 - Check plugin tools
2024-05-31 13:48:31,481 [WARN] IntegrityCheckThread:84 - waiting for thirdparty lock release [integrity check]
2024-05-31 13:48:31,481 [INFO] IntegrityCheckThread:86 - entering critical section [integrity check]
2024-05-31 13:48:31,482 [INFO] ThirdPartyUpdaterWithRetryManager:70 - Updater plugin not ready yet. [1/15]
2024-05-31 13:48:31,508 [INFO] PluginManage:359 - Loaded plugin tools (category:base,tabindex:7)
2024-05-31 13:48:31,508 [INFO] PluginManage:310 - Check plugin tutovideos
2024-05-31 13:48:31,658 [INFO] PluginManage:359 - Loaded plugin tutovideos (category:base,tabindex:-1)
2024-05-31 13:48:31,658 [INFO] PluginManage:310 - Check plugin updater
2024-05-31 13:48:31,667 [INFO] PluginManage:359 - Loaded plugin updater (category:base,tabindex:12)
2024-05-31 13:48:31,668 [INFO] PluginManage:310 - Check plugin userauth
2024-05-31 13:48:31,672 [INFO] UserAuth:114 - Init User Auth plugin
2024-05-31 13:48:31,672 [INFO] PluginManage:359 - Loaded plugin userauth (category:base,tabindex:14)
2024-05-31 13:48:31,672 [INFO] PluginManage:283 - PluginManage : Loaded plugins [17]
2024-05-31 13:48:31,836 [INFO] PinOutPanel:1561 - setPackage(No Configuration,No Configuration)
2024-05-31 13:48:31,899 [INFO] CADModel:165 - CPN selected for project level
2024-05-31 13:48:31,899 [INFO] CADModel:114 - Register for checkConnection events
2024-05-31 13:48:31,921 [INFO] IPUIPlugin:80 - create IPUIPlugin
2024-05-31 13:48:31,921 [INFO] PluginManager:220 - loadIPPluginJar : add adc
2024-05-31 13:48:31,953 [INFO] IPUIPlugin:80 - create IPUIPlugin
2024-05-31 13:48:31,953 [INFO] PluginManager:220 - loadIPPluginJar : add aes
2024-05-31 13:48:31,988 [INFO] IPUIPlugin:80 - create IPUIPlugin
2024-05-31 13:48:31,988 [INFO] PluginManager:220 - loadIPPluginJar : add can
2024-05-31 13:48:32,008 [INFO] IPUIPlugin:80 - create IPUIPlugin
2024-05-31 13:48:32,008 [INFO] PluginManager:220 - loadIPPluginJar : add comp
2024-05-31 13:48:32,036 [INFO] IPUIPlugin:80 - create IPUIPlugin
2024-05-31 13:48:32,036 [INFO] PluginManager:220 - loadIPPluginJar : add cryp
2024-05-31 13:48:32,059 [INFO] IPUIPlugin:80 - create IPUIPlugin
2024-05-31 13:48:32,059 [INFO] PluginManager:220 - loadIPPluginJar : add dfsdm
2024-05-31 13:48:32,070 [INFO] IPUIPlugin:80 - create IPUIPlugin
2024-05-31 13:48:32,070 [INFO] PluginManager:220 - loadIPPluginJar : add dma
2024-05-31 13:48:32,102 [INFO] IPUIPlugin:80 - create IPUIPlugin
2024-05-31 13:48:32,102 [INFO] PluginManager:220 - loadIPPluginJar : add dma3
2024-05-31 13:48:32,135 [INFO] IPUIPlugin:80 - create IPUIPlugin
2024-05-31 13:48:32,135 [INFO] PluginManager:220 - loadIPPluginJar : add extmemmanager
2024-05-31 13:48:32,151 [INFO] IPUIPlugin:80 - create IPUIPlugin
2024-05-31 13:48:32,151 [INFO] PluginManager:220 - loadIPPluginJar : add fatfs
2024-05-31 13:48:32,185 [INFO] IPUIPlugin:80 - create IPUIPlugin
2024-05-31 13:48:32,185 [INFO] PluginManager:220 - loadIPPluginJar : add fmc
2024-05-31 13:48:32,196 [INFO] IPUIPlugin:80 - create IPUIPlugin
2024-05-31 13:48:32,197 [INFO] PluginManager:220 - loadIPPluginJar : add freertos
2024-05-31 13:48:32,213 [INFO] IPUIPlugin:80 - create IPUIPlugin
2024-05-31 13:48:32,213 [INFO] PluginManager:220 - loadIPPluginJar : add genericplugin
2024-05-31 13:48:32,291 [INFO] IPUIPlugin:80 - create IPUIPlugin
2024-05-31 13:48:32,291 [INFO] PluginManager:220 - loadIPPluginJar : add gfxmmu
2024-05-31 13:48:32,387 [INFO] IPUIPlugin:80 - create IPUIPlugin
2024-05-31 13:48:32,388 [INFO] PluginManager:220 - loadIPPluginJar : add gic
2024-05-31 13:48:32,397 [INFO] IPUIPlugin:80 - create IPUIPlugin
2024-05-31 13:48:32,397 [INFO] PluginManager:220 - loadIPPluginJar : add gpio
2024-05-31 13:48:32,468 [INFO] IPUIPlugin:80 - create IPUIPlugin
2024-05-31 13:48:32,469 [INFO] PluginManager:220 - loadIPPluginJar : add gtzc
2024-05-31 13:48:32,493 [INFO] IPUIPlugin:80 - create IPUIPlugin
2024-05-31 13:48:32,493 [INFO] PluginManager:220 - loadIPPluginJar : add hash
2024-05-31 13:48:32,532 [INFO] IPUIPlugin:80 - create IPUIPlugin
2024-05-31 13:48:32,532 [INFO] PluginManager:220 - loadIPPluginJar : add i2c
2024-05-31 13:48:32,561 [INFO] IPUIPlugin:80 - create IPUIPlugin
2024-05-31 13:48:32,561 [INFO] PluginManager:220 - loadIPPluginJar : add i2s
2024-05-31 13:48:32,593 [INFO] IPUIPlugin:80 - create IPUIPlugin
2024-05-31 13:48:32,593 [INFO] PluginManager:220 - loadIPPluginJar : add i3c
2024-05-31 13:48:32,686 [INFO] IPUIPlugin:80 - create IPUIPlugin
2024-05-31 13:48:32,686 [INFO] PluginManager:220 - loadIPPluginJar : add ipddr
2024-05-31 13:48:32,762 [INFO] IPUIPlugin:80 - create IPUIPlugin
2024-05-31 13:48:32,762 [INFO] PluginManager:220 - loadIPPluginJar : add linkedlist
2024-05-31 13:48:32,790 [INFO] IPUIPlugin:80 - create IPUIPlugin
2024-05-31 13:48:32,790 [INFO] PluginManager:220 - loadIPPluginJar : add lorawan
2024-05-31 13:48:32,817 [INFO] IPUIPlugin:80 - create IPUIPlugin
2024-05-31 13:48:32,817 [INFO] PluginManager:220 - loadIPPluginJar : add ltdc
2024-05-31 13:48:32,828 [INFO] IPUIPlugin:80 - create IPUIPlugin
2024-05-31 13:48:32,828 [INFO] PluginManager:220 - loadIPPluginJar : add mdma
2024-05-31 13:48:32,838 [INFO] IPUIPlugin:80 - create IPUIPlugin
2024-05-31 13:48:32,838 [INFO] PluginManager:220 - loadIPPluginJar : add nvic
2024-05-31 13:48:32,869 [INFO] IPUIPlugin:80 - create IPUIPlugin
2024-05-31 13:48:32,869 [INFO] PluginManager:220 - loadIPPluginJar : add opamp
2024-05-31 13:48:32,920 [INFO] IPUIPlugin:80 - create IPUIPlugin
2024-05-31 13:48:32,921 [INFO] PluginManager:220 - loadIPPluginJar : add openamp
2024-05-31 13:48:32,956 [INFO] IPUIPlugin:80 - create IPUIPlugin
2024-05-31 13:48:32,956 [INFO] PluginManager:220 - loadIPPluginJar : add pdm2pcm
2024-05-31 13:48:32,967 [INFO] IPUIPlugin:80 - create IPUIPlugin
2024-05-31 13:48:32,969 [INFO] PluginManager:220 - loadIPPluginJar : add plateformsettings
2024-05-31 13:48:32,987 [INFO] IPUIPlugin:80 - create IPUIPlugin
2024-05-31 13:48:32,987 [INFO] PluginManager:220 - loadIPPluginJar : add quadspi
2024-05-31 13:48:32,998 [INFO] IPUIPlugin:80 - create IPUIPlugin
2024-05-31 13:48:32,998 [INFO] PluginManager:220 - loadIPPluginJar : add resmgrutility
2024-05-31 13:48:33,037 [INFO] IPUIPlugin:80 - create IPUIPlugin
2024-05-31 13:48:33,037 [INFO] PluginManager:220 - loadIPPluginJar : add sai
2024-05-31 13:48:33,068 [INFO] IPUIPlugin:80 - create IPUIPlugin
2024-05-31 13:48:33,068 [INFO] PluginManager:220 - loadIPPluginJar : add spi
2024-05-31 13:48:33,133 [INFO] IPUIPlugin:80 - create IPUIPlugin
2024-05-31 13:48:33,134 [INFO] PluginManager:220 - loadIPPluginJar : add stm32_wpan
2024-05-31 13:48:33,156 [INFO] IPUIPlugin:80 - create IPUIPlugin
2024-05-31 13:48:33,156 [INFO] PluginManager:220 - loadIPPluginJar : add tim
2024-05-31 13:48:33,215 [INFO] IPUIPlugin:80 - create IPUIPlugin
2024-05-31 13:48:33,215 [INFO] PluginManager:220 - loadIPPluginJar : add touchsensing
2024-05-31 13:48:33,237 [INFO] IPUIPlugin:80 - create IPUIPlugin
2024-05-31 13:48:33,237 [INFO] PluginManager:220 - loadIPPluginJar : add tracer_emb
2024-05-31 13:48:33,260 [INFO] IPUIPlugin:80 - create IPUIPlugin
2024-05-31 13:48:33,260 [INFO] PluginManager:220 - loadIPPluginJar : add ts
2024-05-31 13:48:33,281 [INFO] IPUIPlugin:80 - create IPUIPlugin
2024-05-31 13:48:33,281 [INFO] PluginManager:220 - loadIPPluginJar : add tsc
2024-05-31 13:48:33,301 [INFO] IPUIPlugin:80 - create IPUIPlugin
2024-05-31 13:48:33,301 [INFO] PluginManager:220 - loadIPPluginJar : add ucpd
2024-05-31 13:48:33,343 [INFO] IPUIPlugin:80 - create IPUIPlugin
2024-05-31 13:48:33,343 [INFO] PluginManager:220 - loadIPPluginJar : add usart
2024-05-31 13:48:33,382 [INFO] IPUIPlugin:80 - create IPUIPlugin
2024-05-31 13:48:33,382 [INFO] PluginManager:220 - loadIPPluginJar : add usbx
2024-05-31 13:48:33,503 [INFO] CADModel:165 - CPN selected for project level
2024-05-31 13:48:33,503 [INFO] CADModel:114 - Register for checkConnection events
2024-05-31 13:48:33,503 [FATAL] Updater:308 - Updater called before beeing initialized
2024-05-31 13:48:33,503 [ERROR] CADModel:125 - Updater not yet initialized, retry later 
2024-05-31 13:48:33,622 [INFO] CADModel:165 - CPN selected for project level
2024-05-31 13:48:33,622 [INFO] CADModel:114 - Register for checkConnection events
2024-05-31 13:48:33,622 [FATAL] Updater:308 - Updater called before beeing initialized
2024-05-31 13:48:33,622 [ERROR] CADModel:125 - Updater not yet initialized, retry later 
2024-05-31 13:48:33,625 [FATAL] Updater:308 - Updater called before beeing initialized
2024-05-31 13:48:33,771 [FATAL] Updater:308 - Updater called before beeing initialized
2024-05-31 13:48:33,779 [INFO] DbMcusAds:53 - JSON generation date=Thu May 16 12:22:00 TRT 2024 (1715851320852)
2024-05-31 13:48:33,779 [FATAL] Updater:308 - Updater called before beeing initialized
2024-05-31 13:48:33,845 [WARN] DetailPanel:346 - Failed to get advertising image, set to default
2024-05-31 13:48:33,925 [FATAL] Updater:308 - Updater called before beeing initialized
2024-05-31 13:48:33,927 [FATAL] Updater:308 - Updater called before beeing initialized
2024-05-31 13:48:33,927 [FATAL] Updater:308 - Updater called before beeing initialized
2024-05-31 13:48:33,927 [WARN] DetailPanel:346 - Failed to get advertising image, set to default
2024-05-31 13:48:33,928 [FATAL] Updater:308 - Updater called before beeing initialized
2024-05-31 13:48:33,990 [ERROR] Updater:1120 - MainUpdater not yet initialized. External WinMGr cannot be set.
2024-05-31 13:48:34,002 [INFO] Updater:1056 - Updater Version found : 6.11.1
2024-05-31 13:48:34,021 [INFO] ApplicationProperties:184 - Using Application install path: C:\ST\STM32CubeIDE_1.14.0\STM32CubeIDE\plugins\com.st.stm32cube.common.mx_6.11.1.202404110753
2024-05-31 13:48:34,484 [INFO] ThirdPartyUpdaterWithRetryManager:70 - Updater plugin not ready yet. [2/15]
2024-05-31 13:48:35,597 [ERROR] LogOutputStream:75 - [STDERR_REDIRECT] May 31, 2024 1:48:35 PM java.util.prefs.WindowsPreferences <init>
2024-05-31 13:48:35,599 [ERROR] LogOutputStream:75 - [STDERR_REDIRECT] WARNING: Could not open/create prefs root node Software\JavaSoft\Prefs at root 0xffffffff80000002. Windows RegCreateKeyEx(...) returned error code 5.
2024-05-31 13:48:35,599 [ERROR] LogOutputStream:75 - [STDERR_REDIRECT] 
2024-05-31 13:48:35,969 [INFO] MainUpdater:2873 - connection check result : 10
2024-05-31 13:48:35,969 [INFO] MainUpdater:290 - Updater Check For Update Now.
2024-05-31 13:48:35,970 [INFO] MicroXplorer:498 - Change Database Version : DB.6.0.111
2024-05-31 13:48:35,984 [INFO] McuFinderGlobals:63 - Set McuFinder mode to 2 (CubeIDE integrated)
2024-05-31 13:48:35,998 [INFO] UserAuth:415 - Internet connection configuration mode: 1
2024-05-31 13:48:36,027 [INFO] JxBrowserEngine:152 - Initiate JxBrowser Engine with user profile folder
2024-05-31 13:48:36,190 [INFO] CheckServerUpdateThread:120 - End of CheckServer Thread
2024-05-31 13:48:37,650 [WARN] PackLoader:240 - Cannot read IP mode file for STMicroelectronics.FP-SNS-MOTENVWB1.1.4.0
2024-05-31 13:48:37,664 [WARN] PackLoader:240 - Cannot read IP mode file for STMicroelectronics.X-CUBE-SMBUS.2.1.0
2024-05-31 13:48:37,675 [WARN] PackLoader:240 - Cannot read IP mode file for STMicroelectronics.X-CUBE-TOUCHGFX.4.23.1
2024-05-31 13:48:37,686 [WARN] PackLoader:240 - Cannot read IP mode file for STMicroelectronics.X-CUBE-TOUCHGFX.4.23.0
2024-05-31 13:48:37,696 [WARN] PackLoader:240 - Cannot read IP mode file for STMicroelectronics.X-CUBE-TOUCHGFX.4.23.2
2024-05-31 13:48:37,736 [WARN] PackLoader:240 - Cannot read IP mode file for STMicroelectronics.X-CUBE-AZRTOS-F7.1.1.0
2024-05-31 13:48:37,761 [WARN] PackLoader:240 - Cannot read IP mode file for STMicroelectronics.FP-SNS-MOTENV1.4.3.2
2024-05-31 13:48:37,778 [WARN] PackLoader:240 - Cannot read IP mode file for STMicroelectronics.FP-SNS-FLIGHT1.5.0.2
2024-05-31 13:48:37,795 [WARN] PackLoader:240 - Cannot read IP mode file for STMicroelectronics.X-CUBE-DISPLAY.3.0.0
2024-05-31 13:48:37,825 [WARN] PackLoader:240 - Cannot read IP mode file for STMicroelectronics.X-CUBE-BLE1.7.0.0
2024-05-31 13:48:37,841 [WARN] PackLoader:240 - Cannot read IP mode file for emotas.I-CUBE-CANOPEN.1.3.0
2024-05-31 13:48:37,853 [WARN] PackLoader:240 - Cannot read IP mode file for STMicroelectronics.X-CUBE-TOUCHGFX.4.22.0
2024-05-31 13:48:37,864 [WARN] PackLoader:240 - Cannot read IP mode file for STMicroelectronics.X-CUBE-TOUCHGFX.4.22.1
2024-05-31 13:48:37,882 [WARN] PackLoader:240 - Cannot read IP mode file for STMicroelectronics.X-CUBE-BLEMGR.3.1.0
2024-05-31 13:48:37,898 [WARN] PackLoader:240 - Cannot read IP mode file for STMicroelectronics.FP-SNS-SMARTAG2.1.2.0
2024-05-31 13:48:37,920 [INFO] LogOutputStream:77 - [STDOUT_REDIRECT] 1 : Invalid condition id : UX_CORESTACK_Condition cause : null
2024-05-31 13:48:37,920 [INFO] LogOutputStream:77 - [STDOUT_REDIRECT] 1 : Invalid condition id : UX_CORESTACK_Condition cause : null
2024-05-31 13:48:37,921 [INFO] LogOutputStream:77 - [STDOUT_REDIRECT] 1 : Invalid condition id : UX_CORESTACK_Condition cause : null
2024-05-31 13:48:37,922 [INFO] LogOutputStream:77 - [STDOUT_REDIRECT] 1 : Invalid condition id : UX_CORESTACK_Condition cause : null
2024-05-31 13:48:37,923 [INFO] LogOutputStream:77 - [STDOUT_REDIRECT] 1 : Invalid condition id : UX_CORESTACK_Condition cause : null
2024-05-31 13:48:37,926 [WARN] PackLoader:240 - Cannot read IP mode file for STMicroelectronics.X-CUBE-AZRTOS-WL.2.0.0
2024-05-31 13:48:37,939 [WARN] PackLoader:240 - Cannot read IP mode file for STMicroelectronics.FP-SNS-MOTENV1.5.0.0
2024-05-31 13:48:37,955 [WARN] PackLoader:240 - Cannot read IP mode file for WES.I-CUBE-Cesium.1.3.0
2024-05-31 13:48:37,967 [WARN] PackLoader:240 - Cannot read IP mode file for STMicroelectronics.X-CUBE-BLE2.3.3.0
2024-05-31 13:48:37,980 [WARN] PackLoader:240 - Cannot read IP mode file for STMicroelectronics.X-CUBE-TCPP.4.1.0
2024-05-31 13:48:37,995 [WARN] PackLoader:240 - Cannot read IP mode file for STMicroelectronics.X-CUBE-ALGOBUILD.1.3.0
2024-05-31 13:48:38,024 [WARN] PackLoader:240 - Cannot read IP mode file for STMicroelectronics.X-CUBE-AZRTOS-G0.1.1.0
2024-05-31 13:48:38,041 [WARN] PackLoader:240 - Cannot read IP mode file for STMicroelectronics.X-CUBE-SAFEA1.1.2.2
2024-05-31 13:48:38,055 [WARN] PackLoader:240 - Cannot read IP mode file for STMicroelectronics.X-CUBE-NFC4.3.0.0
2024-05-31 13:48:38,075 [WARN] PackLoader:240 - Cannot read IP mode file for STMicroelectronics.X-CUBE-BLEMGR.3.0.0
2024-05-31 13:48:38,091 [WARN] PackLoader:240 - Cannot read IP mode file for STMicroelectronics.FP-ATR-SIGFOX1.3.2.0
2024-05-31 13:48:38,106 [WARN] PackLoader:240 - Cannot read IP mode file for STMicroelectronics.X-CUBE-EEPRMA1.5.1.0
2024-05-31 13:48:38,152 [WARN] PackLoader:240 - Cannot read IP mode file for SEGGER.I-CUBE-embOS.1.3.1
2024-05-31 13:48:38,216 [WARN] PackLoader:240 - Cannot read IP mode file for STMicroelectronics.X-CUBE-ALGOBUILD.1.4.0
2024-05-31 13:48:38,234 [WARN] PackLoader:240 - Cannot read IP mode file for STMicroelectronics.X-CUBE-GNSS1.6.0.0
2024-05-31 13:48:38,289 [WARN] PackLoader:240 - Cannot read IP mode file for STMicroelectronics.X-CUBE-AZRTOS-F4.1.1.0
2024-05-31 13:48:38,311 [WARN] PackLoader:240 - Cannot read IP mode file for wolfSSL.I-CUBE-wolfSSL.5.6.3
2024-05-31 13:48:38,325 [WARN] PackLoader:240 - Cannot read IP mode file for STMicroelectronics.X-CUBE-FREERTOS.1.2.0
2024-05-31 13:48:38,359 [WARN] PackLoader:240 - Cannot read IP mode file for STMicroelectronics.X-CUBE-AZRTOS-L5.2.0.0
2024-05-31 13:48:38,417 [WARN] PackLoader:240 - Cannot read IP mode file for STMicroelectronics.X-CUBE-MEMS1.9.6.0
2024-05-31 13:48:38,579 [WARN] PackLoader:240 - Cannot read IP mode file for STMicroelectronics.X-CUBE-EEPRMA1.4.2.0
2024-05-31 13:48:38,595 [WARN] PackLoader:240 - Cannot read IP mode file for STMicroelectronics.X-CUBE-NFC6.3.1.0
2024-05-31 13:48:38,610 [WARN] PackLoader:240 - Cannot read IP mode file for ITTIA_DB.I-CUBE-ITTIADB.8.8.0
2024-05-31 13:48:38,628 [WARN] PackLoader:240 - Cannot read IP mode file for STMicroelectronics.X-CUBE-BLEMGR.2.0.0
2024-05-31 13:48:38,643 [WARN] PackLoader:240 - Cannot read IP mode file for STMicroelectronics.X-CUBE-AI.9.0.0
2024-05-31 13:48:38,669 [WARN] ConditionMgr:438 - getConditionDescription Invalid condition id : UX DEVICE CLASS RTOS Condition cause : null
2024-05-31 13:48:38,670 [WARN] ConditionMgr:438 - getConditionDescription Invalid condition id : UX DEVICE CLASS RTOS Condition cause : null
2024-05-31 13:48:38,672 [WARN] PackLoader:240 - Cannot read IP mode file for STMicroelectronics.X-CUBE-AZRTOS-H7.3.1.0
2024-05-31 13:48:38,673 [WARN] ConditionMgr:1039 - genDependencies : Invalid condition id : UX DEVICE CLASS RTOS Condition cause : null
2024-05-31 13:48:38,673 [WARN] ConditionMgr:1039 - genDependencies : Invalid condition id : UX DEVICE CLASS RTOS Condition cause : null
2024-05-31 13:48:38,674 [WARN] ConditionMgr:1039 - genDependencies : Invalid condition id : UX DEVICE CLASS RTOS Condition cause : null
2024-05-31 13:48:38,674 [WARN] ConditionMgr:1039 - genDependencies : Invalid condition id : UX DEVICE CLASS RTOS Condition cause : null
2024-05-31 13:48:38,674 [WARN] ConditionMgr:1039 - genDependencies : Invalid condition id : UX DEVICE CLASS RTOS Condition cause : null
2024-05-31 13:48:38,688 [WARN] PackLoader:240 - Cannot read IP mode file for STMicroelectronics.X-CUBE-NFC7.1.0.1
2024-05-31 13:48:38,702 [WARN] PackLoader:240 - Cannot read IP mode file for STMicroelectronics.X-CUBE-NFC6.3.0.0
2024-05-31 13:48:38,716 [WARN] PackLoader:240 - Cannot read IP mode file for STMicroelectronics.X-CUBE-EEPRMA1.4.1.0
2024-05-31 13:48:38,734 [WARN] PackLoader:240 - Cannot read IP mode file for STMicroelectronics.X-CUBE-AI.8.1.0
2024-05-31 13:48:38,779 [WARN] ConditionMgr:438 - getConditionDescription Invalid condition id : LAN8742 Phy interface Condition cause : null
2024-05-31 13:48:38,780 [WARN] PackLoader:240 - Cannot read IP mode file for STMicroelectronics.X-CUBE-AZRTOS-L4.2.0.0
2024-05-31 13:48:38,782 [WARN] ConditionMgr:1039 - genDependencies : Invalid condition id : LAN8742 Phy interface Condition cause : null
2024-05-31 13:48:38,782 [WARN] ConditionMgr:1039 - genDependencies : Invalid condition id : LAN8742 Phy interface Condition cause : null
2024-05-31 13:48:38,783 [WARN] ConditionMgr:1039 - genDependencies : Invalid condition id : LAN8742 Phy interface Condition cause : null
2024-05-31 13:48:38,804 [WARN] PackLoader:240 - Cannot read IP mode file for STMicroelectronics.X-CUBE-SFXS2LP1.4.0.0
2024-05-31 13:48:38,824 [WARN] PackLoader:240 - Cannot read IP mode file for STMicroelectronics.X-CUBE-ISPU.1.1.0
2024-05-31 13:48:38,862 [WARN] ConditionMgr:438 - getConditionDescription Invalid condition id : UX DEVICE CLASS RTOS Condition cause : null
2024-05-31 13:48:38,863 [WARN] ConditionMgr:438 - getConditionDescription Invalid condition id : UX DEVICE CLASS RTOS Condition cause : null
2024-05-31 13:48:38,867 [WARN] PackLoader:240 - Cannot read IP mode file for STMicroelectronics.X-CUBE-AZRTOS-WB.2.0.0
2024-05-31 13:48:38,868 [WARN] ConditionMgr:1039 - genDependencies : Invalid condition id : UX DEVICE CLASS RTOS Condition cause : null
2024-05-31 13:48:38,869 [WARN] ConditionMgr:1039 - genDependencies : Invalid condition id : UX DEVICE CLASS RTOS Condition cause : null
2024-05-31 13:48:38,869 [WARN] ConditionMgr:1039 - genDependencies : Invalid condition id : UX DEVICE CLASS RTOS Condition cause : null
2024-05-31 13:48:38,870 [WARN] ConditionMgr:1039 - genDependencies : Invalid condition id : UX DEVICE CLASS RTOS Condition cause : null
2024-05-31 13:48:38,870 [WARN] ConditionMgr:1039 - genDependencies : Invalid condition id : UX DEVICE CLASS RTOS Condition cause : null
2024-05-31 13:48:38,884 [WARN] PackLoader:240 - Cannot read IP mode file for STMicroelectronics.X-CUBE-FREERTOS.1.0.1
2024-05-31 13:48:38,906 [WARN] PackLoader:240 - Cannot read IP mode file for STMicroelectronics.X-CUBE-SUBG2.5.0.0
2024-05-31 13:48:38,929 [WARN] PackLoader:240 - Cannot read IP mode file for STMicroelectronics.X-CUBE-TOF1.3.3.1
2024-05-31 13:48:38,963 [WARN] PackLoader:240 - Cannot read IP mode file for STMicroelectronics.X-CUBE-AZRTOS-G4.2.0.0
2024-05-31 13:48:38,988 [WARN] PackLoader:240 - Cannot read IP mode file for Infineon.AIROC-Wi-Fi-Bluetooth-STM32.1.5.1
2024-05-31 13:48:39,004 [WARN] PackLoader:240 - Cannot read IP mode file for STMicroelectronics.FP-SNS-MOTENVWB1.1.3.0
2024-05-31 13:48:39,016 [WARN] PackLoader:240 - Cannot read IP mode file for STMicroelectronics.FP-SNS-MOTENVWB1.1.3.1
2024-05-31 13:48:39,028 [WARN] PackLoader:240 - Cannot read IP mode file for STMicroelectronics.X-CUBE-ISPU.2.0.0
2024-05-31 13:48:39,041 [WARN] PackLoader:240 - Cannot read IP mode file for STMicroelectronics.X-CUBE-ALS.1.0.2
2024-05-31 13:48:39,100 [WARN] PackLoader:240 - Cannot read IP mode file for STMicroelectronics.X-CUBE-MEMS1.10.0.0
2024-05-31 13:48:39,230 [WARN] PackLoader:240 - Cannot read IP mode file for STMicroelectronics.X-CUBE-FREERTOS.1.1.0
2024-05-31 13:48:39,244 [WARN] PackLoader:240 - Cannot read IP mode file for portGmbH.I-Cube-SoM-uGOAL.1.1.0
2024-05-31 13:48:39,255 [WARN] PackLoader:240 - Cannot read IP mode file for STMicroelectronics.X-CUBE-ALS.1.0.1
2024-05-31 13:48:39,284 [WARN] PackLoader:240 - Cannot read IP mode file for STMicroelectronics.X-CUBE-AZRTOS-H7RS.1.0.0
2024-05-31 13:48:39,297 [WARN] PackLoader:240 - Cannot read IP mode file for STMicroelectronics.FP-ATR-ASTRA1.2.0.0
2024-05-31 13:48:39,315 [WARN] PackLoader:240 - Cannot read IP mode file for STMicroelectronics.X-CUBE-TOF1.3.4.0
2024-05-31 13:48:39,342 [WARN] PackLoader:240 - Cannot read IP mode file for STMicroelectronics.X-CUBE-TOF1.3.4.1
2024-05-31 13:48:39,387 [WARN] PackLoader:240 - Cannot read IP mode file for STMicroelectronics.X-CUBE-AZRTOS-H7.3.2.0
2024-05-31 13:48:39,389 [INFO] ThirdParty:978 - Integrity check success = true
2024-05-31 13:48:39,389 [INFO] IntegrityCheckThread:100 - exiting critical section [integrity check]
2024-05-31 13:48:39,390 [INFO] IntegrityCheckThread:103 - End integrity checks thread
2024-05-31 13:48:40,451 [INFO] WebApp:161 - Instantiating new browser for Auth
2024-05-31 13:48:41,008 [INFO] WebApp:779 - Register for checkConnection events
2024-05-31 13:48:41,008 [INFO] WebApp:414 - Apply proxy settings
2024-05-31 13:48:41,008 [INFO] WebApp:499 - Chromium requires no authentication
2024-05-31 13:48:41,013 [INFO] WebApp:442 - Direct internet connection detected
2024-05-31 13:48:41,134 [INFO] WebApp:192 - Starting web application
2024-05-31 13:48:41,134 [INFO] WebApp:544 - Web application path used C:\ST\STM32CubeIDE_1.14.0\STM32CubeIDE\plugins\com.st.stm32cube.common.mx_6.11.1.202404110753\db\plugins\mcufinder\reactClient1\index.html
2024-05-31 21:42:14,927 [ERROR] LogOutputStream:75 - [STDERR_REDIRECT] 
2024-05-31 21:42:14,928 [ERROR] LogOutputStream:75 - [STDERR_REDIRECT] 
