2024-05-23 20:47:52,618 [INFO] Activator:176 - 


2024-05-23 20:47:52,627 [INFO] Activator:177 - !SESSION log4j initialized
2024-05-23 20:47:58,974 [INFO] LogOutputStream:77 - [STDOUT_REDIRECT] 
2024-05-23 20:48:11,555 [INFO] ApplicationProperties:184 - Using Application install path: C:\ST\STM32CubeIDE_1.14.0\STM32CubeIDE\plugins\com.st.stm32cube.common.mx_6.11.1.202404110753
2024-05-23 20:48:11,571 [INFO] DbMcusXml:78 - Set database path to: C:\ST\STM32CubeIDE_1.14.0\STM32CubeIDE\plugins\com.st.stm32cube.common.mx_6.11.1.202404110753\\db\/mcu/
2024-05-23 20:48:11,572 [INFO] ApiDb:274 - Set plugin database path to: C:\ST\STM32CubeIDE_1.14.0\STM32CubeIDE\plugins\com.st.stm32cube.common.mx_6.11.1.202404110753\\db\/plugins/boardmanager/
2024-05-23 20:48:11,572 [WARN] ApiDb:259 - Overriding images path with different value:  => C:\ST\STM32CubeIDE_1.14.0\STM32CubeIDE\plugins\com.st.stm32cube.common.mx_6.11.1.202404110753\\db\/plugins/mcufinder/images/
2024-05-23 20:48:11,579 [INFO] ApiDb:250 - Set database path to: C:\Users\uykun\.stmcufinder\plugins\mcufinder//mcu/
2024-05-23 20:48:11,579 [INFO] DbMcusAds:125 - Set database path to: C:\Users\uykun\.stmcufinder\plugins\mcufinder//mcu/
2024-05-23 20:48:11,581 [INFO] CrossReferenceDbSqlite:203 - Set database path to: C:\Users\uykun\.stmcufinder\plugins\mcufinder//mcu/cs/
2024-05-23 20:48:11,694 [INFO] RulesReader:64 - Compatibility file has been processed (297 Rules)
2024-05-23 20:48:11,774 [INFO] DbMcusXml:78 - Set database path to: C:\ST\STM32CubeIDE_1.14.0\STM32CubeIDE\plugins\com.st.stm32cube.common.mx_6.11.1.202404110753\\db\/mcu/
2024-05-23 20:48:11,775 [INFO] ApiDb:274 - Set plugin database path to: C:\ST\STM32CubeIDE_1.14.0\STM32CubeIDE\plugins\com.st.stm32cube.common.mx_6.11.1.202404110753\\db\/plugins/boardmanager/
2024-05-23 20:48:11,775 [INFO] ApiDb:261 - Set plugin images path to: C:\ST\STM32CubeIDE_1.14.0\STM32CubeIDE\plugins\com.st.stm32cube.common.mx_6.11.1.202404110753\\db\/plugins/mcufinder/images/
2024-05-23 20:48:11,775 [WARN] DbFile:41 - Overriding database path with different value: C:\Users\uykun\.stmcufinder\plugins\mcufinder/ => C:\Users\uykun\.stmcufinder\plugins\mcufinder
2024-05-23 20:48:11,775 [INFO] ApiDb:250 - Set database path to: C:\Users\uykun\.stmcufinder\plugins\mcufinder//mcu/
2024-05-23 20:48:11,775 [WARN] DbFile:41 - Overriding database path with different value: C:\Users\uykun\.stmcufinder\plugins\mcufinder/ => C:\Users\uykun\.stmcufinder\plugins\mcufinder
2024-05-23 20:48:11,775 [INFO] DbMcusAds:125 - Set database path to: C:\Users\uykun\.stmcufinder\plugins\mcufinder//mcu/
2024-05-23 20:48:11,775 [WARN] DbFile:41 - Overriding database path with different value: C:\Users\uykun\.stmcufinder\plugins\mcufinder/ => C:\Users\uykun\.stmcufinder\plugins\mcufinder
2024-05-23 20:48:11,775 [WARN] DbFile:41 - Overriding database path with different value: C:\Users\uykun\.stmcufinder\plugins\mcufinder/ => C:\Users\uykun\.stmcufinder\plugins\mcufinder
2024-05-23 20:48:11,776 [INFO] CrossReferenceDbSqlite:203 - Set database path to: C:\Users\uykun\.stmcufinder\plugins\mcufinder//mcu/cs/
2024-05-23 20:48:11,844 [INFO] MainPanel:264 - HeapMemory: 268435456
2024-05-23 20:48:11,911 [INFO] DbMcusXml:78 - Set database path to: C:\ST\STM32CubeIDE_1.14.0\STM32CubeIDE\plugins\com.st.stm32cube.common.mx_6.11.1.202404110753\\db\/mcu/
2024-05-23 20:48:11,911 [INFO] ApiDb:274 - Set plugin database path to: C:\ST\STM32CubeIDE_1.14.0\STM32CubeIDE\plugins\com.st.stm32cube.common.mx_6.11.1.202404110753\\db\/plugins/boardmanager/
2024-05-23 20:48:11,911 [INFO] ApiDb:261 - Set plugin images path to: C:\ST\STM32CubeIDE_1.14.0\STM32CubeIDE\plugins\com.st.stm32cube.common.mx_6.11.1.202404110753\\db\/plugins/mcufinder/images/
2024-05-23 20:48:11,912 [WARN] DbFile:41 - Overriding database path with different value: C:\Users\uykun\.stmcufinder\plugins\mcufinder/ => C:\Users\uykun\.stmcufinder\plugins\mcufinder
2024-05-23 20:48:11,912 [INFO] ApiDb:250 - Set database path to: C:\Users\uykun\.stmcufinder\plugins\mcufinder//mcu/
2024-05-23 20:48:11,912 [WARN] DbFile:41 - Overriding database path with different value: C:\Users\uykun\.stmcufinder\plugins\mcufinder/ => C:\Users\uykun\.stmcufinder\plugins\mcufinder
2024-05-23 20:48:11,912 [INFO] DbMcusAds:125 - Set database path to: C:\Users\uykun\.stmcufinder\plugins\mcufinder//mcu/
2024-05-23 20:48:11,912 [WARN] DbFile:41 - Overriding database path with different value: C:\Users\uykun\.stmcufinder\plugins\mcufinder/ => C:\Users\uykun\.stmcufinder\plugins\mcufinder
2024-05-23 20:48:11,912 [WARN] DbFile:41 - Overriding database path with different value: C:\Users\uykun\.stmcufinder\plugins\mcufinder/ => C:\Users\uykun\.stmcufinder\plugins\mcufinder
2024-05-23 20:48:11,912 [INFO] CrossReferenceDbSqlite:203 - Set database path to: C:\Users\uykun\.stmcufinder\plugins\mcufinder//mcu/cs/
2024-05-23 20:48:11,928 [INFO] ApplicationProperties:184 - Using Application install path: C:\ST\STM32CubeIDE_1.14.0\STM32CubeIDE\plugins\com.st.stm32cube.common.mx_6.11.1.202404110753
2024-05-23 20:48:11,929 [INFO] PluginManage:196 - Search for loadable plugins [exclusion list=, ]
2024-05-23 20:48:11,930 [INFO] PluginManage:310 - Check plugin analytics
2024-05-23 20:48:12,078 [INFO] AnalyticsPlugin:253 - Accepted Software Licenses: 
2024-05-23 20:48:12,078 [INFO] AnalyticsPlugin:255 - Accepted CMSIS Pack Licenses: 
2024-05-23 20:48:12,079 [INFO] AnalyticsPlugin:257 - Accepted Firmware Licenses: FW.F4.1.28.0
2024-05-23 20:48:12,081 [INFO] PluginManage:359 - Loaded plugin analytics (category:tool,tabindex:-1)
2024-05-23 20:48:12,081 [INFO] PluginManage:310 - Check plugin cadmodel
2024-05-23 20:48:12,095 [INFO] CADModel:105 - Init CAD model plugin
2024-05-23 20:48:12,095 [INFO] PluginManage:359 - Loaded plugin cadmodel (category:power,tabindex:5)
2024-05-23 20:48:12,095 [INFO] PluginManage:310 - Check plugin clock
2024-05-23 20:48:12,110 [INFO] PluginManage:359 - Loaded plugin clock (category:base,tabindex:2)
2024-05-23 20:48:12,111 [INFO] PluginManage:310 - Check plugin ddr
2024-05-23 20:48:12,112 [INFO] PluginManage:359 - Loaded plugin ddr (category:tool,tabindex:6)
2024-05-23 20:48:12,112 [INFO] PluginManage:310 - Check plugin filemanager
2024-05-23 20:48:12,216 [INFO] PluginManage:359 - Loaded plugin filemanager (category:base,tabindex:10)
2024-05-23 20:48:12,216 [INFO] PluginManage:310 - Check plugin ipmanager
2024-05-23 20:48:12,223 [INFO] PluginManage:359 - Loaded plugin ipmanager (category:base,tabindex:5)
2024-05-23 20:48:12,223 [INFO] PluginManage:310 - Check plugin lpbam
2024-05-23 20:48:12,236 [INFO] PluginManage:359 - Loaded plugin lpbam (category:base,tabindex:0)
2024-05-23 20:48:12,237 [INFO] PluginManage:310 - Check plugin memorymap
2024-05-23 20:48:12,253 [INFO] PluginManage:359 - Loaded plugin memorymap (category:base,tabindex:4)
2024-05-23 20:48:12,253 [INFO] PluginManage:310 - Check plugin pinoutandconfiguration
2024-05-23 20:48:12,265 [INFO] PluginManage:359 - Loaded plugin pinoutandconfiguration (category:base,tabindex:1)
2024-05-23 20:48:12,265 [INFO] PluginManage:310 - Check plugin pinoutconfig
2024-05-23 20:48:12,354 [WARN] SupportedApi:132 - Cannot load RTOS API schema: s4s-elt-must-match.1: The content of 'definitions' must match (annotation?, (simpleType | complexType)?, (unique | key | keyref)*)). A problem was found starting at: attribute.
2024-05-23 20:48:12,519 [INFO] PluginManage:359 - Loaded plugin pinoutconfig (category:base,tabindex:0)
2024-05-23 20:48:12,519 [INFO] PluginManage:310 - Check plugin power
2024-05-23 20:48:12,543 [INFO] PluginManage:359 - Loaded plugin power (category:power,tabindex:4)
2024-05-23 20:48:12,543 [INFO] PluginManage:310 - Check plugin projectmanager
2024-05-23 20:48:12,557 [INFO] PluginManage:359 - Loaded plugin projectmanager (category:projectmanager,tabindex:3)
2024-05-23 20:48:12,558 [INFO] PluginManage:310 - Check plugin thirdparty
2024-05-23 20:48:12,820 [INFO] PluginManage:359 - Loaded plugin thirdparty (category:base,tabindex:-1)
2024-05-23 20:48:12,820 [WARN] IntegrityCheckThread:84 - waiting for thirdparty lock release [integrity check]
2024-05-23 20:48:12,821 [INFO] PluginManage:310 - Check plugin tools
2024-05-23 20:48:12,821 [INFO] IntegrityCheckThread:86 - entering critical section [integrity check]
2024-05-23 20:48:12,822 [INFO] ThirdPartyUpdaterWithRetryManager:70 - Updater plugin not ready yet. [1/15]
2024-05-23 20:48:12,854 [INFO] PluginManage:359 - Loaded plugin tools (category:base,tabindex:7)
2024-05-23 20:48:12,854 [INFO] PluginManage:310 - Check plugin tutovideos
2024-05-23 20:48:13,007 [INFO] PluginManage:359 - Loaded plugin tutovideos (category:base,tabindex:-1)
2024-05-23 20:48:13,007 [INFO] PluginManage:310 - Check plugin updater
2024-05-23 20:48:13,020 [INFO] PluginManage:359 - Loaded plugin updater (category:base,tabindex:12)
2024-05-23 20:48:13,020 [INFO] PluginManage:310 - Check plugin userauth
2024-05-23 20:48:13,024 [INFO] UserAuth:114 - Init User Auth plugin
2024-05-23 20:48:13,024 [INFO] PluginManage:359 - Loaded plugin userauth (category:base,tabindex:14)
2024-05-23 20:48:13,024 [INFO] PluginManage:283 - PluginManage : Loaded plugins [17]
2024-05-23 20:48:13,202 [INFO] PinOutPanel:1561 - setPackage(No Configuration,No Configuration)
2024-05-23 20:48:13,266 [INFO] CADModel:165 - CPN selected for project level
2024-05-23 20:48:13,266 [INFO] CADModel:114 - Register for checkConnection events
2024-05-23 20:48:13,289 [INFO] IPUIPlugin:80 - create IPUIPlugin
2024-05-23 20:48:13,289 [INFO] PluginManager:220 - loadIPPluginJar : add adc
2024-05-23 20:48:13,324 [INFO] IPUIPlugin:80 - create IPUIPlugin
2024-05-23 20:48:13,324 [INFO] PluginManager:220 - loadIPPluginJar : add aes
2024-05-23 20:48:13,368 [INFO] IPUIPlugin:80 - create IPUIPlugin
2024-05-23 20:48:13,368 [INFO] PluginManager:220 - loadIPPluginJar : add can
2024-05-23 20:48:13,385 [INFO] IPUIPlugin:80 - create IPUIPlugin
2024-05-23 20:48:13,385 [INFO] PluginManager:220 - loadIPPluginJar : add comp
2024-05-23 20:48:13,415 [INFO] IPUIPlugin:80 - create IPUIPlugin
2024-05-23 20:48:13,415 [INFO] PluginManager:220 - loadIPPluginJar : add cryp
2024-05-23 20:48:13,442 [INFO] IPUIPlugin:80 - create IPUIPlugin
2024-05-23 20:48:13,442 [INFO] PluginManager:220 - loadIPPluginJar : add dfsdm
2024-05-23 20:48:13,452 [INFO] IPUIPlugin:80 - create IPUIPlugin
2024-05-23 20:48:13,452 [INFO] PluginManager:220 - loadIPPluginJar : add dma
2024-05-23 20:48:13,489 [INFO] IPUIPlugin:80 - create IPUIPlugin
2024-05-23 20:48:13,489 [INFO] PluginManager:220 - loadIPPluginJar : add dma3
2024-05-23 20:48:13,527 [INFO] IPUIPlugin:80 - create IPUIPlugin
2024-05-23 20:48:13,528 [INFO] PluginManager:220 - loadIPPluginJar : add extmemmanager
2024-05-23 20:48:13,547 [INFO] IPUIPlugin:80 - create IPUIPlugin
2024-05-23 20:48:13,547 [INFO] PluginManager:220 - loadIPPluginJar : add fatfs
2024-05-23 20:48:13,587 [INFO] IPUIPlugin:80 - create IPUIPlugin
2024-05-23 20:48:13,587 [INFO] PluginManager:220 - loadIPPluginJar : add fmc
2024-05-23 20:48:13,598 [INFO] IPUIPlugin:80 - create IPUIPlugin
2024-05-23 20:48:13,598 [INFO] PluginManager:220 - loadIPPluginJar : add freertos
2024-05-23 20:48:13,618 [INFO] IPUIPlugin:80 - create IPUIPlugin
2024-05-23 20:48:13,618 [INFO] PluginManager:220 - loadIPPluginJar : add genericplugin
2024-05-23 20:48:13,696 [INFO] IPUIPlugin:80 - create IPUIPlugin
2024-05-23 20:48:13,696 [INFO] PluginManager:220 - loadIPPluginJar : add gfxmmu
2024-05-23 20:48:13,807 [INFO] IPUIPlugin:80 - create IPUIPlugin
2024-05-23 20:48:13,807 [INFO] PluginManager:220 - loadIPPluginJar : add gic
2024-05-23 20:48:13,817 [INFO] IPUIPlugin:80 - create IPUIPlugin
2024-05-23 20:48:13,817 [INFO] PluginManager:220 - loadIPPluginJar : add gpio
2024-05-23 20:48:13,899 [INFO] IPUIPlugin:80 - create IPUIPlugin
2024-05-23 20:48:13,899 [INFO] PluginManager:220 - loadIPPluginJar : add gtzc
2024-05-23 20:48:13,926 [INFO] IPUIPlugin:80 - create IPUIPlugin
2024-05-23 20:48:13,926 [INFO] PluginManager:220 - loadIPPluginJar : add hash
2024-05-23 20:48:13,971 [INFO] IPUIPlugin:80 - create IPUIPlugin
2024-05-23 20:48:13,971 [INFO] PluginManager:220 - loadIPPluginJar : add i2c
2024-05-23 20:48:14,003 [INFO] IPUIPlugin:80 - create IPUIPlugin
2024-05-23 20:48:14,003 [INFO] PluginManager:220 - loadIPPluginJar : add i2s
2024-05-23 20:48:14,042 [INFO] IPUIPlugin:80 - create IPUIPlugin
2024-05-23 20:48:14,042 [INFO] PluginManager:220 - loadIPPluginJar : add i3c
2024-05-23 20:48:14,130 [INFO] IPUIPlugin:80 - create IPUIPlugin
2024-05-23 20:48:14,130 [INFO] PluginManager:220 - loadIPPluginJar : add ipddr
2024-05-23 20:48:14,206 [INFO] IPUIPlugin:80 - create IPUIPlugin
2024-05-23 20:48:14,206 [INFO] PluginManager:220 - loadIPPluginJar : add linkedlist
2024-05-23 20:48:14,235 [INFO] IPUIPlugin:80 - create IPUIPlugin
2024-05-23 20:48:14,235 [INFO] PluginManager:220 - loadIPPluginJar : add lorawan
2024-05-23 20:48:14,264 [INFO] IPUIPlugin:80 - create IPUIPlugin
2024-05-23 20:48:14,264 [INFO] PluginManager:220 - loadIPPluginJar : add ltdc
2024-05-23 20:48:14,277 [INFO] IPUIPlugin:80 - create IPUIPlugin
2024-05-23 20:48:14,277 [INFO] PluginManager:220 - loadIPPluginJar : add mdma
2024-05-23 20:48:14,286 [INFO] IPUIPlugin:80 - create IPUIPlugin
2024-05-23 20:48:14,286 [INFO] PluginManager:220 - loadIPPluginJar : add nvic
2024-05-23 20:48:14,317 [INFO] IPUIPlugin:80 - create IPUIPlugin
2024-05-23 20:48:14,317 [INFO] PluginManager:220 - loadIPPluginJar : add opamp
2024-05-23 20:48:14,367 [INFO] IPUIPlugin:80 - create IPUIPlugin
2024-05-23 20:48:14,367 [INFO] PluginManager:220 - loadIPPluginJar : add openamp
2024-05-23 20:48:14,401 [INFO] IPUIPlugin:80 - create IPUIPlugin
2024-05-23 20:48:14,401 [INFO] PluginManager:220 - loadIPPluginJar : add pdm2pcm
2024-05-23 20:48:14,412 [INFO] IPUIPlugin:80 - create IPUIPlugin
2024-05-23 20:48:14,414 [INFO] PluginManager:220 - loadIPPluginJar : add plateformsettings
2024-05-23 20:48:14,434 [INFO] IPUIPlugin:80 - create IPUIPlugin
2024-05-23 20:48:14,434 [INFO] PluginManager:220 - loadIPPluginJar : add quadspi
2024-05-23 20:48:14,444 [INFO] IPUIPlugin:80 - create IPUIPlugin
2024-05-23 20:48:14,444 [INFO] PluginManager:220 - loadIPPluginJar : add resmgrutility
2024-05-23 20:48:14,488 [INFO] IPUIPlugin:80 - create IPUIPlugin
2024-05-23 20:48:14,488 [INFO] PluginManager:220 - loadIPPluginJar : add sai
2024-05-23 20:48:14,519 [INFO] IPUIPlugin:80 - create IPUIPlugin
2024-05-23 20:48:14,519 [INFO] PluginManager:220 - loadIPPluginJar : add spi
2024-05-23 20:48:14,580 [INFO] IPUIPlugin:80 - create IPUIPlugin
2024-05-23 20:48:14,580 [INFO] PluginManager:220 - loadIPPluginJar : add stm32_wpan
2024-05-23 20:48:14,598 [INFO] IPUIPlugin:80 - create IPUIPlugin
2024-05-23 20:48:14,598 [INFO] PluginManager:220 - loadIPPluginJar : add tim
2024-05-23 20:48:14,649 [INFO] IPUIPlugin:80 - create IPUIPlugin
2024-05-23 20:48:14,649 [INFO] PluginManager:220 - loadIPPluginJar : add touchsensing
2024-05-23 20:48:14,670 [INFO] IPUIPlugin:80 - create IPUIPlugin
2024-05-23 20:48:14,670 [INFO] PluginManager:220 - loadIPPluginJar : add tracer_emb
2024-05-23 20:48:14,687 [INFO] IPUIPlugin:80 - create IPUIPlugin
2024-05-23 20:48:14,687 [INFO] PluginManager:220 - loadIPPluginJar : add ts
2024-05-23 20:48:14,709 [INFO] IPUIPlugin:80 - create IPUIPlugin
2024-05-23 20:48:14,709 [INFO] PluginManager:220 - loadIPPluginJar : add tsc
2024-05-23 20:48:14,726 [INFO] IPUIPlugin:80 - create IPUIPlugin
2024-05-23 20:48:14,726 [INFO] PluginManager:220 - loadIPPluginJar : add ucpd
2024-05-23 20:48:14,765 [INFO] IPUIPlugin:80 - create IPUIPlugin
2024-05-23 20:48:14,765 [INFO] PluginManager:220 - loadIPPluginJar : add usart
2024-05-23 20:48:14,802 [INFO] IPUIPlugin:80 - create IPUIPlugin
2024-05-23 20:48:14,802 [INFO] PluginManager:220 - loadIPPluginJar : add usbx
2024-05-23 20:48:14,922 [INFO] CADModel:165 - CPN selected for project level
2024-05-23 20:48:14,922 [INFO] CADModel:114 - Register for checkConnection events
2024-05-23 20:48:14,922 [FATAL] Updater:308 - Updater called before beeing initialized
2024-05-23 20:48:14,922 [ERROR] CADModel:125 - Updater not yet initialized, retry later 
2024-05-23 20:48:15,051 [INFO] CADModel:165 - CPN selected for project level
2024-05-23 20:48:15,051 [INFO] CADModel:114 - Register for checkConnection events
2024-05-23 20:48:15,052 [FATAL] Updater:308 - Updater called before beeing initialized
2024-05-23 20:48:15,052 [ERROR] CADModel:125 - Updater not yet initialized, retry later 
2024-05-23 20:48:15,057 [FATAL] Updater:308 - Updater called before beeing initialized
2024-05-23 20:48:15,187 [FATAL] Updater:308 - Updater called before beeing initialized
2024-05-23 20:48:15,201 [INFO] DbMcusAds:53 - JSON generation date=Thu May 16 12:22:00 TRT 2024 (1715851320852)
2024-05-23 20:48:15,201 [FATAL] Updater:308 - Updater called before beeing initialized
2024-05-23 20:48:15,269 [WARN] DetailPanel:346 - Failed to get advertising image, set to default
2024-05-23 20:48:15,346 [FATAL] Updater:308 - Updater called before beeing initialized
2024-05-23 20:48:15,347 [FATAL] Updater:308 - Updater called before beeing initialized
2024-05-23 20:48:15,347 [FATAL] Updater:308 - Updater called before beeing initialized
2024-05-23 20:48:15,347 [WARN] DetailPanel:346 - Failed to get advertising image, set to default
2024-05-23 20:48:15,348 [FATAL] Updater:308 - Updater called before beeing initialized
2024-05-23 20:48:15,407 [ERROR] Updater:1120 - MainUpdater not yet initialized. External WinMGr cannot be set.
2024-05-23 20:48:15,417 [INFO] Updater:1056 - Updater Version found : 6.11.1
2024-05-23 20:48:15,435 [INFO] ApplicationProperties:184 - Using Application install path: C:\ST\STM32CubeIDE_1.14.0\STM32CubeIDE\plugins\com.st.stm32cube.common.mx_6.11.1.202404110753
2024-05-23 20:48:15,823 [INFO] ThirdPartyUpdaterWithRetryManager:70 - Updater plugin not ready yet. [2/15]
2024-05-23 20:48:17,008 [ERROR] LogOutputStream:75 - [STDERR_REDIRECT] May 23, 2024 8:48:17 PM java.util.prefs.WindowsPreferences <init>
2024-05-23 20:48:17,009 [ERROR] LogOutputStream:75 - [STDERR_REDIRECT] WARNING: Could not open/create prefs root node Software\JavaSoft\Prefs at root 0xffffffff80000002. Windows RegCreateKeyEx(...) returned error code 5.
2024-05-23 20:48:17,009 [ERROR] LogOutputStream:75 - [STDERR_REDIRECT] 
2024-05-23 20:48:17,527 [INFO] MainUpdater:2873 - connection check result : 10
2024-05-23 20:48:17,527 [INFO] MainUpdater:290 - Updater Check For Update Now.
2024-05-23 20:48:17,527 [INFO] MicroXplorer:498 - Change Database Version : DB.6.0.111
2024-05-23 20:48:17,544 [INFO] McuFinderGlobals:63 - Set McuFinder mode to 2 (CubeIDE integrated)
2024-05-23 20:48:17,557 [INFO] UserAuth:415 - Internet connection configuration mode: 1
2024-05-23 20:48:17,591 [INFO] JxBrowserEngine:152 - Initiate JxBrowser Engine with user profile folder
2024-05-23 20:48:17,756 [INFO] CheckServerUpdateThread:120 - End of CheckServer Thread
2024-05-23 20:48:19,025 [WARN] PackLoader:240 - Cannot read IP mode file for STMicroelectronics.FP-SNS-MOTENVWB1.1.4.0
2024-05-23 20:48:19,040 [WARN] PackLoader:240 - Cannot read IP mode file for STMicroelectronics.X-CUBE-SMBUS.2.1.0
2024-05-23 20:48:19,054 [WARN] PackLoader:240 - Cannot read IP mode file for STMicroelectronics.X-CUBE-TOUCHGFX.4.23.1
2024-05-23 20:48:19,067 [WARN] PackLoader:240 - Cannot read IP mode file for STMicroelectronics.X-CUBE-TOUCHGFX.4.23.0
2024-05-23 20:48:19,077 [WARN] PackLoader:240 - Cannot read IP mode file for STMicroelectronics.X-CUBE-TOUCHGFX.4.23.2
2024-05-23 20:48:19,126 [WARN] PackLoader:240 - Cannot read IP mode file for STMicroelectronics.X-CUBE-AZRTOS-F7.1.1.0
2024-05-23 20:48:19,148 [WARN] PackLoader:240 - Cannot read IP mode file for STMicroelectronics.FP-SNS-MOTENV1.4.3.2
2024-05-23 20:48:19,175 [WARN] PackLoader:240 - Cannot read IP mode file for STMicroelectronics.FP-SNS-FLIGHT1.5.0.2
2024-05-23 20:48:19,196 [WARN] PackLoader:240 - Cannot read IP mode file for STMicroelectronics.X-CUBE-DISPLAY.3.0.0
2024-05-23 20:48:19,221 [WARN] PackLoader:240 - Cannot read IP mode file for STMicroelectronics.X-CUBE-BLE1.7.0.0
2024-05-23 20:48:19,237 [WARN] PackLoader:240 - Cannot read IP mode file for emotas.I-CUBE-CANOPEN.1.3.0
2024-05-23 20:48:19,252 [WARN] PackLoader:240 - Cannot read IP mode file for STMicroelectronics.X-CUBE-TOUCHGFX.4.22.0
2024-05-23 20:48:19,273 [WARN] PackLoader:240 - Cannot read IP mode file for STMicroelectronics.X-CUBE-TOUCHGFX.4.22.1
2024-05-23 20:48:19,301 [WARN] PackLoader:240 - Cannot read IP mode file for STMicroelectronics.X-CUBE-BLEMGR.3.1.0
2024-05-23 20:48:19,320 [WARN] PackLoader:240 - Cannot read IP mode file for STMicroelectronics.FP-SNS-SMARTAG2.1.2.0
2024-05-23 20:48:19,341 [INFO] LogOutputStream:77 - [STDOUT_REDIRECT] 1 : Invalid condition id : UX_CORESTACK_Condition cause : null
2024-05-23 20:48:19,342 [INFO] LogOutputStream:77 - [STDOUT_REDIRECT] 1 : Invalid condition id : UX_CORESTACK_Condition cause : null
2024-05-23 20:48:19,343 [INFO] LogOutputStream:77 - [STDOUT_REDIRECT] 1 : Invalid condition id : UX_CORESTACK_Condition cause : null
2024-05-23 20:48:19,344 [INFO] LogOutputStream:77 - [STDOUT_REDIRECT] 1 : Invalid condition id : UX_CORESTACK_Condition cause : null
2024-05-23 20:48:19,345 [INFO] LogOutputStream:77 - [STDOUT_REDIRECT] 1 : Invalid condition id : UX_CORESTACK_Condition cause : null
2024-05-23 20:48:19,349 [WARN] PackLoader:240 - Cannot read IP mode file for STMicroelectronics.X-CUBE-AZRTOS-WL.2.0.0
2024-05-23 20:48:19,364 [WARN] PackLoader:240 - Cannot read IP mode file for STMicroelectronics.FP-SNS-MOTENV1.5.0.0
2024-05-23 20:48:19,387 [WARN] PackLoader:240 - Cannot read IP mode file for WES.I-CUBE-Cesium.1.3.0
2024-05-23 20:48:19,400 [WARN] PackLoader:240 - Cannot read IP mode file for STMicroelectronics.X-CUBE-BLE2.3.3.0
2024-05-23 20:48:19,415 [WARN] PackLoader:240 - Cannot read IP mode file for STMicroelectronics.X-CUBE-TCPP.4.1.0
2024-05-23 20:48:19,433 [WARN] PackLoader:240 - Cannot read IP mode file for STMicroelectronics.X-CUBE-ALGOBUILD.1.3.0
2024-05-23 20:48:19,467 [WARN] PackLoader:240 - Cannot read IP mode file for STMicroelectronics.X-CUBE-AZRTOS-G0.1.1.0
2024-05-23 20:48:19,486 [WARN] PackLoader:240 - Cannot read IP mode file for STMicroelectronics.X-CUBE-SAFEA1.1.2.2
2024-05-23 20:48:19,506 [WARN] PackLoader:240 - Cannot read IP mode file for STMicroelectronics.X-CUBE-NFC4.3.0.0
2024-05-23 20:48:19,525 [WARN] PackLoader:240 - Cannot read IP mode file for STMicroelectronics.X-CUBE-BLEMGR.3.0.0
2024-05-23 20:48:19,544 [WARN] PackLoader:240 - Cannot read IP mode file for STMicroelectronics.FP-ATR-SIGFOX1.3.2.0
2024-05-23 20:48:19,559 [WARN] PackLoader:240 - Cannot read IP mode file for STMicroelectronics.X-CUBE-EEPRMA1.5.1.0
2024-05-23 20:48:19,605 [WARN] PackLoader:240 - Cannot read IP mode file for SEGGER.I-CUBE-embOS.1.3.1
2024-05-23 20:48:19,674 [WARN] PackLoader:240 - Cannot read IP mode file for STMicroelectronics.X-CUBE-ALGOBUILD.1.4.0
2024-05-23 20:48:19,691 [WARN] PackLoader:240 - Cannot read IP mode file for STMicroelectronics.X-CUBE-GNSS1.6.0.0
2024-05-23 20:48:19,732 [WARN] PackLoader:240 - Cannot read IP mode file for STMicroelectronics.X-CUBE-AZRTOS-F4.1.1.0
2024-05-23 20:48:19,763 [WARN] PackLoader:240 - Cannot read IP mode file for wolfSSL.I-CUBE-wolfSSL.5.6.3
2024-05-23 20:48:19,781 [WARN] PackLoader:240 - Cannot read IP mode file for STMicroelectronics.X-CUBE-FREERTOS.1.2.0
2024-05-23 20:48:19,816 [WARN] PackLoader:240 - Cannot read IP mode file for STMicroelectronics.X-CUBE-AZRTOS-L5.2.0.0
2024-05-23 20:48:19,881 [WARN] PackLoader:240 - Cannot read IP mode file for STMicroelectronics.X-CUBE-MEMS1.9.6.0
2024-05-23 20:48:20,091 [WARN] PackLoader:240 - Cannot read IP mode file for STMicroelectronics.X-CUBE-EEPRMA1.4.2.0
2024-05-23 20:48:20,111 [WARN] PackLoader:240 - Cannot read IP mode file for STMicroelectronics.X-CUBE-NFC6.3.1.0
2024-05-23 20:48:20,127 [WARN] PackLoader:240 - Cannot read IP mode file for ITTIA_DB.I-CUBE-ITTIADB.8.8.0
2024-05-23 20:48:20,142 [WARN] PackLoader:240 - Cannot read IP mode file for STMicroelectronics.X-CUBE-BLEMGR.2.0.0
2024-05-23 20:48:20,158 [WARN] PackLoader:240 - Cannot read IP mode file for STMicroelectronics.X-CUBE-AI.9.0.0
2024-05-23 20:48:20,189 [WARN] ConditionMgr:438 - getConditionDescription Invalid condition id : UX DEVICE CLASS RTOS Condition cause : null
2024-05-23 20:48:20,190 [WARN] ConditionMgr:438 - getConditionDescription Invalid condition id : UX DEVICE CLASS RTOS Condition cause : null
2024-05-23 20:48:20,193 [WARN] PackLoader:240 - Cannot read IP mode file for STMicroelectronics.X-CUBE-AZRTOS-H7.3.1.0
2024-05-23 20:48:20,194 [WARN] ConditionMgr:1039 - genDependencies : Invalid condition id : UX DEVICE CLASS RTOS Condition cause : null
2024-05-23 20:48:20,194 [WARN] ConditionMgr:1039 - genDependencies : Invalid condition id : UX DEVICE CLASS RTOS Condition cause : null
2024-05-23 20:48:20,195 [WARN] ConditionMgr:1039 - genDependencies : Invalid condition id : UX DEVICE CLASS RTOS Condition cause : null
2024-05-23 20:48:20,195 [WARN] ConditionMgr:1039 - genDependencies : Invalid condition id : UX DEVICE CLASS RTOS Condition cause : null
2024-05-23 20:48:20,195 [WARN] ConditionMgr:1039 - genDependencies : Invalid condition id : UX DEVICE CLASS RTOS Condition cause : null
2024-05-23 20:48:20,210 [WARN] PackLoader:240 - Cannot read IP mode file for STMicroelectronics.X-CUBE-NFC7.1.0.1
2024-05-23 20:48:20,231 [WARN] PackLoader:240 - Cannot read IP mode file for STMicroelectronics.X-CUBE-NFC6.3.0.0
2024-05-23 20:48:20,247 [WARN] PackLoader:240 - Cannot read IP mode file for STMicroelectronics.X-CUBE-EEPRMA1.4.1.0
2024-05-23 20:48:20,262 [WARN] PackLoader:240 - Cannot read IP mode file for STMicroelectronics.X-CUBE-AI.8.1.0
2024-05-23 20:48:20,303 [WARN] ConditionMgr:438 - getConditionDescription Invalid condition id : LAN8742 Phy interface Condition cause : null
2024-05-23 20:48:20,303 [WARN] PackLoader:240 - Cannot read IP mode file for STMicroelectronics.X-CUBE-AZRTOS-L4.2.0.0
2024-05-23 20:48:20,305 [WARN] ConditionMgr:1039 - genDependencies : Invalid condition id : LAN8742 Phy interface Condition cause : null
2024-05-23 20:48:20,305 [WARN] ConditionMgr:1039 - genDependencies : Invalid condition id : LAN8742 Phy interface Condition cause : null
2024-05-23 20:48:20,306 [WARN] ConditionMgr:1039 - genDependencies : Invalid condition id : LAN8742 Phy interface Condition cause : null
2024-05-23 20:48:20,325 [WARN] PackLoader:240 - Cannot read IP mode file for STMicroelectronics.X-CUBE-SFXS2LP1.4.0.0
2024-05-23 20:48:20,343 [WARN] PackLoader:240 - Cannot read IP mode file for STMicroelectronics.X-CUBE-ISPU.1.1.0
2024-05-23 20:48:20,374 [WARN] ConditionMgr:438 - getConditionDescription Invalid condition id : UX DEVICE CLASS RTOS Condition cause : null
2024-05-23 20:48:20,374 [WARN] ConditionMgr:438 - getConditionDescription Invalid condition id : UX DEVICE CLASS RTOS Condition cause : null
2024-05-23 20:48:20,377 [WARN] PackLoader:240 - Cannot read IP mode file for STMicroelectronics.X-CUBE-AZRTOS-WB.2.0.0
2024-05-23 20:48:20,377 [WARN] ConditionMgr:1039 - genDependencies : Invalid condition id : UX DEVICE CLASS RTOS Condition cause : null
2024-05-23 20:48:20,378 [WARN] ConditionMgr:1039 - genDependencies : Invalid condition id : UX DEVICE CLASS RTOS Condition cause : null
2024-05-23 20:48:20,378 [WARN] ConditionMgr:1039 - genDependencies : Invalid condition id : UX DEVICE CLASS RTOS Condition cause : null
2024-05-23 20:48:20,379 [WARN] ConditionMgr:1039 - genDependencies : Invalid condition id : UX DEVICE CLASS RTOS Condition cause : null
2024-05-23 20:48:20,379 [WARN] ConditionMgr:1039 - genDependencies : Invalid condition id : UX DEVICE CLASS RTOS Condition cause : null
2024-05-23 20:48:20,402 [WARN] PackLoader:240 - Cannot read IP mode file for STMicroelectronics.X-CUBE-FREERTOS.1.0.1
2024-05-23 20:48:20,426 [WARN] PackLoader:240 - Cannot read IP mode file for STMicroelectronics.X-CUBE-SUBG2.5.0.0
2024-05-23 20:48:20,455 [WARN] PackLoader:240 - Cannot read IP mode file for STMicroelectronics.X-CUBE-TOF1.3.3.1
2024-05-23 20:48:20,498 [WARN] PackLoader:240 - Cannot read IP mode file for STMicroelectronics.X-CUBE-AZRTOS-G4.2.0.0
2024-05-23 20:48:20,525 [WARN] PackLoader:240 - Cannot read IP mode file for Infineon.AIROC-Wi-Fi-Bluetooth-STM32.1.5.1
2024-05-23 20:48:20,546 [WARN] PackLoader:240 - Cannot read IP mode file for STMicroelectronics.FP-SNS-MOTENVWB1.1.3.0
2024-05-23 20:48:20,559 [WARN] PackLoader:240 - Cannot read IP mode file for STMicroelectronics.FP-SNS-MOTENVWB1.1.3.1
2024-05-23 20:48:20,572 [WARN] PackLoader:240 - Cannot read IP mode file for STMicroelectronics.X-CUBE-ISPU.2.0.0
2024-05-23 20:48:20,588 [WARN] PackLoader:240 - Cannot read IP mode file for STMicroelectronics.X-CUBE-ALS.1.0.2
2024-05-23 20:48:20,651 [WARN] PackLoader:240 - Cannot read IP mode file for STMicroelectronics.X-CUBE-MEMS1.10.0.0
2024-05-23 20:48:20,834 [WARN] PackLoader:240 - Cannot read IP mode file for STMicroelectronics.X-CUBE-FREERTOS.1.1.0
2024-05-23 20:48:20,847 [WARN] PackLoader:240 - Cannot read IP mode file for portGmbH.I-Cube-SoM-uGOAL.1.1.0
2024-05-23 20:48:20,865 [WARN] PackLoader:240 - Cannot read IP mode file for STMicroelectronics.X-CUBE-ALS.1.0.1
2024-05-23 20:48:20,903 [WARN] PackLoader:240 - Cannot read IP mode file for STMicroelectronics.X-CUBE-AZRTOS-H7RS.1.0.0
2024-05-23 20:48:20,917 [WARN] PackLoader:240 - Cannot read IP mode file for STMicroelectronics.FP-ATR-ASTRA1.2.0.0
2024-05-23 20:48:20,938 [WARN] PackLoader:240 - Cannot read IP mode file for STMicroelectronics.X-CUBE-TOF1.3.4.0
2024-05-23 20:48:20,970 [WARN] PackLoader:240 - Cannot read IP mode file for STMicroelectronics.X-CUBE-TOF1.3.4.1
2024-05-23 20:48:21,012 [WARN] PackLoader:240 - Cannot read IP mode file for STMicroelectronics.X-CUBE-AZRTOS-H7.3.2.0
2024-05-23 20:48:21,022 [INFO] ThirdParty:978 - Integrity check success = true
2024-05-23 20:48:21,023 [INFO] IntegrityCheckThread:100 - exiting critical section [integrity check]
2024-05-23 20:48:21,023 [INFO] IntegrityCheckThread:103 - End integrity checks thread
2024-05-23 20:48:22,470 [INFO] WebApp:161 - Instantiating new browser for Auth
2024-05-23 20:48:23,028 [INFO] WebApp:779 - Register for checkConnection events
2024-05-23 20:48:23,028 [INFO] WebApp:414 - Apply proxy settings
2024-05-23 20:48:23,029 [INFO] WebApp:499 - Chromium requires no authentication
2024-05-23 20:48:23,035 [INFO] WebApp:442 - Direct internet connection detected
2024-05-23 20:48:23,181 [INFO] WebApp:192 - Starting web application
2024-05-23 20:48:23,181 [INFO] WebApp:544 - Web application path used C:\ST\STM32CubeIDE_1.14.0\STM32CubeIDE\plugins\com.st.stm32cube.common.mx_6.11.1.202404110753\db\plugins\mcufinder\reactClient1\index.html
2024-05-23 23:23:37,110 [ERROR] LogOutputStream:75 - [STDERR_REDIRECT] 
2024-05-23 23:23:37,111 [ERROR] LogOutputStream:75 - [STDERR_REDIRECT] 
