2024-05-08 23:00:42,990 [INFO] MainUpdater:2873 - connection check result : 10
2024-05-08 23:00:42,990 [INFO] MainUpdater:2873 - connection check result : 10
2024-05-08 23:00:43,100 [INFO] MicroXplorer:468 - Change Database Path : 
2024-05-08 23:00:43,100 [INFO] MicroXplorer:498 - Change Database Version : DB.6.0.100
2024-05-08 23:00:43,115 [ERROR] ProjectManagerView:394 - 
java.lang.NullPointerException: Cannot invoke "javax.swing.JTextField.getText()" because the return value of "java.util.List.get(int)" is null
	at com.st.microxplorer.plugins.projectmanager.gui.ProjectChoiceTab$10.caretUpdate(ProjectChoiceTab.java:2493) ~[filemanager.jar:?]
	at javax.swing.text.JTextComponent.fireCaretUpdate(JTextComponent.java:412) ~[?:?]
	at javax.swing.text.JTextComponent$MutableCaretEvent.fire(JTextComponent.java:4491) ~[?:?]
	at javax.swing.text.JTextComponent$MutableCaretEvent.stateChanged(JTextComponent.java:4513) ~[?:?]
	at javax.swing.text.DefaultCaret.fireStateChanged(DefaultCaret.java:842) ~[?:?]
	at javax.swing.text.DefaultCaret.changeCaretPosition(DefaultCaret.java:1313) ~[?:?]
	at javax.swing.text.DefaultCaret.handleSetDot(DefaultCaret.java:1212) ~[?:?]
	at javax.swing.text.DefaultCaret.setDot(DefaultCaret.java:1193) ~[?:?]
	at javax.swing.text.DefaultCaret$Handler.insertUpdate(DefaultCaret.java:1789) ~[?:?]
	at javax.swing.text.AbstractDocument.fireInsertUpdate(AbstractDocument.java:226) ~[?:?]
	at javax.swing.text.AbstractDocument.handleInsertString(AbstractDocument.java:780) ~[?:?]
	at javax.swing.text.AbstractDocument.insertString(AbstractDocument.java:739) ~[?:?]
	at javax.swing.text.PlainDocument.insertString(PlainDocument.java:131) ~[?:?]
	at javax.swing.text.AbstractDocument.replace(AbstractDocument.java:698) ~[?:?]
	at javax.swing.text.JTextComponent.setText(JTextComponent.java:1729) ~[?:?]
	at com.st.microxplorer.plugins.projectmanager.gui.ProjectChoiceTab.createHeapStackFields(ProjectChoiceTab.java:933) ~[filemanager.jar:?]
	at com.st.microxplorer.plugins.projectmanager.gui.ProjectChoiceTab.buildLinkSettingsPanel(ProjectChoiceTab.java:3426) ~[filemanager.jar:?]
	at com.st.microxplorer.plugins.projectmanager.gui.ProjectChoiceTab.defineWindowsFields(ProjectChoiceTab.java:1813) ~[filemanager.jar:?]
	at com.st.microxplorer.plugins.projectmanager.gui.ProjectChoiceTab.updateSettings(ProjectChoiceTab.java:533) ~[filemanager.jar:?]
	at com.st.microxplorer.plugins.projectmanager.gui.ProjectSettingsPanel.UpdateDialog(ProjectSettingsPanel.java:244) ~[filemanager.jar:?]
	at com.st.microxplorer.plugins.projectmanager.ProjectManagerView.propertyChange(ProjectManagerView.java:391) ~[filemanager.jar:?]
	at java.beans.PropertyChangeSupport.fire(PropertyChangeSupport.java:343) ~[?:?]
	at java.beans.PropertyChangeSupport.firePropertyChange(PropertyChangeSupport.java:335) ~[?:?]
	at java.beans.PropertyChangeSupport.firePropertyChange(PropertyChangeSupport.java:268) ~[?:?]
	at com.st.microxplorer.util.MXPropertyChangeSupport.firePropertyChange(MXPropertyChangeSupport.java:54) ~[STM32CubeMX.jar:?]
	at com.st.microxplorer.mxsystem.MxSystem.closeConfig(MxSystem.java:900) ~[STM32CubeMX.jar:?]
	at com.st.microxplorer.maingui.MainPanel.closeConfig(MainPanel.java:776) ~[STM32CubeMX.jar:?]
	at com.st.microxplorer.plugins.filemanager.engine.OpenFileManager.loadConfigurationFile(OpenFileManager.java:245) ~[filemanager.jar:?]
	at com.st.microxplorer.plugins.filemanager.engine.MainFileManager.userLoadConfig(MainFileManager.java:290) ~[filemanager.jar:?]
	at com.st.microxplorer.plugins.filemanager.FileManagerView.getSpecificTask(FileManagerView.java:247) ~[filemanager.jar:?]
	at com.st.stm32cube.common.mx.editor.CubeMxEditor.getMxTabbedPaneInstance(CubeMxEditor.java:1184) ~[com.st.stm32cube.common.mx_6.10.0.202311202037/:?]
	at com.st.stm32cube.common.mx.editor.CubeMxEditor$12$1.createSwingComponent(CubeMxEditor.java:1065) ~[com.st.stm32cube.common.mx_6.10.0.202311202037/:?]
	at com.st.stm32cube.common.mx.oss.core.awtswtbridge.EmbeddedSwingComposite.doComponentCreation(EmbeddedSwingComposite.java:492) ~[com.st.stm32cube.common.mx.oss_6.10.0.202311202037/:?]
	at com.st.stm32cube.common.mx.oss.core.awtswtbridge.EmbeddedSwingComposite$4.run(EmbeddedSwingComposite.java:291) ~[com.st.stm32cube.common.mx.oss_6.10.0.202311202037/:?]
	at com.st.stm32cube.common.mx.oss.core.awtswtbridge.AwtEnvironment$2.run(AwtEnvironment.java:166) ~[com.st.stm32cube.common.mx.oss_6.10.0.202311202037/:?]
	at java.awt.event.InvocationEvent.dispatch(InvocationEvent.java:318) ~[?:?]
	at java.awt.EventQueue.dispatchEventImpl(EventQueue.java:773) ~[?:?]
	at java.awt.EventQueue$4.run(EventQueue.java:720) ~[?:?]
	at java.awt.EventQueue$4.run(EventQueue.java:714) ~[?:?]
	at java.security.AccessController.doPrivileged(AccessController.java:399) ~[?:?]
	at java.security.ProtectionDomain$JavaSecurityAccessImpl.doIntersectionPrivilege(ProtectionDomain.java:86) ~[?:?]
	at java.awt.EventQueue.dispatchEvent(EventQueue.java:742) ~[?:?]
	at java.awt.EventDispatchThread.pumpOneEventForFilters(EventDispatchThread.java:203) ~[?:?]
	at java.awt.EventDispatchThread.pumpEventsForFilter(EventDispatchThread.java:124) ~[?:?]
	at java.awt.EventDispatchThread.pumpEventsForHierarchy(EventDispatchThread.java:113) ~[?:?]
	at java.awt.EventDispatchThread.pumpEvents(EventDispatchThread.java:109) ~[?:?]
	at java.awt.EventDispatchThread.pumpEvents(EventDispatchThread.java:101) ~[?:?]
	at java.awt.EventDispatchThread.run(EventDispatchThread.java:90) ~[?:?]
2024-05-08 23:00:43,115 [WARN] ThirdParty:871 - waiting for thirdparty lock release [close project]
2024-05-08 23:00:43,115 [INFO] ThirdParty:873 - entering critical section [close project]
2024-05-08 23:00:43,115 [INFO] ThirdParty:883 - exiting critical section [close project]
2024-05-08 23:00:43,115 [INFO] PinOutPanel:1499 - setPackage(No Configuration,No Configuration)
2024-05-08 23:00:43,115 [INFO] UtilMem:75 - Begin LoadConfig() Used Memory: 814295080 Bytes (1073741824)
2024-05-08 23:00:43,115 [INFO] MicroXplorer:468 - Change Database Path : 
2024-05-08 23:00:43,115 [INFO] MicroXplorer:498 - Change Database Version : DB.6.0.100
2024-05-08 23:00:43,115 [INFO] OpenFileManager:312 - Change cursor
2024-05-08 23:00:43,131 [INFO] RulesReader:64 - Compatibility file has been processed (297 Rules)
2024-05-08 23:00:43,147 [INFO] Mcu:2016 - Initializing MCU STM32F407V(E-G)Tx STM32F407VGTx STM32F407VGT6
2024-05-08 23:00:44,369 [INFO] Context:659 - Trying to add GPIOservice into a context  which must be forbidden
2024-05-08 23:00:44,615 [INFO] RtosManager:555 - Registered RTOS mode: class=CMSIS, group=RTOS, mode=CMSIS_V1, owner=FREERTOS
2024-05-08 23:00:44,615 [INFO] RtosManager:555 - Registered RTOS mode: class=CMSIS, group=RTOS2, mode=CMSIS_V2, owner=FREERTOS
2024-05-08 23:00:44,615 [INFO] RtosManager:555 - Registered RTOS mode: class=RTOS, group=Core, mode=CMSIS_V1, owner=FREERTOS
2024-05-08 23:00:44,615 [INFO] RtosManager:555 - Registered RTOS mode: class=RTOS, group=Core, mode=CMSIS_V2, owner=FREERTOS
2024-05-08 23:00:44,615 [WARN] ModelIntegratedComponent:184 - Missing modes for component STMicroelectronics:FreeRTOS:0.0.1:STMicroelectronics:RTOS:FreeRTOS:Core:::10.2.0:
2024-05-08 23:00:44,620 [WARN] ModelIntegratedComponent:63 - No mode defined for component null
2024-05-08 23:00:44,620 [WARN] ModelIntegratedComponent:63 - No mode defined for component null
2024-05-08 23:00:44,620 [WARN] ModelIntegratedComponent:63 - No mode defined for component null
2024-05-08 23:00:44,620 [WARN] ModelIntegratedComponent:63 - No mode defined for component null
2024-05-08 23:00:44,620 [WARN] ModelIntegratedComponent:63 - No mode defined for component null
2024-05-08 23:00:44,620 [WARN] ModelIntegratedComponent:63 - No mode defined for component null
2024-05-08 23:00:44,620 [WARN] ModelIntegratedComponent:63 - No mode defined for component null
2024-05-08 23:00:44,620 [WARN] ModelIntegratedComponent:63 - No mode defined for component null
2024-05-08 23:00:44,620 [WARN] ModelIntegratedComponent:63 - No mode defined for component null
2024-05-08 23:00:44,620 [WARN] ModelIntegratedComponent:63 - No mode defined for component null
2024-05-08 23:00:44,620 [WARN] ModelIntegratedComponent:63 - No mode defined for component null
2024-05-08 23:00:44,620 [WARN] ModelIntegratedComponent:63 - No mode defined for component null
2024-05-08 23:00:44,620 [WARN] ModelIntegratedComponent:63 - No mode defined for component null
2024-05-08 23:00:44,620 [WARN] ModelIntegratedComponent:63 - No mode defined for component null
2024-05-08 23:00:44,620 [WARN] ModelIntegratedComponent:63 - No mode defined for component null
2024-05-08 23:00:44,620 [WARN] ModelIntegratedComponent:63 - No mode defined for component null
2024-05-08 23:00:44,620 [WARN] ModelIntegratedComponent:63 - No mode defined for component null
2024-05-08 23:00:44,620 [WARN] ModelIntegratedComponent:63 - No mode defined for component null
2024-05-08 23:00:44,620 [WARN] ModelIntegratedComponent:63 - No mode defined for component null
2024-05-08 23:00:44,620 [WARN] ModelIntegratedComponent:63 - No mode defined for component null
2024-05-08 23:00:44,620 [WARN] ModelIntegratedComponent:63 - No mode defined for component null
2024-05-08 23:00:44,620 [WARN] ModelIntegratedComponent:63 - No mode defined for component null
2024-05-08 23:00:44,620 [WARN] ModelIntegratedComponent:63 - No mode defined for component null
2024-05-08 23:00:44,620 [WARN] ModelIntegratedComponent:63 - No mode defined for component null
2024-05-08 23:00:44,620 [WARN] ModelIntegratedComponent:63 - No mode defined for component null
2024-05-08 23:00:44,620 [WARN] ModelIntegratedComponent:63 - No mode defined for component null
2024-05-08 23:00:44,620 [WARN] ModelIntegratedComponent:63 - No mode defined for component null
2024-05-08 23:00:44,620 [WARN] ModelIntegratedComponent:63 - No mode defined for component null
2024-05-08 23:00:44,620 [WARN] ModelIntegratedComponent:63 - No mode defined for component null
2024-05-08 23:00:44,621 [WARN] ModelIntegratedComponent:63 - No mode defined for component null
2024-05-08 23:00:44,621 [WARN] ModelIntegratedComponent:63 - No mode defined for component null
2024-05-08 23:00:44,621 [WARN] ModelIntegratedComponent:63 - No mode defined for component null
2024-05-08 23:00:44,621 [WARN] ModelIntegratedComponent:63 - No mode defined for component null
2024-05-08 23:00:44,689 [INFO] ThirdPartyModel:298 - Start build external matchings
2024-05-08 23:00:45,300 [INFO] ThirdPartyModel:316 - End build external matchings
2024-05-08 23:00:45,317 [INFO] ImportTextPane:194 - (OptionalMessage_ERROR) IP (RCC) : Parameter (RTCHSEDivFreq_Value) has invalid value (4000000)
2024-05-08 23:00:45,484 [INFO] UtilMem:75 - End LoadConfig() Used Memory: 918181904 Bytes (1073741824)
2024-05-08 23:00:45,543 [INFO] MicroXplorer:468 - Change Database Path : 
2024-05-08 23:00:45,543 [INFO] MicroXplorer:498 - Change Database Version : DB.6.0.100
2024-05-08 23:00:45,543 [WARN] ThirdParty:833 - waiting for thirdparty lock release [change project]
2024-05-08 23:00:45,543 [INFO] ThirdParty:835 - entering critical section [change project]
2024-05-08 23:00:45,543 [INFO] ThirdParty:1030 - CMSIS Pack Vendor :STMicroelectronics X-CUBE-ISPU 1.1.0
2024-05-08 23:00:45,543 [INFO] ThirdParty:1030 - CMSIS Pack Vendor :STMicroelectronics USBPD 4.1
2024-05-08 23:00:45,543 [INFO] ThirdParty:1030 - CMSIS Pack Vendor :STMicroelectronics X-CUBE-GNSS1 6.0.0
2024-05-08 23:00:45,543 [INFO] ThirdParty:1030 - CMSIS Pack Vendor :STMicroelectronics USB_HOST 2.0.0
2024-05-08 23:00:45,543 [INFO] ThirdParty:1030 - CMSIS Pack Vendor :STMicroelectronics FP-SNS-MOTENVWB1 1.4.0
2024-05-08 23:00:45,543 [INFO] ThirdParty:1030 - CMSIS Pack Vendor :STMicroelectronics X-CUBE-AZRTOS-F4 1.1.0
2024-05-08 23:00:45,543 [INFO] ThirdParty:1030 - CMSIS Pack Vendor :STMicroelectronics LIBJPEG 8.0.0
2024-05-08 23:00:45,543 [INFO] ThirdParty:1030 - CMSIS Pack Vendor :wolfSSL I-CUBE-wolfSSL 5.6.3
2024-05-08 23:00:45,543 [INFO] ThirdParty:1030 - CMSIS Pack Vendor :STMicroelectronics X-CUBE-SMBUS 2.1.0
2024-05-08 23:00:45,543 [INFO] ThirdParty:1030 - CMSIS Pack Vendor :STMicroelectronics USB_DEVICE 3.0.0
2024-05-08 23:00:45,543 [INFO] ThirdParty:1030 - CMSIS Pack Vendor :STMicroelectronics X-CUBE-TCPP 4.1.0
2024-05-08 23:00:45,543 [INFO] ThirdParty:1030 - CMSIS Pack Vendor :STMicroelectronics X-CUBE-FREERTOS 1.2.0
2024-05-08 23:00:45,543 [INFO] ThirdParty:1030 - CMSIS Pack Vendor :STMicroelectronics X-CUBE-AZRTOS-WB 2.0.0
2024-05-08 23:00:45,543 [INFO] ThirdParty:1030 - CMSIS Pack Vendor :STMicroelectronics X-CUBE-FREERTOS 1.0.1
2024-05-08 23:00:45,543 [INFO] ThirdParty:1030 - CMSIS Pack Vendor :STMicroelectronics X-CUBE-TOUCHGFX 4.23.1
2024-05-08 23:00:45,543 [INFO] ThirdParty:1030 - CMSIS Pack Vendor :STMicroelectronics X-CUBE-TOUCHGFX 4.23.0
2024-05-08 23:00:45,543 [INFO] ThirdParty:1030 - CMSIS Pack Vendor :STMicroelectronics X-CUBE-TOUCHGFX 4.23.2
2024-05-08 23:00:45,543 [INFO] ThirdParty:1030 - CMSIS Pack Vendor :STMicroelectronics X-CUBE-AZRTOS-F7 1.1.0
2024-05-08 23:00:45,543 [INFO] ThirdParty:1030 - CMSIS Pack Vendor :STMicroelectronics X-CUBE-AZRTOS-L5 2.0.0
2024-05-08 23:00:45,543 [INFO] ThirdParty:1030 - CMSIS Pack Vendor :STMicroelectronics USB_DEVICE 2.0.0
2024-05-08 23:00:45,543 [INFO] ThirdParty:1030 - CMSIS Pack Vendor :STMicroelectronics X-CUBE-MEMS1 9.6.0
2024-05-08 23:00:45,543 [INFO] ThirdParty:1030 - CMSIS Pack Vendor :STMicroelectronics X-CUBE-EEPRMA1 4.2.0
2024-05-08 23:00:45,543 [INFO] ThirdParty:1030 - CMSIS Pack Vendor :STMicroelectronics X-CUBE-NFC6 3.1.0
2024-05-08 23:00:45,544 [INFO] ThirdParty:1030 - CMSIS Pack Vendor :ITTIA_DB I-CUBE-ITTIADB 8.8.0
2024-05-08 23:00:45,544 [INFO] ThirdParty:1030 - CMSIS Pack Vendor :STMicroelectronics FP-SNS-MOTENV1 4.3.2
2024-05-08 23:00:45,544 [INFO] ThirdParty:1030 - CMSIS Pack Vendor :STMicroelectronics X-CUBE-ALGOBUILD 1.3.0
2024-05-08 23:00:45,544 [INFO] ThirdParty:1030 - CMSIS Pack Vendor :STMicroelectronics FreeRTOS 0.0.1
2024-05-08 23:00:45,544 [INFO] ThirdParty:1030 - CMSIS Pack Vendor :STMicroelectronics X-CUBE-AZRTOS-G0 1.1.0
2024-05-08 23:00:45,544 [INFO] ThirdParty:1030 - CMSIS Pack Vendor :STMicroelectronics X-CUBE-BLEMGR 2.0.0
2024-05-08 23:00:45,544 [INFO] ThirdParty:1030 - CMSIS Pack Vendor :STMicroelectronics X-CUBE-SAFEA1 1.2.2
2024-05-08 23:00:45,544 [INFO] ThirdParty:1030 - CMSIS Pack Vendor :STMicroelectronics X-CUBE-NFC4 3.0.0
2024-05-08 23:00:45,544 [INFO] ThirdParty:1030 - CMSIS Pack Vendor :STMicroelectronics X-CUBE-SUBG2 5.0.0
2024-05-08 23:00:45,544 [INFO] ThirdParty:1030 - CMSIS Pack Vendor :STMicroelectronics STM32_WPAN 1.0.0
2024-05-08 23:00:45,544 [INFO] ThirdParty:1030 - CMSIS Pack Vendor :STMicroelectronics lwIP 2.0.3
2024-05-08 23:00:45,544 [INFO] ThirdParty:1030 - CMSIS Pack Vendor :STMicroelectronics FP-SNS-FLIGHT1 5.0.2
2024-05-08 23:00:45,544 [INFO] ThirdParty:1030 - CMSIS Pack Vendor :STMicroelectronics USB_HOST 1.0.0
2024-05-08 23:00:45,544 [INFO] ThirdParty:1030 - CMSIS Pack Vendor :STMicroelectronics X-CUBE-TOF1 3.3.1
2024-05-08 23:00:45,544 [INFO] ThirdParty:1030 - CMSIS Pack Vendor :STMicroelectronics X-CUBE-AI 9.0.0
2024-05-08 23:00:45,544 [INFO] ThirdParty:1030 - CMSIS Pack Vendor :STMicroelectronics X-CUBE-AZRTOS-G4 2.0.0
2024-05-08 23:00:45,544 [INFO] ThirdParty:1030 - CMSIS Pack Vendor :STMicroelectronics PDM2PCM 3.1.0
2024-05-08 23:00:45,544 [INFO] ThirdParty:1030 - CMSIS Pack Vendor :STMicroelectronics X-CUBE-AZRTOS-H7 3.1.0
2024-05-08 23:00:45,544 [INFO] ThirdParty:1030 - CMSIS Pack Vendor :Infineon AIROC-Wi-Fi-Bluetooth-STM32 1.5.1
2024-05-08 23:00:45,544 [INFO] ThirdParty:1030 - CMSIS Pack Vendor :STMicroelectronics X-CUBE-BLEMGR 3.0.0
2024-05-08 23:00:45,544 [INFO] ThirdParty:1030 - CMSIS Pack Vendor :STMicroelectronics PDM2PCM 3.3.0
2024-05-08 23:00:45,544 [INFO] ThirdParty:1030 - CMSIS Pack Vendor :STMicroelectronics X-CUBE-DISPLAY 3.0.0
2024-05-08 23:00:45,544 [INFO] ThirdParty:1030 - CMSIS Pack Vendor :STMicroelectronics FP-SNS-MOTENVWB1 1.3.0
2024-05-08 23:00:45,544 [INFO] ThirdParty:1030 - CMSIS Pack Vendor :STMicroelectronics FP-SNS-MOTENVWB1 1.3.1
2024-05-08 23:00:45,544 [INFO] ThirdParty:1030 - CMSIS Pack Vendor :STMicroelectronics X-CUBE-BLE1 7.0.0
2024-05-08 23:00:45,544 [INFO] ThirdParty:1030 - CMSIS Pack Vendor :STMicroelectronics FP-ATR-SIGFOX1 3.2.0
2024-05-08 23:00:45,544 [INFO] ThirdParty:1030 - CMSIS Pack Vendor :STMicroelectronics X-CUBE-ISPU 2.0.0
2024-05-08 23:00:45,544 [INFO] ThirdParty:1030 - CMSIS Pack Vendor :STMicroelectronics X-CUBE-EEPRMA1 5.1.0
2024-05-08 23:00:45,544 [INFO] ThirdParty:1030 - CMSIS Pack Vendor :STMicroelectronics HAL Drivers 0.0.0
2024-05-08 23:00:45,544 [INFO] ThirdParty:1030 - CMSIS Pack Vendor :STMicroelectronics MBEDTLS 2.16.2
2024-05-08 23:00:45,544 [INFO] ThirdParty:1030 - CMSIS Pack Vendor :emotas I-CUBE-CANOPEN 1.3.0
2024-05-08 23:00:45,544 [INFO] ThirdParty:1030 - CMSIS Pack Vendor :STMicroelectronics X-CUBE-MEMS1 10.0.0
2024-05-08 23:00:45,544 [INFO] ThirdParty:1030 - CMSIS Pack Vendor :STMicroelectronics X-CUBE-FREERTOS 1.1.0
2024-05-08 23:00:45,544 [INFO] ThirdParty:1030 - CMSIS Pack Vendor :STMicroelectronics X-CUBE-TOUCHGFX 4.22.0
2024-05-08 23:00:45,544 [INFO] ThirdParty:1030 - CMSIS Pack Vendor :STMicroelectronics X-CUBE-NFC7 1.0.1
2024-05-08 23:00:45,544 [INFO] ThirdParty:1030 - CMSIS Pack Vendor :STMicroelectronics MBEDTLS 2.14.1
2024-05-08 23:00:45,544 [INFO] ThirdParty:1030 - CMSIS Pack Vendor :STMicroelectronics X-CUBE-TOUCHGFX 4.22.1
2024-05-08 23:00:45,544 [INFO] ThirdParty:1030 - CMSIS Pack Vendor :STMicroelectronics X-CUBE-NFC6 3.0.0
2024-05-08 23:00:45,544 [INFO] ThirdParty:1030 - CMSIS Pack Vendor :STMicroelectronics X-CUBE-EEPRMA1 4.1.0
2024-05-08 23:00:45,544 [INFO] ThirdParty:1030 - CMSIS Pack Vendor :portGmbH I-Cube-SoM-uGOAL 1.1.0
2024-05-08 23:00:45,545 [INFO] ThirdParty:1030 - CMSIS Pack Vendor :STMicroelectronics X-CUBE-ALS 1.0.1
2024-05-08 23:00:45,545 [INFO] ThirdParty:1030 - CMSIS Pack Vendor :STMicroelectronics X-CUBE-BLEMGR 3.1.0
2024-05-08 23:00:45,545 [INFO] ThirdParty:1030 - CMSIS Pack Vendor :STMicroelectronics ThreadX 1.0.0
2024-05-08 23:00:45,545 [INFO] ThirdParty:1030 - CMSIS Pack Vendor :STMicroelectronics FP-SNS-SMARTAG2 1.2.0
2024-05-08 23:00:45,545 [INFO] ThirdParty:1030 - CMSIS Pack Vendor :STMicroelectronics X-CUBE-AZRTOS-WL 2.0.0
2024-05-08 23:00:45,545 [INFO] ThirdParty:1030 - CMSIS Pack Vendor :SEGGER I-CUBE-embOS 1.3.1
2024-05-08 23:00:45,545 [INFO] ThirdParty:1030 - CMSIS Pack Vendor :STMicroelectronics FP-SNS-MOTENV1 5.0.0
2024-05-08 23:00:45,545 [INFO] ThirdParty:1030 - CMSIS Pack Vendor :STMicroelectronics USB_DEVICE 1.0.0
2024-05-08 23:00:45,545 [INFO] ThirdParty:1030 - CMSIS Pack Vendor :STMicroelectronics X-CUBE-AI 8.1.0
2024-05-08 23:00:45,545 [INFO] ThirdParty:1030 - CMSIS Pack Vendor :STMicroelectronics X-CUBE-AZRTOS-H7RS 1.0.0
2024-05-08 23:00:45,545 [INFO] ThirdParty:1030 - CMSIS Pack Vendor :STMicroelectronics X-CUBE-AZRTOS-L4 2.0.0
2024-05-08 23:00:45,545 [INFO] ThirdParty:1030 - CMSIS Pack Vendor :STMicroelectronics ThreadX 0.0.2
2024-05-08 23:00:45,545 [INFO] ThirdParty:1030 - CMSIS Pack Vendor :WES I-CUBE-Cesium 1.3.0
2024-05-08 23:00:45,545 [INFO] ThirdParty:1030 - CMSIS Pack Vendor :STMicroelectronics FP-ATR-ASTRA1 2.0.0
2024-05-08 23:00:45,545 [INFO] ThirdParty:1030 - CMSIS Pack Vendor :STMicroelectronics lwIP 2.1.2
2024-05-08 23:00:45,545 [INFO] ThirdParty:1030 - CMSIS Pack Vendor :STMicroelectronics X-CUBE-SFXS2LP1 4.0.0
2024-05-08 23:00:45,545 [INFO] ThirdParty:1030 - CMSIS Pack Vendor :STMicroelectronics X-CUBE-BLE2 3.3.0
2024-05-08 23:00:45,545 [INFO] ThirdParty:1030 - CMSIS Pack Vendor :STMicroelectronics X-CUBE-TOF1 3.4.0
2024-05-08 23:00:45,545 [INFO] ThirdParty:1030 - CMSIS Pack Vendor :STMicroelectronics X-CUBE-TOF1 3.4.1
2024-05-08 23:00:45,545 [INFO] ThirdParty:1030 - CMSIS Pack Vendor :STMicroelectronics X-CUBE-AZRTOS-H7 3.2.0
2024-05-08 23:00:45,545 [INFO] ThirdParty:1030 - CMSIS Pack Vendor :STMicroelectronics PDM2PCM 3.2.0
2024-05-08 23:00:45,545 [INFO] ThirdParty:841 - exiting critical section [change project]
2024-05-08 23:00:45,696 [INFO] PinOutPanel:1499 - setPackage(No Configuration,No Configuration)
2024-05-08 23:00:45,696 [INFO] PinOutPanel:1499 - setPackage(STM32F407VGTx,LQFP100)
2024-05-08 23:00:45,913 [INFO] UtilMem:75 - Before build in PCC Used Memory: 844341792 Bytes (1073741824)
2024-05-08 23:00:46,100 [INFO] UtilMem:75 - After build in PCC Used Memory: 884709920 Bytes (1073741824)
2024-05-08 23:00:46,116 [INFO] ApiDbMcu:508 - Load IP Config File for USB_HOST
2024-05-08 23:00:46,116 [INFO] Middleware:617 - instanceName : USB_HOST bspName : Drive_VBUS_FS check condition success for : SW_VBUS_DRIVE_AUDIO_FS = false
2024-05-08 23:00:46,116 [INFO] Middleware:617 - instanceName : USB_HOST bspName : Drive_VBUS_FS check condition success for : SW_VBUS_DRIVE_AUDIO_FS = false
2024-05-08 23:00:46,116 [INFO] Middleware:617 - instanceName : USB_HOST bspName : Drive_VBUS_HS check condition success for : SW_VBUS_DRIVE_AUDIO_HS = false
2024-05-08 23:00:46,116 [INFO] Middleware:617 - instanceName : USB_HOST bspName : Drive_VBUS_HS check condition success for : SW_VBUS_DRIVE_AUDIO_HS = false
2024-05-08 23:00:46,116 [INFO] Middleware:617 - instanceName : USB_HOST bspName : Drive_VBUS_FS check condition success for : SW_VBUS_DRIVE_CDC_FS = false
2024-05-08 23:00:46,116 [INFO] Middleware:617 - instanceName : USB_HOST bspName : Drive_VBUS_FS check condition success for : SW_VBUS_DRIVE_CDC_FS = false
2024-05-08 23:00:46,116 [INFO] Middleware:617 - instanceName : USB_HOST bspName : Drive_VBUS_FS check condition success for : SW_VBUS_DRIVE_CDC_FS = false
2024-05-08 23:00:46,116 [INFO] Middleware:617 - instanceName : USB_HOST bspName : Drive_VBUS_HS check condition success for : SW_VBUS_DRIVE_CDC_HS = false
2024-05-08 23:00:46,116 [INFO] Middleware:617 - instanceName : USB_HOST bspName : Drive_VBUS_HS check condition success for : SW_VBUS_DRIVE_CDC_HS = false
2024-05-08 23:00:46,116 [INFO] Middleware:617 - instanceName : USB_HOST bspName : Drive_VBUS_FS check condition success for : SW_VBUS_DRIVE_HID_FS = false
2024-05-08 23:00:46,116 [INFO] Middleware:617 - instanceName : USB_HOST bspName : Drive_VBUS_FS check condition success for : SW_VBUS_DRIVE_HID_FS = false
2024-05-08 23:00:46,116 [INFO] Middleware:617 - instanceName : USB_HOST bspName : Drive_VBUS_HS check condition success for : SW_VBUS_DRIVE_HID_HS = false
2024-05-08 23:00:46,116 [INFO] Middleware:617 - instanceName : USB_HOST bspName : Drive_VBUS_HS check condition success for : SW_VBUS_DRIVE_HID_HS = false
2024-05-08 23:00:46,116 [INFO] Middleware:617 - instanceName : USB_HOST bspName : Drive_VBUS_FS check condition success for : SW_VBUS_DRIVE_MSC_FS = false
2024-05-08 23:00:46,116 [INFO] Middleware:617 - instanceName : USB_HOST bspName : Drive_VBUS_FS check condition success for : SW_VBUS_DRIVE_MSC_FS = false
2024-05-08 23:00:46,116 [INFO] Middleware:617 - instanceName : USB_HOST bspName : Drive_VBUS_HS check condition success for : SW_VBUS_DRIVE_MSC_HS = false
2024-05-08 23:00:46,116 [INFO] Middleware:617 - instanceName : USB_HOST bspName : Drive_VBUS_HS check condition success for : SW_VBUS_DRIVE_MSC_HS = false
2024-05-08 23:00:46,116 [INFO] Middleware:617 - instanceName : USB_HOST bspName : Drive_VBUS_FS check condition success for : ALL_SW_VBUS_DRIVE_FS = false
2024-05-08 23:00:46,116 [INFO] Middleware:617 - instanceName : USB_HOST bspName : Drive_VBUS_FS check condition success for : ALL_SW_VBUS_DRIVE_FS = false
2024-05-08 23:00:46,116 [INFO] Middleware:617 - instanceName : USB_HOST bspName : Drive_VBUS_HS check condition success for : ALL_SW_VBUS_DRIVE_HS = false
2024-05-08 23:00:46,116 [INFO] Middleware:617 - instanceName : USB_HOST bspName : Drive_VBUS_HS check condition success for : ALL_SW_VBUS_DRIVE_HS = false
2024-05-08 23:00:46,116 [INFO] Middleware:617 - instanceName : USB_HOST bspName : Drive_VBUS_FS check condition success for : SW_VBUS_DRIVE_MTP_FS = false
2024-05-08 23:00:46,116 [INFO] Middleware:617 - instanceName : USB_HOST bspName : Drive_VBUS_FS check condition success for : SW_VBUS_DRIVE_MTP_FS = false
2024-05-08 23:00:46,116 [INFO] Middleware:617 - instanceName : USB_HOST bspName : Drive_VBUS_HS check condition success for : SW_VBUS_DRIVE_MTP_HS = false
2024-05-08 23:00:46,116 [INFO] Middleware:617 - instanceName : USB_HOST bspName : Drive_VBUS_HS check condition success for : SW_VBUS_DRIVE_MTP_HS = false
2024-05-08 23:00:46,116 [WARN] BspModel:444 - BSP dependency skipped because of component: name='IOExpander', api='Unknown'
2024-05-08 23:00:46,132 [INFO] IPUIPlugin:80 - create IPUIPlugin
2024-05-08 23:00:46,132 [INFO] IPUIPlugin:80 - create IPUIPlugin
2024-05-08 23:00:46,132 [INFO] IPUIPlugin:80 - create IPUIPlugin
2024-05-08 23:00:46,132 [INFO] IPUIPlugin:80 - create IPUIPlugin
2024-05-08 23:00:46,132 [INFO] IPUIPlugin:80 - create IPUIPlugin
2024-05-08 23:00:46,132 [INFO] IPUIPlugin:80 - create IPUIPlugin
2024-05-08 23:00:46,132 [INFO] IPUIPlugin:80 - create IPUIPlugin
2024-05-08 23:00:46,132 [INFO] IPUIPlugin:80 - create IPUIPlugin
2024-05-08 23:00:46,132 [INFO] IPUIPlugin:80 - create IPUIPlugin
2024-05-08 23:00:46,132 [INFO] IPUIPlugin:80 - create IPUIPlugin
2024-05-08 23:00:46,132 [INFO] IPUIPlugin:80 - create IPUIPlugin
2024-05-08 23:00:46,132 [INFO] IPUIPlugin:80 - create IPUIPlugin
2024-05-08 23:00:46,132 [INFO] IPUIPlugin:80 - create IPUIPlugin
2024-05-08 23:00:46,132 [INFO] IPUIPlugin:80 - create IPUIPlugin
2024-05-08 23:00:46,132 [INFO] IPUIPlugin:80 - create IPUIPlugin
2024-05-08 23:00:46,132 [INFO] IPUIPlugin:80 - create IPUIPlugin
2024-05-08 23:00:46,132 [INFO] IPUIPlugin:80 - create IPUIPlugin
2024-05-08 23:00:46,132 [INFO] IPUIPlugin:80 - create IPUIPlugin
2024-05-08 23:00:46,132 [INFO] IPUIPlugin:80 - create IPUIPlugin
2024-05-08 23:00:46,132 [INFO] IPUIPlugin:80 - create IPUIPlugin
2024-05-08 23:00:46,132 [INFO] IPUIPlugin:80 - create IPUIPlugin
2024-05-08 23:00:46,132 [INFO] IPUIPlugin:80 - create IPUIPlugin
2024-05-08 23:00:46,132 [INFO] IPUIPlugin:80 - create IPUIPlugin
2024-05-08 23:00:46,132 [INFO] IPUIPlugin:80 - create IPUIPlugin
2024-05-08 23:00:46,132 [INFO] IPUIPlugin:80 - create IPUIPlugin
2024-05-08 23:00:46,132 [INFO] IPUIPlugin:80 - create IPUIPlugin
2024-05-08 23:00:46,132 [INFO] IPUIPlugin:80 - create IPUIPlugin
2024-05-08 23:00:46,132 [INFO] IPUIPlugin:80 - create IPUIPlugin
2024-05-08 23:00:46,132 [INFO] IPUIPlugin:80 - create IPUIPlugin
2024-05-08 23:00:46,132 [INFO] IPUIPlugin:80 - create IPUIPlugin
2024-05-08 23:00:46,132 [INFO] IPUIPlugin:80 - create IPUIPlugin
2024-05-08 23:00:46,132 [INFO] IPUIPlugin:80 - create IPUIPlugin
2024-05-08 23:00:46,132 [INFO] IPUIPlugin:80 - create IPUIPlugin
2024-05-08 23:00:46,132 [INFO] IPUIPlugin:80 - create IPUIPlugin
2024-05-08 23:00:46,132 [INFO] IPUIPlugin:80 - create IPUIPlugin
2024-05-08 23:00:46,132 [INFO] IPUIPlugin:80 - create IPUIPlugin
2024-05-08 23:00:46,132 [INFO] IPUIPlugin:80 - create IPUIPlugin
2024-05-08 23:00:46,132 [INFO] IPUIPlugin:80 - create IPUIPlugin
2024-05-08 23:00:46,132 [INFO] IPUIPlugin:80 - create IPUIPlugin
2024-05-08 23:00:46,132 [INFO] IPUIPlugin:80 - create IPUIPlugin
2024-05-08 23:00:46,132 [INFO] IPUIPlugin:80 - create IPUIPlugin
2024-05-08 23:00:46,132 [INFO] IPUIPlugin:80 - create IPUIPlugin
2024-05-08 23:00:46,132 [INFO] IPUIPlugin:80 - create IPUIPlugin
2024-05-08 23:00:46,132 [INFO] IPUIPlugin:80 - create IPUIPlugin
2024-05-08 23:00:46,132 [INFO] IPUIPlugin:80 - create IPUIPlugin
2024-05-08 23:00:46,132 [INFO] IPUIPlugin:80 - create IPUIPlugin
2024-05-08 23:00:46,132 [INFO] IPUIPlugin:80 - create IPUIPlugin
2024-05-08 23:00:46,132 [INFO] IPUIPlugin:80 - create IPUIPlugin
2024-05-08 23:00:46,132 [INFO] IPUIPlugin:80 - create IPUIPlugin
2024-05-08 23:00:46,132 [INFO] IPUIPlugin:80 - create IPUIPlugin
2024-05-08 23:00:46,132 [INFO] IPUIPlugin:80 - create IPUIPlugin
2024-05-08 23:00:46,132 [INFO] IPUIPlugin:80 - create IPUIPlugin
2024-05-08 23:00:46,132 [INFO] IPUIPlugin:80 - create IPUIPlugin
2024-05-08 23:00:46,132 [INFO] IPUIPlugin:80 - create IPUIPlugin
2024-05-08 23:00:46,132 [INFO] IPUIPlugin:80 - create IPUIPlugin
2024-05-08 23:00:46,132 [INFO] IPUIPlugin:80 - create IPUIPlugin
2024-05-08 23:00:46,132 [INFO] IPUIPlugin:80 - create IPUIPlugin
2024-05-08 23:00:46,132 [INFO] IPUIPlugin:80 - create IPUIPlugin
2024-05-08 23:00:46,147 [INFO] ApiDbMcu:508 - Load IP Config File for PDM2PCM
2024-05-08 23:00:46,147 [INFO] Can:71 - Can Add PropertyChangeListener com.st.microxplorer.plugins.ip.can.Can@3b08c868
2024-05-08 23:00:46,218 [INFO] CADModel:165 - CPN selected for project levelSTM32F407VGT6
2024-05-08 23:00:46,218 [INFO] CADModel:114 - Register for checkConnection events
2024-05-08 23:00:46,268 [INFO] OpenFileManager:343 - Restore cursor
2024-05-08 23:00:46,502 [INFO] Middleware:617 - instanceName : USB_HOST bspName : Drive_VBUS_FS check condition success for : SW_VBUS_DRIVE_AUDIO_FS = false
2024-05-08 23:00:46,502 [INFO] Middleware:617 - instanceName : USB_HOST bspName : Drive_VBUS_FS check condition success for : SW_VBUS_DRIVE_AUDIO_FS = false
2024-05-08 23:00:46,502 [INFO] Middleware:617 - instanceName : USB_HOST bspName : Drive_VBUS_HS check condition success for : SW_VBUS_DRIVE_AUDIO_HS = false
2024-05-08 23:00:46,502 [INFO] Middleware:617 - instanceName : USB_HOST bspName : Drive_VBUS_HS check condition success for : SW_VBUS_DRIVE_AUDIO_HS = false
2024-05-08 23:00:46,502 [INFO] Middleware:617 - instanceName : USB_HOST bspName : Drive_VBUS_FS check condition success for : SW_VBUS_DRIVE_CDC_FS = false
2024-05-08 23:00:46,502 [INFO] Middleware:617 - instanceName : USB_HOST bspName : Drive_VBUS_FS check condition success for : SW_VBUS_DRIVE_CDC_FS = false
2024-05-08 23:00:46,502 [INFO] Middleware:617 - instanceName : USB_HOST bspName : Drive_VBUS_FS check condition success for : SW_VBUS_DRIVE_CDC_FS = false
2024-05-08 23:00:46,502 [INFO] Middleware:617 - instanceName : USB_HOST bspName : Drive_VBUS_HS check condition success for : SW_VBUS_DRIVE_CDC_HS = false
2024-05-08 23:00:46,502 [INFO] Middleware:617 - instanceName : USB_HOST bspName : Drive_VBUS_HS check condition success for : SW_VBUS_DRIVE_CDC_HS = false
2024-05-08 23:00:46,502 [INFO] Middleware:617 - instanceName : USB_HOST bspName : Drive_VBUS_FS check condition success for : SW_VBUS_DRIVE_HID_FS = false
2024-05-08 23:00:46,502 [INFO] Middleware:617 - instanceName : USB_HOST bspName : Drive_VBUS_FS check condition success for : SW_VBUS_DRIVE_HID_FS = false
2024-05-08 23:00:46,502 [INFO] Middleware:617 - instanceName : USB_HOST bspName : Drive_VBUS_HS check condition success for : SW_VBUS_DRIVE_HID_HS = false
2024-05-08 23:00:46,502 [INFO] Middleware:617 - instanceName : USB_HOST bspName : Drive_VBUS_HS check condition success for : SW_VBUS_DRIVE_HID_HS = false
2024-05-08 23:00:46,502 [INFO] Middleware:617 - instanceName : USB_HOST bspName : Drive_VBUS_FS check condition success for : SW_VBUS_DRIVE_MSC_FS = false
2024-05-08 23:00:46,502 [INFO] Middleware:617 - instanceName : USB_HOST bspName : Drive_VBUS_FS check condition success for : SW_VBUS_DRIVE_MSC_FS = false
2024-05-08 23:00:46,502 [INFO] Middleware:617 - instanceName : USB_HOST bspName : Drive_VBUS_HS check condition success for : SW_VBUS_DRIVE_MSC_HS = false
2024-05-08 23:00:46,502 [INFO] Middleware:617 - instanceName : USB_HOST bspName : Drive_VBUS_HS check condition success for : SW_VBUS_DRIVE_MSC_HS = false
2024-05-08 23:00:46,503 [INFO] Middleware:617 - instanceName : USB_HOST bspName : Drive_VBUS_FS check condition success for : ALL_SW_VBUS_DRIVE_FS = false
2024-05-08 23:00:46,503 [INFO] Middleware:617 - instanceName : USB_HOST bspName : Drive_VBUS_FS check condition success for : ALL_SW_VBUS_DRIVE_FS = false
2024-05-08 23:00:46,503 [INFO] Middleware:617 - instanceName : USB_HOST bspName : Drive_VBUS_HS check condition success for : ALL_SW_VBUS_DRIVE_HS = false
2024-05-08 23:00:46,503 [INFO] Middleware:617 - instanceName : USB_HOST bspName : Drive_VBUS_HS check condition success for : ALL_SW_VBUS_DRIVE_HS = false
2024-05-08 23:00:46,503 [INFO] Middleware:617 - instanceName : USB_HOST bspName : Drive_VBUS_FS check condition success for : SW_VBUS_DRIVE_MTP_FS = false
2024-05-08 23:00:46,503 [INFO] Middleware:617 - instanceName : USB_HOST bspName : Drive_VBUS_FS check condition success for : SW_VBUS_DRIVE_MTP_FS = false
2024-05-08 23:00:46,503 [INFO] Middleware:617 - instanceName : USB_HOST bspName : Drive_VBUS_HS check condition success for : SW_VBUS_DRIVE_MTP_HS = false
2024-05-08 23:00:46,503 [INFO] Middleware:617 - instanceName : USB_HOST bspName : Drive_VBUS_HS check condition success for : SW_VBUS_DRIVE_MTP_HS = false
2024-05-08 23:31:56,000 [INFO] Middleware:617 - instanceName : USB_HOST bspName : Drive_VBUS_FS check condition success for : SW_VBUS_DRIVE_AUDIO_FS = false
2024-05-08 23:31:56,000 [INFO] Middleware:617 - instanceName : USB_HOST bspName : Drive_VBUS_FS check condition success for : SW_VBUS_DRIVE_AUDIO_FS = false
2024-05-08 23:31:56,000 [INFO] Middleware:617 - instanceName : USB_HOST bspName : Drive_VBUS_HS check condition success for : SW_VBUS_DRIVE_AUDIO_HS = false
2024-05-08 23:31:56,000 [INFO] Middleware:617 - instanceName : USB_HOST bspName : Drive_VBUS_HS check condition success for : SW_VBUS_DRIVE_AUDIO_HS = false
2024-05-08 23:31:56,000 [INFO] Middleware:617 - instanceName : USB_HOST bspName : Drive_VBUS_FS check condition success for : SW_VBUS_DRIVE_CDC_FS = false
2024-05-08 23:31:56,000 [INFO] Middleware:617 - instanceName : USB_HOST bspName : Drive_VBUS_FS check condition success for : SW_VBUS_DRIVE_CDC_FS = false
2024-05-08 23:31:56,000 [INFO] Middleware:617 - instanceName : USB_HOST bspName : Drive_VBUS_FS check condition success for : SW_VBUS_DRIVE_CDC_FS = false
2024-05-08 23:31:56,001 [INFO] Middleware:617 - instanceName : USB_HOST bspName : Drive_VBUS_HS check condition success for : SW_VBUS_DRIVE_CDC_HS = false
2024-05-08 23:31:56,001 [INFO] Middleware:617 - instanceName : USB_HOST bspName : Drive_VBUS_HS check condition success for : SW_VBUS_DRIVE_CDC_HS = false
2024-05-08 23:31:56,001 [INFO] Middleware:617 - instanceName : USB_HOST bspName : Drive_VBUS_FS check condition success for : SW_VBUS_DRIVE_HID_FS = false
2024-05-08 23:31:56,001 [INFO] Middleware:617 - instanceName : USB_HOST bspName : Drive_VBUS_FS check condition success for : SW_VBUS_DRIVE_HID_FS = false
2024-05-08 23:31:56,001 [INFO] Middleware:617 - instanceName : USB_HOST bspName : Drive_VBUS_HS check condition success for : SW_VBUS_DRIVE_HID_HS = false
2024-05-08 23:31:56,001 [INFO] Middleware:617 - instanceName : USB_HOST bspName : Drive_VBUS_HS check condition success for : SW_VBUS_DRIVE_HID_HS = false
2024-05-08 23:31:56,001 [INFO] Middleware:617 - instanceName : USB_HOST bspName : Drive_VBUS_FS check condition success for : SW_VBUS_DRIVE_MSC_FS = false
2024-05-08 23:31:56,001 [INFO] Middleware:617 - instanceName : USB_HOST bspName : Drive_VBUS_FS check condition success for : SW_VBUS_DRIVE_MSC_FS = false
2024-05-08 23:31:56,001 [INFO] Middleware:617 - instanceName : USB_HOST bspName : Drive_VBUS_HS check condition success for : SW_VBUS_DRIVE_MSC_HS = false
2024-05-08 23:31:56,001 [INFO] Middleware:617 - instanceName : USB_HOST bspName : Drive_VBUS_HS check condition success for : SW_VBUS_DRIVE_MSC_HS = false
2024-05-08 23:31:56,001 [INFO] Middleware:617 - instanceName : USB_HOST bspName : Drive_VBUS_FS check condition success for : ALL_SW_VBUS_DRIVE_FS = false
2024-05-08 23:31:56,001 [INFO] Middleware:617 - instanceName : USB_HOST bspName : Drive_VBUS_FS check condition success for : ALL_SW_VBUS_DRIVE_FS = false
2024-05-08 23:31:56,001 [INFO] Middleware:617 - instanceName : USB_HOST bspName : Drive_VBUS_HS check condition success for : ALL_SW_VBUS_DRIVE_HS = false
2024-05-08 23:31:56,001 [INFO] Middleware:617 - instanceName : USB_HOST bspName : Drive_VBUS_HS check condition success for : ALL_SW_VBUS_DRIVE_HS = false
2024-05-08 23:31:56,001 [INFO] Middleware:617 - instanceName : USB_HOST bspName : Drive_VBUS_FS check condition success for : SW_VBUS_DRIVE_MTP_FS = false
2024-05-08 23:31:56,001 [INFO] Middleware:617 - instanceName : USB_HOST bspName : Drive_VBUS_FS check condition success for : SW_VBUS_DRIVE_MTP_FS = false
2024-05-08 23:31:56,001 [INFO] Middleware:617 - instanceName : USB_HOST bspName : Drive_VBUS_HS check condition success for : SW_VBUS_DRIVE_MTP_HS = false
2024-05-08 23:31:56,001 [INFO] Middleware:617 - instanceName : USB_HOST bspName : Drive_VBUS_HS check condition success for : SW_VBUS_DRIVE_MTP_HS = false
2024-05-08 23:31:56,001 [WARN] BspModel:444 - BSP dependency skipped because of component: name='IOExpander', api='Unknown'
2024-05-08 23:31:56,041 [INFO] Middleware:617 - instanceName : USB_HOST bspName : Drive_VBUS_FS check condition success for : SW_VBUS_DRIVE_AUDIO_FS = false
2024-05-08 23:31:56,041 [INFO] Middleware:617 - instanceName : USB_HOST bspName : Drive_VBUS_FS check condition success for : SW_VBUS_DRIVE_AUDIO_FS = false
2024-05-08 23:31:56,041 [INFO] Middleware:617 - instanceName : USB_HOST bspName : Drive_VBUS_HS check condition success for : SW_VBUS_DRIVE_AUDIO_HS = false
2024-05-08 23:31:56,041 [INFO] Middleware:617 - instanceName : USB_HOST bspName : Drive_VBUS_HS check condition success for : SW_VBUS_DRIVE_AUDIO_HS = false
2024-05-08 23:31:56,041 [INFO] Middleware:617 - instanceName : USB_HOST bspName : Drive_VBUS_FS check condition success for : SW_VBUS_DRIVE_CDC_FS = false
2024-05-08 23:31:56,041 [INFO] Middleware:617 - instanceName : USB_HOST bspName : Drive_VBUS_FS check condition success for : SW_VBUS_DRIVE_CDC_FS = false
2024-05-08 23:31:56,041 [INFO] Middleware:617 - instanceName : USB_HOST bspName : Drive_VBUS_FS check condition success for : SW_VBUS_DRIVE_CDC_FS = false
2024-05-08 23:31:56,041 [INFO] Middleware:617 - instanceName : USB_HOST bspName : Drive_VBUS_HS check condition success for : SW_VBUS_DRIVE_CDC_HS = false
2024-05-08 23:31:56,041 [INFO] Middleware:617 - instanceName : USB_HOST bspName : Drive_VBUS_HS check condition success for : SW_VBUS_DRIVE_CDC_HS = false
2024-05-08 23:31:56,041 [INFO] Middleware:617 - instanceName : USB_HOST bspName : Drive_VBUS_FS check condition success for : SW_VBUS_DRIVE_HID_FS = false
2024-05-08 23:31:56,042 [INFO] Middleware:617 - instanceName : USB_HOST bspName : Drive_VBUS_FS check condition success for : SW_VBUS_DRIVE_HID_FS = false
2024-05-08 23:31:56,042 [INFO] Middleware:617 - instanceName : USB_HOST bspName : Drive_VBUS_HS check condition success for : SW_VBUS_DRIVE_HID_HS = false
2024-05-08 23:31:56,042 [INFO] Middleware:617 - instanceName : USB_HOST bspName : Drive_VBUS_HS check condition success for : SW_VBUS_DRIVE_HID_HS = false
2024-05-08 23:31:56,042 [INFO] Middleware:617 - instanceName : USB_HOST bspName : Drive_VBUS_FS check condition success for : SW_VBUS_DRIVE_MSC_FS = false
2024-05-08 23:31:56,042 [INFO] Middleware:617 - instanceName : USB_HOST bspName : Drive_VBUS_FS check condition success for : SW_VBUS_DRIVE_MSC_FS = false
2024-05-08 23:31:56,042 [INFO] Middleware:617 - instanceName : USB_HOST bspName : Drive_VBUS_HS check condition success for : SW_VBUS_DRIVE_MSC_HS = false
2024-05-08 23:31:56,042 [INFO] Middleware:617 - instanceName : USB_HOST bspName : Drive_VBUS_HS check condition success for : SW_VBUS_DRIVE_MSC_HS = false
2024-05-08 23:31:56,042 [INFO] Middleware:617 - instanceName : USB_HOST bspName : Drive_VBUS_FS check condition success for : ALL_SW_VBUS_DRIVE_FS = false
2024-05-08 23:31:56,042 [INFO] Middleware:617 - instanceName : USB_HOST bspName : Drive_VBUS_FS check condition success for : ALL_SW_VBUS_DRIVE_FS = false
2024-05-08 23:31:56,042 [INFO] Middleware:617 - instanceName : USB_HOST bspName : Drive_VBUS_HS check condition success for : ALL_SW_VBUS_DRIVE_HS = false
2024-05-08 23:31:56,042 [INFO] Middleware:617 - instanceName : USB_HOST bspName : Drive_VBUS_HS check condition success for : ALL_SW_VBUS_DRIVE_HS = false
2024-05-08 23:31:56,042 [INFO] Middleware:617 - instanceName : USB_HOST bspName : Drive_VBUS_FS check condition success for : SW_VBUS_DRIVE_MTP_FS = false
2024-05-08 23:31:56,042 [INFO] Middleware:617 - instanceName : USB_HOST bspName : Drive_VBUS_FS check condition success for : SW_VBUS_DRIVE_MTP_FS = false
2024-05-08 23:31:56,042 [INFO] Middleware:617 - instanceName : USB_HOST bspName : Drive_VBUS_HS check condition success for : SW_VBUS_DRIVE_MTP_HS = false
2024-05-08 23:31:56,042 [INFO] Middleware:617 - instanceName : USB_HOST bspName : Drive_VBUS_HS check condition success for : SW_VBUS_DRIVE_MTP_HS = false
2024-05-08 23:31:56,063 [INFO] Middleware:617 - instanceName : USB_HOST bspName : Drive_VBUS_FS check condition success for : SW_VBUS_DRIVE_AUDIO_FS = false
2024-05-08 23:31:56,064 [INFO] Middleware:617 - instanceName : USB_HOST bspName : Drive_VBUS_FS check condition success for : SW_VBUS_DRIVE_AUDIO_FS = false
2024-05-08 23:31:56,064 [INFO] Middleware:617 - instanceName : USB_HOST bspName : Drive_VBUS_HS check condition success for : SW_VBUS_DRIVE_AUDIO_HS = false
2024-05-08 23:31:56,064 [INFO] Middleware:617 - instanceName : USB_HOST bspName : Drive_VBUS_HS check condition success for : SW_VBUS_DRIVE_AUDIO_HS = false
2024-05-08 23:31:56,064 [INFO] Middleware:617 - instanceName : USB_HOST bspName : Drive_VBUS_FS check condition success for : SW_VBUS_DRIVE_CDC_FS = false
2024-05-08 23:31:56,064 [INFO] Middleware:617 - instanceName : USB_HOST bspName : Drive_VBUS_FS check condition success for : SW_VBUS_DRIVE_CDC_FS = false
2024-05-08 23:31:56,064 [INFO] Middleware:617 - instanceName : USB_HOST bspName : Drive_VBUS_FS check condition success for : SW_VBUS_DRIVE_CDC_FS = false
2024-05-08 23:31:56,064 [INFO] Middleware:617 - instanceName : USB_HOST bspName : Drive_VBUS_HS check condition success for : SW_VBUS_DRIVE_CDC_HS = false
2024-05-08 23:31:56,064 [INFO] Middleware:617 - instanceName : USB_HOST bspName : Drive_VBUS_HS check condition success for : SW_VBUS_DRIVE_CDC_HS = false
2024-05-08 23:31:56,064 [INFO] Middleware:617 - instanceName : USB_HOST bspName : Drive_VBUS_FS check condition success for : SW_VBUS_DRIVE_HID_FS = false
2024-05-08 23:31:56,064 [INFO] Middleware:617 - instanceName : USB_HOST bspName : Drive_VBUS_FS check condition success for : SW_VBUS_DRIVE_HID_FS = false
2024-05-08 23:31:56,064 [INFO] Middleware:617 - instanceName : USB_HOST bspName : Drive_VBUS_HS check condition success for : SW_VBUS_DRIVE_HID_HS = false
2024-05-08 23:31:56,064 [INFO] Middleware:617 - instanceName : USB_HOST bspName : Drive_VBUS_HS check condition success for : SW_VBUS_DRIVE_HID_HS = false
2024-05-08 23:31:56,064 [INFO] Middleware:617 - instanceName : USB_HOST bspName : Drive_VBUS_FS check condition success for : SW_VBUS_DRIVE_MSC_FS = false
2024-05-08 23:31:56,064 [INFO] Middleware:617 - instanceName : USB_HOST bspName : Drive_VBUS_FS check condition success for : SW_VBUS_DRIVE_MSC_FS = false
2024-05-08 23:31:56,064 [INFO] Middleware:617 - instanceName : USB_HOST bspName : Drive_VBUS_HS check condition success for : SW_VBUS_DRIVE_MSC_HS = false
2024-05-08 23:31:56,064 [INFO] Middleware:617 - instanceName : USB_HOST bspName : Drive_VBUS_HS check condition success for : SW_VBUS_DRIVE_MSC_HS = false
2024-05-08 23:31:56,064 [INFO] Middleware:617 - instanceName : USB_HOST bspName : Drive_VBUS_FS check condition success for : ALL_SW_VBUS_DRIVE_FS = false
2024-05-08 23:31:56,064 [INFO] Middleware:617 - instanceName : USB_HOST bspName : Drive_VBUS_FS check condition success for : ALL_SW_VBUS_DRIVE_FS = false
2024-05-08 23:31:56,064 [INFO] Middleware:617 - instanceName : USB_HOST bspName : Drive_VBUS_HS check condition success for : ALL_SW_VBUS_DRIVE_HS = false
2024-05-08 23:31:56,064 [INFO] Middleware:617 - instanceName : USB_HOST bspName : Drive_VBUS_HS check condition success for : ALL_SW_VBUS_DRIVE_HS = false
2024-05-08 23:31:56,064 [INFO] Middleware:617 - instanceName : USB_HOST bspName : Drive_VBUS_FS check condition success for : SW_VBUS_DRIVE_MTP_FS = false
2024-05-08 23:31:56,064 [INFO] Middleware:617 - instanceName : USB_HOST bspName : Drive_VBUS_FS check condition success for : SW_VBUS_DRIVE_MTP_FS = false
2024-05-08 23:31:56,064 [INFO] Middleware:617 - instanceName : USB_HOST bspName : Drive_VBUS_HS check condition success for : SW_VBUS_DRIVE_MTP_HS = false
2024-05-08 23:31:56,064 [INFO] Middleware:617 - instanceName : USB_HOST bspName : Drive_VBUS_HS check condition success for : SW_VBUS_DRIVE_MTP_HS = false
2024-05-08 23:31:56,083 [INFO] Middleware:617 - instanceName : USB_HOST bspName : Drive_VBUS_FS check condition success for : SW_VBUS_DRIVE_AUDIO_FS = false
2024-05-08 23:31:56,083 [INFO] Middleware:617 - instanceName : USB_HOST bspName : Drive_VBUS_FS check condition success for : SW_VBUS_DRIVE_AUDIO_FS = false
2024-05-08 23:31:56,083 [INFO] Middleware:617 - instanceName : USB_HOST bspName : Drive_VBUS_HS check condition success for : SW_VBUS_DRIVE_AUDIO_HS = false
2024-05-08 23:31:56,083 [INFO] Middleware:617 - instanceName : USB_HOST bspName : Drive_VBUS_HS check condition success for : SW_VBUS_DRIVE_AUDIO_HS = false
2024-05-08 23:31:56,084 [INFO] Middleware:617 - instanceName : USB_HOST bspName : Drive_VBUS_FS check condition success for : SW_VBUS_DRIVE_CDC_FS = false
2024-05-08 23:31:56,084 [INFO] Middleware:617 - instanceName : USB_HOST bspName : Drive_VBUS_FS check condition success for : SW_VBUS_DRIVE_CDC_FS = false
2024-05-08 23:31:56,084 [INFO] Middleware:617 - instanceName : USB_HOST bspName : Drive_VBUS_FS check condition success for : SW_VBUS_DRIVE_CDC_FS = false
2024-05-08 23:31:56,084 [INFO] Middleware:617 - instanceName : USB_HOST bspName : Drive_VBUS_HS check condition success for : SW_VBUS_DRIVE_CDC_HS = false
2024-05-08 23:31:56,084 [INFO] Middleware:617 - instanceName : USB_HOST bspName : Drive_VBUS_HS check condition success for : SW_VBUS_DRIVE_CDC_HS = false
2024-05-08 23:31:56,084 [INFO] Middleware:617 - instanceName : USB_HOST bspName : Drive_VBUS_FS check condition success for : SW_VBUS_DRIVE_HID_FS = false
2024-05-08 23:31:56,084 [INFO] Middleware:617 - instanceName : USB_HOST bspName : Drive_VBUS_FS check condition success for : SW_VBUS_DRIVE_HID_FS = false
2024-05-08 23:31:56,084 [INFO] Middleware:617 - instanceName : USB_HOST bspName : Drive_VBUS_HS check condition success for : SW_VBUS_DRIVE_HID_HS = false
2024-05-08 23:31:56,084 [INFO] Middleware:617 - instanceName : USB_HOST bspName : Drive_VBUS_HS check condition success for : SW_VBUS_DRIVE_HID_HS = false
2024-05-08 23:31:56,084 [INFO] Middleware:617 - instanceName : USB_HOST bspName : Drive_VBUS_FS check condition success for : SW_VBUS_DRIVE_MSC_FS = false
2024-05-08 23:31:56,084 [INFO] Middleware:617 - instanceName : USB_HOST bspName : Drive_VBUS_FS check condition success for : SW_VBUS_DRIVE_MSC_FS = false
2024-05-08 23:31:56,084 [INFO] Middleware:617 - instanceName : USB_HOST bspName : Drive_VBUS_HS check condition success for : SW_VBUS_DRIVE_MSC_HS = false
2024-05-08 23:31:56,084 [INFO] Middleware:617 - instanceName : USB_HOST bspName : Drive_VBUS_HS check condition success for : SW_VBUS_DRIVE_MSC_HS = false
2024-05-08 23:31:56,084 [INFO] Middleware:617 - instanceName : USB_HOST bspName : Drive_VBUS_FS check condition success for : ALL_SW_VBUS_DRIVE_FS = false
2024-05-08 23:31:56,084 [INFO] Middleware:617 - instanceName : USB_HOST bspName : Drive_VBUS_FS check condition success for : ALL_SW_VBUS_DRIVE_FS = false
2024-05-08 23:31:56,084 [INFO] Middleware:617 - instanceName : USB_HOST bspName : Drive_VBUS_HS check condition success for : ALL_SW_VBUS_DRIVE_HS = false
2024-05-08 23:31:56,084 [INFO] Middleware:617 - instanceName : USB_HOST bspName : Drive_VBUS_HS check condition success for : ALL_SW_VBUS_DRIVE_HS = false
2024-05-08 23:31:56,084 [INFO] Middleware:617 - instanceName : USB_HOST bspName : Drive_VBUS_FS check condition success for : SW_VBUS_DRIVE_MTP_FS = false
2024-05-08 23:31:56,084 [INFO] Middleware:617 - instanceName : USB_HOST bspName : Drive_VBUS_FS check condition success for : SW_VBUS_DRIVE_MTP_FS = false
2024-05-08 23:31:56,084 [INFO] Middleware:617 - instanceName : USB_HOST bspName : Drive_VBUS_HS check condition success for : SW_VBUS_DRIVE_MTP_HS = false
2024-05-08 23:31:56,084 [INFO] Middleware:617 - instanceName : USB_HOST bspName : Drive_VBUS_HS check condition success for : SW_VBUS_DRIVE_MTP_HS = false
2024-05-08 23:32:00,665 [INFO] Middleware:617 - instanceName : USB_HOST bspName : Drive_VBUS_FS check condition success for : SW_VBUS_DRIVE_AUDIO_FS = false
2024-05-08 23:32:00,666 [INFO] Middleware:617 - instanceName : USB_HOST bspName : Drive_VBUS_FS check condition success for : SW_VBUS_DRIVE_AUDIO_FS = false
2024-05-08 23:32:00,666 [INFO] Middleware:617 - instanceName : USB_HOST bspName : Drive_VBUS_HS check condition success for : SW_VBUS_DRIVE_AUDIO_HS = false
2024-05-08 23:32:00,666 [INFO] Middleware:617 - instanceName : USB_HOST bspName : Drive_VBUS_HS check condition success for : SW_VBUS_DRIVE_AUDIO_HS = false
2024-05-08 23:32:00,666 [INFO] Middleware:617 - instanceName : USB_HOST bspName : Drive_VBUS_FS check condition success for : SW_VBUS_DRIVE_CDC_FS = false
2024-05-08 23:32:00,666 [INFO] Middleware:617 - instanceName : USB_HOST bspName : Drive_VBUS_FS check condition success for : SW_VBUS_DRIVE_CDC_FS = false
2024-05-08 23:32:00,666 [INFO] Middleware:617 - instanceName : USB_HOST bspName : Drive_VBUS_FS check condition success for : SW_VBUS_DRIVE_CDC_FS = false
2024-05-08 23:32:00,666 [INFO] Middleware:617 - instanceName : USB_HOST bspName : Drive_VBUS_HS check condition success for : SW_VBUS_DRIVE_CDC_HS = false
2024-05-08 23:32:00,666 [INFO] Middleware:617 - instanceName : USB_HOST bspName : Drive_VBUS_HS check condition success for : SW_VBUS_DRIVE_CDC_HS = false
2024-05-08 23:32:00,666 [INFO] Middleware:617 - instanceName : USB_HOST bspName : Drive_VBUS_FS check condition success for : SW_VBUS_DRIVE_HID_FS = false
2024-05-08 23:32:00,666 [INFO] Middleware:617 - instanceName : USB_HOST bspName : Drive_VBUS_FS check condition success for : SW_VBUS_DRIVE_HID_FS = false
2024-05-08 23:32:00,666 [INFO] Middleware:617 - instanceName : USB_HOST bspName : Drive_VBUS_HS check condition success for : SW_VBUS_DRIVE_HID_HS = false
2024-05-08 23:32:00,666 [INFO] Middleware:617 - instanceName : USB_HOST bspName : Drive_VBUS_HS check condition success for : SW_VBUS_DRIVE_HID_HS = false
2024-05-08 23:32:00,666 [INFO] Middleware:617 - instanceName : USB_HOST bspName : Drive_VBUS_FS check condition success for : SW_VBUS_DRIVE_MSC_FS = false
2024-05-08 23:32:00,666 [INFO] Middleware:617 - instanceName : USB_HOST bspName : Drive_VBUS_FS check condition success for : SW_VBUS_DRIVE_MSC_FS = false
2024-05-08 23:32:00,666 [INFO] Middleware:617 - instanceName : USB_HOST bspName : Drive_VBUS_HS check condition success for : SW_VBUS_DRIVE_MSC_HS = false
2024-05-08 23:32:00,666 [INFO] Middleware:617 - instanceName : USB_HOST bspName : Drive_VBUS_HS check condition success for : SW_VBUS_DRIVE_MSC_HS = false
2024-05-08 23:32:00,666 [INFO] Middleware:617 - instanceName : USB_HOST bspName : Drive_VBUS_FS check condition success for : ALL_SW_VBUS_DRIVE_FS = false
2024-05-08 23:32:00,666 [INFO] Middleware:617 - instanceName : USB_HOST bspName : Drive_VBUS_FS check condition success for : ALL_SW_VBUS_DRIVE_FS = false
2024-05-08 23:32:00,666 [INFO] Middleware:617 - instanceName : USB_HOST bspName : Drive_VBUS_HS check condition success for : ALL_SW_VBUS_DRIVE_HS = false
2024-05-08 23:32:00,666 [INFO] Middleware:617 - instanceName : USB_HOST bspName : Drive_VBUS_HS check condition success for : ALL_SW_VBUS_DRIVE_HS = false
2024-05-08 23:32:00,666 [INFO] Middleware:617 - instanceName : USB_HOST bspName : Drive_VBUS_FS check condition success for : SW_VBUS_DRIVE_MTP_FS = false
2024-05-08 23:32:00,666 [INFO] Middleware:617 - instanceName : USB_HOST bspName : Drive_VBUS_FS check condition success for : SW_VBUS_DRIVE_MTP_FS = false
2024-05-08 23:32:00,666 [INFO] Middleware:617 - instanceName : USB_HOST bspName : Drive_VBUS_HS check condition success for : SW_VBUS_DRIVE_MTP_HS = false
2024-05-08 23:32:00,666 [INFO] Middleware:617 - instanceName : USB_HOST bspName : Drive_VBUS_HS check condition success for : SW_VBUS_DRIVE_MTP_HS = false
2024-05-08 23:32:00,666 [WARN] BspModel:444 - BSP dependency skipped because of component: name='IOExpander', api='Unknown'
2024-05-08 23:32:01,617 [INFO] UtilMem:75 - End SaveConfig() Used Memory: 796716912 Bytes (1073741824)
2024-05-08 23:32:05,067 [INFO] UtilMem:75 - End SaveConfig() Used Memory: 833417072 Bytes (1073741824)
2024-05-08 23:32:07,252 [INFO] UtilMem:75 - End SaveConfig() Used Memory: 927296240 Bytes (1073741824)
2024-05-08 23:32:07,533 [INFO] BlockDiagram:2759 - set Specific Code input for plugin: TIM6_7
2024-05-08 23:32:07,533 [INFO] BlockDiagram:2759 - set Specific Code input for plugin: CAN
2024-05-08 23:32:07,533 [INFO] BlockDiagram:2759 - set Specific Code input for plugin: SYS
2024-05-08 23:32:07,533 [INFO] BlockDiagram:2759 - set Specific Code input for plugin: RCC
2024-05-08 23:32:07,533 [INFO] BlockDiagram:2759 - set Specific Code input for plugin: USB_OTG_FS
2024-05-08 23:32:07,533 [INFO] BlockDiagram:2759 - set Specific Code input for plugin: NVIC
2024-05-08 23:32:07,533 [INFO] BlockDiagram:2759 - set Specific Code input for plugin: USB_HOST
2024-05-08 23:32:07,533 [INFO] BlockDiagram:2759 - set Specific Code input for plugin: USART
2024-05-08 23:32:07,534 [INFO] BlockDiagram:2759 - set Specific Code input for plugin: GPIO
2024-05-08 23:32:07,534 [INFO] CodeGenerator:807 - code generatio: config db path: C:\ST\STM32CubeIDE_1.14.0\STM32CubeIDE\plugins\com.st.stm32cube.common.mx_6.10.0.202311202037\\db\
2024-05-08 23:32:07,786 [INFO] CodeEngine:255 - oldGeneratedFile, C:\MCU2\My_workspace\CAN_Normal_Mode\MXTmpFiles\license.tmp_save
2024-05-08 23:32:07,904 [INFO] CodeEngine:279 - Generated code: C:\MCU2\My_workspace\CAN_Normal_Mode\MXTmpFiles\license.tmp
2024-05-08 23:32:07,966 [INFO] CodeEngine:255 - oldGeneratedFile, C:\MCU2\My_workspace\CAN_Normal_Mode\MXTmpFiles\gpio.tmp_save
2024-05-08 23:32:08,121 [INFO] CodeEngine:279 - Generated code: C:\MCU2\My_workspace\CAN_Normal_Mode\MXTmpFiles\gpio.tmp
2024-05-08 23:32:08,220 [WARN] IPConfigManager:2946 - Warning: the RefConfig PWREx_EnableUSBVoltageDetector is not available in your config.xml file
2024-05-08 23:32:08,231 [INFO] CodeEngine:255 - oldGeneratedFile, C:\MCU2\My_workspace\CAN_Normal_Mode\MXTmpFiles\usb_otg_fs_vars.tmp_save
2024-05-08 23:32:08,301 [INFO] CodeEngine:279 - Generated code: C:\MCU2\My_workspace\CAN_Normal_Mode\MXTmpFiles\usb_otg_fs_vars.tmp
2024-05-08 23:32:08,310 [INFO] CodeEngine:255 - oldGeneratedFile, C:\MCU2\My_workspace\CAN_Normal_Mode\MXTmpFiles\usb_otg_fs_inc.tmp_save
2024-05-08 23:32:08,359 [INFO] CodeEngine:279 - Generated code: C:\MCU2\My_workspace\CAN_Normal_Mode\MXTmpFiles\usb_otg_fs_inc.tmp
2024-05-08 23:32:08,374 [INFO] CodeEngine:255 - oldGeneratedFile, C:\MCU2\My_workspace\CAN_Normal_Mode\MXTmpFiles\usb_otg_fs_HalInit.tmp_save
2024-05-08 23:32:08,441 [INFO] CodeEngine:279 - Generated code: C:\MCU2\My_workspace\CAN_Normal_Mode\MXTmpFiles\usb_otg_fs_HalInit.tmp
2024-05-08 23:32:08,452 [INFO] CodeEngine:255 - oldGeneratedFile, C:\MCU2\My_workspace\CAN_Normal_Mode\MXTmpFiles\usb_otg_fs_Msp.tmp_save
2024-05-08 23:32:08,528 [INFO] CodeEngine:279 - Generated code: C:\MCU2\My_workspace\CAN_Normal_Mode\MXTmpFiles\usb_otg_fs_Msp.tmp
2024-05-08 23:32:08,790 [INFO] CodeEngine:255 - oldGeneratedFile, C:\MCU2\My_workspace\CAN_Normal_Mode\USB_HOST\App\usb_host.c_save
2024-05-08 23:32:08,897 [INFO] CodeEngine:279 - Generated code: C:\MCU2\My_workspace\CAN_Normal_Mode\USB_HOST\App\usb_host.c
2024-05-08 23:32:08,918 [INFO] CodeEngine:255 - oldGeneratedFile, C:\MCU2\My_workspace\CAN_Normal_Mode\USB_HOST\App\usb_host.h_save
2024-05-08 23:32:08,991 [INFO] CodeEngine:279 - Generated code: C:\MCU2\My_workspace\CAN_Normal_Mode\USB_HOST\App\usb_host.h
2024-05-08 23:32:09,011 [INFO] CodeEngine:255 - oldGeneratedFile, C:\MCU2\My_workspace\CAN_Normal_Mode\USB_HOST\Target\usbh_conf.h_save
2024-05-08 23:32:09,118 [INFO] CodeEngine:279 - Generated code: C:\MCU2\My_workspace\CAN_Normal_Mode\USB_HOST\Target\usbh_conf.h
2024-05-08 23:32:09,137 [INFO] CodeEngine:255 - oldGeneratedFile, C:\MCU2\My_workspace\CAN_Normal_Mode\USB_HOST\Target\usbh_conf.c_save
2024-05-08 23:32:09,230 [INFO] CodeEngine:279 - Generated code: C:\MCU2\My_workspace\CAN_Normal_Mode\USB_HOST\Target\usbh_conf.c
2024-05-08 23:32:09,246 [INFO] CodeEngine:255 - oldGeneratedFile, C:\MCU2\My_workspace\CAN_Normal_Mode\USB_HOST\Target\usbh_platform.c_save
2024-05-08 23:32:09,301 [INFO] CodeEngine:279 - Generated code: C:\MCU2\My_workspace\CAN_Normal_Mode\USB_HOST\Target\usbh_platform.c
2024-05-08 23:32:09,314 [INFO] CodeEngine:255 - oldGeneratedFile, C:\MCU2\My_workspace\CAN_Normal_Mode\USB_HOST\Target\usbh_platform.h_save
2024-05-08 23:32:09,374 [INFO] CodeEngine:279 - Generated code: C:\MCU2\My_workspace\CAN_Normal_Mode\USB_HOST\Target\usbh_platform.h
2024-05-08 23:32:09,397 [INFO] CodeEngine:255 - oldGeneratedFile, C:\MCU2\My_workspace\CAN_Normal_Mode\Core\Src\stm32f4xx_it.c_save
2024-05-08 23:32:09,548 [INFO] CodeEngine:279 - Generated code: C:\MCU2\My_workspace\CAN_Normal_Mode\Core\Src\stm32f4xx_it.c
2024-05-08 23:32:09,563 [INFO] CodeEngine:255 - oldGeneratedFile, C:\MCU2\My_workspace\CAN_Normal_Mode\Core\Inc\stm32f4xx_it.h_save
2024-05-08 23:32:09,626 [INFO] CodeEngine:279 - Generated code: C:\MCU2\My_workspace\CAN_Normal_Mode\Core\Inc\stm32f4xx_it.h
2024-05-08 23:32:09,650 [INFO] CodeEngine:255 - oldGeneratedFile, C:\MCU2\My_workspace\CAN_Normal_Mode\Core\Src\stm32f4xx_hal_msp.c_save
2024-05-08 23:32:09,737 [INFO] CodeEngine:279 - Generated code: C:\MCU2\My_workspace\CAN_Normal_Mode\Core\Src\stm32f4xx_hal_msp.c
2024-05-08 23:32:09,746 [INFO] CodeEngine:255 - oldGeneratedFile, C:\MCU2\My_workspace\CAN_Normal_Mode\MXTmpFiles\system.tmp_save
2024-05-08 23:32:09,797 [INFO] CodeEngine:279 - Generated code: C:\MCU2\My_workspace\CAN_Normal_Mode\MXTmpFiles\system.tmp
2024-05-08 23:32:09,820 [INFO] CodeEngine:311 - oldGeneratedFile, C:\MCU2\My_workspace\CAN_Normal_Mode\Core\Inc\stm32f4xx_hal_conf.h_save
2024-05-08 23:32:09,891 [INFO] CodeEngine:335 - Generated code: C:\MCU2\My_workspace\CAN_Normal_Mode\Core\Inc\stm32f4xx_hal_conf.h
2024-05-08 23:32:09,911 [WARN] IPConfigManager:3440 - IP not found : TIM
2024-05-08 23:32:09,912 [WARN] CodeGenerator:3939 - IP not found : null
2024-05-08 23:32:09,932 [INFO] CodeEngine:255 - oldGeneratedFile, C:\MCU2\My_workspace\CAN_Normal_Mode\Core\Inc\main.h_save
2024-05-08 23:32:10,007 [INFO] CodeEngine:279 - Generated code: C:\MCU2\My_workspace\CAN_Normal_Mode\Core\Inc\main.h
2024-05-08 23:32:10,025 [INFO] CodeEngine:255 - oldGeneratedFile, C:\MCU2\My_workspace\CAN_Normal_Mode\Core\Src\main.c_save
2024-05-08 23:32:10,117 [INFO] CodeEngine:279 - Generated code: C:\MCU2\My_workspace\CAN_Normal_Mode\Core\Src\main.c
2024-05-08 23:32:10,776 [INFO] ProjectBuilder:3076 - Time for Copy HAL[1] : 261mS.
2024-05-08 23:32:10,781 [INFO] ProjectBuilder:4485 - Project Generator version: 4.2.0-B44
2024-05-08 23:32:11,083 [INFO] ConfigFileManager:1495 - The Die is : DIE413
2024-05-08 23:32:11,097 [INFO] ApiDbMcu:508 - Load IP Config File for FATFS
2024-05-08 23:32:11,111 [INFO] ApiDbMcu:508 - Load IP Config File for FREERTOS
2024-05-08 23:32:11,121 [INFO] ApiDbMcu:508 - Load IP Config File for LIBJPEG
2024-05-08 23:32:11,137 [INFO] ApiDbMcu:508 - Load IP Config File for LWIP
2024-05-08 23:32:11,154 [INFO] ApiDbMcu:508 - Load IP Config File for MBEDTLS
2024-05-08 23:32:11,172 [INFO] ApiDbMcu:508 - Load IP Config File for USB_DEVICE
2024-05-08 23:32:13,124 [INFO] ProjectBuilder:4747 - Time for Generating toolchain IDE Files: 2343mS.
2024-05-08 23:32:13,125 [INFO] ProjectBuilder:2947 - Time for Copy CMSIS : 1mS.
2024-05-08 23:32:13,132 [INFO] ProjectBuilder:2947 - Time for Copy CMSIS : 0mS.
