2024-03-29 18:29:45,310 [INFO] Activator:176 - 


2024-03-29 18:29:45,318 [INFO] Activator:177 - !SESSION log4j initialized
2024-03-29 18:29:51,461 [INFO] LogOutputStream:77 - [STDOUT_REDIRECT] 
2024-03-29 18:30:04,768 [INFO] ApplicationProperties:184 - Using Application install path: C:\ST\STM32CubeIDE_1.14.0\STM32CubeIDE\plugins\com.st.stm32cube.common.mx_6.10.0.202311202037
2024-03-29 18:30:04,784 [INFO] DbMcusXml:78 - Set database path to: C:\ST\STM32CubeIDE_1.14.0\STM32CubeIDE\plugins\com.st.stm32cube.common.mx_6.10.0.202311202037\\db\/mcu/
2024-03-29 18:30:04,784 [INFO] ApiDb:274 - Set plugin database path to: C:\ST\STM32CubeIDE_1.14.0\STM32CubeIDE\plugins\com.st.stm32cube.common.mx_6.10.0.202311202037\\db\/plugins/boardmanager/
2024-03-29 18:30:04,785 [WARN] ApiDb:259 - Overriding images path with different value:  => C:\ST\STM32CubeIDE_1.14.0\STM32CubeIDE\plugins\com.st.stm32cube.common.mx_6.10.0.202311202037\\db\/plugins/mcufinder/images/
2024-03-29 18:30:04,791 [INFO] ApiDb:250 - Set database path to: C:\Users\uykun\.stmcufinder\plugins\mcufinder//mcu/
2024-03-29 18:30:04,792 [INFO] DbMcusAds:125 - Set database path to: C:\Users\uykun\.stmcufinder\plugins\mcufinder//mcu/
2024-03-29 18:30:04,793 [INFO] CrossReferenceDbSqlite:203 - Set database path to: C:\Users\uykun\.stmcufinder\plugins\mcufinder//mcu/cs/
2024-03-29 18:30:04,895 [INFO] RulesReader:64 - Compatibility file has been processed (297 Rules)
2024-03-29 18:30:04,975 [INFO] DbMcusXml:78 - Set database path to: C:\ST\STM32CubeIDE_1.14.0\STM32CubeIDE\plugins\com.st.stm32cube.common.mx_6.10.0.202311202037\\db\/mcu/
2024-03-29 18:30:04,975 [INFO] ApiDb:274 - Set plugin database path to: C:\ST\STM32CubeIDE_1.14.0\STM32CubeIDE\plugins\com.st.stm32cube.common.mx_6.10.0.202311202037\\db\/plugins/boardmanager/
2024-03-29 18:30:04,975 [INFO] ApiDb:261 - Set plugin images path to: C:\ST\STM32CubeIDE_1.14.0\STM32CubeIDE\plugins\com.st.stm32cube.common.mx_6.10.0.202311202037\\db\/plugins/mcufinder/images/
2024-03-29 18:30:04,976 [WARN] DbFile:41 - Overriding database path with different value: C:\Users\uykun\.stmcufinder\plugins\mcufinder/ => C:\Users\uykun\.stmcufinder\plugins\mcufinder
2024-03-29 18:30:04,976 [INFO] ApiDb:250 - Set database path to: C:\Users\uykun\.stmcufinder\plugins\mcufinder//mcu/
2024-03-29 18:30:04,976 [WARN] DbFile:41 - Overriding database path with different value: C:\Users\uykun\.stmcufinder\plugins\mcufinder/ => C:\Users\uykun\.stmcufinder\plugins\mcufinder
2024-03-29 18:30:04,976 [INFO] DbMcusAds:125 - Set database path to: C:\Users\uykun\.stmcufinder\plugins\mcufinder//mcu/
2024-03-29 18:30:04,976 [WARN] DbFile:41 - Overriding database path with different value: C:\Users\uykun\.stmcufinder\plugins\mcufinder/ => C:\Users\uykun\.stmcufinder\plugins\mcufinder
2024-03-29 18:30:04,976 [WARN] DbFile:41 - Overriding database path with different value: C:\Users\uykun\.stmcufinder\plugins\mcufinder/ => C:\Users\uykun\.stmcufinder\plugins\mcufinder
2024-03-29 18:30:04,976 [INFO] CrossReferenceDbSqlite:203 - Set database path to: C:\Users\uykun\.stmcufinder\plugins\mcufinder//mcu/cs/
2024-03-29 18:30:05,053 [INFO] MainPanel:264 - HeapMemory: 268435456
2024-03-29 18:30:05,135 [INFO] DbMcusXml:78 - Set database path to: C:\ST\STM32CubeIDE_1.14.0\STM32CubeIDE\plugins\com.st.stm32cube.common.mx_6.10.0.202311202037\\db\/mcu/
2024-03-29 18:30:05,135 [INFO] ApiDb:274 - Set plugin database path to: C:\ST\STM32CubeIDE_1.14.0\STM32CubeIDE\plugins\com.st.stm32cube.common.mx_6.10.0.202311202037\\db\/plugins/boardmanager/
2024-03-29 18:30:05,135 [INFO] ApiDb:261 - Set plugin images path to: C:\ST\STM32CubeIDE_1.14.0\STM32CubeIDE\plugins\com.st.stm32cube.common.mx_6.10.0.202311202037\\db\/plugins/mcufinder/images/
2024-03-29 18:30:05,135 [WARN] DbFile:41 - Overriding database path with different value: C:\Users\uykun\.stmcufinder\plugins\mcufinder/ => C:\Users\uykun\.stmcufinder\plugins\mcufinder
2024-03-29 18:30:05,135 [INFO] ApiDb:250 - Set database path to: C:\Users\uykun\.stmcufinder\plugins\mcufinder//mcu/
2024-03-29 18:30:05,135 [WARN] DbFile:41 - Overriding database path with different value: C:\Users\uykun\.stmcufinder\plugins\mcufinder/ => C:\Users\uykun\.stmcufinder\plugins\mcufinder
2024-03-29 18:30:05,135 [INFO] DbMcusAds:125 - Set database path to: C:\Users\uykun\.stmcufinder\plugins\mcufinder//mcu/
2024-03-29 18:30:05,135 [WARN] DbFile:41 - Overriding database path with different value: C:\Users\uykun\.stmcufinder\plugins\mcufinder/ => C:\Users\uykun\.stmcufinder\plugins\mcufinder
2024-03-29 18:30:05,136 [WARN] DbFile:41 - Overriding database path with different value: C:\Users\uykun\.stmcufinder\plugins\mcufinder/ => C:\Users\uykun\.stmcufinder\plugins\mcufinder
2024-03-29 18:30:05,136 [INFO] CrossReferenceDbSqlite:203 - Set database path to: C:\Users\uykun\.stmcufinder\plugins\mcufinder//mcu/cs/
2024-03-29 18:30:05,152 [INFO] ApplicationProperties:184 - Using Application install path: C:\ST\STM32CubeIDE_1.14.0\STM32CubeIDE\plugins\com.st.stm32cube.common.mx_6.10.0.202311202037
2024-03-29 18:30:05,152 [INFO] PluginManage:196 - Search for loadable plugins [exclusion list=, ]
2024-03-29 18:30:05,153 [INFO] PluginManage:310 - Check plugin analytics
2024-03-29 18:30:05,309 [INFO] AnalyticsPlugin:253 - Accepted Software Licenses: 
2024-03-29 18:30:05,309 [INFO] AnalyticsPlugin:255 - Accepted CMSIS Pack Licenses: 
2024-03-29 18:30:05,309 [INFO] AnalyticsPlugin:257 - Accepted Firmware Licenses: FW.F4.1.28.0
2024-03-29 18:30:05,312 [INFO] PluginManage:359 - Loaded plugin analytics (category:tool,tabindex:-1)
2024-03-29 18:30:05,312 [INFO] PluginManage:310 - Check plugin cadmodel
2024-03-29 18:30:05,326 [INFO] CADModel:105 - Init CAD model plugin
2024-03-29 18:30:05,326 [INFO] PluginManage:359 - Loaded plugin cadmodel (category:power,tabindex:5)
2024-03-29 18:30:05,326 [INFO] PluginManage:310 - Check plugin clock
2024-03-29 18:30:05,344 [INFO] PluginManage:359 - Loaded plugin clock (category:base,tabindex:2)
2024-03-29 18:30:05,344 [INFO] PluginManage:310 - Check plugin ddr
2024-03-29 18:30:05,346 [INFO] PluginManage:359 - Loaded plugin ddr (category:tool,tabindex:6)
2024-03-29 18:30:05,346 [INFO] PluginManage:310 - Check plugin filemanager
2024-03-29 18:30:05,469 [INFO] PluginManage:359 - Loaded plugin filemanager (category:base,tabindex:10)
2024-03-29 18:30:05,470 [INFO] PluginManage:310 - Check plugin ipmanager
2024-03-29 18:30:05,477 [INFO] PluginManage:359 - Loaded plugin ipmanager (category:base,tabindex:5)
2024-03-29 18:30:05,477 [INFO] PluginManage:310 - Check plugin lpbam
2024-03-29 18:30:05,496 [INFO] PluginManage:359 - Loaded plugin lpbam (category:base,tabindex:0)
2024-03-29 18:30:05,496 [INFO] PluginManage:310 - Check plugin memorymap
2024-03-29 18:30:05,517 [INFO] PluginManage:359 - Loaded plugin memorymap (category:base,tabindex:4)
2024-03-29 18:30:05,517 [INFO] PluginManage:310 - Check plugin pinoutandconfiguration
2024-03-29 18:30:05,534 [INFO] PluginManage:359 - Loaded plugin pinoutandconfiguration (category:base,tabindex:1)
2024-03-29 18:30:05,534 [INFO] PluginManage:310 - Check plugin pinoutconfig
2024-03-29 18:30:05,637 [WARN] SupportedApi:132 - Cannot load RTOS API schema: s4s-elt-must-match.1: The content of 'definitions' must match (annotation?, (simpleType | complexType)?, (unique | key | keyref)*)). A problem was found starting at: attribute.
2024-03-29 18:30:05,776 [INFO] PluginManage:359 - Loaded plugin pinoutconfig (category:base,tabindex:0)
2024-03-29 18:30:05,776 [INFO] PluginManage:310 - Check plugin power
2024-03-29 18:30:05,798 [INFO] PluginManage:359 - Loaded plugin power (category:power,tabindex:4)
2024-03-29 18:30:05,798 [INFO] PluginManage:310 - Check plugin projectmanager
2024-03-29 18:30:05,812 [INFO] PluginManage:359 - Loaded plugin projectmanager (category:projectmanager,tabindex:3)
2024-03-29 18:30:05,812 [INFO] PluginManage:310 - Check plugin thirdparty
2024-03-29 18:30:06,055 [INFO] PluginManage:359 - Loaded plugin thirdparty (category:base,tabindex:-1)
2024-03-29 18:30:06,056 [INFO] PluginManage:310 - Check plugin tools
2024-03-29 18:30:06,055 [WARN] IntegrityCheckThread:84 - waiting for thirdparty lock release [integrity check]
2024-03-29 18:30:06,056 [INFO] IntegrityCheckThread:86 - entering critical section [integrity check]
2024-03-29 18:30:06,056 [INFO] ThirdPartyUpdaterWithRetryManager:70 - Updater plugin not ready yet. [1/15]
2024-03-29 18:30:06,083 [INFO] PluginManage:359 - Loaded plugin tools (category:base,tabindex:7)
2024-03-29 18:30:06,083 [INFO] PluginManage:310 - Check plugin tutovideos
2024-03-29 18:30:06,247 [INFO] PluginManage:359 - Loaded plugin tutovideos (category:base,tabindex:-1)
2024-03-29 18:30:06,247 [INFO] PluginManage:310 - Check plugin updater
2024-03-29 18:30:06,257 [INFO] PluginManage:359 - Loaded plugin updater (category:base,tabindex:12)
2024-03-29 18:30:06,257 [INFO] PluginManage:310 - Check plugin userauth
2024-03-29 18:30:06,262 [INFO] UserAuth:114 - Init User Auth plugin
2024-03-29 18:30:06,262 [INFO] PluginManage:359 - Loaded plugin userauth (category:base,tabindex:14)
2024-03-29 18:30:06,262 [INFO] PluginManage:283 - PluginManage : Loaded plugins [17]
2024-03-29 18:30:06,477 [INFO] PinOutPanel:1499 - setPackage(No Configuration,No Configuration)
2024-03-29 18:30:06,560 [INFO] CADModel:165 - CPN selected for project level
2024-03-29 18:30:06,560 [INFO] CADModel:114 - Register for checkConnection events
2024-03-29 18:30:06,582 [INFO] IPUIPlugin:80 - create IPUIPlugin
2024-03-29 18:30:06,582 [INFO] PluginManager:220 - loadIPPluginJar : add adc
2024-03-29 18:30:06,609 [INFO] IPUIPlugin:80 - create IPUIPlugin
2024-03-29 18:30:06,609 [INFO] PluginManager:220 - loadIPPluginJar : add aes
2024-03-29 18:30:06,640 [INFO] IPUIPlugin:80 - create IPUIPlugin
2024-03-29 18:30:06,640 [INFO] PluginManager:220 - loadIPPluginJar : add can
2024-03-29 18:30:06,657 [INFO] IPUIPlugin:80 - create IPUIPlugin
2024-03-29 18:30:06,657 [INFO] PluginManager:220 - loadIPPluginJar : add comp
2024-03-29 18:30:06,679 [INFO] IPUIPlugin:80 - create IPUIPlugin
2024-03-29 18:30:06,679 [INFO] PluginManager:220 - loadIPPluginJar : add cryp
2024-03-29 18:30:06,700 [INFO] IPUIPlugin:80 - create IPUIPlugin
2024-03-29 18:30:06,700 [INFO] PluginManager:220 - loadIPPluginJar : add dfsdm
2024-03-29 18:30:06,711 [INFO] IPUIPlugin:80 - create IPUIPlugin
2024-03-29 18:30:06,712 [INFO] PluginManager:220 - loadIPPluginJar : add dma
2024-03-29 18:30:06,741 [INFO] IPUIPlugin:80 - create IPUIPlugin
2024-03-29 18:30:06,741 [INFO] PluginManager:220 - loadIPPluginJar : add dma3
2024-03-29 18:30:06,756 [INFO] IPUIPlugin:80 - create IPUIPlugin
2024-03-29 18:30:06,756 [INFO] PluginManager:220 - loadIPPluginJar : add fatfs
2024-03-29 18:30:06,793 [INFO] IPUIPlugin:80 - create IPUIPlugin
2024-03-29 18:30:06,793 [INFO] PluginManager:220 - loadIPPluginJar : add fmc
2024-03-29 18:30:06,805 [INFO] IPUIPlugin:80 - create IPUIPlugin
2024-03-29 18:30:06,805 [INFO] PluginManager:220 - loadIPPluginJar : add freertos
2024-03-29 18:30:06,821 [INFO] IPUIPlugin:80 - create IPUIPlugin
2024-03-29 18:30:06,821 [INFO] PluginManager:220 - loadIPPluginJar : add genericplugin
2024-03-29 18:30:06,894 [INFO] IPUIPlugin:80 - create IPUIPlugin
2024-03-29 18:30:06,894 [INFO] PluginManager:220 - loadIPPluginJar : add gfxmmu
2024-03-29 18:30:06,995 [INFO] IPUIPlugin:80 - create IPUIPlugin
2024-03-29 18:30:06,995 [INFO] PluginManager:220 - loadIPPluginJar : add gic
2024-03-29 18:30:07,008 [INFO] IPUIPlugin:80 - create IPUIPlugin
2024-03-29 18:30:07,008 [INFO] PluginManager:220 - loadIPPluginJar : add gpio
2024-03-29 18:30:07,099 [INFO] IPUIPlugin:80 - create IPUIPlugin
2024-03-29 18:30:07,099 [INFO] PluginManager:220 - loadIPPluginJar : add gtzc
2024-03-29 18:30:07,133 [INFO] IPUIPlugin:80 - create IPUIPlugin
2024-03-29 18:30:07,133 [INFO] PluginManager:220 - loadIPPluginJar : add hash
2024-03-29 18:30:07,187 [INFO] IPUIPlugin:80 - create IPUIPlugin
2024-03-29 18:30:07,187 [INFO] PluginManager:220 - loadIPPluginJar : add i2c
2024-03-29 18:30:07,224 [INFO] IPUIPlugin:80 - create IPUIPlugin
2024-03-29 18:30:07,225 [INFO] PluginManager:220 - loadIPPluginJar : add i2s
2024-03-29 18:30:07,258 [INFO] IPUIPlugin:80 - create IPUIPlugin
2024-03-29 18:30:07,258 [INFO] PluginManager:220 - loadIPPluginJar : add i3c
2024-03-29 18:30:07,339 [INFO] IPUIPlugin:80 - create IPUIPlugin
2024-03-29 18:30:07,339 [INFO] PluginManager:220 - loadIPPluginJar : add ipddr
2024-03-29 18:30:07,396 [INFO] IPUIPlugin:80 - create IPUIPlugin
2024-03-29 18:30:07,396 [INFO] PluginManager:220 - loadIPPluginJar : add linkedlist
2024-03-29 18:30:07,418 [INFO] IPUIPlugin:80 - create IPUIPlugin
2024-03-29 18:30:07,418 [INFO] PluginManager:220 - loadIPPluginJar : add lorawan
2024-03-29 18:30:07,443 [INFO] IPUIPlugin:80 - create IPUIPlugin
2024-03-29 18:30:07,444 [INFO] PluginManager:220 - loadIPPluginJar : add ltdc
2024-03-29 18:30:07,454 [INFO] IPUIPlugin:80 - create IPUIPlugin
2024-03-29 18:30:07,454 [INFO] PluginManager:220 - loadIPPluginJar : add mdma
2024-03-29 18:30:07,463 [INFO] IPUIPlugin:80 - create IPUIPlugin
2024-03-29 18:30:07,463 [INFO] PluginManager:220 - loadIPPluginJar : add nvic
2024-03-29 18:30:07,486 [INFO] IPUIPlugin:80 - create IPUIPlugin
2024-03-29 18:30:07,486 [INFO] PluginManager:220 - loadIPPluginJar : add opamp
2024-03-29 18:30:07,525 [INFO] IPUIPlugin:80 - create IPUIPlugin
2024-03-29 18:30:07,525 [INFO] PluginManager:220 - loadIPPluginJar : add openamp
2024-03-29 18:30:07,554 [INFO] IPUIPlugin:80 - create IPUIPlugin
2024-03-29 18:30:07,554 [INFO] PluginManager:220 - loadIPPluginJar : add pdm2pcm
2024-03-29 18:30:07,563 [INFO] IPUIPlugin:80 - create IPUIPlugin
2024-03-29 18:30:07,564 [INFO] PluginManager:220 - loadIPPluginJar : add plateformsettings
2024-03-29 18:30:07,579 [INFO] IPUIPlugin:80 - create IPUIPlugin
2024-03-29 18:30:07,579 [INFO] PluginManager:220 - loadIPPluginJar : add quadspi
2024-03-29 18:30:07,590 [INFO] IPUIPlugin:80 - create IPUIPlugin
2024-03-29 18:30:07,590 [INFO] PluginManager:220 - loadIPPluginJar : add resmgrutility
2024-03-29 18:30:07,622 [INFO] IPUIPlugin:80 - create IPUIPlugin
2024-03-29 18:30:07,622 [INFO] PluginManager:220 - loadIPPluginJar : add sai
2024-03-29 18:30:07,646 [INFO] IPUIPlugin:80 - create IPUIPlugin
2024-03-29 18:30:07,646 [INFO] PluginManager:220 - loadIPPluginJar : add spi
2024-03-29 18:30:07,695 [INFO] IPUIPlugin:80 - create IPUIPlugin
2024-03-29 18:30:07,695 [INFO] PluginManager:220 - loadIPPluginJar : add stm32_wpan
2024-03-29 18:30:07,711 [INFO] IPUIPlugin:80 - create IPUIPlugin
2024-03-29 18:30:07,711 [INFO] PluginManager:220 - loadIPPluginJar : add tim
2024-03-29 18:30:07,750 [INFO] IPUIPlugin:80 - create IPUIPlugin
2024-03-29 18:30:07,750 [INFO] PluginManager:220 - loadIPPluginJar : add touchsensing
2024-03-29 18:30:07,768 [INFO] IPUIPlugin:80 - create IPUIPlugin
2024-03-29 18:30:07,768 [INFO] PluginManager:220 - loadIPPluginJar : add tracer_emb
2024-03-29 18:30:07,786 [INFO] IPUIPlugin:80 - create IPUIPlugin
2024-03-29 18:30:07,786 [INFO] PluginManager:220 - loadIPPluginJar : add ts
2024-03-29 18:30:07,803 [INFO] IPUIPlugin:80 - create IPUIPlugin
2024-03-29 18:30:07,803 [INFO] PluginManager:220 - loadIPPluginJar : add tsc
2024-03-29 18:30:07,822 [INFO] IPUIPlugin:80 - create IPUIPlugin
2024-03-29 18:30:07,822 [INFO] PluginManager:220 - loadIPPluginJar : add ucpd
2024-03-29 18:30:07,858 [INFO] IPUIPlugin:80 - create IPUIPlugin
2024-03-29 18:30:07,858 [INFO] PluginManager:220 - loadIPPluginJar : add usart
2024-03-29 18:30:07,894 [INFO] IPUIPlugin:80 - create IPUIPlugin
2024-03-29 18:30:07,894 [INFO] PluginManager:220 - loadIPPluginJar : add usbx
2024-03-29 18:30:08,014 [INFO] CADModel:165 - CPN selected for project level
2024-03-29 18:30:08,014 [INFO] CADModel:114 - Register for checkConnection events
2024-03-29 18:30:08,014 [FATAL] Updater:308 - Updater called before beeing initialized
2024-03-29 18:30:08,015 [ERROR] CADModel:125 - Updater not yet initialized, retry later 
2024-03-29 18:30:08,135 [INFO] CADModel:165 - CPN selected for project level
2024-03-29 18:30:08,135 [INFO] CADModel:114 - Register for checkConnection events
2024-03-29 18:30:08,135 [FATAL] Updater:308 - Updater called before beeing initialized
2024-03-29 18:30:08,135 [ERROR] CADModel:125 - Updater not yet initialized, retry later 
2024-03-29 18:30:08,138 [FATAL] Updater:308 - Updater called before beeing initialized
2024-03-29 18:30:08,242 [FATAL] Updater:308 - Updater called before beeing initialized
2024-03-29 18:30:08,250 [INFO] DbMcusAds:53 - JSON generation date=Wed Nov 29 13:52:27 TRT 2023 (1701255147349)
2024-03-29 18:30:08,250 [FATAL] Updater:308 - Updater called before beeing initialized
2024-03-29 18:30:08,313 [WARN] DetailPanel:346 - Failed to get advertising image, set to default
2024-03-29 18:30:08,388 [FATAL] Updater:308 - Updater called before beeing initialized
2024-03-29 18:30:08,390 [FATAL] Updater:308 - Updater called before beeing initialized
2024-03-29 18:30:08,390 [FATAL] Updater:308 - Updater called before beeing initialized
2024-03-29 18:30:08,390 [WARN] DetailPanel:346 - Failed to get advertising image, set to default
2024-03-29 18:30:08,391 [FATAL] Updater:308 - Updater called before beeing initialized
2024-03-29 18:30:08,444 [ERROR] Updater:1120 - MainUpdater not yet initialized. External WinMGr cannot be set.
2024-03-29 18:30:08,455 [INFO] Updater:1056 - Updater Version found : 6.10.0
2024-03-29 18:30:08,472 [INFO] ApplicationProperties:184 - Using Application install path: C:\ST\STM32CubeIDE_1.14.0\STM32CubeIDE\plugins\com.st.stm32cube.common.mx_6.10.0.202311202037
2024-03-29 18:30:09,058 [INFO] ThirdPartyUpdaterWithRetryManager:70 - Updater plugin not ready yet. [2/15]
2024-03-29 18:30:10,045 [ERROR] LogOutputStream:75 - [STDERR_REDIRECT] Mar 29, 2024 6:30:10 PM java.util.prefs.WindowsPreferences <init>
2024-03-29 18:30:10,047 [ERROR] LogOutputStream:75 - [STDERR_REDIRECT] WARNING: Could not open/create prefs root node Software\JavaSoft\Prefs at root 0xffffffff80000002. Windows RegCreateKeyEx(...) returned error code 5.
2024-03-29 18:30:10,047 [ERROR] LogOutputStream:75 - [STDERR_REDIRECT] 
2024-03-29 18:30:10,311 [INFO] MainUpdater:2873 - connection check result : 10
2024-03-29 18:30:10,311 [INFO] MainUpdater:290 - Updater Check For Update Now.
2024-03-29 18:30:10,312 [INFO] MicroXplorer:498 - Change Database Version : DB.6.0.100
2024-03-29 18:30:10,326 [INFO] McuFinderGlobals:63 - Set McuFinder mode to 2 (CubeIDE integrated)
2024-03-29 18:30:10,545 [INFO] CheckServerUpdateThread:120 - End of CheckServer Thread
2024-03-29 18:30:10,819 [INFO] UserAuth:404 - Internet connection configuration mode: 1
2024-03-29 18:30:10,845 [INFO] JxBrowserEngine:152 - Initiate JxBrowser Engine with user profile folder
2024-03-29 18:30:12,341 [WARN] PackLoader:240 - Cannot read IP mode file for STMicroelectronics.X-CUBE-SMBUS.2.1.0
2024-03-29 18:30:12,360 [WARN] PackLoader:240 - Cannot read IP mode file for STMicroelectronics.X-CUBE-TOUCHGFX.4.23.0
2024-03-29 18:30:12,425 [WARN] PackLoader:240 - Cannot read IP mode file for STMicroelectronics.X-CUBE-AZRTOS-F7.1.1.0
2024-03-29 18:30:12,454 [WARN] PackLoader:240 - Cannot read IP mode file for STMicroelectronics.FP-SNS-MOTENV1.4.3.2
2024-03-29 18:30:12,475 [WARN] PackLoader:240 - Cannot read IP mode file for STMicroelectronics.FP-SNS-FLIGHT1.5.0.2
2024-03-29 18:30:12,504 [WARN] PackLoader:240 - Cannot read IP mode file for STMicroelectronics.X-CUBE-DISPLAY.3.0.0
2024-03-29 18:30:12,565 [WARN] PackLoader:240 - Cannot read IP mode file for STMicroelectronics.X-CUBE-BLE1.7.0.0
2024-03-29 18:30:12,599 [WARN] PackLoader:240 - Cannot read IP mode file for emotas.I-CUBE-CANOPEN.1.3.0
2024-03-29 18:30:12,647 [WARN] PackLoader:240 - Cannot read IP mode file for STMicroelectronics.X-CUBE-TOUCHGFX.4.22.0
2024-03-29 18:30:12,682 [WARN] PackLoader:240 - Cannot read IP mode file for STMicroelectronics.X-CUBE-TOUCHGFX.4.22.1
2024-03-29 18:30:12,718 [WARN] PackLoader:240 - Cannot read IP mode file for STMicroelectronics.X-CUBE-BLEMGR.3.1.0
2024-03-29 18:30:12,746 [WARN] PackLoader:240 - Cannot read IP mode file for STMicroelectronics.FP-SNS-SMARTAG2.1.2.0
2024-03-29 18:30:12,774 [INFO] LogOutputStream:77 - [STDOUT_REDIRECT] 1 : Invalid condition id : UX_CORESTACK_Condition cause : null
2024-03-29 18:30:12,774 [INFO] LogOutputStream:77 - [STDOUT_REDIRECT] 1 : Invalid condition id : UX_CORESTACK_Condition cause : null
2024-03-29 18:30:12,776 [INFO] LogOutputStream:77 - [STDOUT_REDIRECT] 1 : Invalid condition id : UX_CORESTACK_Condition cause : null
2024-03-29 18:30:12,777 [INFO] LogOutputStream:77 - [STDOUT_REDIRECT] 1 : Invalid condition id : UX_CORESTACK_Condition cause : null
2024-03-29 18:30:12,778 [INFO] LogOutputStream:77 - [STDOUT_REDIRECT] 1 : Invalid condition id : UX_CORESTACK_Condition cause : null
2024-03-29 18:30:12,782 [WARN] PackLoader:240 - Cannot read IP mode file for STMicroelectronics.X-CUBE-AZRTOS-WL.2.0.0
2024-03-29 18:30:12,798 [WARN] PackLoader:240 - Cannot read IP mode file for WES.I-CUBE-Cesium.1.3.0
2024-03-29 18:30:12,810 [WARN] PackLoader:240 - Cannot read IP mode file for STMicroelectronics.X-CUBE-BLE2.3.3.0
2024-03-29 18:30:12,827 [WARN] PackLoader:240 - Cannot read IP mode file for STMicroelectronics.X-CUBE-ALGOBUILD.1.3.0
2024-03-29 18:30:12,856 [WARN] PackLoader:240 - Cannot read IP mode file for STMicroelectronics.X-CUBE-AZRTOS-G0.1.1.0
2024-03-29 18:30:12,873 [WARN] PackLoader:240 - Cannot read IP mode file for STMicroelectronics.X-CUBE-NFC4.3.0.0
2024-03-29 18:30:12,888 [WARN] PackLoader:240 - Cannot read IP mode file for STMicroelectronics.X-CUBE-BLEMGR.3.0.0
2024-03-29 18:30:12,900 [WARN] PackLoader:240 - Cannot read IP mode file for STMicroelectronics.FP-ATR-SIGFOX1.3.2.0
2024-03-29 18:30:12,913 [WARN] PackLoader:240 - Cannot read IP mode file for STMicroelectronics.X-CUBE-EEPRMA1.5.1.0
2024-03-29 18:30:12,957 [WARN] PackLoader:240 - Cannot read IP mode file for SEGGER.I-CUBE-embOS.1.3.1
2024-03-29 18:30:13,011 [WARN] PackLoader:240 - Cannot read IP mode file for STMicroelectronics.X-CUBE-GNSS1.6.0.0
2024-03-29 18:30:13,049 [WARN] PackLoader:240 - Cannot read IP mode file for STMicroelectronics.X-CUBE-AZRTOS-F4.1.1.0
2024-03-29 18:30:13,066 [WARN] PackLoader:240 - Cannot read IP mode file for wolfSSL.I-CUBE-wolfSSL.5.6.3
2024-03-29 18:30:13,111 [WARN] PackLoader:240 - Cannot read IP mode file for STMicroelectronics.X-CUBE-AZRTOS-L5.2.0.0
2024-03-29 18:30:13,182 [WARN] PackLoader:240 - Cannot read IP mode file for STMicroelectronics.X-CUBE-MEMS1.9.6.0
2024-03-29 18:30:13,358 [WARN] PackLoader:240 - Cannot read IP mode file for STMicroelectronics.X-CUBE-EEPRMA1.4.2.0
2024-03-29 18:30:13,374 [WARN] PackLoader:240 - Cannot read IP mode file for STMicroelectronics.X-CUBE-NFC6.3.1.0
2024-03-29 18:30:13,389 [WARN] PackLoader:240 - Cannot read IP mode file for ITTIA_DB.I-CUBE-ITTIADB.8.8.0
2024-03-29 18:30:13,403 [WARN] PackLoader:240 - Cannot read IP mode file for STMicroelectronics.X-CUBE-BLEMGR.2.0.0
2024-03-29 18:30:13,447 [WARN] ConditionMgr:438 - getConditionDescription Invalid condition id : UX DEVICE CLASS RTOS Condition cause : null
2024-03-29 18:30:13,447 [WARN] ConditionMgr:438 - getConditionDescription Invalid condition id : UX DEVICE CLASS RTOS Condition cause : null
2024-03-29 18:30:13,461 [WARN] PackLoader:240 - Cannot read IP mode file for STMicroelectronics.X-CUBE-AZRTOS-H7.3.1.0
2024-03-29 18:30:13,465 [WARN] ConditionMgr:1039 - genDependencies : Invalid condition id : UX DEVICE CLASS RTOS Condition cause : null
2024-03-29 18:30:13,465 [WARN] ConditionMgr:1039 - genDependencies : Invalid condition id : UX DEVICE CLASS RTOS Condition cause : null
2024-03-29 18:30:13,467 [WARN] ConditionMgr:1039 - genDependencies : Invalid condition id : UX DEVICE CLASS RTOS Condition cause : null
2024-03-29 18:30:13,468 [WARN] ConditionMgr:1039 - genDependencies : Invalid condition id : UX DEVICE CLASS RTOS Condition cause : null
2024-03-29 18:30:13,468 [WARN] ConditionMgr:1039 - genDependencies : Invalid condition id : UX DEVICE CLASS RTOS Condition cause : null
2024-03-29 18:30:13,631 [WARN] PackLoader:240 - Cannot read IP mode file for STMicroelectronics.X-CUBE-NFC7.1.0.1
2024-03-29 18:30:13,685 [WARN] PackLoader:240 - Cannot read IP mode file for STMicroelectronics.X-CUBE-NFC6.3.0.0
2024-03-29 18:30:13,721 [WARN] PackLoader:240 - Cannot read IP mode file for STMicroelectronics.X-CUBE-EEPRMA1.4.1.0
2024-03-29 18:30:13,741 [WARN] PackLoader:240 - Cannot read IP mode file for STMicroelectronics.X-CUBE-AI.8.1.0
2024-03-29 18:30:13,778 [WARN] ConditionMgr:438 - getConditionDescription Invalid condition id : LAN8742 Phy interface Condition cause : null
2024-03-29 18:30:13,778 [WARN] PackLoader:240 - Cannot read IP mode file for STMicroelectronics.X-CUBE-AZRTOS-L4.2.0.0
2024-03-29 18:30:13,780 [WARN] ConditionMgr:1039 - genDependencies : Invalid condition id : LAN8742 Phy interface Condition cause : null
2024-03-29 18:30:13,780 [WARN] ConditionMgr:1039 - genDependencies : Invalid condition id : LAN8742 Phy interface Condition cause : null
2024-03-29 18:30:13,780 [WARN] ConditionMgr:1039 - genDependencies : Invalid condition id : LAN8742 Phy interface Condition cause : null
2024-03-29 18:30:13,797 [WARN] PackLoader:240 - Cannot read IP mode file for STMicroelectronics.X-CUBE-SFXS2LP1.4.0.0
2024-03-29 18:30:13,811 [WARN] PackLoader:240 - Cannot read IP mode file for STMicroelectronics.X-CUBE-ISPU.1.1.0
2024-03-29 18:30:13,824 [INFO] WebApp:161 - Instantiating new browser for Auth
2024-03-29 18:30:13,840 [WARN] ConditionMgr:438 - getConditionDescription Invalid condition id : UX DEVICE CLASS RTOS Condition cause : null
2024-03-29 18:30:13,841 [WARN] ConditionMgr:438 - getConditionDescription Invalid condition id : UX DEVICE CLASS RTOS Condition cause : null
2024-03-29 18:30:13,845 [WARN] PackLoader:240 - Cannot read IP mode file for STMicroelectronics.X-CUBE-AZRTOS-WB.2.0.0
2024-03-29 18:30:13,847 [WARN] ConditionMgr:1039 - genDependencies : Invalid condition id : UX DEVICE CLASS RTOS Condition cause : null
2024-03-29 18:30:13,847 [WARN] ConditionMgr:1039 - genDependencies : Invalid condition id : UX DEVICE CLASS RTOS Condition cause : null
2024-03-29 18:30:13,848 [WARN] ConditionMgr:1039 - genDependencies : Invalid condition id : UX DEVICE CLASS RTOS Condition cause : null
2024-03-29 18:30:13,848 [WARN] ConditionMgr:1039 - genDependencies : Invalid condition id : UX DEVICE CLASS RTOS Condition cause : null
2024-03-29 18:30:13,849 [WARN] ConditionMgr:1039 - genDependencies : Invalid condition id : UX DEVICE CLASS RTOS Condition cause : null
2024-03-29 18:30:13,880 [WARN] PackLoader:240 - Cannot read IP mode file for STMicroelectronics.X-CUBE-FREERTOS.1.0.1
2024-03-29 18:30:13,908 [WARN] PackLoader:240 - Cannot read IP mode file for STMicroelectronics.X-CUBE-SUBG2.5.0.0
2024-03-29 18:30:13,934 [WARN] PackLoader:240 - Cannot read IP mode file for STMicroelectronics.X-CUBE-TOF1.3.3.1
2024-03-29 18:30:13,965 [WARN] PackLoader:240 - Cannot read IP mode file for STMicroelectronics.X-CUBE-AZRTOS-G4.2.0.0
2024-03-29 18:30:13,991 [WARN] PackLoader:240 - Cannot read IP mode file for Infineon.AIROC-Wi-Fi-Bluetooth-STM32.1.5.1
2024-03-29 18:30:14,009 [WARN] PackLoader:240 - Cannot read IP mode file for STMicroelectronics.FP-SNS-MOTENVWB1.1.3.0
2024-03-29 18:30:14,025 [WARN] PackLoader:240 - Cannot read IP mode file for STMicroelectronics.FP-SNS-MOTENVWB1.1.3.1
2024-03-29 18:30:14,040 [WARN] PackLoader:240 - Cannot read IP mode file for STMicroelectronics.X-CUBE-ISPU.2.0.0
2024-03-29 18:30:14,110 [WARN] PackLoader:240 - Cannot read IP mode file for STMicroelectronics.X-CUBE-MEMS1.10.0.0
2024-03-29 18:30:14,237 [WARN] PackLoader:240 - Cannot read IP mode file for STMicroelectronics.X-CUBE-FREERTOS.1.1.0
2024-03-29 18:30:14,250 [WARN] PackLoader:240 - Cannot read IP mode file for portGmbH.I-Cube-SoM-uGOAL.1.1.0
2024-03-29 18:30:14,262 [WARN] PackLoader:240 - Cannot read IP mode file for STMicroelectronics.X-CUBE-ALS.1.0.1
2024-03-29 18:30:14,277 [WARN] PackLoader:240 - Cannot read IP mode file for STMicroelectronics.FP-ATR-ASTRA1.2.0.0
2024-03-29 18:30:14,301 [WARN] PackLoader:240 - Cannot read IP mode file for STMicroelectronics.X-CUBE-TOF1.3.4.0
2024-03-29 18:30:14,352 [WARN] PackLoader:240 - Cannot read IP mode file for STMicroelectronics.X-CUBE-TOF1.3.4.1
2024-03-29 18:30:14,420 [WARN] PackLoader:240 - Cannot read IP mode file for STMicroelectronics.X-CUBE-AZRTOS-H7.3.2.0
2024-03-29 18:30:14,425 [INFO] ThirdParty:978 - Integrity check success = true
2024-03-29 18:30:14,425 [INFO] IntegrityCheckThread:100 - exiting critical section [integrity check]
2024-03-29 18:30:14,425 [INFO] IntegrityCheckThread:103 - End integrity checks thread
2024-03-29 18:30:14,612 [INFO] WebApp:780 - Register for checkConnection events
2024-03-29 18:30:14,612 [INFO] WebApp:414 - Apply proxy settings
2024-03-29 18:30:14,612 [INFO] WebApp:499 - Chromium requires no authentication
2024-03-29 18:30:14,622 [INFO] WebApp:442 - Direct internet connection detected
2024-03-29 18:30:14,804 [INFO] WebApp:192 - Starting web application
2024-03-29 18:30:14,804 [INFO] WebApp:544 - Web application path used C:\ST\STM32CubeIDE_1.14.0\STM32CubeIDE\plugins\com.st.stm32cube.common.mx_6.10.0.202311202037\db\plugins\mcufinder\reactClient1\index.html
2024-03-29 18:30:35,876 [ERROR] LogOutputStream:75 - [STDERR_REDIRECT] SLF4J: Failed to load class "org.slf4j.impl.StaticLoggerBinder".
2024-03-29 18:30:35,877 [ERROR] LogOutputStream:75 - [STDERR_REDIRECT] SLF4J: Defaulting to no-operation (NOP) logger implementation
2024-03-29 18:30:35,878 [ERROR] LogOutputStream:75 - [STDERR_REDIRECT] SLF4J: See http://www.slf4j.org/codes.html#StaticLoggerBinder for further details.
